2022-08-29 11:56:22.005 [http-nio-28078-exec-8] ERROR o.a.c.c.C.[.[localhost].[/].[dispatcherServlet] - [log,175] - Servlet.service() for servlet [dispatcherServlet] in context with path [] threw exception [Request processing failed; nested exception is org.springframework.dao.DuplicateKeyException: 
### Error updating database.  Cause: java.sql.SQLIntegrityConstraintViolationException: Duplicate entry '73000166' for key 'PRIMARY'
### The error may exist in file [D:\Git\Gitee\shop-springboot\shop-admin\target\classes\mapper\PriceMapper.xml]
### The error may involve defaultParameterMap
### The error occurred while setting parameters
### SQL: insert into price (sku, goodsID, spID1,       spID2, spID3)     values (?, ?, ?,       ?, ?)
### Cause: java.sql.SQLIntegrityConstraintViolationException: Duplicate entry '73000166' for key 'PRIMARY'
; Duplicate entry '73000166' for key 'PRIMARY'; nested exception is java.sql.SQLIntegrityConstraintViolationException: Duplicate entry '73000166' for key 'PRIMARY'] with root cause
java.sql.SQLIntegrityConstraintViolationException: Duplicate entry '73000166' for key 'PRIMARY'
	at com.mysql.cj.jdbc.exceptions.SQLError.createSQLException(SQLError.java:117)
	at com.mysql.cj.jdbc.exceptions.SQLExceptionsMapping.translateException(SQLExceptionsMapping.java:122)
	at com.mysql.cj.jdbc.ClientPreparedStatement.executeInternal(ClientPreparedStatement.java:916)
	at com.mysql.cj.jdbc.ClientPreparedStatement.execute(ClientPreparedStatement.java:354)
	at com.alibaba.druid.pool.DruidPooledPreparedStatement.execute(DruidPooledPreparedStatement.java:497)
	at sun.reflect.GeneratedMethodAccessor74.invoke(Unknown Source)
	at sun.reflect.DelegatingMethodAccessorImpl.invoke(DelegatingMethodAccessorImpl.java:43)
	at java.lang.reflect.Method.invoke(Method.java:498)
	at org.apache.ibatis.logging.jdbc.PreparedStatementLogger.invoke(PreparedStatementLogger.java:59)
	at com.sun.proxy.$Proxy97.execute(Unknown Source)
	at org.apache.ibatis.executor.statement.PreparedStatementHandler.update(PreparedStatementHandler.java:47)
	at org.apache.ibatis.executor.statement.RoutingStatementHandler.update(RoutingStatementHandler.java:74)
	at org.apache.ibatis.executor.SimpleExecutor.doUpdate(SimpleExecutor.java:50)
	at org.apache.ibatis.executor.BaseExecutor.update(BaseExecutor.java:117)
	at org.apache.ibatis.executor.CachingExecutor.update(CachingExecutor.java:76)
	at sun.reflect.GeneratedMethodAccessor80.invoke(Unknown Source)
	at sun.reflect.DelegatingMethodAccessorImpl.invoke(DelegatingMethodAccessorImpl.java:43)
	at java.lang.reflect.Method.invoke(Method.java:498)
	at org.apache.ibatis.plugin.Plugin.invoke(Plugin.java:64)
	at com.sun.proxy.$Proxy95.update(Unknown Source)
	at org.apache.ibatis.session.defaults.DefaultSqlSession.update(DefaultSqlSession.java:194)
	at org.apache.ibatis.session.defaults.DefaultSqlSession.insert(DefaultSqlSession.java:181)
	at sun.reflect.NativeMethodAccessorImpl.invoke0(Native Method)
	at sun.reflect.NativeMethodAccessorImpl.invoke(NativeMethodAccessorImpl.java:62)
	at sun.reflect.DelegatingMethodAccessorImpl.invoke(DelegatingMethodAccessorImpl.java:43)
	at java.lang.reflect.Method.invoke(Method.java:498)
	at org.mybatis.spring.SqlSessionTemplate$SqlSessionInterceptor.invoke(SqlSessionTemplate.java:427)
	at com.sun.proxy.$Proxy65.insert(Unknown Source)
	at org.mybatis.spring.SqlSessionTemplate.insert(SqlSessionTemplate.java:272)
	at org.apache.ibatis.binding.MapperMethod.execute(MapperMethod.java:62)
	at org.apache.ibatis.binding.MapperProxy$PlainMethodInvoker.invoke(MapperProxy.java:145)
	at org.apache.ibatis.binding.MapperProxy.invoke(MapperProxy.java:86)
	at com.sun.proxy.$Proxy73.insert(Unknown Source)
	at com.newboot.shop.admin.service.impl.SpuServiceImpl.insert(SpuServiceImpl.java:111)
	at com.newboot.shop.admin.controller.SpuController.insert(SpuController.java:39)
	at sun.reflect.NativeMethodAccessorImpl.invoke0(Native Method)
	at sun.reflect.NativeMethodAccessorImpl.invoke(NativeMethodAccessorImpl.java:62)
	at sun.reflect.DelegatingMethodAccessorImpl.invoke(DelegatingMethodAccessorImpl.java:43)
	at java.lang.reflect.Method.invoke(Method.java:498)
	at org.springframework.web.method.support.InvocableHandlerMethod.doInvoke(InvocableHandlerMethod.java:205)
	at org.springframework.web.method.support.InvocableHandlerMethod.invokeForRequest(InvocableHandlerMethod.java:150)
	at org.springframework.web.servlet.mvc.method.annotation.ServletInvocableHandlerMethod.invokeAndHandle(ServletInvocableHandlerMethod.java:117)
	at org.springframework.web.servlet.mvc.method.annotation.RequestMappingHandlerAdapter.invokeHandlerMethod(RequestMappingHandlerAdapter.java:895)
	at org.springframework.web.servlet.mvc.method.annotation.RequestMappingHandlerAdapter.handleInternal(RequestMappingHandlerAdapter.java:808)
	at org.springframework.web.servlet.mvc.method.AbstractHandlerMethodAdapter.handle(AbstractHandlerMethodAdapter.java:87)
	at org.springframework.web.servlet.DispatcherServlet.doDispatch(DispatcherServlet.java:1067)
	at org.springframework.web.servlet.DispatcherServlet.doService(DispatcherServlet.java:963)
	at org.springframework.web.servlet.FrameworkServlet.processRequest(FrameworkServlet.java:1006)
	at org.springframework.web.servlet.FrameworkServlet.doPost(FrameworkServlet.java:909)
	at javax.servlet.http.HttpServlet.service(HttpServlet.java:681)
	at org.springframework.web.servlet.FrameworkServlet.service(FrameworkServlet.java:883)
	at javax.servlet.http.HttpServlet.service(HttpServlet.java:764)
	at org.apache.catalina.core.ApplicationFilterChain.internalDoFilter(ApplicationFilterChain.java:227)
	at org.apache.catalina.core.ApplicationFilterChain.doFilter(ApplicationFilterChain.java:162)
	at org.apache.tomcat.websocket.server.WsFilter.doFilter(WsFilter.java:53)
	at org.apache.catalina.core.ApplicationFilterChain.internalDoFilter(ApplicationFilterChain.java:189)
	at org.apache.catalina.core.ApplicationFilterChain.doFilter(ApplicationFilterChain.java:162)
	at org.springframework.web.filter.RequestContextFilter.doFilterInternal(RequestContextFilter.java:100)
	at org.springframework.web.filter.OncePerRequestFilter.doFilter(OncePerRequestFilter.java:117)
	at org.apache.catalina.core.ApplicationFilterChain.internalDoFilter(ApplicationFilterChain.java:189)
	at org.apache.catalina.core.ApplicationFilterChain.doFilter(ApplicationFilterChain.java:162)
	at org.springframework.web.filter.FormContentFilter.doFilterInternal(FormContentFilter.java:93)
	at org.springframework.web.filter.OncePerRequestFilter.doFilter(OncePerRequestFilter.java:117)
	at org.apache.catalina.core.ApplicationFilterChain.internalDoFilter(ApplicationFilterChain.java:189)
	at org.apache.catalina.core.ApplicationFilterChain.doFilter(ApplicationFilterChain.java:162)
	at org.springframework.web.filter.CharacterEncodingFilter.doFilterInternal(CharacterEncodingFilter.java:201)
	at org.springframework.web.filter.OncePerRequestFilter.doFilter(OncePerRequestFilter.java:117)
	at org.apache.catalina.core.ApplicationFilterChain.internalDoFilter(ApplicationFilterChain.java:189)
	at org.apache.catalina.core.ApplicationFilterChain.doFilter(ApplicationFilterChain.java:162)
	at org.apache.catalina.core.StandardWrapperValve.invoke(StandardWrapperValve.java:197)
	at org.apache.catalina.core.StandardContextValve.invoke(StandardContextValve.java:97)
	at org.apache.catalina.authenticator.AuthenticatorBase.invoke(AuthenticatorBase.java:541)
	at org.apache.catalina.core.StandardHostValve.invoke(StandardHostValve.java:135)
	at org.apache.catalina.valves.ErrorReportValve.invoke(ErrorReportValve.java:92)
	at org.apache.catalina.core.StandardEngineValve.invoke(StandardEngineValve.java:78)
	at org.apache.catalina.connector.CoyoteAdapter.service(CoyoteAdapter.java:360)
	at org.apache.coyote.http11.Http11Processor.service(Http11Processor.java:399)
	at org.apache.coyote.AbstractProcessorLight.process(AbstractProcessorLight.java:65)
	at org.apache.coyote.AbstractProtocol$ConnectionHandler.process(AbstractProtocol.java:890)
	at org.apache.tomcat.util.net.NioEndpoint$SocketProcessor.doRun(NioEndpoint.java:1787)
	at org.apache.tomcat.util.net.SocketProcessorBase.run(SocketProcessorBase.java:49)
	at org.apache.tomcat.util.threads.ThreadPoolExecutor.runWorker(ThreadPoolExecutor.java:1191)
	at org.apache.tomcat.util.threads.ThreadPoolExecutor$Worker.run(ThreadPoolExecutor.java:659)
	at org.apache.tomcat.util.threads.TaskThread$WrappingRunnable.run(TaskThread.java:61)
	at java.lang.Thread.run(Thread.java:748)
2022-08-29 14:00:06.159 [restartedMain] ERROR o.s.b.diagnostics.LoggingFailureAnalysisReporter - [report,40] - 

***************************
APPLICATION FAILED TO START
***************************

Description:

Field spuService in com.newboot.shop.admin.controller.SpuController required a bean of type 'com.newboot.shop.admin.service.SpuService' that could not be found.

The injection point has the following annotations:
	- @org.springframework.beans.factory.annotation.Autowired(required=true)


Action:

Consider defining a bean of type 'com.newboot.shop.admin.service.SpuService' in your configuration.

2022-08-29 14:26:37.408 [http-nio-28078-exec-1] ERROR com.newboot.shop.admin.util.MybatisBatchUtil - [batchUpdateOrInsert,48] - class com.newboot.shop.admin.util.MybatisBatchUtil exception 
### Error flushing statements.  Cause: org.apache.ibatis.executor.BatchExecutorException: com.newboot.shop.admin.dao.PriceMapper.insert (batch index #1) failed. Cause: java.sql.BatchUpdateException: Duplicate entry '60393902' for key 'PRIMARY'
### Cause: org.apache.ibatis.executor.BatchExecutorException: com.newboot.shop.admin.dao.PriceMapper.insert (batch index #1) failed. Cause: java.sql.BatchUpdateException: Duplicate entry '60393902' for key 'PRIMARY'
2022-08-29 14:41:36.491 [restartedMain] ERROR o.s.b.diagnostics.LoggingFailureAnalysisReporter - [report,40] - 

***************************
APPLICATION FAILED TO START
***************************

Description:

Field spuService in com.newboot.shop.admin.controller.SpuController required a bean of type 'com.newboot.shop.admin.service.SpuService' that could not be found.

The injection point has the following annotations:
	- @org.springframework.beans.factory.annotation.Autowired(required=true)


Action:

Consider defining a bean of type 'com.newboot.shop.admin.service.SpuService' in your configuration.

2022-08-29 14:42:24.040 [http-nio-28078-exec-2] ERROR o.a.c.c.C.[.[localhost].[/].[dispatcherServlet] - [log,175] - Servlet.service() for servlet [dispatcherServlet] in context with path [] threw exception [Request processing failed; nested exception is org.springframework.jdbc.UncategorizedSQLException: 
### Error updating database.  Cause: java.sql.SQLException: Incorrect integer value: '' for column 'categoryID' at row 1
### The error may exist in file [D:\Git\Gitee\shop-springboot\shop-admin\target\classes\mapper\GoodsMapper.xml]
### The error may involve defaultParameterMap
### The error occurred while setting parameters
### SQL: insert into goods (goodsID, categoryID, brandID, goodsName)     values (?, ?,        ?, ?       )
### Cause: java.sql.SQLException: Incorrect integer value: '' for column 'categoryID' at row 1
; uncategorized SQLException; SQL state [HY000]; error code [1366]; Incorrect integer value: '' for column 'categoryID' at row 1; nested exception is java.sql.SQLException: Incorrect integer value: '' for column 'categoryID' at row 1] with root cause
java.sql.SQLException: Incorrect integer value: '' for column 'categoryID' at row 1
	at com.mysql.cj.jdbc.exceptions.SQLError.createSQLException(SQLError.java:129)
	at com.mysql.cj.jdbc.exceptions.SQLExceptionsMapping.translateException(SQLExceptionsMapping.java:122)
	at com.mysql.cj.jdbc.ClientPreparedStatement.executeInternal(ClientPreparedStatement.java:916)
	at com.mysql.cj.jdbc.ClientPreparedStatement.execute(ClientPreparedStatement.java:354)
	at com.alibaba.druid.pool.DruidPooledPreparedStatement.execute(DruidPooledPreparedStatement.java:497)
	at sun.reflect.NativeMethodAccessorImpl.invoke0(Native Method)
	at sun.reflect.NativeMethodAccessorImpl.invoke(NativeMethodAccessorImpl.java:62)
	at sun.reflect.DelegatingMethodAccessorImpl.invoke(DelegatingMethodAccessorImpl.java:43)
	at java.lang.reflect.Method.invoke(Method.java:498)
	at org.apache.ibatis.logging.jdbc.PreparedStatementLogger.invoke(PreparedStatementLogger.java:59)
	at com.sun.proxy.$Proxy97.execute(Unknown Source)
	at org.apache.ibatis.executor.statement.PreparedStatementHandler.update(PreparedStatementHandler.java:47)
	at org.apache.ibatis.executor.statement.RoutingStatementHandler.update(RoutingStatementHandler.java:74)
	at org.apache.ibatis.executor.SimpleExecutor.doUpdate(SimpleExecutor.java:50)
	at org.apache.ibatis.executor.BaseExecutor.update(BaseExecutor.java:117)
	at org.apache.ibatis.executor.CachingExecutor.update(CachingExecutor.java:76)
	at sun.reflect.NativeMethodAccessorImpl.invoke0(Native Method)
	at sun.reflect.NativeMethodAccessorImpl.invoke(NativeMethodAccessorImpl.java:62)
	at sun.reflect.DelegatingMethodAccessorImpl.invoke(DelegatingMethodAccessorImpl.java:43)
	at java.lang.reflect.Method.invoke(Method.java:498)
	at org.apache.ibatis.plugin.Plugin.invoke(Plugin.java:64)
	at com.sun.proxy.$Proxy95.update(Unknown Source)
	at org.apache.ibatis.session.defaults.DefaultSqlSession.update(DefaultSqlSession.java:194)
	at org.apache.ibatis.session.defaults.DefaultSqlSession.insert(DefaultSqlSession.java:181)
	at sun.reflect.NativeMethodAccessorImpl.invoke0(Native Method)
	at sun.reflect.NativeMethodAccessorImpl.invoke(NativeMethodAccessorImpl.java:62)
	at sun.reflect.DelegatingMethodAccessorImpl.invoke(DelegatingMethodAccessorImpl.java:43)
	at java.lang.reflect.Method.invoke(Method.java:498)
	at org.mybatis.spring.SqlSessionTemplate$SqlSessionInterceptor.invoke(SqlSessionTemplate.java:427)
	at com.sun.proxy.$Proxy65.insert(Unknown Source)
	at org.mybatis.spring.SqlSessionTemplate.insert(SqlSessionTemplate.java:272)
	at org.apache.ibatis.binding.MapperMethod.execute(MapperMethod.java:62)
	at org.apache.ibatis.binding.MapperProxy$PlainMethodInvoker.invoke(MapperProxy.java:145)
	at org.apache.ibatis.binding.MapperProxy.invoke(MapperProxy.java:86)
	at com.sun.proxy.$Proxy75.insert(Unknown Source)
	at com.newboot.shop.admin.service.impl.SpuServiceImpl.insert(SpuServiceImpl.java:59)
	at com.newboot.shop.admin.controller.SpuController.insert(SpuController.java:39)
	at sun.reflect.NativeMethodAccessorImpl.invoke0(Native Method)
	at sun.reflect.NativeMethodAccessorImpl.invoke(NativeMethodAccessorImpl.java:62)
	at sun.reflect.DelegatingMethodAccessorImpl.invoke(DelegatingMethodAccessorImpl.java:43)
	at java.lang.reflect.Method.invoke(Method.java:498)
	at org.springframework.web.method.support.InvocableHandlerMethod.doInvoke(InvocableHandlerMethod.java:205)
	at org.springframework.web.method.support.InvocableHandlerMethod.invokeForRequest(InvocableHandlerMethod.java:150)
	at org.springframework.web.servlet.mvc.method.annotation.ServletInvocableHandlerMethod.invokeAndHandle(ServletInvocableHandlerMethod.java:117)
	at org.springframework.web.servlet.mvc.method.annotation.RequestMappingHandlerAdapter.invokeHandlerMethod(RequestMappingHandlerAdapter.java:895)
	at org.springframework.web.servlet.mvc.method.annotation.RequestMappingHandlerAdapter.handleInternal(RequestMappingHandlerAdapter.java:808)
	at org.springframework.web.servlet.mvc.method.AbstractHandlerMethodAdapter.handle(AbstractHandlerMethodAdapter.java:87)
	at org.springframework.web.servlet.DispatcherServlet.doDispatch(DispatcherServlet.java:1067)
	at org.springframework.web.servlet.DispatcherServlet.doService(DispatcherServlet.java:963)
	at org.springframework.web.servlet.FrameworkServlet.processRequest(FrameworkServlet.java:1006)
	at org.springframework.web.servlet.FrameworkServlet.doPost(FrameworkServlet.java:909)
	at javax.servlet.http.HttpServlet.service(HttpServlet.java:681)
	at org.springframework.web.servlet.FrameworkServlet.service(FrameworkServlet.java:883)
	at javax.servlet.http.HttpServlet.service(HttpServlet.java:764)
	at org.apache.catalina.core.ApplicationFilterChain.internalDoFilter(ApplicationFilterChain.java:227)
	at org.apache.catalina.core.ApplicationFilterChain.doFilter(ApplicationFilterChain.java:162)
	at org.apache.tomcat.websocket.server.WsFilter.doFilter(WsFilter.java:53)
	at org.apache.catalina.core.ApplicationFilterChain.internalDoFilter(ApplicationFilterChain.java:189)
	at org.apache.catalina.core.ApplicationFilterChain.doFilter(ApplicationFilterChain.java:162)
	at org.springframework.web.filter.RequestContextFilter.doFilterInternal(RequestContextFilter.java:100)
	at org.springframework.web.filter.OncePerRequestFilter.doFilter(OncePerRequestFilter.java:117)
	at org.apache.catalina.core.ApplicationFilterChain.internalDoFilter(ApplicationFilterChain.java:189)
	at org.apache.catalina.core.ApplicationFilterChain.doFilter(ApplicationFilterChain.java:162)
	at org.springframework.web.filter.FormContentFilter.doFilterInternal(FormContentFilter.java:93)
	at org.springframework.web.filter.OncePerRequestFilter.doFilter(OncePerRequestFilter.java:117)
	at org.apache.catalina.core.ApplicationFilterChain.internalDoFilter(ApplicationFilterChain.java:189)
	at org.apache.catalina.core.ApplicationFilterChain.doFilter(ApplicationFilterChain.java:162)
	at org.springframework.web.filter.CharacterEncodingFilter.doFilterInternal(CharacterEncodingFilter.java:201)
	at org.springframework.web.filter.OncePerRequestFilter.doFilter(OncePerRequestFilter.java:117)
	at org.apache.catalina.core.ApplicationFilterChain.internalDoFilter(ApplicationFilterChain.java:189)
	at org.apache.catalina.core.ApplicationFilterChain.doFilter(ApplicationFilterChain.java:162)
	at org.apache.catalina.core.StandardWrapperValve.invoke(StandardWrapperValve.java:197)
	at org.apache.catalina.core.StandardContextValve.invoke(StandardContextValve.java:97)
	at org.apache.catalina.authenticator.AuthenticatorBase.invoke(AuthenticatorBase.java:541)
	at org.apache.catalina.core.StandardHostValve.invoke(StandardHostValve.java:135)
	at org.apache.catalina.valves.ErrorReportValve.invoke(ErrorReportValve.java:92)
	at org.apache.catalina.core.StandardEngineValve.invoke(StandardEngineValve.java:78)
	at org.apache.catalina.connector.CoyoteAdapter.service(CoyoteAdapter.java:360)
	at org.apache.coyote.http11.Http11Processor.service(Http11Processor.java:399)
	at org.apache.coyote.AbstractProcessorLight.process(AbstractProcessorLight.java:65)
	at org.apache.coyote.AbstractProtocol$ConnectionHandler.process(AbstractProtocol.java:890)
	at org.apache.tomcat.util.net.NioEndpoint$SocketProcessor.doRun(NioEndpoint.java:1787)
	at org.apache.tomcat.util.net.SocketProcessorBase.run(SocketProcessorBase.java:49)
	at org.apache.tomcat.util.threads.ThreadPoolExecutor.runWorker(ThreadPoolExecutor.java:1191)
	at org.apache.tomcat.util.threads.ThreadPoolExecutor$Worker.run(ThreadPoolExecutor.java:659)
	at org.apache.tomcat.util.threads.TaskThread$WrappingRunnable.run(TaskThread.java:61)
	at java.lang.Thread.run(Thread.java:748)
2022-08-29 15:19:35.081 [http-nio-28078-exec-2] ERROR com.newboot.shop.admin.util.MybatisBatchUtil - [batchUpdateOrInsert,48] - class com.newboot.shop.admin.util.MybatisBatchUtil exception 
### Error flushing statements.  Cause: org.apache.ibatis.executor.BatchExecutorException: com.newboot.shop.admin.dao.PriceMapper.insert (batch index #1) failed. Cause: java.sql.BatchUpdateException: Column 'sku' cannot be null
### Cause: org.apache.ibatis.executor.BatchExecutorException: com.newboot.shop.admin.dao.PriceMapper.insert (batch index #1) failed. Cause: java.sql.BatchUpdateException: Column 'sku' cannot be null
2022-08-29 15:35:12.035 [http-nio-28078-exec-7] ERROR com.newboot.shop.admin.util.MybatisBatchUtil - [batchUpdateOrInsert,48] - class com.newboot.shop.admin.util.MybatisBatchUtil exception 
### Error flushing statements.  Cause: org.apache.ibatis.executor.BatchExecutorException: com.newboot.shop.admin.dao.PriceMapper.insert (batch index #1) failed. Cause: java.sql.BatchUpdateException: Column 'sku' cannot be null
### Cause: org.apache.ibatis.executor.BatchExecutorException: com.newboot.shop.admin.dao.PriceMapper.insert (batch index #1) failed. Cause: java.sql.BatchUpdateException: Column 'sku' cannot be null
2022-08-29 15:36:50.239 [http-nio-28078-exec-4] ERROR com.newboot.shop.admin.util.MybatisBatchUtil - [batchUpdateOrInsert,48] - class com.newboot.shop.admin.util.MybatisBatchUtil exception 
### Error flushing statements.  Cause: org.apache.ibatis.executor.BatchExecutorException: com.newboot.shop.admin.dao.PriceMapper.insert (batch index #1) failed. Cause: java.sql.BatchUpdateException: Column 'sku' cannot be null
### Cause: org.apache.ibatis.executor.BatchExecutorException: com.newboot.shop.admin.dao.PriceMapper.insert (batch index #1) failed. Cause: java.sql.BatchUpdateException: Column 'sku' cannot be null
2022-08-29 15:38:52.593 [http-nio-28078-exec-9] ERROR com.newboot.shop.admin.util.MybatisBatchUtil - [batchUpdateOrInsert,48] - class com.newboot.shop.admin.util.MybatisBatchUtil exception 
### Error flushing statements.  Cause: org.apache.ibatis.executor.BatchExecutorException: com.newboot.shop.admin.dao.PriceMapper.insert (batch index #1) failed. Cause: java.sql.BatchUpdateException: Duplicate entry '52034951' for key 'PRIMARY'
### Cause: org.apache.ibatis.executor.BatchExecutorException: com.newboot.shop.admin.dao.PriceMapper.insert (batch index #1) failed. Cause: java.sql.BatchUpdateException: Duplicate entry '52034951' for key 'PRIMARY'
2022-08-29 15:44:43.882 [http-nio-28078-exec-2] ERROR com.newboot.shop.admin.util.MybatisBatchUtil - [batchUpdateOrInsert,48] - class com.newboot.shop.admin.util.MybatisBatchUtil exception 
### Error flushing statements.  Cause: org.apache.ibatis.executor.BatchExecutorException: com.newboot.shop.admin.dao.PriceMapper.insert (batch index #1) failed. Cause: java.sql.BatchUpdateException: Column 'sku' cannot be null
### Cause: org.apache.ibatis.executor.BatchExecutorException: com.newboot.shop.admin.dao.PriceMapper.insert (batch index #1) failed. Cause: java.sql.BatchUpdateException: Column 'sku' cannot be null
2022-08-29 15:57:10.870 [http-nio-28078-exec-2] ERROR com.newboot.shop.admin.util.MybatisBatchUtil - [batchUpdateOrInsert,48] - class com.newboot.shop.admin.util.MybatisBatchUtil exception 
### Error flushing statements.  Cause: org.apache.ibatis.executor.BatchExecutorException: com.newboot.shop.admin.dao.GoodspefMapper.insert (batch index #1) failed. Cause: java.sql.BatchUpdateException: Duplicate entry '63300554' for key 'PRIMARY'
### Cause: org.apache.ibatis.executor.BatchExecutorException: com.newboot.shop.admin.dao.GoodspefMapper.insert (batch index #1) failed. Cause: java.sql.BatchUpdateException: Duplicate entry '63300554' for key 'PRIMARY'
2022-08-29 15:57:11.062 [http-nio-28078-exec-2] ERROR com.newboot.shop.admin.util.MybatisBatchUtil - [batchUpdateOrInsert,48] - class com.newboot.shop.admin.util.MybatisBatchUtil exception 
### Error flushing statements.  Cause: org.apache.ibatis.executor.BatchExecutorException: com.newboot.shop.admin.dao.PriceMapper.insert (batch index #1) failed. Cause: java.sql.BatchUpdateException: Cannot add or update a child row: a foreign key constraint fails (`shop_online`.`price`, CONSTRAINT `fkspid1` FOREIGN KEY (`spID1`) REFERENCES `goodsvalue` (`spid`))
### Cause: org.apache.ibatis.executor.BatchExecutorException: com.newboot.shop.admin.dao.PriceMapper.insert (batch index #1) failed. Cause: java.sql.BatchUpdateException: Cannot add or update a child row: a foreign key constraint fails (`shop_online`.`price`, CONSTRAINT `fkspid1` FOREIGN KEY (`spID1`) REFERENCES `goodsvalue` (`spid`))
2022-08-29 15:58:39.421 [http-nio-28078-exec-3] ERROR com.newboot.shop.admin.util.MybatisBatchUtil - [batchUpdateOrInsert,48] - class com.newboot.shop.admin.util.MybatisBatchUtil exception 
### Error flushing statements.  Cause: org.apache.ibatis.executor.BatchExecutorException: com.newboot.shop.admin.dao.GoodspefMapper.insert (batch index #1) failed. Cause: java.sql.BatchUpdateException: Duplicate entry '63300581' for key 'PRIMARY'
### Cause: org.apache.ibatis.executor.BatchExecutorException: com.newboot.shop.admin.dao.GoodspefMapper.insert (batch index #1) failed. Cause: java.sql.BatchUpdateException: Duplicate entry '63300581' for key 'PRIMARY'
2022-08-29 15:58:39.537 [http-nio-28078-exec-3] ERROR com.newboot.shop.admin.util.MybatisBatchUtil - [batchUpdateOrInsert,48] - class com.newboot.shop.admin.util.MybatisBatchUtil exception 
### Error flushing statements.  Cause: org.apache.ibatis.executor.BatchExecutorException: com.newboot.shop.admin.dao.PriceMapper.insert (batch index #1) failed. Cause: java.sql.BatchUpdateException: Cannot add or update a child row: a foreign key constraint fails (`shop_online`.`price`, CONSTRAINT `fkspid1` FOREIGN KEY (`spID1`) REFERENCES `goodsvalue` (`spid`))
### Cause: org.apache.ibatis.executor.BatchExecutorException: com.newboot.shop.admin.dao.PriceMapper.insert (batch index #1) failed. Cause: java.sql.BatchUpdateException: Cannot add or update a child row: a foreign key constraint fails (`shop_online`.`price`, CONSTRAINT `fkspid1` FOREIGN KEY (`spID1`) REFERENCES `goodsvalue` (`spid`))
2022-08-29 16:06:06.460 [restartedMain] ERROR o.s.b.diagnostics.LoggingFailureAnalysisReporter - [report,40] - 

***************************
APPLICATION FAILED TO START
***************************

Description:

Field spuService in com.newboot.shop.admin.controller.SpuController required a bean of type 'com.newboot.shop.admin.service.SpuService' that could not be found.

The injection point has the following annotations:
	- @org.springframework.beans.factory.annotation.Autowired(required=true)


Action:

Consider defining a bean of type 'com.newboot.shop.admin.service.SpuService' in your configuration.

2022-08-29 16:25:57.561 [http-nio-28078-exec-7] ERROR com.newboot.shop.admin.util.MybatisBatchUtil - [batchUpdateOrInsert,48] - class com.newboot.shop.admin.util.MybatisBatchUtil exception 
### Error flushing statements.  Cause: org.apache.ibatis.executor.BatchExecutorException: com.newboot.shop.admin.dao.PriceMapper.insert (batch index #1) failed. Cause: java.sql.BatchUpdateException: Cannot add or update a child row: a foreign key constraint fails (`shop_online`.`price`, CONSTRAINT `fkgood` FOREIGN KEY (`goodsID`) REFERENCES `goods` (`goodsid`))
### Cause: org.apache.ibatis.executor.BatchExecutorException: com.newboot.shop.admin.dao.PriceMapper.insert (batch index #1) failed. Cause: java.sql.BatchUpdateException: Cannot add or update a child row: a foreign key constraint fails (`shop_online`.`price`, CONSTRAINT `fkgood` FOREIGN KEY (`goodsID`) REFERENCES `goods` (`goodsid`))
2022-08-29 16:45:58.634 [http-nio-28078-exec-1] ERROR com.newboot.shop.admin.util.MybatisBatchUtil - [batchUpdateOrInsert,48] - class com.newboot.shop.admin.util.MybatisBatchUtil exception 
### Error flushing statements.  Cause: org.apache.ibatis.executor.BatchExecutorException: com.newboot.shop.admin.dao.GoodspefMapper.insert (batch index #1) failed. Cause: java.sql.BatchUpdateException: Cannot add or update a child row: a foreign key constraint fails (`shop_online`.`goodsvalue`, CONSTRAINT `fkvalue` FOREIGN KEY (`valueID`) REFERENCES `parametervalue` (`valueid`))
### Cause: org.apache.ibatis.executor.BatchExecutorException: com.newboot.shop.admin.dao.GoodspefMapper.insert (batch index #1) failed. Cause: java.sql.BatchUpdateException: Cannot add or update a child row: a foreign key constraint fails (`shop_online`.`goodsvalue`, CONSTRAINT `fkvalue` FOREIGN KEY (`valueID`) REFERENCES `parametervalue` (`valueid`))
2022-08-29 16:47:00.776 [http-nio-28078-exec-10] ERROR com.newboot.shop.admin.util.MybatisBatchUtil - [batchUpdateOrInsert,48] - class com.newboot.shop.admin.util.MybatisBatchUtil exception 
### Error flushing statements.  Cause: org.apache.ibatis.executor.BatchExecutorException: com.newboot.shop.admin.dao.GoodspefMapper.insert (batch index #1) failed. Cause: java.sql.BatchUpdateException: Duplicate entry '63300777' for key 'PRIMARY'
### Cause: org.apache.ibatis.executor.BatchExecutorException: com.newboot.shop.admin.dao.GoodspefMapper.insert (batch index #1) failed. Cause: java.sql.BatchUpdateException: Duplicate entry '63300777' for key 'PRIMARY'
2022-08-29 16:47:00.816 [http-nio-28078-exec-10] ERROR com.newboot.shop.admin.util.MybatisBatchUtil - [batchUpdateOrInsert,48] - class com.newboot.shop.admin.util.MybatisBatchUtil exception 
### Error flushing statements.  Cause: org.apache.ibatis.executor.BatchExecutorException: com.newboot.shop.admin.dao.PriceMapper.insert (batch index #1) failed. Cause: java.sql.BatchUpdateException: Cannot add or update a child row: a foreign key constraint fails (`shop_online`.`price`, CONSTRAINT `fkspid1` FOREIGN KEY (`spID1`) REFERENCES `goodsvalue` (`spid`))
### Cause: org.apache.ibatis.executor.BatchExecutorException: com.newboot.shop.admin.dao.PriceMapper.insert (batch index #1) failed. Cause: java.sql.BatchUpdateException: Cannot add or update a child row: a foreign key constraint fails (`shop_online`.`price`, CONSTRAINT `fkspid1` FOREIGN KEY (`spID1`) REFERENCES `goodsvalue` (`spid`))
2022-08-29 17:34:16.789 [http-nio-28078-exec-1] ERROR com.newboot.shop.admin.util.MybatisBatchUtil - [batchUpdateOrInsert,48] - class com.newboot.shop.admin.util.MybatisBatchUtil exception 
### Error flushing statements.  Cause: org.apache.ibatis.executor.BatchExecutorException: com.newboot.shop.admin.dao.GoodspefMapper.insert (batch index #1) failed. Cause: java.sql.BatchUpdateException: Column 'spID' cannot be null
### Cause: org.apache.ibatis.executor.BatchExecutorException: com.newboot.shop.admin.dao.GoodspefMapper.insert (batch index #1) failed. Cause: java.sql.BatchUpdateException: Column 'spID' cannot be null
2022-08-29 17:37:57.722 [http-nio-28078-exec-7] ERROR o.a.c.c.C.[.[localhost].[/].[dispatcherServlet] - [log,175] - Servlet.service() for servlet [dispatcherServlet] in context with path [] threw exception [Request processing failed; nested exception is org.springframework.jdbc.UncategorizedSQLException: 
### Error updating database.  Cause: java.sql.SQLException: Incorrect integer value: '' for column 'categoryID' at row 1
### The error may exist in file [D:\Git\Gitee\shop-springboot\shop-admin\target\classes\mapper\GoodsMapper.xml]
### The error may involve defaultParameterMap
### The error occurred while setting parameters
### SQL: insert into goods (goodsID, categoryID, brandID, goodsName)     values (?, ?,        ?, ?       )
### Cause: java.sql.SQLException: Incorrect integer value: '' for column 'categoryID' at row 1
; uncategorized SQLException; SQL state [HY000]; error code [1366]; Incorrect integer value: '' for column 'categoryID' at row 1; nested exception is java.sql.SQLException: Incorrect integer value: '' for column 'categoryID' at row 1] with root cause
java.sql.SQLException: Incorrect integer value: '' for column 'categoryID' at row 1
	at com.mysql.cj.jdbc.exceptions.SQLError.createSQLException(SQLError.java:129)
	at com.mysql.cj.jdbc.exceptions.SQLExceptionsMapping.translateException(SQLExceptionsMapping.java:122)
	at com.mysql.cj.jdbc.ClientPreparedStatement.executeInternal(ClientPreparedStatement.java:916)
	at com.mysql.cj.jdbc.ClientPreparedStatement.execute(ClientPreparedStatement.java:354)
	at com.alibaba.druid.pool.DruidPooledPreparedStatement.execute(DruidPooledPreparedStatement.java:497)
	at sun.reflect.GeneratedMethodAccessor90.invoke(Unknown Source)
	at sun.reflect.DelegatingMethodAccessorImpl.invoke(DelegatingMethodAccessorImpl.java:43)
	at java.lang.reflect.Method.invoke(Method.java:498)
	at org.apache.ibatis.logging.jdbc.PreparedStatementLogger.invoke(PreparedStatementLogger.java:59)
	at com.sun.proxy.$Proxy97.execute(Unknown Source)
	at org.apache.ibatis.executor.statement.PreparedStatementHandler.update(PreparedStatementHandler.java:47)
	at org.apache.ibatis.executor.statement.RoutingStatementHandler.update(RoutingStatementHandler.java:74)
	at org.apache.ibatis.executor.SimpleExecutor.doUpdate(SimpleExecutor.java:50)
	at org.apache.ibatis.executor.BaseExecutor.update(BaseExecutor.java:117)
	at org.apache.ibatis.executor.CachingExecutor.update(CachingExecutor.java:76)
	at sun.reflect.GeneratedMethodAccessor69.invoke(Unknown Source)
	at sun.reflect.DelegatingMethodAccessorImpl.invoke(DelegatingMethodAccessorImpl.java:43)
	at java.lang.reflect.Method.invoke(Method.java:498)
	at org.apache.ibatis.plugin.Plugin.invoke(Plugin.java:64)
	at com.sun.proxy.$Proxy95.update(Unknown Source)
	at org.apache.ibatis.session.defaults.DefaultSqlSession.update(DefaultSqlSession.java:194)
	at org.apache.ibatis.session.defaults.DefaultSqlSession.insert(DefaultSqlSession.java:181)
	at sun.reflect.NativeMethodAccessorImpl.invoke0(Native Method)
	at sun.reflect.NativeMethodAccessorImpl.invoke(NativeMethodAccessorImpl.java:62)
	at sun.reflect.DelegatingMethodAccessorImpl.invoke(DelegatingMethodAccessorImpl.java:43)
	at java.lang.reflect.Method.invoke(Method.java:498)
	at org.mybatis.spring.SqlSessionTemplate$SqlSessionInterceptor.invoke(SqlSessionTemplate.java:427)
	at com.sun.proxy.$Proxy65.insert(Unknown Source)
	at org.mybatis.spring.SqlSessionTemplate.insert(SqlSessionTemplate.java:272)
	at org.apache.ibatis.binding.MapperMethod.execute(MapperMethod.java:62)
	at org.apache.ibatis.binding.MapperProxy$PlainMethodInvoker.invoke(MapperProxy.java:145)
	at org.apache.ibatis.binding.MapperProxy.invoke(MapperProxy.java:86)
	at com.sun.proxy.$Proxy120.insert(Unknown Source)
	at com.newboot.shop.admin.service.impl.SpuServiceImpl.insert(SpuServiceImpl.java:62)
	at com.newboot.shop.admin.controller.SpuController.insert(SpuController.java:39)
	at sun.reflect.NativeMethodAccessorImpl.invoke0(Native Method)
	at sun.reflect.NativeMethodAccessorImpl.invoke(NativeMethodAccessorImpl.java:62)
	at sun.reflect.DelegatingMethodAccessorImpl.invoke(DelegatingMethodAccessorImpl.java:43)
	at java.lang.reflect.Method.invoke(Method.java:498)
	at org.springframework.web.method.support.InvocableHandlerMethod.doInvoke(InvocableHandlerMethod.java:205)
	at org.springframework.web.method.support.InvocableHandlerMethod.invokeForRequest(InvocableHandlerMethod.java:150)
	at org.springframework.web.servlet.mvc.method.annotation.ServletInvocableHandlerMethod.invokeAndHandle(ServletInvocableHandlerMethod.java:117)
	at org.springframework.web.servlet.mvc.method.annotation.RequestMappingHandlerAdapter.invokeHandlerMethod(RequestMappingHandlerAdapter.java:895)
	at org.springframework.web.servlet.mvc.method.annotation.RequestMappingHandlerAdapter.handleInternal(RequestMappingHandlerAdapter.java:808)
	at org.springframework.web.servlet.mvc.method.AbstractHandlerMethodAdapter.handle(AbstractHandlerMethodAdapter.java:87)
	at org.springframework.web.servlet.DispatcherServlet.doDispatch(DispatcherServlet.java:1067)
	at org.springframework.web.servlet.DispatcherServlet.doService(DispatcherServlet.java:963)
	at org.springframework.web.servlet.FrameworkServlet.processRequest(FrameworkServlet.java:1006)
	at org.springframework.web.servlet.FrameworkServlet.doPost(FrameworkServlet.java:909)
	at javax.servlet.http.HttpServlet.service(HttpServlet.java:681)
	at org.springframework.web.servlet.FrameworkServlet.service(FrameworkServlet.java:883)
	at javax.servlet.http.HttpServlet.service(HttpServlet.java:764)
	at org.apache.catalina.core.ApplicationFilterChain.internalDoFilter(ApplicationFilterChain.java:227)
	at org.apache.catalina.core.ApplicationFilterChain.doFilter(ApplicationFilterChain.java:162)
	at org.apache.tomcat.websocket.server.WsFilter.doFilter(WsFilter.java:53)
	at org.apache.catalina.core.ApplicationFilterChain.internalDoFilter(ApplicationFilterChain.java:189)
	at org.apache.catalina.core.ApplicationFilterChain.doFilter(ApplicationFilterChain.java:162)
	at org.springframework.web.filter.RequestContextFilter.doFilterInternal(RequestContextFilter.java:100)
	at org.springframework.web.filter.OncePerRequestFilter.doFilter(OncePerRequestFilter.java:117)
	at org.apache.catalina.core.ApplicationFilterChain.internalDoFilter(ApplicationFilterChain.java:189)
	at org.apache.catalina.core.ApplicationFilterChain.doFilter(ApplicationFilterChain.java:162)
	at org.springframework.web.filter.FormContentFilter.doFilterInternal(FormContentFilter.java:93)
	at org.springframework.web.filter.OncePerRequestFilter.doFilter(OncePerRequestFilter.java:117)
	at org.apache.catalina.core.ApplicationFilterChain.internalDoFilter(ApplicationFilterChain.java:189)
	at org.apache.catalina.core.ApplicationFilterChain.doFilter(ApplicationFilterChain.java:162)
	at org.springframework.web.filter.CharacterEncodingFilter.doFilterInternal(CharacterEncodingFilter.java:201)
	at org.springframework.web.filter.OncePerRequestFilter.doFilter(OncePerRequestFilter.java:117)
	at org.apache.catalina.core.ApplicationFilterChain.internalDoFilter(ApplicationFilterChain.java:189)
	at org.apache.catalina.core.ApplicationFilterChain.doFilter(ApplicationFilterChain.java:162)
	at org.apache.catalina.core.StandardWrapperValve.invoke(StandardWrapperValve.java:197)
	at org.apache.catalina.core.StandardContextValve.invoke(StandardContextValve.java:97)
	at org.apache.catalina.authenticator.AuthenticatorBase.invoke(AuthenticatorBase.java:541)
	at org.apache.catalina.core.StandardHostValve.invoke(StandardHostValve.java:135)
	at org.apache.catalina.valves.ErrorReportValve.invoke(ErrorReportValve.java:92)
	at org.apache.catalina.core.StandardEngineValve.invoke(StandardEngineValve.java:78)
	at org.apache.catalina.connector.CoyoteAdapter.service(CoyoteAdapter.java:360)
	at org.apache.coyote.http11.Http11Processor.service(Http11Processor.java:399)
	at org.apache.coyote.AbstractProcessorLight.process(AbstractProcessorLight.java:65)
	at org.apache.coyote.AbstractProtocol$ConnectionHandler.process(AbstractProtocol.java:890)
	at org.apache.tomcat.util.net.NioEndpoint$SocketProcessor.doRun(NioEndpoint.java:1787)
	at org.apache.tomcat.util.net.SocketProcessorBase.run(SocketProcessorBase.java:49)
	at org.apache.tomcat.util.threads.ThreadPoolExecutor.runWorker(ThreadPoolExecutor.java:1191)
	at org.apache.tomcat.util.threads.ThreadPoolExecutor$Worker.run(ThreadPoolExecutor.java:659)
	at org.apache.tomcat.util.threads.TaskThread$WrappingRunnable.run(TaskThread.java:61)
	at java.lang.Thread.run(Thread.java:748)
2022-08-29 17:44:03.153 [http-nio-28078-exec-6] ERROR com.newboot.shop.admin.util.MybatisBatchUtil - [batchUpdateOrInsert,48] - class com.newboot.shop.admin.util.MybatisBatchUtil exception 
### Error flushing statements.  Cause: org.apache.ibatis.executor.BatchExecutorException: com.newboot.shop.admin.dao.GoodspefMapper.insert (batch index #1) failed. Cause: java.sql.BatchUpdateException: Field 'valueID' doesn't have a default value
### Cause: org.apache.ibatis.executor.BatchExecutorException: com.newboot.shop.admin.dao.GoodspefMapper.insert (batch index #1) failed. Cause: java.sql.BatchUpdateException: Field 'valueID' doesn't have a default value
2022-08-29 17:49:29.534 [http-nio-28078-exec-5] ERROR com.newboot.shop.admin.util.MybatisBatchUtil - [batchUpdateOrInsert,48] - class com.newboot.shop.admin.util.MybatisBatchUtil exception 
### Error flushing statements.  Cause: org.apache.ibatis.executor.BatchExecutorException: com.newboot.shop.admin.dao.GoodspefMapper.insert (batch index #1) failed. Cause: java.sql.BatchUpdateException: Field 'valueID' doesn't have a default value
### Cause: org.apache.ibatis.executor.BatchExecutorException: com.newboot.shop.admin.dao.GoodspefMapper.insert (batch index #1) failed. Cause: java.sql.BatchUpdateException: Field 'valueID' doesn't have a default value
2022-08-29 18:02:19.293 [http-nio-28078-exec-7] ERROR com.newboot.shop.admin.util.MybatisBatchUtil - [batchUpdateOrInsert,48] - class com.newboot.shop.admin.util.MybatisBatchUtil exception 
### Error flushing statements.  Cause: org.apache.ibatis.executor.BatchExecutorException: com.newboot.shop.admin.dao.GoodspefMapper.insert (batch index #1) failed. Cause: java.sql.BatchUpdateException: Field 'valueID' doesn't have a default value
### Cause: org.apache.ibatis.executor.BatchExecutorException: com.newboot.shop.admin.dao.GoodspefMapper.insert (batch index #1) failed. Cause: java.sql.BatchUpdateException: Field 'valueID' doesn't have a default value
2022-08-29 18:10:43.120 [http-nio-28078-exec-9] ERROR o.a.c.c.C.[.[localhost].[/].[dispatcherServlet] - [log,175] - Servlet.service() for servlet [dispatcherServlet] in context with path [] threw exception [Request processing failed; nested exception is org.springframework.jdbc.BadSqlGrammarException: 
### Error querying database.  Cause: java.sql.SQLSyntaxErrorException: Unknown column 'spID' in 'field list'
### The error may exist in file [D:\Git\Gitee\shop-springboot\shop-admin\target\classes\mapper\GoodsvalueMapper.xml]
### The error may involve defaultParameterMap
### The error occurred while setting parameters
### SQL: select max(spID) spID from goodsvalue
### Cause: java.sql.SQLSyntaxErrorException: Unknown column 'spID' in 'field list'
; bad SQL grammar []; nested exception is java.sql.SQLSyntaxErrorException: Unknown column 'spID' in 'field list'] with root cause
java.sql.SQLSyntaxErrorException: Unknown column 'spID' in 'field list'
	at com.mysql.cj.jdbc.exceptions.SQLError.createSQLException(SQLError.java:120)
	at com.mysql.cj.jdbc.exceptions.SQLExceptionsMapping.translateException(SQLExceptionsMapping.java:122)
	at com.mysql.cj.jdbc.ClientPreparedStatement.executeInternal(ClientPreparedStatement.java:916)
	at com.mysql.cj.jdbc.ClientPreparedStatement.execute(ClientPreparedStatement.java:354)
	at com.alibaba.druid.pool.DruidPooledPreparedStatement.execute(DruidPooledPreparedStatement.java:497)
	at sun.reflect.NativeMethodAccessorImpl.invoke0(Native Method)
	at sun.reflect.NativeMethodAccessorImpl.invoke(NativeMethodAccessorImpl.java:62)
	at sun.reflect.DelegatingMethodAccessorImpl.invoke(DelegatingMethodAccessorImpl.java:43)
	at java.lang.reflect.Method.invoke(Method.java:498)
	at org.apache.ibatis.logging.jdbc.PreparedStatementLogger.invoke(PreparedStatementLogger.java:59)
	at com.sun.proxy.$Proxy97.execute(Unknown Source)
	at org.apache.ibatis.executor.statement.PreparedStatementHandler.query(PreparedStatementHandler.java:64)
	at org.apache.ibatis.executor.statement.RoutingStatementHandler.query(RoutingStatementHandler.java:79)
	at org.apache.ibatis.executor.SimpleExecutor.doQuery(SimpleExecutor.java:63)
	at org.apache.ibatis.executor.BaseExecutor.queryFromDatabase(BaseExecutor.java:325)
	at org.apache.ibatis.executor.BaseExecutor.query(BaseExecutor.java:156)
	at org.apache.ibatis.executor.CachingExecutor.query(CachingExecutor.java:109)
	at com.github.pagehelper.PageInterceptor.intercept(PageInterceptor.java:132)
	at org.apache.ibatis.plugin.Plugin.invoke(Plugin.java:62)
	at com.sun.proxy.$Proxy95.query(Unknown Source)
	at org.apache.ibatis.session.defaults.DefaultSqlSession.selectList(DefaultSqlSession.java:151)
	at org.apache.ibatis.session.defaults.DefaultSqlSession.selectList(DefaultSqlSession.java:145)
	at org.apache.ibatis.session.defaults.DefaultSqlSession.selectList(DefaultSqlSession.java:140)
	at org.apache.ibatis.session.defaults.DefaultSqlSession.selectOne(DefaultSqlSession.java:76)
	at sun.reflect.NativeMethodAccessorImpl.invoke0(Native Method)
	at sun.reflect.NativeMethodAccessorImpl.invoke(NativeMethodAccessorImpl.java:62)
	at sun.reflect.DelegatingMethodAccessorImpl.invoke(DelegatingMethodAccessorImpl.java:43)
	at java.lang.reflect.Method.invoke(Method.java:498)
	at org.mybatis.spring.SqlSessionTemplate$SqlSessionInterceptor.invoke(SqlSessionTemplate.java:427)
	at com.sun.proxy.$Proxy65.selectOne(Unknown Source)
	at org.mybatis.spring.SqlSessionTemplate.selectOne(SqlSessionTemplate.java:160)
	at org.apache.ibatis.binding.MapperMethod.execute(MapperMethod.java:87)
	at org.apache.ibatis.binding.MapperProxy$PlainMethodInvoker.invoke(MapperProxy.java:145)
	at org.apache.ibatis.binding.MapperProxy.invoke(MapperProxy.java:86)
	at com.sun.proxy.$Proxy74.getSpIDNow(Unknown Source)
	at com.newboot.shop.admin.service.impl.SpuServiceImpl.insert(SpuServiceImpl.java:66)
	at com.newboot.shop.admin.controller.SpuController.insert(SpuController.java:39)
	at sun.reflect.NativeMethodAccessorImpl.invoke0(Native Method)
	at sun.reflect.NativeMethodAccessorImpl.invoke(NativeMethodAccessorImpl.java:62)
	at sun.reflect.DelegatingMethodAccessorImpl.invoke(DelegatingMethodAccessorImpl.java:43)
	at java.lang.reflect.Method.invoke(Method.java:498)
	at org.springframework.web.method.support.InvocableHandlerMethod.doInvoke(InvocableHandlerMethod.java:205)
	at org.springframework.web.method.support.InvocableHandlerMethod.invokeForRequest(InvocableHandlerMethod.java:150)
	at org.springframework.web.servlet.mvc.method.annotation.ServletInvocableHandlerMethod.invokeAndHandle(ServletInvocableHandlerMethod.java:117)
	at org.springframework.web.servlet.mvc.method.annotation.RequestMappingHandlerAdapter.invokeHandlerMethod(RequestMappingHandlerAdapter.java:895)
	at org.springframework.web.servlet.mvc.method.annotation.RequestMappingHandlerAdapter.handleInternal(RequestMappingHandlerAdapter.java:808)
	at org.springframework.web.servlet.mvc.method.AbstractHandlerMethodAdapter.handle(AbstractHandlerMethodAdapter.java:87)
	at org.springframework.web.servlet.DispatcherServlet.doDispatch(DispatcherServlet.java:1067)
	at org.springframework.web.servlet.DispatcherServlet.doService(DispatcherServlet.java:963)
	at org.springframework.web.servlet.FrameworkServlet.processRequest(FrameworkServlet.java:1006)
	at org.springframework.web.servlet.FrameworkServlet.doPost(FrameworkServlet.java:909)
	at javax.servlet.http.HttpServlet.service(HttpServlet.java:681)
	at org.springframework.web.servlet.FrameworkServlet.service(FrameworkServlet.java:883)
	at javax.servlet.http.HttpServlet.service(HttpServlet.java:764)
	at org.apache.catalina.core.ApplicationFilterChain.internalDoFilter(ApplicationFilterChain.java:227)
	at org.apache.catalina.core.ApplicationFilterChain.doFilter(ApplicationFilterChain.java:162)
	at org.apache.tomcat.websocket.server.WsFilter.doFilter(WsFilter.java:53)
	at org.apache.catalina.core.ApplicationFilterChain.internalDoFilter(ApplicationFilterChain.java:189)
	at org.apache.catalina.core.ApplicationFilterChain.doFilter(ApplicationFilterChain.java:162)
	at org.springframework.web.filter.RequestContextFilter.doFilterInternal(RequestContextFilter.java:100)
	at org.springframework.web.filter.OncePerRequestFilter.doFilter(OncePerRequestFilter.java:117)
	at org.apache.catalina.core.ApplicationFilterChain.internalDoFilter(ApplicationFilterChain.java:189)
	at org.apache.catalina.core.ApplicationFilterChain.doFilter(ApplicationFilterChain.java:162)
	at org.springframework.web.filter.FormContentFilter.doFilterInternal(FormContentFilter.java:93)
	at org.springframework.web.filter.OncePerRequestFilter.doFilter(OncePerRequestFilter.java:117)
	at org.apache.catalina.core.ApplicationFilterChain.internalDoFilter(ApplicationFilterChain.java:189)
	at org.apache.catalina.core.ApplicationFilterChain.doFilter(ApplicationFilterChain.java:162)
	at org.springframework.web.filter.CharacterEncodingFilter.doFilterInternal(CharacterEncodingFilter.java:201)
	at org.springframework.web.filter.OncePerRequestFilter.doFilter(OncePerRequestFilter.java:117)
	at org.apache.catalina.core.ApplicationFilterChain.internalDoFilter(ApplicationFilterChain.java:189)
	at org.apache.catalina.core.ApplicationFilterChain.doFilter(ApplicationFilterChain.java:162)
	at org.apache.catalina.core.StandardWrapperValve.invoke(StandardWrapperValve.java:197)
	at org.apache.catalina.core.StandardContextValve.invoke(StandardContextValve.java:97)
	at org.apache.catalina.authenticator.AuthenticatorBase.invoke(AuthenticatorBase.java:541)
	at org.apache.catalina.core.StandardHostValve.invoke(StandardHostValve.java:135)
	at org.apache.catalina.valves.ErrorReportValve.invoke(ErrorReportValve.java:92)
	at org.apache.catalina.core.StandardEngineValve.invoke(StandardEngineValve.java:78)
	at org.apache.catalina.connector.CoyoteAdapter.service(CoyoteAdapter.java:360)
	at org.apache.coyote.http11.Http11Processor.service(Http11Processor.java:399)
	at org.apache.coyote.AbstractProcessorLight.process(AbstractProcessorLight.java:65)
	at org.apache.coyote.AbstractProtocol$ConnectionHandler.process(AbstractProtocol.java:890)
	at org.apache.tomcat.util.net.NioEndpoint$SocketProcessor.doRun(NioEndpoint.java:1787)
	at org.apache.tomcat.util.net.SocketProcessorBase.run(SocketProcessorBase.java:49)
	at org.apache.tomcat.util.threads.ThreadPoolExecutor.runWorker(ThreadPoolExecutor.java:1191)
	at org.apache.tomcat.util.threads.ThreadPoolExecutor$Worker.run(ThreadPoolExecutor.java:659)
	at org.apache.tomcat.util.threads.TaskThread$WrappingRunnable.run(TaskThread.java:61)
	at java.lang.Thread.run(Thread.java:748)
2022-08-29 18:11:42.589 [restartedMain] ERROR o.s.b.diagnostics.LoggingFailureAnalysisReporter - [report,40] - 

***************************
APPLICATION FAILED TO START
***************************

Description:

Field spuService in com.newboot.shop.admin.controller.SpuController required a bean of type 'com.newboot.shop.admin.service.SpuService' that could not be found.

The injection point has the following annotations:
	- @org.springframework.beans.factory.annotation.Autowired(required=true)


Action:

Consider defining a bean of type 'com.newboot.shop.admin.service.SpuService' in your configuration.

2022-08-29 18:12:10.499 [http-nio-28078-exec-9] ERROR com.newboot.shop.admin.util.MybatisBatchUtil - [batchUpdateOrInsert,48] - class com.newboot.shop.admin.util.MybatisBatchUtil exception 
### Error flushing statements.  Cause: org.apache.ibatis.executor.BatchExecutorException: com.newboot.shop.admin.dao.GoodspefMapper.insertTe (batch index #1) failed. Cause: java.sql.BatchUpdateException: You have an error in your SQL syntax; check the manual that corresponds to your MySQL server version for the right syntax to use near 'values (10000000, 10000000, 10000000,10000000),(a, b, c, d
    values (10000001,' at line 2
### Cause: org.apache.ibatis.executor.BatchExecutorException: com.newboot.shop.admin.dao.GoodspefMapper.insertTe (batch index #1) failed. Cause: java.sql.BatchUpdateException: You have an error in your SQL syntax; check the manual that corresponds to your MySQL server version for the right syntax to use near 'values (10000000, 10000000, 10000000,10000000),(a, b, c, d
    values (10000001,' at line 2
2022-08-29 18:12:10.504 [http-nio-28078-exec-9] ERROR com.newboot.shop.admin.util.MybatisBatchUtil - [batchUpdateOrInsert,48] - class com.newboot.shop.admin.util.MybatisBatchUtil exception 
### Error flushing statements.  Cause: org.apache.ibatis.executor.BatchExecutorException: com.newboot.shop.admin.dao.GoodspefMapper.insertTe (batch index #1) failed. Cause: java.sql.BatchUpdateException: You have an error in your SQL syntax; check the manual that corresponds to your MySQL server version for the right syntax to use near 'values (2, 50000076, 31000001,31000000),(a, b, c, d
    values (3, 50000076, 310' at line 2
### Cause: org.apache.ibatis.executor.BatchExecutorException: com.newboot.shop.admin.dao.GoodspefMapper.insertTe (batch index #1) failed. Cause: java.sql.BatchUpdateException: You have an error in your SQL syntax; check the manual that corresponds to your MySQL server version for the right syntax to use near 'values (2, 50000076, 31000001,31000000),(a, b, c, d
    values (3, 50000076, 310' at line 2
2022-08-29 19:23:27.647 [restartedMain] ERROR o.s.b.diagnostics.LoggingFailureAnalysisReporter - [report,40] - 

***************************
APPLICATION FAILED TO START
***************************

Description:

Field skuService in com.newboot.shop.admin.controller.SkuController required a bean of type 'com.newboot.shop.admin.service.SkuService' that could not be found.

The injection point has the following annotations:
	- @org.springframework.beans.factory.annotation.Autowired(required=true)


Action:

Consider defining a bean of type 'com.newboot.shop.admin.service.SkuService' in your configuration.

2022-08-29 19:23:30.256 [restartedMain] ERROR o.s.b.diagnostics.LoggingFailureAnalysisReporter - [report,40] - 

***************************
APPLICATION FAILED TO START
***************************

Description:

Field skuService in com.newboot.shop.admin.controller.SkuController required a bean of type 'com.newboot.shop.admin.service.SkuService' that could not be found.

The injection point has the following annotations:
	- @org.springframework.beans.factory.annotation.Autowired(required=true)


Action:

Consider defining a bean of type 'com.newboot.shop.admin.service.SkuService' in your configuration.

2022-08-29 19:36:35.811 [http-nio-28078-exec-9] ERROR com.newboot.shop.admin.util.MybatisBatchUtil - [batchUpdateOrInsert,48] - class com.newboot.shop.admin.util.MybatisBatchUtil exception 
### Error flushing statements.  Cause: org.apache.ibatis.executor.BatchExecutorException: com.newboot.shop.admin.dao.GoodspefMapper.insert (batch index #1) failed. Cause: java.sql.BatchUpdateException: Column count doesn't match value count at row 1
### Cause: org.apache.ibatis.executor.BatchExecutorException: com.newboot.shop.admin.dao.GoodspefMapper.insert (batch index #1) failed. Cause: java.sql.BatchUpdateException: Column count doesn't match value count at row 1
2022-08-29 20:24:35.656 [http-nio-28078-exec-1] ERROR com.newboot.shop.admin.util.MybatisBatchUtil - [batchUpdateOrInsert,48] - class com.newboot.shop.admin.util.MybatisBatchUtil exception 
### Error flushing statements.  Cause: org.apache.ibatis.executor.BatchExecutorException: com.newboot.shop.admin.dao.GoodspefMapper.insert (batch index #1) failed. Cause: java.sql.BatchUpdateException: Unknown column 'pefID' in 'field list'
### Cause: org.apache.ibatis.executor.BatchExecutorException: com.newboot.shop.admin.dao.GoodspefMapper.insert (batch index #1) failed. Cause: java.sql.BatchUpdateException: Unknown column 'pefID' in 'field list'
2022-08-29 20:27:46.644 [http-nio-28078-exec-4] ERROR com.newboot.shop.admin.util.MybatisBatchUtil - [batchUpdateOrInsert,48] - class com.newboot.shop.admin.util.MybatisBatchUtil exception 
### Error flushing statements.  Cause: org.apache.ibatis.executor.BatchExecutorException: com.newboot.shop.admin.dao.GoodspefMapper.insert (batch index #1) failed. Cause: java.sql.BatchUpdateException: Column 'pefID' cannot be null
### Cause: org.apache.ibatis.executor.BatchExecutorException: com.newboot.shop.admin.dao.GoodspefMapper.insert (batch index #1) failed. Cause: java.sql.BatchUpdateException: Column 'pefID' cannot be null
2022-08-29 20:35:20.941 [http-nio-28078-exec-1] ERROR com.newboot.shop.admin.controller.SpuController - [update,59] - org.springframework.dao.DataIntegrityViolationException: 
### Error updating database.  Cause: java.sql.SQLIntegrityConstraintViolationException: Column 'brandID' cannot be null
### The error may exist in file [D:\Git\Gitee\shop-springboot\shop-admin\target\classes\mapper\GoodsMapper.xml]
### The error may involve defaultParameterMap
### The error occurred while setting parameters
### SQL: update goods      SET brandID = (select brandID from brand where brandName =?)      where goodsID=?
### Cause: java.sql.SQLIntegrityConstraintViolationException: Column 'brandID' cannot be null
; Column 'brandID' cannot be null; nested exception is java.sql.SQLIntegrityConstraintViolationException: Column 'brandID' cannot be null
2022-08-29 20:36:40.309 [http-nio-28078-exec-4] ERROR com.newboot.shop.admin.controller.SpuController - [update,59] - org.springframework.dao.DataIntegrityViolationException: 
### Error updating database.  Cause: java.sql.SQLIntegrityConstraintViolationException: Column 'categoryID' cannot be null
### The error may exist in file [D:\Git\Gitee\shop-springboot\shop-admin\target\classes\mapper\GoodsMapper.xml]
### The error may involve defaultParameterMap
### The error occurred while setting parameters
### SQL: update goods      SET categoryID = (select categoryID from category where categoryName = ?)      where goodsID=?
### Cause: java.sql.SQLIntegrityConstraintViolationException: Column 'categoryID' cannot be null
; Column 'categoryID' cannot be null; nested exception is java.sql.SQLIntegrityConstraintViolationException: Column 'categoryID' cannot be null
