2022-08-19 11:07:03.237 [restartedMain] INFO  com.newboot.shop.admin.ShopAdminApplication - [logStarting,55] - Starting ShopAdminApplication using Java 1.8.0_251 on DESKTOP-B6JBAVC with PID 480 (D:\Git\Gitee\shop-springboot\shop-admin\target\classes started by Afterwards in D:\Git\Gitee\shop-springboot)
2022-08-19 11:07:03.241 [restartedMain] INFO  com.newboot.shop.admin.ShopAdminApplication - [logStartupProfileInfo,640] - The following 1 profile is active: "dev"
2022-08-19 11:07:08.239 [restartedMain] INFO  org.apache.coyote.http11.Http11NioProtocol - [log,173] - Initializing ProtocolHandler ["http-nio-28078"]
2022-08-19 11:07:08.240 [restartedMain] INFO  org.apache.catalina.core.StandardService - [log,173] - Starting service [Tomcat]
2022-08-19 11:07:08.240 [restartedMain] INFO  org.apache.catalina.core.StandardEngine - [log,173] - Starting Servlet engine: [Apache Tomcat/9.0.64]
2022-08-19 11:07:08.349 [restartedMain] INFO  o.a.c.core.ContainerBase.[Tomcat].[localhost].[/] - [log,173] - Initializing Spring embedded WebApplicationContext
2022-08-19 11:07:08.465 [restartedMain] INFO  c.a.d.s.b.a.DruidDataSourceAutoConfigure - [dataSource,56] - Init DruidDataSource
2022-08-19 11:07:08.895 [restartedMain] INFO  com.alibaba.druid.pool.DruidDataSource - [init,995] - {dataSource-1} inited
2022-08-19 11:07:12.142 [restartedMain] INFO  org.apache.coyote.http11.Http11NioProtocol - [log,173] - Starting ProtocolHandler ["http-nio-28078"]
2022-08-19 11:07:12.186 [restartedMain] INFO  com.newboot.shop.admin.ShopAdminApplication - [logStarted,61] - Started ShopAdminApplication in 10.172 seconds (JVM running for 11.586)
2022-08-19 11:07:28.781 [http-nio-28078-exec-1] INFO  o.a.c.core.ContainerBase.[Tomcat].[localhost].[/] - [log,173] - Initializing Spring DispatcherServlet 'dispatcherServlet'
2022-08-19 11:15:11.256 [restartedMain] INFO  com.newboot.shop.admin.ShopAdminApplication - [logStarting,55] - Starting ShopAdminApplication using Java 1.8.0_251 on DESKTOP-B6JBAVC with PID 4636 (D:\Git\Gitee\shop-springboot\shop-admin\target\classes started by Afterwards in D:\Git\Gitee\shop-springboot)
2022-08-19 11:15:11.257 [restartedMain] INFO  com.newboot.shop.admin.ShopAdminApplication - [logStartupProfileInfo,640] - The following 1 profile is active: "dev"
2022-08-19 11:15:12.395 [restartedMain] INFO  org.apache.coyote.http11.Http11NioProtocol - [log,173] - Initializing ProtocolHandler ["http-nio-28078"]
2022-08-19 11:15:12.396 [restartedMain] INFO  org.apache.catalina.core.StandardService - [log,173] - Starting service [Tomcat]
2022-08-19 11:15:12.396 [restartedMain] INFO  org.apache.catalina.core.StandardEngine - [log,173] - Starting Servlet engine: [Apache Tomcat/9.0.64]
2022-08-19 11:15:12.492 [restartedMain] INFO  o.a.c.core.ContainerBase.[Tomcat].[localhost].[/] - [log,173] - Initializing Spring embedded WebApplicationContext
2022-08-19 11:15:12.548 [restartedMain] INFO  c.a.d.s.b.a.DruidDataSourceAutoConfigure - [dataSource,56] - Init DruidDataSource
2022-08-19 11:15:12.768 [restartedMain] INFO  com.alibaba.druid.pool.DruidDataSource - [init,995] - {dataSource-1} inited
2022-08-19 11:15:13.868 [restartedMain] INFO  org.apache.coyote.http11.Http11NioProtocol - [log,173] - Starting ProtocolHandler ["http-nio-28078"]
2022-08-19 11:15:13.889 [restartedMain] INFO  com.newboot.shop.admin.ShopAdminApplication - [logStarted,61] - Started ShopAdminApplication in 3.048 seconds (JVM running for 3.864)
2022-08-19 11:15:17.539 [http-nio-28078-exec-4] INFO  o.a.c.core.ContainerBase.[Tomcat].[localhost].[/] - [log,173] - Initializing Spring DispatcherServlet 'dispatcherServlet'
2022-08-19 16:56:32.580 [restartedMain] INFO  com.newboot.shop.admin.ShopAdminApplication - [logStarting,55] - Starting ShopAdminApplication using Java 1.8.0_251 on DESKTOP-B6JBAVC with PID 10896 (D:\Git\Gitee\shop-springboot\shop-admin\target\classes started by Afterwards in D:\Git\Gitee\shop-springboot)
2022-08-19 16:56:32.581 [restartedMain] INFO  com.newboot.shop.admin.ShopAdminApplication - [logStartupProfileInfo,640] - The following 1 profile is active: "dev"
2022-08-19 16:56:33.737 [restartedMain] INFO  org.apache.coyote.http11.Http11NioProtocol - [log,173] - Initializing ProtocolHandler ["http-nio-28078"]
2022-08-19 16:56:33.737 [restartedMain] INFO  org.apache.catalina.core.StandardService - [log,173] - Starting service [Tomcat]
2022-08-19 16:56:33.737 [restartedMain] INFO  org.apache.catalina.core.StandardEngine - [log,173] - Starting Servlet engine: [Apache Tomcat/9.0.64]
2022-08-19 16:56:33.833 [restartedMain] INFO  o.a.c.core.ContainerBase.[Tomcat].[localhost].[/] - [log,173] - Initializing Spring embedded WebApplicationContext
2022-08-19 16:56:33.889 [restartedMain] INFO  c.a.d.s.b.a.DruidDataSourceAutoConfigure - [dataSource,56] - Init DruidDataSource
2022-08-19 16:56:34.111 [restartedMain] INFO  com.alibaba.druid.pool.DruidDataSource - [init,995] - {dataSource-1} inited
2022-08-19 16:56:35.248 [restartedMain] INFO  org.apache.coyote.http11.Http11NioProtocol - [log,173] - Starting ProtocolHandler ["http-nio-28078"]
2022-08-19 16:56:35.269 [restartedMain] INFO  com.newboot.shop.admin.ShopAdminApplication - [logStarted,61] - Started ShopAdminApplication in 3.153 seconds (JVM running for 3.934)
2022-08-19 16:56:43.426 [http-nio-28078-exec-1] INFO  o.a.c.core.ContainerBase.[Tomcat].[localhost].[/] - [log,173] - Initializing Spring DispatcherServlet 'dispatcherServlet'
2022-08-19 17:03:02.679 [restartedMain] INFO  com.newboot.shop.admin.ShopAdminApplication - [logStarting,55] - Starting ShopAdminApplication using Java 1.8.0_251 on DESKTOP-B6JBAVC with PID 10168 (D:\Git\Gitee\shop-springboot\shop-admin\target\classes started by Afterwards in D:\Git\Gitee\shop-springboot)
2022-08-19 17:03:02.681 [restartedMain] INFO  com.newboot.shop.admin.ShopAdminApplication - [logStartupProfileInfo,640] - The following 1 profile is active: "dev"
2022-08-19 17:03:03.827 [restartedMain] INFO  org.apache.coyote.http11.Http11NioProtocol - [log,173] - Initializing ProtocolHandler ["http-nio-28078"]
2022-08-19 17:03:03.827 [restartedMain] INFO  org.apache.catalina.core.StandardService - [log,173] - Starting service [Tomcat]
2022-08-19 17:03:03.827 [restartedMain] INFO  org.apache.catalina.core.StandardEngine - [log,173] - Starting Servlet engine: [Apache Tomcat/9.0.64]
2022-08-19 17:03:03.921 [restartedMain] INFO  o.a.c.core.ContainerBase.[Tomcat].[localhost].[/] - [log,173] - Initializing Spring embedded WebApplicationContext
2022-08-19 17:03:03.978 [restartedMain] INFO  c.a.d.s.b.a.DruidDataSourceAutoConfigure - [dataSource,56] - Init DruidDataSource
2022-08-19 17:03:04.205 [restartedMain] INFO  com.alibaba.druid.pool.DruidDataSource - [init,995] - {dataSource-1} inited
2022-08-19 17:03:05.363 [restartedMain] INFO  org.apache.coyote.http11.Http11NioProtocol - [log,173] - Starting ProtocolHandler ["http-nio-28078"]
2022-08-19 17:03:05.383 [restartedMain] INFO  com.newboot.shop.admin.ShopAdminApplication - [logStarted,61] - Started ShopAdminApplication in 3.145 seconds (JVM running for 3.931)
2022-08-19 17:03:07.926 [http-nio-28078-exec-1] INFO  o.a.c.core.ContainerBase.[Tomcat].[localhost].[/] - [log,173] - Initializing Spring DispatcherServlet 'dispatcherServlet'
2022-08-19 17:07:56.795 [restartedMain] INFO  com.newboot.shop.admin.ShopAdminApplication - [logStarting,55] - Starting ShopAdminApplication using Java 1.8.0_251 on DESKTOP-B6JBAVC with PID 9132 (D:\Git\Gitee\shop-springboot\shop-admin\target\classes started by Afterwards in D:\Git\Gitee\shop-springboot)
2022-08-19 17:07:56.797 [restartedMain] INFO  com.newboot.shop.admin.ShopAdminApplication - [logStartupProfileInfo,640] - The following 1 profile is active: "dev"
2022-08-19 17:07:57.977 [restartedMain] INFO  org.apache.coyote.http11.Http11NioProtocol - [log,173] - Initializing ProtocolHandler ["http-nio-28078"]
2022-08-19 17:07:57.978 [restartedMain] INFO  org.apache.catalina.core.StandardService - [log,173] - Starting service [Tomcat]
2022-08-19 17:07:57.978 [restartedMain] INFO  org.apache.catalina.core.StandardEngine - [log,173] - Starting Servlet engine: [Apache Tomcat/9.0.64]
2022-08-19 17:07:58.073 [restartedMain] INFO  o.a.c.core.ContainerBase.[Tomcat].[localhost].[/] - [log,173] - Initializing Spring embedded WebApplicationContext
2022-08-19 17:07:58.129 [restartedMain] INFO  c.a.d.s.b.a.DruidDataSourceAutoConfigure - [dataSource,56] - Init DruidDataSource
2022-08-19 17:07:58.357 [restartedMain] INFO  com.alibaba.druid.pool.DruidDataSource - [init,995] - {dataSource-1} inited
2022-08-19 17:07:59.513 [restartedMain] INFO  org.apache.coyote.http11.Http11NioProtocol - [log,173] - Starting ProtocolHandler ["http-nio-28078"]
2022-08-19 17:07:59.534 [restartedMain] INFO  com.newboot.shop.admin.ShopAdminApplication - [logStarted,61] - Started ShopAdminApplication in 3.16 seconds (JVM running for 3.974)
2022-08-19 17:08:04.313 [http-nio-28078-exec-1] INFO  o.a.c.core.ContainerBase.[Tomcat].[localhost].[/] - [log,173] - Initializing Spring DispatcherServlet 'dispatcherServlet'
2022-08-19 17:09:02.461 [restartedMain] INFO  com.newboot.shop.admin.ShopAdminApplication - [logStarting,55] - Starting ShopAdminApplication using Java 1.8.0_251 on DESKTOP-B6JBAVC with PID 3068 (D:\Git\Gitee\shop-springboot\shop-admin\target\classes started by Afterwards in D:\Git\Gitee\shop-springboot)
2022-08-19 17:09:02.463 [restartedMain] INFO  com.newboot.shop.admin.ShopAdminApplication - [logStartupProfileInfo,640] - The following 1 profile is active: "dev"
2022-08-19 17:09:03.601 [restartedMain] INFO  org.apache.coyote.http11.Http11NioProtocol - [log,173] - Initializing ProtocolHandler ["http-nio-28078"]
2022-08-19 17:09:03.601 [restartedMain] INFO  org.apache.catalina.core.StandardService - [log,173] - Starting service [Tomcat]
2022-08-19 17:09:03.602 [restartedMain] INFO  org.apache.catalina.core.StandardEngine - [log,173] - Starting Servlet engine: [Apache Tomcat/9.0.64]
2022-08-19 17:09:03.699 [restartedMain] INFO  o.a.c.core.ContainerBase.[Tomcat].[localhost].[/] - [log,173] - Initializing Spring embedded WebApplicationContext
2022-08-19 17:09:03.756 [restartedMain] INFO  c.a.d.s.b.a.DruidDataSourceAutoConfigure - [dataSource,56] - Init DruidDataSource
2022-08-19 17:09:03.979 [restartedMain] INFO  com.alibaba.druid.pool.DruidDataSource - [init,995] - {dataSource-1} inited
2022-08-19 17:09:05.135 [restartedMain] INFO  org.apache.coyote.http11.Http11NioProtocol - [log,173] - Starting ProtocolHandler ["http-nio-28078"]
2022-08-19 17:09:05.156 [restartedMain] INFO  com.newboot.shop.admin.ShopAdminApplication - [logStarted,61] - Started ShopAdminApplication in 3.133 seconds (JVM running for 3.888)
2022-08-19 17:09:08.537 [http-nio-28078-exec-1] INFO  o.a.c.core.ContainerBase.[Tomcat].[localhost].[/] - [log,173] - Initializing Spring DispatcherServlet 'dispatcherServlet'
2022-08-19 17:13:21.059 [restartedMain] INFO  com.newboot.shop.admin.ShopAdminApplication - [logStarting,55] - Starting ShopAdminApplication using Java 1.8.0_251 on DESKTOP-B6JBAVC with PID 12076 (D:\Git\Gitee\shop-springboot\shop-admin\target\classes started by Afterwards in D:\Git\Gitee\shop-springboot)
2022-08-19 17:13:21.061 [restartedMain] INFO  com.newboot.shop.admin.ShopAdminApplication - [logStartupProfileInfo,640] - The following 1 profile is active: "dev"
2022-08-19 17:13:22.201 [restartedMain] INFO  org.apache.coyote.http11.Http11NioProtocol - [log,173] - Initializing ProtocolHandler ["http-nio-28078"]
2022-08-19 17:13:22.202 [restartedMain] INFO  org.apache.catalina.core.StandardService - [log,173] - Starting service [Tomcat]
2022-08-19 17:13:22.202 [restartedMain] INFO  org.apache.catalina.core.StandardEngine - [log,173] - Starting Servlet engine: [Apache Tomcat/9.0.64]
2022-08-19 17:13:22.296 [restartedMain] INFO  o.a.c.core.ContainerBase.[Tomcat].[localhost].[/] - [log,173] - Initializing Spring embedded WebApplicationContext
2022-08-19 17:13:22.351 [restartedMain] INFO  c.a.d.s.b.a.DruidDataSourceAutoConfigure - [dataSource,56] - Init DruidDataSource
2022-08-19 17:13:22.571 [restartedMain] INFO  com.alibaba.druid.pool.DruidDataSource - [init,995] - {dataSource-1} inited
2022-08-19 17:13:23.713 [restartedMain] INFO  org.apache.coyote.http11.Http11NioProtocol - [log,173] - Starting ProtocolHandler ["http-nio-28078"]
2022-08-19 17:13:23.734 [restartedMain] INFO  com.newboot.shop.admin.ShopAdminApplication - [logStarted,61] - Started ShopAdminApplication in 3.093 seconds (JVM running for 3.9)
2022-08-19 17:13:27.677 [http-nio-28078-exec-2] INFO  o.a.c.core.ContainerBase.[Tomcat].[localhost].[/] - [log,173] - Initializing Spring DispatcherServlet 'dispatcherServlet'
2022-08-19 17:45:54.565 [restartedMain] INFO  com.newboot.shop.admin.ShopAdminApplication - [logStarting,55] - Starting ShopAdminApplication using Java 1.8.0_251 on DESKTOP-B6JBAVC with PID 3292 (D:\Git\Gitee\shop-springboot\shop-admin\target\classes started by Afterwards in D:\Git\Gitee\shop-springboot)
2022-08-19 17:45:54.566 [restartedMain] INFO  com.newboot.shop.admin.ShopAdminApplication - [logStartupProfileInfo,640] - The following 1 profile is active: "dev"
2022-08-19 17:45:55.724 [restartedMain] INFO  org.apache.coyote.http11.Http11NioProtocol - [log,173] - Initializing ProtocolHandler ["http-nio-28078"]
2022-08-19 17:45:55.724 [restartedMain] INFO  org.apache.catalina.core.StandardService - [log,173] - Starting service [Tomcat]
2022-08-19 17:45:55.724 [restartedMain] INFO  org.apache.catalina.core.StandardEngine - [log,173] - Starting Servlet engine: [Apache Tomcat/9.0.64]
2022-08-19 17:45:55.821 [restartedMain] INFO  o.a.c.core.ContainerBase.[Tomcat].[localhost].[/] - [log,173] - Initializing Spring embedded WebApplicationContext
2022-08-19 17:45:55.879 [restartedMain] INFO  c.a.d.s.b.a.DruidDataSourceAutoConfigure - [dataSource,56] - Init DruidDataSource
2022-08-19 17:45:56.112 [restartedMain] INFO  com.alibaba.druid.pool.DruidDataSource - [init,995] - {dataSource-1} inited
2022-08-19 17:45:57.286 [restartedMain] INFO  org.apache.coyote.http11.Http11NioProtocol - [log,173] - Starting ProtocolHandler ["http-nio-28078"]
2022-08-19 17:45:57.308 [restartedMain] INFO  com.newboot.shop.admin.ShopAdminApplication - [logStarted,61] - Started ShopAdminApplication in 3.214 seconds (JVM running for 3.993)
2022-08-19 17:46:02.537 [http-nio-28078-exec-1] INFO  o.a.c.core.ContainerBase.[Tomcat].[localhost].[/] - [log,173] - Initializing Spring DispatcherServlet 'dispatcherServlet'
2022-08-19 17:47:02.937 [restartedMain] INFO  com.newboot.shop.admin.ShopAdminApplication - [logStarting,55] - Starting ShopAdminApplication using Java 1.8.0_251 on DESKTOP-B6JBAVC with PID 13324 (D:\Git\Gitee\shop-springboot\shop-admin\target\classes started by Afterwards in D:\Git\Gitee\shop-springboot)
2022-08-19 17:47:02.939 [restartedMain] INFO  com.newboot.shop.admin.ShopAdminApplication - [logStartupProfileInfo,640] - The following 1 profile is active: "dev"
2022-08-19 17:47:04.126 [restartedMain] INFO  org.apache.coyote.http11.Http11NioProtocol - [log,173] - Initializing ProtocolHandler ["http-nio-28078"]
2022-08-19 17:47:04.127 [restartedMain] INFO  org.apache.catalina.core.StandardService - [log,173] - Starting service [Tomcat]
2022-08-19 17:47:04.127 [restartedMain] INFO  org.apache.catalina.core.StandardEngine - [log,173] - Starting Servlet engine: [Apache Tomcat/9.0.64]
2022-08-19 17:47:04.222 [restartedMain] INFO  o.a.c.core.ContainerBase.[Tomcat].[localhost].[/] - [log,173] - Initializing Spring embedded WebApplicationContext
2022-08-19 17:47:04.278 [restartedMain] INFO  c.a.d.s.b.a.DruidDataSourceAutoConfigure - [dataSource,56] - Init DruidDataSource
2022-08-19 17:47:04.503 [restartedMain] INFO  com.alibaba.druid.pool.DruidDataSource - [init,995] - {dataSource-1} inited
2022-08-19 17:47:05.671 [restartedMain] INFO  org.apache.coyote.http11.Http11NioProtocol - [log,173] - Starting ProtocolHandler ["http-nio-28078"]
2022-08-19 17:47:05.698 [restartedMain] INFO  com.newboot.shop.admin.ShopAdminApplication - [logStarted,61] - Started ShopAdminApplication in 3.185 seconds (JVM running for 3.919)
2022-08-19 17:47:09.531 [http-nio-28078-exec-2] INFO  o.a.c.core.ContainerBase.[Tomcat].[localhost].[/] - [log,173] - Initializing Spring DispatcherServlet 'dispatcherServlet'
2022-08-19 17:47:47.343 [restartedMain] INFO  com.newboot.shop.admin.ShopAdminApplication - [logStarting,55] - Starting ShopAdminApplication using Java 1.8.0_251 on DESKTOP-B6JBAVC with PID 4068 (D:\Git\Gitee\shop-springboot\shop-admin\target\classes started by Afterwards in D:\Git\Gitee\shop-springboot)
2022-08-19 17:47:47.345 [restartedMain] INFO  com.newboot.shop.admin.ShopAdminApplication - [logStartupProfileInfo,640] - The following 1 profile is active: "dev"
2022-08-19 17:47:48.546 [restartedMain] INFO  org.apache.coyote.http11.Http11NioProtocol - [log,173] - Initializing ProtocolHandler ["http-nio-28078"]
2022-08-19 17:47:48.546 [restartedMain] INFO  org.apache.catalina.core.StandardService - [log,173] - Starting service [Tomcat]
2022-08-19 17:47:48.547 [restartedMain] INFO  org.apache.catalina.core.StandardEngine - [log,173] - Starting Servlet engine: [Apache Tomcat/9.0.64]
2022-08-19 17:47:48.643 [restartedMain] INFO  o.a.c.core.ContainerBase.[Tomcat].[localhost].[/] - [log,173] - Initializing Spring embedded WebApplicationContext
2022-08-19 17:47:48.701 [restartedMain] INFO  c.a.d.s.b.a.DruidDataSourceAutoConfigure - [dataSource,56] - Init DruidDataSource
2022-08-19 17:47:48.923 [restartedMain] INFO  com.alibaba.druid.pool.DruidDataSource - [init,995] - {dataSource-1} inited
2022-08-19 17:47:50.166 [restartedMain] INFO  org.apache.coyote.http11.Http11NioProtocol - [log,173] - Starting ProtocolHandler ["http-nio-28078"]
2022-08-19 17:47:50.188 [restartedMain] INFO  com.newboot.shop.admin.ShopAdminApplication - [logStarted,61] - Started ShopAdminApplication in 3.269 seconds (JVM running for 4.008)
2022-08-19 17:48:06.706 [restartedMain] INFO  com.newboot.shop.admin.ShopAdminApplication - [logStarting,55] - Starting ShopAdminApplication using Java 1.8.0_251 on DESKTOP-B6JBAVC with PID 9368 (D:\Git\Gitee\shop-springboot\shop-admin\target\classes started by Afterwards in D:\Git\Gitee\shop-springboot)
2022-08-19 17:48:06.708 [restartedMain] INFO  com.newboot.shop.admin.ShopAdminApplication - [logStartupProfileInfo,640] - The following 1 profile is active: "dev"
2022-08-19 17:48:07.862 [restartedMain] INFO  org.apache.coyote.http11.Http11NioProtocol - [log,173] - Initializing ProtocolHandler ["http-nio-28078"]
2022-08-19 17:48:07.862 [restartedMain] INFO  org.apache.catalina.core.StandardService - [log,173] - Starting service [Tomcat]
2022-08-19 17:48:07.862 [restartedMain] INFO  org.apache.catalina.core.StandardEngine - [log,173] - Starting Servlet engine: [Apache Tomcat/9.0.64]
2022-08-19 17:48:07.961 [restartedMain] INFO  o.a.c.core.ContainerBase.[Tomcat].[localhost].[/] - [log,173] - Initializing Spring embedded WebApplicationContext
2022-08-19 17:48:08.023 [restartedMain] INFO  c.a.d.s.b.a.DruidDataSourceAutoConfigure - [dataSource,56] - Init DruidDataSource
2022-08-19 17:48:08.251 [restartedMain] INFO  com.alibaba.druid.pool.DruidDataSource - [init,995] - {dataSource-1} inited
2022-08-19 17:48:09.452 [restartedMain] INFO  org.apache.coyote.http11.Http11NioProtocol - [log,173] - Starting ProtocolHandler ["http-nio-28078"]
2022-08-19 17:48:09.474 [restartedMain] INFO  com.newboot.shop.admin.ShopAdminApplication - [logStarted,61] - Started ShopAdminApplication in 3.185 seconds (JVM running for 3.916)
2022-08-19 17:48:12.050 [http-nio-28078-exec-1] INFO  o.a.c.core.ContainerBase.[Tomcat].[localhost].[/] - [log,173] - Initializing Spring DispatcherServlet 'dispatcherServlet'
2022-08-19 17:52:42.896 [restartedMain] INFO  com.newboot.shop.admin.ShopAdminApplication - [logStarting,55] - Starting ShopAdminApplication using Java 1.8.0_251 on DESKTOP-B6JBAVC with PID 7196 (D:\Git\Gitee\shop-springboot\shop-admin\target\classes started by Afterwards in D:\Git\Gitee\shop-springboot)
2022-08-19 17:52:42.898 [restartedMain] INFO  com.newboot.shop.admin.ShopAdminApplication - [logStartupProfileInfo,640] - The following 1 profile is active: "dev"
2022-08-19 17:52:44.053 [restartedMain] INFO  org.apache.coyote.http11.Http11NioProtocol - [log,173] - Initializing ProtocolHandler ["http-nio-28078"]
2022-08-19 17:52:44.054 [restartedMain] INFO  org.apache.catalina.core.StandardService - [log,173] - Starting service [Tomcat]
2022-08-19 17:52:44.054 [restartedMain] INFO  org.apache.catalina.core.StandardEngine - [log,173] - Starting Servlet engine: [Apache Tomcat/9.0.64]
2022-08-19 17:52:44.148 [restartedMain] INFO  o.a.c.core.ContainerBase.[Tomcat].[localhost].[/] - [log,173] - Initializing Spring embedded WebApplicationContext
2022-08-19 17:52:44.205 [restartedMain] INFO  c.a.d.s.b.a.DruidDataSourceAutoConfigure - [dataSource,56] - Init DruidDataSource
2022-08-19 17:52:44.426 [restartedMain] INFO  com.alibaba.druid.pool.DruidDataSource - [init,995] - {dataSource-1} inited
2022-08-19 17:52:45.584 [restartedMain] INFO  org.apache.coyote.http11.Http11NioProtocol - [log,173] - Starting ProtocolHandler ["http-nio-28078"]
2022-08-19 17:52:45.605 [restartedMain] INFO  com.newboot.shop.admin.ShopAdminApplication - [logStarted,61] - Started ShopAdminApplication in 3.143 seconds (JVM running for 3.902)
2022-08-19 17:53:01.452 [http-nio-28078-exec-1] INFO  o.a.c.core.ContainerBase.[Tomcat].[localhost].[/] - [log,173] - Initializing Spring DispatcherServlet 'dispatcherServlet'
2022-08-19 18:33:45.944 [restartedMain] INFO  com.newboot.shop.admin.ShopAdminApplication - [logStarting,55] - Starting ShopAdminApplication using Java 1.8.0_251 on DESKTOP-B6JBAVC with PID 13468 (D:\Git\Gitee\shop-springboot\shop-admin\target\classes started by Afterwards in D:\Git\Gitee\shop-springboot)
2022-08-19 18:33:45.946 [restartedMain] INFO  com.newboot.shop.admin.ShopAdminApplication - [logStartupProfileInfo,640] - The following 1 profile is active: "dev"
2022-08-19 18:33:47.143 [restartedMain] INFO  org.apache.coyote.http11.Http11NioProtocol - [log,173] - Initializing ProtocolHandler ["http-nio-28078"]
2022-08-19 18:33:47.144 [restartedMain] INFO  org.apache.catalina.core.StandardService - [log,173] - Starting service [Tomcat]
2022-08-19 18:33:47.144 [restartedMain] INFO  org.apache.catalina.core.StandardEngine - [log,173] - Starting Servlet engine: [Apache Tomcat/9.0.64]
2022-08-19 18:33:47.238 [restartedMain] INFO  o.a.c.core.ContainerBase.[Tomcat].[localhost].[/] - [log,173] - Initializing Spring embedded WebApplicationContext
2022-08-19 18:33:47.294 [restartedMain] INFO  c.a.d.s.b.a.DruidDataSourceAutoConfigure - [dataSource,56] - Init DruidDataSource
2022-08-19 18:33:47.524 [restartedMain] INFO  com.alibaba.druid.pool.DruidDataSource - [init,995] - {dataSource-1} inited
2022-08-19 18:33:48.734 [restartedMain] INFO  org.apache.coyote.http11.Http11NioProtocol - [log,173] - Starting ProtocolHandler ["http-nio-28078"]
2022-08-19 18:33:48.756 [restartedMain] INFO  com.newboot.shop.admin.ShopAdminApplication - [logStarted,61] - Started ShopAdminApplication in 3.302 seconds (JVM running for 4.184)
2022-08-19 18:33:54.817 [http-nio-28078-exec-1] INFO  o.a.c.core.ContainerBase.[Tomcat].[localhost].[/] - [log,173] - Initializing Spring DispatcherServlet 'dispatcherServlet'
2022-08-19 18:42:17.845 [restartedMain] INFO  com.newboot.shop.admin.ShopAdminApplication - [logStarting,55] - Starting ShopAdminApplication using Java 1.8.0_251 on DESKTOP-B6JBAVC with PID 1156 (D:\Git\Gitee\shop-springboot\shop-admin\target\classes started by Afterwards in D:\Git\Gitee\shop-springboot)
2022-08-19 18:42:17.846 [restartedMain] INFO  com.newboot.shop.admin.ShopAdminApplication - [logStartupProfileInfo,640] - The following 1 profile is active: "dev"
2022-08-19 18:42:19.009 [restartedMain] INFO  org.apache.coyote.http11.Http11NioProtocol - [log,173] - Initializing ProtocolHandler ["http-nio-28078"]
2022-08-19 18:42:19.009 [restartedMain] INFO  org.apache.catalina.core.StandardService - [log,173] - Starting service [Tomcat]
2022-08-19 18:42:19.009 [restartedMain] INFO  org.apache.catalina.core.StandardEngine - [log,173] - Starting Servlet engine: [Apache Tomcat/9.0.64]
2022-08-19 18:42:19.104 [restartedMain] INFO  o.a.c.core.ContainerBase.[Tomcat].[localhost].[/] - [log,173] - Initializing Spring embedded WebApplicationContext
2022-08-19 18:42:19.161 [restartedMain] INFO  c.a.d.s.b.a.DruidDataSourceAutoConfigure - [dataSource,56] - Init DruidDataSource
2022-08-19 18:42:19.385 [restartedMain] INFO  com.alibaba.druid.pool.DruidDataSource - [init,995] - {dataSource-1} inited
2022-08-19 18:42:20.540 [restartedMain] INFO  org.apache.coyote.http11.Http11NioProtocol - [log,173] - Starting ProtocolHandler ["http-nio-28078"]
2022-08-19 18:42:20.563 [restartedMain] INFO  com.newboot.shop.admin.ShopAdminApplication - [logStarted,61] - Started ShopAdminApplication in 3.138 seconds (JVM running for 3.914)
2022-08-19 18:42:30.788 [http-nio-28078-exec-3] INFO  o.a.c.core.ContainerBase.[Tomcat].[localhost].[/] - [log,173] - Initializing Spring DispatcherServlet 'dispatcherServlet'
2022-08-19 18:45:01.404 [restartedMain] INFO  com.newboot.shop.admin.ShopAdminApplication - [logStarting,55] - Starting ShopAdminApplication using Java 1.8.0_251 on DESKTOP-B6JBAVC with PID 10840 (D:\Git\Gitee\shop-springboot\shop-admin\target\classes started by Afterwards in D:\Git\Gitee\shop-springboot)
2022-08-19 18:45:01.405 [restartedMain] INFO  com.newboot.shop.admin.ShopAdminApplication - [logStartupProfileInfo,640] - The following 1 profile is active: "dev"
2022-08-19 18:45:02.556 [restartedMain] INFO  org.apache.coyote.http11.Http11NioProtocol - [log,173] - Initializing ProtocolHandler ["http-nio-28078"]
2022-08-19 18:45:02.556 [restartedMain] INFO  org.apache.catalina.core.StandardService - [log,173] - Starting service [Tomcat]
2022-08-19 18:45:02.556 [restartedMain] INFO  org.apache.catalina.core.StandardEngine - [log,173] - Starting Servlet engine: [Apache Tomcat/9.0.64]
2022-08-19 18:45:02.651 [restartedMain] INFO  o.a.c.core.ContainerBase.[Tomcat].[localhost].[/] - [log,173] - Initializing Spring embedded WebApplicationContext
2022-08-19 18:45:02.707 [restartedMain] INFO  c.a.d.s.b.a.DruidDataSourceAutoConfigure - [dataSource,56] - Init DruidDataSource
2022-08-19 18:45:02.930 [restartedMain] INFO  com.alibaba.druid.pool.DruidDataSource - [init,995] - {dataSource-1} inited
2022-08-19 18:45:04.079 [restartedMain] INFO  org.apache.coyote.http11.Http11NioProtocol - [log,173] - Starting ProtocolHandler ["http-nio-28078"]
2022-08-19 18:45:04.100 [restartedMain] INFO  com.newboot.shop.admin.ShopAdminApplication - [logStarted,61] - Started ShopAdminApplication in 3.147 seconds (JVM running for 3.96)
2022-08-19 18:45:13.731 [http-nio-28078-exec-1] INFO  o.a.c.core.ContainerBase.[Tomcat].[localhost].[/] - [log,173] - Initializing Spring DispatcherServlet 'dispatcherServlet'
2022-08-19 18:50:06.868 [restartedMain] INFO  com.newboot.shop.admin.ShopAdminApplication - [logStarting,55] - Starting ShopAdminApplication using Java 1.8.0_251 on DESKTOP-B6JBAVC with PID 13044 (D:\Git\Gitee\shop-springboot\shop-admin\target\classes started by Afterwards in D:\Git\Gitee\shop-springboot)
2022-08-19 18:50:06.870 [restartedMain] INFO  com.newboot.shop.admin.ShopAdminApplication - [logStartupProfileInfo,640] - The following 1 profile is active: "dev"
2022-08-19 18:50:08.256 [restartedMain] INFO  org.apache.coyote.http11.Http11NioProtocol - [log,173] - Initializing ProtocolHandler ["http-nio-28078"]
2022-08-19 18:50:08.257 [restartedMain] INFO  org.apache.catalina.core.StandardService - [log,173] - Starting service [Tomcat]
2022-08-19 18:50:08.257 [restartedMain] INFO  org.apache.catalina.core.StandardEngine - [log,173] - Starting Servlet engine: [Apache Tomcat/9.0.64]
2022-08-19 18:50:08.359 [restartedMain] INFO  o.a.c.core.ContainerBase.[Tomcat].[localhost].[/] - [log,173] - Initializing Spring embedded WebApplicationContext
2022-08-19 18:50:08.435 [restartedMain] INFO  c.a.d.s.b.a.DruidDataSourceAutoConfigure - [dataSource,56] - Init DruidDataSource
2022-08-19 18:50:08.689 [restartedMain] INFO  com.alibaba.druid.pool.DruidDataSource - [init,995] - {dataSource-1} inited
2022-08-19 18:50:10.004 [restartedMain] INFO  org.apache.coyote.http11.Http11NioProtocol - [log,173] - Starting ProtocolHandler ["http-nio-28078"]
2022-08-19 18:50:10.031 [restartedMain] INFO  com.newboot.shop.admin.ShopAdminApplication - [logStarted,61] - Started ShopAdminApplication in 3.631 seconds (JVM running for 4.865)
2022-08-19 18:50:13.171 [http-nio-28078-exec-2] INFO  o.a.c.core.ContainerBase.[Tomcat].[localhost].[/] - [log,173] - Initializing Spring DispatcherServlet 'dispatcherServlet'
2022-08-19 18:51:20.586 [SpringApplicationShutdownHook] INFO  com.alibaba.druid.pool.DruidDataSource - [close,2073] - {dataSource-1} closing ...
2022-08-19 18:51:20.595 [SpringApplicationShutdownHook] INFO  com.alibaba.druid.pool.DruidDataSource - [close,2146] - {dataSource-1} closed
2022-08-19 18:51:27.228 [restartedMain] INFO  com.newboot.shop.admin.ShopAdminApplication - [logStarting,55] - Starting ShopAdminApplication using Java 1.8.0_251 on DESKTOP-B6JBAVC with PID 4948 (D:\Git\Gitee\shop-springboot\shop-admin\target\classes started by Afterwards in D:\Git\Gitee\shop-springboot)
2022-08-19 18:51:27.230 [restartedMain] INFO  com.newboot.shop.admin.ShopAdminApplication - [logStartupProfileInfo,640] - The following 1 profile is active: "dev"
2022-08-19 18:51:28.376 [restartedMain] INFO  org.apache.coyote.http11.Http11NioProtocol - [log,173] - Initializing ProtocolHandler ["http-nio-28078"]
2022-08-19 18:51:28.376 [restartedMain] INFO  org.apache.catalina.core.StandardService - [log,173] - Starting service [Tomcat]
2022-08-19 18:51:28.376 [restartedMain] INFO  org.apache.catalina.core.StandardEngine - [log,173] - Starting Servlet engine: [Apache Tomcat/9.0.64]
2022-08-19 18:51:28.472 [restartedMain] INFO  o.a.c.core.ContainerBase.[Tomcat].[localhost].[/] - [log,173] - Initializing Spring embedded WebApplicationContext
2022-08-19 18:51:28.528 [restartedMain] INFO  c.a.d.s.b.a.DruidDataSourceAutoConfigure - [dataSource,56] - Init DruidDataSource
2022-08-19 18:51:28.750 [restartedMain] INFO  com.alibaba.druid.pool.DruidDataSource - [init,995] - {dataSource-1} inited
2022-08-19 18:51:29.904 [restartedMain] INFO  org.apache.coyote.http11.Http11NioProtocol - [log,173] - Starting ProtocolHandler ["http-nio-28078"]
2022-08-19 18:51:29.925 [restartedMain] INFO  com.newboot.shop.admin.ShopAdminApplication - [logStarted,61] - Started ShopAdminApplication in 3.179 seconds (JVM running for 3.974)
2022-08-19 18:51:32.504 [http-nio-28078-exec-2] INFO  o.a.c.core.ContainerBase.[Tomcat].[localhost].[/] - [log,173] - Initializing Spring DispatcherServlet 'dispatcherServlet'
2022-08-19 18:52:46.870 [restartedMain] INFO  com.newboot.shop.admin.ShopAdminApplication - [logStarting,55] - Starting ShopAdminApplication using Java 1.8.0_251 on DESKTOP-B6JBAVC with PID 13428 (D:\Git\Gitee\shop-springboot\shop-admin\target\classes started by Afterwards in D:\Git\Gitee\shop-springboot)
2022-08-19 18:52:46.872 [restartedMain] INFO  com.newboot.shop.admin.ShopAdminApplication - [logStartupProfileInfo,640] - The following 1 profile is active: "dev"
2022-08-19 18:52:48.061 [restartedMain] INFO  org.apache.coyote.http11.Http11NioProtocol - [log,173] - Initializing ProtocolHandler ["http-nio-28078"]
2022-08-19 18:52:48.061 [restartedMain] INFO  org.apache.catalina.core.StandardService - [log,173] - Starting service [Tomcat]
2022-08-19 18:52:48.061 [restartedMain] INFO  org.apache.catalina.core.StandardEngine - [log,173] - Starting Servlet engine: [Apache Tomcat/9.0.64]
2022-08-19 18:52:48.156 [restartedMain] INFO  o.a.c.core.ContainerBase.[Tomcat].[localhost].[/] - [log,173] - Initializing Spring embedded WebApplicationContext
2022-08-19 18:52:48.213 [restartedMain] INFO  c.a.d.s.b.a.DruidDataSourceAutoConfigure - [dataSource,56] - Init DruidDataSource
2022-08-19 18:52:48.433 [restartedMain] INFO  com.alibaba.druid.pool.DruidDataSource - [init,995] - {dataSource-1} inited
2022-08-19 18:52:49.635 [restartedMain] INFO  org.apache.coyote.http11.Http11NioProtocol - [log,173] - Starting ProtocolHandler ["http-nio-28078"]
2022-08-19 18:52:49.655 [restartedMain] INFO  com.newboot.shop.admin.ShopAdminApplication - [logStarted,61] - Started ShopAdminApplication in 3.272 seconds (JVM running for 4.096)
2022-08-19 18:52:53.621 [http-nio-28078-exec-1] INFO  o.a.c.core.ContainerBase.[Tomcat].[localhost].[/] - [log,173] - Initializing Spring DispatcherServlet 'dispatcherServlet'
2022-08-19 19:06:17.531 [restartedMain] INFO  com.newboot.shop.admin.ShopAdminApplication - [logStarting,55] - Starting ShopAdminApplication using Java 1.8.0_251 on DESKTOP-B6JBAVC with PID 15196 (D:\Git\Gitee\shop-springboot\shop-admin\target\classes started by Afterwards in D:\Git\Gitee\shop-springboot)
2022-08-19 19:06:17.533 [restartedMain] INFO  com.newboot.shop.admin.ShopAdminApplication - [logStartupProfileInfo,640] - The following 1 profile is active: "dev"
2022-08-19 19:06:18.862 [restartedMain] INFO  org.apache.coyote.http11.Http11NioProtocol - [log,173] - Initializing ProtocolHandler ["http-nio-28078"]
2022-08-19 19:06:18.862 [restartedMain] INFO  org.apache.catalina.core.StandardService - [log,173] - Starting service [Tomcat]
2022-08-19 19:06:18.862 [restartedMain] INFO  org.apache.catalina.core.StandardEngine - [log,173] - Starting Servlet engine: [Apache Tomcat/9.0.64]
2022-08-19 19:06:18.963 [restartedMain] INFO  o.a.c.core.ContainerBase.[Tomcat].[localhost].[/] - [log,173] - Initializing Spring embedded WebApplicationContext
2022-08-19 19:06:19.034 [restartedMain] INFO  c.a.d.s.b.a.DruidDataSourceAutoConfigure - [dataSource,56] - Init DruidDataSource
2022-08-19 19:06:19.291 [restartedMain] INFO  com.alibaba.druid.pool.DruidDataSource - [init,995] - {dataSource-1} inited
2022-08-19 19:06:20.580 [restartedMain] INFO  org.apache.coyote.http11.Http11NioProtocol - [log,173] - Starting ProtocolHandler ["http-nio-28078"]
2022-08-19 19:06:20.607 [restartedMain] INFO  com.newboot.shop.admin.ShopAdminApplication - [logStarted,61] - Started ShopAdminApplication in 3.64 seconds (JVM running for 4.643)
2022-08-19 19:07:24.927 [http-nio-28078-exec-1] INFO  o.a.c.core.ContainerBase.[Tomcat].[localhost].[/] - [log,173] - Initializing Spring DispatcherServlet 'dispatcherServlet'
2022-08-19 19:16:54.047 [SpringApplicationShutdownHook] INFO  com.alibaba.druid.pool.DruidDataSource - [close,2073] - {dataSource-1} closing ...
2022-08-19 19:16:54.052 [SpringApplicationShutdownHook] INFO  com.alibaba.druid.pool.DruidDataSource - [close,2146] - {dataSource-1} closed
2022-08-19 19:17:09.284 [restartedMain] INFO  com.newboot.shop.admin.ShopAdminApplication - [logStarting,55] - Starting ShopAdminApplication using Java 1.8.0_251 on DESKTOP-B6JBAVC with PID 13560 (D:\Git\Gitee\shop-springboot\shop-admin\target\classes started by Afterwards in D:\Git\Gitee\shop-springboot)
2022-08-19 19:17:09.285 [restartedMain] INFO  com.newboot.shop.admin.ShopAdminApplication - [logStartupProfileInfo,640] - The following 1 profile is active: "dev"
2022-08-19 19:17:10.649 [restartedMain] INFO  org.apache.coyote.http11.Http11NioProtocol - [log,173] - Initializing ProtocolHandler ["http-nio-28078"]
2022-08-19 19:17:10.650 [restartedMain] INFO  org.apache.catalina.core.StandardService - [log,173] - Starting service [Tomcat]
2022-08-19 19:17:10.650 [restartedMain] INFO  org.apache.catalina.core.StandardEngine - [log,173] - Starting Servlet engine: [Apache Tomcat/9.0.64]
2022-08-19 19:17:10.760 [restartedMain] INFO  o.a.c.core.ContainerBase.[Tomcat].[localhost].[/] - [log,173] - Initializing Spring embedded WebApplicationContext
2022-08-19 19:17:10.843 [restartedMain] INFO  c.a.d.s.b.a.DruidDataSourceAutoConfigure - [dataSource,56] - Init DruidDataSource
2022-08-19 19:17:11.113 [restartedMain] INFO  com.alibaba.druid.pool.DruidDataSource - [init,995] - {dataSource-1} inited
2022-08-19 19:17:12.417 [restartedMain] INFO  org.apache.coyote.http11.Http11NioProtocol - [log,173] - Starting ProtocolHandler ["http-nio-28078"]
2022-08-19 19:17:12.442 [restartedMain] INFO  com.newboot.shop.admin.ShopAdminApplication - [logStarted,61] - Started ShopAdminApplication in 3.643 seconds (JVM running for 4.653)
2022-08-19 19:17:33.505 [http-nio-28078-exec-1] INFO  o.a.c.core.ContainerBase.[Tomcat].[localhost].[/] - [log,173] - Initializing Spring DispatcherServlet 'dispatcherServlet'
2022-08-19 19:33:21.217 [SpringApplicationShutdownHook] INFO  com.alibaba.druid.pool.DruidDataSource - [close,2073] - {dataSource-1} closing ...
2022-08-19 19:33:21.222 [SpringApplicationShutdownHook] INFO  com.alibaba.druid.pool.DruidDataSource - [close,2146] - {dataSource-1} closed
2022-08-19 19:33:41.163 [restartedMain] INFO  com.newboot.shop.admin.ShopAdminApplication - [logStarting,55] - Starting ShopAdminApplication using Java 1.8.0_251 on DESKTOP-B6JBAVC with PID 13544 (D:\Git\Gitee\shop-springboot\shop-admin\target\classes started by Afterwards in D:\Git\Gitee\shop-springboot)
2022-08-19 19:33:41.165 [restartedMain] INFO  com.newboot.shop.admin.ShopAdminApplication - [logStartupProfileInfo,640] - The following 1 profile is active: "dev"
2022-08-19 19:33:42.593 [restartedMain] INFO  org.apache.coyote.http11.Http11NioProtocol - [log,173] - Initializing ProtocolHandler ["http-nio-28078"]
2022-08-19 19:33:42.593 [restartedMain] INFO  org.apache.catalina.core.StandardService - [log,173] - Starting service [Tomcat]
2022-08-19 19:33:42.594 [restartedMain] INFO  org.apache.catalina.core.StandardEngine - [log,173] - Starting Servlet engine: [Apache Tomcat/9.0.64]
2022-08-19 19:33:42.695 [restartedMain] INFO  o.a.c.core.ContainerBase.[Tomcat].[localhost].[/] - [log,173] - Initializing Spring embedded WebApplicationContext
2022-08-19 19:33:42.783 [restartedMain] INFO  c.a.d.s.b.a.DruidDataSourceAutoConfigure - [dataSource,56] - Init DruidDataSource
2022-08-19 19:33:43.074 [restartedMain] INFO  com.alibaba.druid.pool.DruidDataSource - [init,995] - {dataSource-1} inited
2022-08-19 19:33:44.376 [restartedMain] INFO  org.apache.coyote.http11.Http11NioProtocol - [log,173] - Starting ProtocolHandler ["http-nio-28078"]
2022-08-19 19:33:44.402 [restartedMain] INFO  com.newboot.shop.admin.ShopAdminApplication - [logStarted,61] - Started ShopAdminApplication in 3.826 seconds (JVM running for 4.928)
2022-08-19 19:33:50.757 [http-nio-28078-exec-2] INFO  o.a.c.core.ContainerBase.[Tomcat].[localhost].[/] - [log,173] - Initializing Spring DispatcherServlet 'dispatcherServlet'
2022-08-19 19:34:10.661 [SpringApplicationShutdownHook] INFO  com.alibaba.druid.pool.DruidDataSource - [close,2073] - {dataSource-1} closing ...
2022-08-19 19:34:10.665 [SpringApplicationShutdownHook] INFO  com.alibaba.druid.pool.DruidDataSource - [close,2146] - {dataSource-1} closed
2022-08-19 19:34:57.437 [restartedMain] INFO  com.newboot.shop.admin.ShopAdminApplication - [logStarting,55] - Starting ShopAdminApplication using Java 1.8.0_251 on DESKTOP-B6JBAVC with PID 7960 (D:\Git\Gitee\shop-springboot\shop-admin\target\classes started by Afterwards in D:\Git\Gitee\shop-springboot)
2022-08-19 19:34:57.439 [restartedMain] INFO  com.newboot.shop.admin.ShopAdminApplication - [logStartupProfileInfo,640] - The following 1 profile is active: "dev"
2022-08-19 19:34:59.570 [restartedMain] INFO  org.apache.coyote.http11.Http11NioProtocol - [log,173] - Initializing ProtocolHandler ["http-nio-28078"]
2022-08-19 19:34:59.571 [restartedMain] INFO  org.apache.catalina.core.StandardService - [log,173] - Starting service [Tomcat]
2022-08-19 19:34:59.572 [restartedMain] INFO  org.apache.catalina.core.StandardEngine - [log,173] - Starting Servlet engine: [Apache Tomcat/9.0.64]
2022-08-19 19:34:59.735 [restartedMain] INFO  o.a.c.core.ContainerBase.[Tomcat].[localhost].[/] - [log,173] - Initializing Spring embedded WebApplicationContext
2022-08-19 19:34:59.868 [restartedMain] INFO  c.a.d.s.b.a.DruidDataSourceAutoConfigure - [dataSource,56] - Init DruidDataSource
2022-08-19 19:35:00.180 [restartedMain] INFO  com.alibaba.druid.pool.DruidDataSource - [init,995] - {dataSource-1} inited
2022-08-19 19:35:01.733 [restartedMain] INFO  org.apache.coyote.http11.Http11NioProtocol - [log,173] - Starting ProtocolHandler ["http-nio-28078"]
2022-08-19 19:35:01.766 [restartedMain] INFO  com.newboot.shop.admin.ShopAdminApplication - [logStarted,61] - Started ShopAdminApplication in 4.849 seconds (JVM running for 5.823)
2022-08-19 19:35:03.986 [http-nio-28078-exec-1] INFO  o.a.c.core.ContainerBase.[Tomcat].[localhost].[/] - [log,173] - Initializing Spring DispatcherServlet 'dispatcherServlet'
2022-08-19 20:45:03.477 [Thread-16] INFO  com.alibaba.druid.pool.DruidDataSource - [close,2073] - {dataSource-1} closing ...
2022-08-19 20:45:03.482 [Thread-16] INFO  com.alibaba.druid.pool.DruidDataSource - [close,2146] - {dataSource-1} closed
2022-08-19 20:45:03.627 [restartedMain] INFO  com.newboot.shop.admin.ShopAdminApplication - [logStarting,55] - Starting ShopAdminApplication using Java 1.8.0_251 on DESKTOP-B6JBAVC with PID 7960 (D:\Git\Gitee\shop-springboot\shop-admin\target\classes started by Afterwards in D:\Git\Gitee\shop-springboot)
2022-08-19 20:45:03.628 [restartedMain] INFO  com.newboot.shop.admin.ShopAdminApplication - [logStartupProfileInfo,634] - No active profile set, falling back to 1 default profile: "default"
2022-08-19 20:45:04.407 [restartedMain] INFO  org.apache.coyote.http11.Http11NioProtocol - [log,173] - Initializing ProtocolHandler ["http-nio-8080"]
2022-08-19 20:45:04.407 [restartedMain] INFO  org.apache.catalina.core.StandardService - [log,173] - Starting service [Tomcat]
2022-08-19 20:45:04.407 [restartedMain] INFO  org.apache.catalina.core.StandardEngine - [log,173] - Starting Servlet engine: [Apache Tomcat/9.0.64]
2022-08-19 20:45:04.456 [restartedMain] INFO  o.a.c.core.ContainerBase.[Tomcat].[localhost].[/] - [log,173] - Initializing Spring embedded WebApplicationContext
2022-08-19 20:45:04.529 [restartedMain] INFO  c.a.d.s.b.a.DruidDataSourceAutoConfigure - [dataSource,56] - Init DruidDataSource
2022-08-19 20:45:04.536 [restartedMain] INFO  org.apache.catalina.core.StandardService - [log,173] - Stopping service [Tomcat]
2022-08-19 20:45:11.743 [restartedMain] INFO  com.newboot.shop.admin.ShopAdminApplication - [logStarting,55] - Starting ShopAdminApplication using Java 1.8.0_251 on DESKTOP-B6JBAVC with PID 7960 (D:\Git\Gitee\shop-springboot\shop-admin\target\classes started by Afterwards in D:\Git\Gitee\shop-springboot)
2022-08-19 20:45:11.743 [restartedMain] INFO  com.newboot.shop.admin.ShopAdminApplication - [logStartupProfileInfo,640] - The following 1 profile is active: "dev"
2022-08-19 20:45:12.050 [restartedMain] INFO  org.apache.coyote.http11.Http11NioProtocol - [log,173] - Initializing ProtocolHandler ["http-nio-28078"]
2022-08-19 20:45:12.050 [restartedMain] INFO  org.apache.catalina.core.StandardService - [log,173] - Starting service [Tomcat]
2022-08-19 20:45:12.050 [restartedMain] INFO  org.apache.catalina.core.StandardEngine - [log,173] - Starting Servlet engine: [Apache Tomcat/9.0.64]
2022-08-19 20:45:12.077 [restartedMain] INFO  o.a.c.c.ContainerBase.[Tomcat-1].[localhost].[/] - [log,173] - Initializing Spring embedded WebApplicationContext
2022-08-19 20:45:12.143 [restartedMain] INFO  c.a.d.s.b.a.DruidDataSourceAutoConfigure - [dataSource,56] - Init DruidDataSource
2022-08-19 20:45:12.180 [restartedMain] INFO  com.alibaba.druid.pool.DruidDataSource - [init,995] - {dataSource-2} inited
2022-08-19 20:45:12.218 [restartedMain] INFO  com.alibaba.druid.pool.DruidDataSource - [close,2073] - {dataSource-2} closing ...
2022-08-19 20:45:12.219 [restartedMain] INFO  com.alibaba.druid.pool.DruidDataSource - [close,2146] - {dataSource-2} closed
2022-08-19 20:45:12.220 [restartedMain] INFO  org.apache.catalina.core.StandardService - [log,173] - Stopping service [Tomcat]
2022-08-19 20:45:21.580 [restartedMain] INFO  com.newboot.shop.admin.ShopAdminApplication - [logStarting,55] - Starting ShopAdminApplication using Java 1.8.0_251 on DESKTOP-B6JBAVC with PID 7960 (D:\Git\Gitee\shop-springboot\shop-admin\target\classes started by Afterwards in D:\Git\Gitee\shop-springboot)
2022-08-19 20:45:21.580 [restartedMain] INFO  com.newboot.shop.admin.ShopAdminApplication - [logStartupProfileInfo,640] - The following 1 profile is active: "dev"
2022-08-19 20:45:21.950 [restartedMain] INFO  org.apache.coyote.http11.Http11NioProtocol - [log,173] - Initializing ProtocolHandler ["http-nio-28078"]
2022-08-19 20:45:21.950 [restartedMain] INFO  org.apache.catalina.core.StandardService - [log,173] - Starting service [Tomcat]
2022-08-19 20:45:21.951 [restartedMain] INFO  org.apache.catalina.core.StandardEngine - [log,173] - Starting Servlet engine: [Apache Tomcat/9.0.64]
2022-08-19 20:45:21.988 [restartedMain] INFO  o.a.c.c.ContainerBase.[Tomcat-2].[localhost].[/] - [log,173] - Initializing Spring embedded WebApplicationContext
2022-08-19 20:45:22.025 [restartedMain] INFO  c.a.d.s.b.a.DruidDataSourceAutoConfigure - [dataSource,56] - Init DruidDataSource
2022-08-19 20:45:22.090 [restartedMain] INFO  com.alibaba.druid.pool.DruidDataSource - [init,995] - {dataSource-3} inited
2022-08-19 20:45:22.556 [restartedMain] INFO  org.apache.coyote.http11.Http11NioProtocol - [log,173] - Starting ProtocolHandler ["http-nio-28078"]
2022-08-19 20:45:22.562 [restartedMain] INFO  com.newboot.shop.admin.ShopAdminApplication - [logStarted,61] - Started ShopAdminApplication in 1.032 seconds (JVM running for 4226.62)
2022-08-19 20:45:39.044 [Thread-22] INFO  com.alibaba.druid.pool.DruidDataSource - [close,2073] - {dataSource-3} closing ...
2022-08-19 20:45:39.048 [Thread-22] INFO  com.alibaba.druid.pool.DruidDataSource - [close,2146] - {dataSource-3} closed
2022-08-19 20:45:39.599 [restartedMain] INFO  com.newboot.shop.admin.ShopAdminApplication - [logStarting,55] - Starting ShopAdminApplication using Java 1.8.0_251 on DESKTOP-B6JBAVC with PID 7960 (D:\Git\Gitee\shop-springboot\shop-admin\target\classes started by Afterwards in D:\Git\Gitee\shop-springboot)
2022-08-19 20:45:39.600 [restartedMain] INFO  com.newboot.shop.admin.ShopAdminApplication - [logStartupProfileInfo,634] - No active profile set, falling back to 1 default profile: "default"
2022-08-19 20:45:39.833 [restartedMain] INFO  org.apache.coyote.http11.Http11NioProtocol - [log,173] - Initializing ProtocolHandler ["http-nio-8080"]
2022-08-19 20:45:39.833 [restartedMain] INFO  org.apache.catalina.core.StandardService - [log,173] - Starting service [Tomcat]
2022-08-19 20:45:39.833 [restartedMain] INFO  org.apache.catalina.core.StandardEngine - [log,173] - Starting Servlet engine: [Apache Tomcat/9.0.64]
2022-08-19 20:45:39.861 [restartedMain] INFO  o.a.c.c.ContainerBase.[Tomcat-2].[localhost].[/] - [log,173] - Initializing Spring embedded WebApplicationContext
2022-08-19 20:45:39.943 [restartedMain] INFO  c.a.d.s.b.a.DruidDataSourceAutoConfigure - [dataSource,56] - Init DruidDataSource
2022-08-19 20:45:39.953 [restartedMain] INFO  org.apache.catalina.core.StandardService - [log,173] - Stopping service [Tomcat]
2022-08-19 20:45:41.937 [restartedMain] INFO  com.newboot.shop.admin.ShopAdminApplication - [logStarting,55] - Starting ShopAdminApplication using Java 1.8.0_251 on DESKTOP-B6JBAVC with PID 7960 (D:\Git\Gitee\shop-springboot\shop-admin\target\classes started by Afterwards in D:\Git\Gitee\shop-springboot)
2022-08-19 20:45:41.937 [restartedMain] INFO  com.newboot.shop.admin.ShopAdminApplication - [logStartupProfileInfo,640] - The following 1 profile is active: "dev"
2022-08-19 20:45:42.229 [restartedMain] INFO  org.apache.coyote.http11.Http11NioProtocol - [log,173] - Initializing ProtocolHandler ["http-nio-28078"]
2022-08-19 20:45:42.229 [restartedMain] INFO  org.apache.catalina.core.StandardService - [log,173] - Starting service [Tomcat]
2022-08-19 20:45:42.229 [restartedMain] INFO  org.apache.catalina.core.StandardEngine - [log,173] - Starting Servlet engine: [Apache Tomcat/9.0.64]
2022-08-19 20:45:42.255 [restartedMain] INFO  o.a.c.c.ContainerBase.[Tomcat-3].[localhost].[/] - [log,173] - Initializing Spring embedded WebApplicationContext
2022-08-19 20:45:42.338 [restartedMain] INFO  c.a.d.s.b.a.DruidDataSourceAutoConfigure - [dataSource,56] - Init DruidDataSource
2022-08-19 20:45:42.389 [restartedMain] INFO  com.alibaba.druid.pool.DruidDataSource - [init,995] - {dataSource-4} inited
2022-08-19 20:45:42.419 [restartedMain] INFO  com.alibaba.druid.pool.DruidDataSource - [close,2073] - {dataSource-4} closing ...
2022-08-19 20:45:42.420 [restartedMain] INFO  com.alibaba.druid.pool.DruidDataSource - [close,2146] - {dataSource-4} closed
2022-08-19 20:45:42.421 [restartedMain] INFO  org.apache.catalina.core.StandardService - [log,173] - Stopping service [Tomcat]
2022-08-19 20:45:50.383 [restartedMain] INFO  com.newboot.shop.admin.ShopAdminApplication - [logStarting,55] - Starting ShopAdminApplication using Java 1.8.0_251 on DESKTOP-B6JBAVC with PID 7960 (D:\Git\Gitee\shop-springboot\shop-admin\target\classes started by Afterwards in D:\Git\Gitee\shop-springboot)
2022-08-19 20:45:50.383 [restartedMain] INFO  com.newboot.shop.admin.ShopAdminApplication - [logStartupProfileInfo,640] - The following 1 profile is active: "dev"
2022-08-19 20:45:50.749 [restartedMain] INFO  org.apache.coyote.http11.Http11NioProtocol - [log,173] - Initializing ProtocolHandler ["http-nio-28078"]
2022-08-19 20:45:50.749 [restartedMain] INFO  org.apache.catalina.core.StandardService - [log,173] - Starting service [Tomcat]
2022-08-19 20:45:50.749 [restartedMain] INFO  org.apache.catalina.core.StandardEngine - [log,173] - Starting Servlet engine: [Apache Tomcat/9.0.64]
2022-08-19 20:45:50.777 [restartedMain] INFO  o.a.c.c.ContainerBase.[Tomcat-4].[localhost].[/] - [log,173] - Initializing Spring embedded WebApplicationContext
2022-08-19 20:45:50.803 [restartedMain] INFO  c.a.d.s.b.a.DruidDataSourceAutoConfigure - [dataSource,56] - Init DruidDataSource
2022-08-19 20:45:50.838 [restartedMain] INFO  com.alibaba.druid.pool.DruidDataSource - [init,995] - {dataSource-5} inited
2022-08-19 20:45:51.341 [restartedMain] INFO  org.apache.coyote.http11.Http11NioProtocol - [log,173] - Starting ProtocolHandler ["http-nio-28078"]
2022-08-19 20:45:51.353 [restartedMain] INFO  com.newboot.shop.admin.ShopAdminApplication - [logStarted,61] - Started ShopAdminApplication in 1.015 seconds (JVM running for 4255.411)
2022-08-19 20:46:31.191 [SpringApplicationShutdownHook] INFO  com.alibaba.druid.pool.DruidDataSource - [close,2073] - {dataSource-5} closing ...
2022-08-19 20:46:31.195 [SpringApplicationShutdownHook] INFO  com.alibaba.druid.pool.DruidDataSource - [close,2146] - {dataSource-5} closed
2022-08-19 20:47:30.835 [restartedMain] INFO  com.newboot.shop.admin.ShopAdminApplication - [logStarting,55] - Starting ShopAdminApplication using Java 1.8.0_251 on DESKTOP-B6JBAVC with PID 2840 (D:\Git\Gitee\shop-springboot\shop-admin\target\classes started by Afterwards in D:\Git\Gitee\shop-springboot)
2022-08-19 20:47:30.836 [restartedMain] INFO  com.newboot.shop.admin.ShopAdminApplication - [logStartupProfileInfo,640] - The following 1 profile is active: "dev"
2022-08-19 20:47:32.164 [restartedMain] INFO  org.apache.coyote.http11.Http11NioProtocol - [log,173] - Initializing ProtocolHandler ["http-nio-28078"]
2022-08-19 20:47:32.165 [restartedMain] INFO  org.apache.catalina.core.StandardService - [log,173] - Starting service [Tomcat]
2022-08-19 20:47:32.165 [restartedMain] INFO  org.apache.catalina.core.StandardEngine - [log,173] - Starting Servlet engine: [Apache Tomcat/9.0.64]
2022-08-19 20:47:32.264 [restartedMain] INFO  o.a.c.core.ContainerBase.[Tomcat].[localhost].[/] - [log,173] - Initializing Spring embedded WebApplicationContext
2022-08-19 20:47:32.328 [restartedMain] INFO  c.a.d.s.b.a.DruidDataSourceAutoConfigure - [dataSource,56] - Init DruidDataSource
2022-08-19 20:47:32.575 [restartedMain] INFO  com.alibaba.druid.pool.DruidDataSource - [init,995] - {dataSource-1} inited
2022-08-19 20:47:33.871 [restartedMain] INFO  org.apache.coyote.http11.Http11NioProtocol - [log,173] - Starting ProtocolHandler ["http-nio-28078"]
2022-08-19 20:47:33.895 [restartedMain] INFO  com.newboot.shop.admin.ShopAdminApplication - [logStarted,61] - Started ShopAdminApplication in 3.582 seconds (JVM running for 4.56)
2022-08-19 20:50:57.274 [http-nio-28078-exec-1] INFO  o.a.c.core.ContainerBase.[Tomcat].[localhost].[/] - [log,173] - Initializing Spring DispatcherServlet 'dispatcherServlet'
2022-08-19 22:54:21.441 [SpringApplicationShutdownHook] INFO  com.alibaba.druid.pool.DruidDataSource - [close,2073] - {dataSource-1} closing ...
2022-08-19 22:54:21.448 [SpringApplicationShutdownHook] INFO  com.alibaba.druid.pool.DruidDataSource - [close,2146] - {dataSource-1} closed
