2022-08-30 12:02:01.486 [restartedMain] INFO  com.newboot.shop.admin.ShopAdminApplication - [logStarting,55] - Starting ShopAdminApplication using Java 1.8.0_251 on DESKTOP-B6JBAVC with PID 7996 (D:\Git\Gitee\shop-springboot\shop-admin\target\classes started by Afterwards in D:\Git\Gitee\shop-springboot)
2022-08-30 12:02:01.490 [restartedMain] INFO  com.newboot.shop.admin.ShopAdminApplication - [logStartupProfileInfo,640] - The following 1 profile is active: "dev"
2022-08-30 12:02:05.977 [restartedMain] INFO  org.apache.coyote.http11.Http11NioProtocol - [log,173] - Initializing ProtocolHandler ["http-nio-28078"]
2022-08-30 12:02:05.978 [restartedMain] INFO  org.apache.catalina.core.StandardService - [log,173] - Starting service [Tomcat]
2022-08-30 12:02:05.978 [restartedMain] INFO  org.apache.catalina.core.StandardEngine - [log,173] - Starting Servlet engine: [Apache Tomcat/9.0.64]
2022-08-30 12:02:06.140 [restartedMain] INFO  o.a.c.core.ContainerBase.[Tomcat].[localhost].[/] - [log,173] - Initializing Spring embedded WebApplicationContext
2022-08-30 12:02:06.244 [restartedMain] INFO  c.a.d.s.b.a.DruidDataSourceAutoConfigure - [dataSource,56] - Init DruidDataSource
2022-08-30 12:02:06.685 [restartedMain] INFO  com.alibaba.druid.pool.DruidDataSource - [init,995] - {dataSource-1} inited
2022-08-30 12:02:09.779 [restartedMain] INFO  org.apache.coyote.http11.Http11NioProtocol - [log,173] - Starting ProtocolHandler ["http-nio-28078"]
2022-08-30 12:02:09.822 [restartedMain] INFO  com.newboot.shop.admin.ShopAdminApplication - [logStarted,61] - Started ShopAdminApplication in 9.387 seconds (JVM running for 10.689)
2022-08-30 12:03:05.300 [http-nio-28078-exec-1] INFO  o.a.c.core.ContainerBase.[Tomcat].[localhost].[/] - [log,173] - Initializing Spring DispatcherServlet 'dispatcherServlet'
2022-08-30 12:04:27.918 [http-nio-28078-exec-2] INFO  com.newboot.shop.admin.service.impl.SpuServiceImpl - [insert,111] - batisTime: 0.097
2022-08-30 12:04:30.041 [http-nio-28078-exec-2] INFO  com.newboot.shop.admin.service.impl.SpuServiceImpl - [insert,128] - batisTime: 2.119
2022-08-30 12:04:30.042 [http-nio-28078-exec-2] INFO  com.newboot.shop.admin.service.impl.SpuServiceImpl - [insert,129] - totalMybatisTime: 2.541 s
2022-08-30 12:55:34.500 [restartedMain] INFO  com.newboot.shop.admin.ShopAdminApplication - [logStarting,55] - Starting ShopAdminApplication using Java 1.8.0_251 on DESKTOP-B6JBAVC with PID 11084 (D:\Git\Gitee\shop-springboot\shop-admin\target\classes started by Afterwards in D:\Git\Gitee\shop-springboot)
2022-08-30 12:55:34.502 [restartedMain] INFO  com.newboot.shop.admin.ShopAdminApplication - [logStartupProfileInfo,640] - The following 1 profile is active: "dev"
2022-08-30 12:55:35.630 [restartedMain] INFO  org.apache.coyote.http11.Http11NioProtocol - [log,173] - Initializing ProtocolHandler ["http-nio-28078"]
2022-08-30 12:55:35.631 [restartedMain] INFO  org.apache.catalina.core.StandardService - [log,173] - Starting service [Tomcat]
2022-08-30 12:55:35.631 [restartedMain] INFO  org.apache.catalina.core.StandardEngine - [log,173] - Starting Servlet engine: [Apache Tomcat/9.0.64]
2022-08-30 12:55:35.726 [restartedMain] INFO  o.a.c.core.ContainerBase.[Tomcat].[localhost].[/] - [log,173] - Initializing Spring embedded WebApplicationContext
2022-08-30 12:55:35.779 [restartedMain] INFO  c.a.d.s.b.a.DruidDataSourceAutoConfigure - [dataSource,56] - Init DruidDataSource
2022-08-30 12:55:35.999 [restartedMain] INFO  com.alibaba.druid.pool.DruidDataSource - [init,995] - {dataSource-1} inited
2022-08-30 12:55:37.114 [restartedMain] INFO  org.apache.coyote.http11.Http11NioProtocol - [log,173] - Starting ProtocolHandler ["http-nio-28078"]
2022-08-30 12:55:37.134 [restartedMain] INFO  com.newboot.shop.admin.ShopAdminApplication - [logStarted,61] - Started ShopAdminApplication in 3.07 seconds (JVM running for 3.935)
2022-08-30 12:55:44.210 [http-nio-28078-exec-1] INFO  o.a.c.core.ContainerBase.[Tomcat].[localhost].[/] - [log,173] - Initializing Spring DispatcherServlet 'dispatcherServlet'
2022-08-30 12:59:16.524 [restartedMain] INFO  com.newboot.shop.admin.ShopAdminApplication - [logStarting,55] - Starting ShopAdminApplication using Java 1.8.0_251 on DESKTOP-B6JBAVC with PID 12944 (D:\Git\Gitee\shop-springboot\shop-admin\target\classes started by Afterwards in D:\Git\Gitee\shop-springboot)
2022-08-30 12:59:16.526 [restartedMain] INFO  com.newboot.shop.admin.ShopAdminApplication - [logStartupProfileInfo,640] - The following 1 profile is active: "dev"
2022-08-30 12:59:17.712 [restartedMain] INFO  org.apache.coyote.http11.Http11NioProtocol - [log,173] - Initializing ProtocolHandler ["http-nio-28078"]
2022-08-30 12:59:17.712 [restartedMain] INFO  org.apache.catalina.core.StandardService - [log,173] - Starting service [Tomcat]
2022-08-30 12:59:17.713 [restartedMain] INFO  org.apache.catalina.core.StandardEngine - [log,173] - Starting Servlet engine: [Apache Tomcat/9.0.64]
2022-08-30 12:59:17.806 [restartedMain] INFO  o.a.c.core.ContainerBase.[Tomcat].[localhost].[/] - [log,173] - Initializing Spring embedded WebApplicationContext
2022-08-30 12:59:17.861 [restartedMain] INFO  c.a.d.s.b.a.DruidDataSourceAutoConfigure - [dataSource,56] - Init DruidDataSource
2022-08-30 12:59:18.088 [restartedMain] INFO  com.alibaba.druid.pool.DruidDataSource - [init,995] - {dataSource-1} inited
2022-08-30 12:59:19.247 [restartedMain] INFO  org.apache.coyote.http11.Http11NioProtocol - [log,173] - Starting ProtocolHandler ["http-nio-28078"]
2022-08-30 12:59:19.269 [restartedMain] INFO  com.newboot.shop.admin.ShopAdminApplication - [logStarted,61] - Started ShopAdminApplication in 3.241 seconds (JVM running for 4.203)
2022-08-30 12:59:26.827 [http-nio-28078-exec-1] INFO  o.a.c.core.ContainerBase.[Tomcat].[localhost].[/] - [log,173] - Initializing Spring DispatcherServlet 'dispatcherServlet'
2022-08-30 13:02:06.313 [restartedMain] INFO  com.newboot.shop.admin.ShopAdminApplication - [logStarting,55] - Starting ShopAdminApplication using Java 1.8.0_251 on DESKTOP-B6JBAVC with PID 16312 (D:\Git\Gitee\shop-springboot\shop-admin\target\classes started by Afterwards in D:\Git\Gitee\shop-springboot)
2022-08-30 13:02:06.314 [restartedMain] INFO  com.newboot.shop.admin.ShopAdminApplication - [logStartupProfileInfo,640] - The following 1 profile is active: "dev"
2022-08-30 13:02:07.500 [restartedMain] INFO  org.apache.coyote.http11.Http11NioProtocol - [log,173] - Initializing ProtocolHandler ["http-nio-28078"]
2022-08-30 13:02:07.501 [restartedMain] INFO  org.apache.catalina.core.StandardService - [log,173] - Starting service [Tomcat]
2022-08-30 13:02:07.501 [restartedMain] INFO  org.apache.catalina.core.StandardEngine - [log,173] - Starting Servlet engine: [Apache Tomcat/9.0.64]
2022-08-30 13:02:07.596 [restartedMain] INFO  o.a.c.core.ContainerBase.[Tomcat].[localhost].[/] - [log,173] - Initializing Spring embedded WebApplicationContext
2022-08-30 13:02:07.652 [restartedMain] INFO  c.a.d.s.b.a.DruidDataSourceAutoConfigure - [dataSource,56] - Init DruidDataSource
2022-08-30 13:02:07.882 [restartedMain] INFO  com.alibaba.druid.pool.DruidDataSource - [init,995] - {dataSource-1} inited
2022-08-30 13:02:09.082 [restartedMain] INFO  org.apache.coyote.http11.Http11NioProtocol - [log,173] - Starting ProtocolHandler ["http-nio-28078"]
2022-08-30 13:02:09.102 [restartedMain] INFO  com.newboot.shop.admin.ShopAdminApplication - [logStarted,61] - Started ShopAdminApplication in 3.233 seconds (JVM running for 4.091)
2022-08-30 13:02:14.787 [http-nio-28078-exec-1] INFO  o.a.c.core.ContainerBase.[Tomcat].[localhost].[/] - [log,173] - Initializing Spring DispatcherServlet 'dispatcherServlet'
2022-08-30 13:07:32.411 [restartedMain] INFO  com.newboot.shop.admin.ShopAdminApplication - [logStarting,55] - Starting ShopAdminApplication using Java 1.8.0_251 on DESKTOP-B6JBAVC with PID 8944 (D:\Git\Gitee\shop-springboot\shop-admin\target\classes started by Afterwards in D:\Git\Gitee\shop-springboot)
2022-08-30 13:07:32.412 [restartedMain] INFO  com.newboot.shop.admin.ShopAdminApplication - [logStartupProfileInfo,640] - The following 1 profile is active: "dev"
2022-08-30 13:07:33.549 [restartedMain] INFO  org.apache.coyote.http11.Http11NioProtocol - [log,173] - Initializing ProtocolHandler ["http-nio-28078"]
2022-08-30 13:07:33.550 [restartedMain] INFO  org.apache.catalina.core.StandardService - [log,173] - Starting service [Tomcat]
2022-08-30 13:07:33.550 [restartedMain] INFO  org.apache.catalina.core.StandardEngine - [log,173] - Starting Servlet engine: [Apache Tomcat/9.0.64]
2022-08-30 13:07:33.644 [restartedMain] INFO  o.a.c.core.ContainerBase.[Tomcat].[localhost].[/] - [log,173] - Initializing Spring embedded WebApplicationContext
2022-08-30 13:07:33.700 [restartedMain] INFO  c.a.d.s.b.a.DruidDataSourceAutoConfigure - [dataSource,56] - Init DruidDataSource
2022-08-30 13:07:33.934 [restartedMain] INFO  com.alibaba.druid.pool.DruidDataSource - [init,995] - {dataSource-1} inited
2022-08-30 13:07:35.072 [restartedMain] INFO  org.apache.coyote.http11.Http11NioProtocol - [log,173] - Starting ProtocolHandler ["http-nio-28078"]
2022-08-30 13:07:35.093 [restartedMain] INFO  com.newboot.shop.admin.ShopAdminApplication - [logStarted,61] - Started ShopAdminApplication in 3.144 seconds (JVM running for 4.088)
2022-08-30 13:07:41.508 [http-nio-28078-exec-1] INFO  o.a.c.core.ContainerBase.[Tomcat].[localhost].[/] - [log,173] - Initializing Spring DispatcherServlet 'dispatcherServlet'
2022-08-30 13:09:32.388 [restartedMain] INFO  com.newboot.shop.admin.ShopAdminApplication - [logStarting,55] - Starting ShopAdminApplication using Java 1.8.0_251 on DESKTOP-B6JBAVC with PID 7604 (D:\Git\Gitee\shop-springboot\shop-admin\target\classes started by Afterwards in D:\Git\Gitee\shop-springboot)
2022-08-30 13:09:32.389 [restartedMain] INFO  com.newboot.shop.admin.ShopAdminApplication - [logStartupProfileInfo,640] - The following 1 profile is active: "dev"
2022-08-30 13:09:33.533 [restartedMain] INFO  org.apache.coyote.http11.Http11NioProtocol - [log,173] - Initializing ProtocolHandler ["http-nio-28078"]
2022-08-30 13:09:33.534 [restartedMain] INFO  org.apache.catalina.core.StandardService - [log,173] - Starting service [Tomcat]
2022-08-30 13:09:33.534 [restartedMain] INFO  org.apache.catalina.core.StandardEngine - [log,173] - Starting Servlet engine: [Apache Tomcat/9.0.64]
2022-08-30 13:09:33.628 [restartedMain] INFO  o.a.c.core.ContainerBase.[Tomcat].[localhost].[/] - [log,173] - Initializing Spring embedded WebApplicationContext
2022-08-30 13:09:33.685 [restartedMain] INFO  c.a.d.s.b.a.DruidDataSourceAutoConfigure - [dataSource,56] - Init DruidDataSource
2022-08-30 13:09:33.907 [restartedMain] INFO  com.alibaba.druid.pool.DruidDataSource - [init,995] - {dataSource-1} inited
2022-08-30 13:09:35.070 [restartedMain] INFO  org.apache.coyote.http11.Http11NioProtocol - [log,173] - Starting ProtocolHandler ["http-nio-28078"]
2022-08-30 13:09:35.091 [restartedMain] INFO  com.newboot.shop.admin.ShopAdminApplication - [logStarted,61] - Started ShopAdminApplication in 3.14 seconds (JVM running for 3.95)
2022-08-30 13:09:41.932 [http-nio-28078-exec-1] INFO  o.a.c.core.ContainerBase.[Tomcat].[localhost].[/] - [log,173] - Initializing Spring DispatcherServlet 'dispatcherServlet'
2022-08-30 13:12:02.986 [restartedMain] INFO  com.newboot.shop.admin.ShopAdminApplication - [logStarting,55] - Starting ShopAdminApplication using Java 1.8.0_251 on DESKTOP-B6JBAVC with PID 9532 (D:\Git\Gitee\shop-springboot\shop-admin\target\classes started by Afterwards in D:\Git\Gitee\shop-springboot)
2022-08-30 13:12:02.988 [restartedMain] INFO  com.newboot.shop.admin.ShopAdminApplication - [logStartupProfileInfo,640] - The following 1 profile is active: "dev"
2022-08-30 13:12:04.118 [restartedMain] INFO  org.apache.coyote.http11.Http11NioProtocol - [log,173] - Initializing ProtocolHandler ["http-nio-28078"]
2022-08-30 13:12:04.119 [restartedMain] INFO  org.apache.catalina.core.StandardService - [log,173] - Starting service [Tomcat]
2022-08-30 13:12:04.119 [restartedMain] INFO  org.apache.catalina.core.StandardEngine - [log,173] - Starting Servlet engine: [Apache Tomcat/9.0.64]
2022-08-30 13:12:04.213 [restartedMain] INFO  o.a.c.core.ContainerBase.[Tomcat].[localhost].[/] - [log,173] - Initializing Spring embedded WebApplicationContext
2022-08-30 13:12:04.269 [restartedMain] INFO  c.a.d.s.b.a.DruidDataSourceAutoConfigure - [dataSource,56] - Init DruidDataSource
2022-08-30 13:12:04.493 [restartedMain] INFO  com.alibaba.druid.pool.DruidDataSource - [init,995] - {dataSource-1} inited
2022-08-30 13:12:05.633 [restartedMain] INFO  org.apache.coyote.http11.Http11NioProtocol - [log,173] - Starting ProtocolHandler ["http-nio-28078"]
2022-08-30 13:12:05.653 [restartedMain] INFO  com.newboot.shop.admin.ShopAdminApplication - [logStarted,61] - Started ShopAdminApplication in 3.14 seconds (JVM running for 4.045)
2022-08-30 13:12:12.772 [http-nio-28078-exec-1] INFO  o.a.c.core.ContainerBase.[Tomcat].[localhost].[/] - [log,173] - Initializing Spring DispatcherServlet 'dispatcherServlet'
2022-08-30 13:13:17.402 [restartedMain] INFO  com.newboot.shop.admin.ShopAdminApplication - [logStarting,55] - Starting ShopAdminApplication using Java 1.8.0_251 on DESKTOP-B6JBAVC with PID 11368 (D:\Git\Gitee\shop-springboot\shop-admin\target\classes started by Afterwards in D:\Git\Gitee\shop-springboot)
2022-08-30 13:13:17.403 [restartedMain] INFO  com.newboot.shop.admin.ShopAdminApplication - [logStartupProfileInfo,640] - The following 1 profile is active: "dev"
2022-08-30 13:13:18.532 [restartedMain] INFO  org.apache.coyote.http11.Http11NioProtocol - [log,173] - Initializing ProtocolHandler ["http-nio-28078"]
2022-08-30 13:13:18.533 [restartedMain] INFO  org.apache.catalina.core.StandardService - [log,173] - Starting service [Tomcat]
2022-08-30 13:13:18.533 [restartedMain] INFO  org.apache.catalina.core.StandardEngine - [log,173] - Starting Servlet engine: [Apache Tomcat/9.0.64]
2022-08-30 13:13:18.627 [restartedMain] INFO  o.a.c.core.ContainerBase.[Tomcat].[localhost].[/] - [log,173] - Initializing Spring embedded WebApplicationContext
2022-08-30 13:13:18.683 [restartedMain] INFO  c.a.d.s.b.a.DruidDataSourceAutoConfigure - [dataSource,56] - Init DruidDataSource
2022-08-30 13:13:18.900 [restartedMain] INFO  com.alibaba.druid.pool.DruidDataSource - [init,995] - {dataSource-1} inited
2022-08-30 13:13:20.088 [restartedMain] INFO  org.apache.coyote.http11.Http11NioProtocol - [log,173] - Starting ProtocolHandler ["http-nio-28078"]
2022-08-30 13:13:20.109 [restartedMain] INFO  com.newboot.shop.admin.ShopAdminApplication - [logStarted,61] - Started ShopAdminApplication in 3.162 seconds (JVM running for 3.988)
2022-08-30 13:13:26.186 [http-nio-28078-exec-1] INFO  o.a.c.core.ContainerBase.[Tomcat].[localhost].[/] - [log,173] - Initializing Spring DispatcherServlet 'dispatcherServlet'
2022-08-30 13:15:20.374 [http-nio-28078-exec-5] INFO  com.newboot.shop.admin.service.impl.SpuServiceImpl - [insert,111] - batisTime: 0.103
2022-08-30 13:15:22.342 [http-nio-28078-exec-5] INFO  com.newboot.shop.admin.service.impl.SpuServiceImpl - [insert,128] - batisTime: 1.966
2022-08-30 13:15:22.342 [http-nio-28078-exec-5] INFO  com.newboot.shop.admin.service.impl.SpuServiceImpl - [insert,129] - totalMybatisTime: 2.34 s
2022-08-30 13:16:41.861 [restartedMain] INFO  com.newboot.shop.admin.ShopAdminApplication - [logStarting,55] - Starting ShopAdminApplication using Java 1.8.0_251 on DESKTOP-B6JBAVC with PID 16196 (D:\Git\Gitee\shop-springboot\shop-admin\target\classes started by Afterwards in D:\Git\Gitee\shop-springboot)
2022-08-30 13:16:41.863 [restartedMain] INFO  com.newboot.shop.admin.ShopAdminApplication - [logStartupProfileInfo,640] - The following 1 profile is active: "dev"
2022-08-30 13:16:43.054 [restartedMain] INFO  org.apache.coyote.http11.Http11NioProtocol - [log,173] - Initializing ProtocolHandler ["http-nio-28078"]
2022-08-30 13:16:43.055 [restartedMain] INFO  org.apache.catalina.core.StandardService - [log,173] - Starting service [Tomcat]
2022-08-30 13:16:43.055 [restartedMain] INFO  org.apache.catalina.core.StandardEngine - [log,173] - Starting Servlet engine: [Apache Tomcat/9.0.64]
2022-08-30 13:16:43.151 [restartedMain] INFO  o.a.c.core.ContainerBase.[Tomcat].[localhost].[/] - [log,173] - Initializing Spring embedded WebApplicationContext
2022-08-30 13:16:43.209 [restartedMain] INFO  c.a.d.s.b.a.DruidDataSourceAutoConfigure - [dataSource,56] - Init DruidDataSource
2022-08-30 13:16:43.439 [restartedMain] INFO  com.alibaba.druid.pool.DruidDataSource - [init,995] - {dataSource-1} inited
2022-08-30 13:16:44.605 [restartedMain] INFO  org.apache.coyote.http11.Http11NioProtocol - [log,173] - Starting ProtocolHandler ["http-nio-28078"]
2022-08-30 13:16:44.632 [restartedMain] INFO  com.newboot.shop.admin.ShopAdminApplication - [logStarted,61] - Started ShopAdminApplication in 3.253 seconds (JVM running for 4.12)
2022-08-30 13:16:52.797 [http-nio-28078-exec-1] INFO  o.a.c.core.ContainerBase.[Tomcat].[localhost].[/] - [log,173] - Initializing Spring DispatcherServlet 'dispatcherServlet'
2022-08-30 19:14:49.619 [restartedMain] INFO  com.newboot.shop.admin.ShopAdminApplication - [logStarting,55] - Starting ShopAdminApplication using Java 1.8.0_251 on DESKTOP-B6JBAVC with PID 15592 (D:\Git\Gitee\shop-springboot\shop-admin\target\classes started by Afterwards in D:\Git\Gitee\shop-springboot)
2022-08-30 19:14:49.620 [restartedMain] INFO  com.newboot.shop.admin.ShopAdminApplication - [logStartupProfileInfo,640] - The following 1 profile is active: "dev"
2022-08-30 19:14:50.763 [restartedMain] INFO  org.apache.coyote.http11.Http11NioProtocol - [log,173] - Initializing ProtocolHandler ["http-nio-28078"]
2022-08-30 19:14:50.764 [restartedMain] INFO  org.apache.catalina.core.StandardService - [log,173] - Starting service [Tomcat]
2022-08-30 19:14:50.764 [restartedMain] INFO  org.apache.catalina.core.StandardEngine - [log,173] - Starting Servlet engine: [Apache Tomcat/9.0.64]
2022-08-30 19:14:50.858 [restartedMain] INFO  o.a.c.core.ContainerBase.[Tomcat].[localhost].[/] - [log,173] - Initializing Spring embedded WebApplicationContext
2022-08-30 19:14:50.915 [restartedMain] INFO  c.a.d.s.b.a.DruidDataSourceAutoConfigure - [dataSource,56] - Init DruidDataSource
2022-08-30 19:14:51.137 [restartedMain] INFO  com.alibaba.druid.pool.DruidDataSource - [init,995] - {dataSource-1} inited
2022-08-30 19:14:52.275 [restartedMain] INFO  org.apache.coyote.http11.Http11NioProtocol - [log,173] - Starting ProtocolHandler ["http-nio-28078"]
2022-08-30 19:14:52.296 [restartedMain] INFO  com.newboot.shop.admin.ShopAdminApplication - [logStarted,61] - Started ShopAdminApplication in 3.113 seconds (JVM running for 3.906)
2022-08-30 19:15:01.841 [http-nio-28078-exec-1] INFO  o.a.c.core.ContainerBase.[Tomcat].[localhost].[/] - [log,173] - Initializing Spring DispatcherServlet 'dispatcherServlet'
2022-08-30 19:36:43.891 [http-nio-28078-exec-8] INFO  com.newboot.shop.admin.service.impl.SpuServiceImpl - [delete,187] - delete spu info use time: 0
2022-08-30 19:39:29.624 [restartedMain] INFO  com.newboot.shop.admin.ShopAdminApplication - [logStarting,55] - Starting ShopAdminApplication using Java 1.8.0_251 on DESKTOP-B6JBAVC with PID 3252 (D:\Git\Gitee\shop-springboot\shop-admin\target\classes started by Afterwards in D:\Git\Gitee\shop-springboot)
2022-08-30 19:39:29.626 [restartedMain] INFO  com.newboot.shop.admin.ShopAdminApplication - [logStartupProfileInfo,640] - The following 1 profile is active: "dev"
2022-08-30 19:39:30.759 [restartedMain] INFO  org.apache.coyote.http11.Http11NioProtocol - [log,173] - Initializing ProtocolHandler ["http-nio-28078"]
2022-08-30 19:39:30.759 [restartedMain] INFO  org.apache.catalina.core.StandardService - [log,173] - Starting service [Tomcat]
2022-08-30 19:39:30.759 [restartedMain] INFO  org.apache.catalina.core.StandardEngine - [log,173] - Starting Servlet engine: [Apache Tomcat/9.0.64]
2022-08-30 19:39:30.853 [restartedMain] INFO  o.a.c.core.ContainerBase.[Tomcat].[localhost].[/] - [log,173] - Initializing Spring embedded WebApplicationContext
2022-08-30 19:39:30.909 [restartedMain] INFO  c.a.d.s.b.a.DruidDataSourceAutoConfigure - [dataSource,56] - Init DruidDataSource
2022-08-30 19:39:31.131 [restartedMain] INFO  com.alibaba.druid.pool.DruidDataSource - [init,995] - {dataSource-1} inited
2022-08-30 19:39:32.313 [restartedMain] INFO  org.apache.coyote.http11.Http11NioProtocol - [log,173] - Starting ProtocolHandler ["http-nio-28078"]
2022-08-30 19:39:32.334 [restartedMain] INFO  com.newboot.shop.admin.ShopAdminApplication - [logStarted,61] - Started ShopAdminApplication in 3.18 seconds (JVM running for 3.998)
2022-08-30 19:39:36.637 [http-nio-28078-exec-1] INFO  o.a.c.core.ContainerBase.[Tomcat].[localhost].[/] - [log,173] - Initializing Spring DispatcherServlet 'dispatcherServlet'
2022-08-30 19:40:36.818 [http-nio-28078-exec-7] INFO  com.newboot.shop.admin.service.impl.SpuServiceImpl - [delete,183] - delete spu begin time: 1661859636818
2022-08-30 19:40:37.495 [http-nio-28078-exec-7] INFO  com.newboot.shop.admin.service.impl.SpuServiceImpl - [delete,188] - delete spu end time: 1661859637495
2022-08-30 19:40:37.496 [http-nio-28078-exec-7] INFO  com.newboot.shop.admin.service.impl.SpuServiceImpl - [delete,189] - delete spu info use time: 0
2022-08-30 20:40:33.270 [restartedMain] INFO  com.newboot.shop.admin.ShopAdminApplication - [logStarting,55] - Starting ShopAdminApplication using Java 1.8.0_251 on DESKTOP-B6JBAVC with PID 15048 (D:\Git\Gitee\shop-springboot\shop-admin\target\classes started by Afterwards in D:\Git\Gitee\shop-springboot)
2022-08-30 20:40:33.272 [restartedMain] INFO  com.newboot.shop.admin.ShopAdminApplication - [logStartupProfileInfo,640] - The following 1 profile is active: "dev"
2022-08-30 20:40:34.557 [restartedMain] INFO  org.apache.coyote.http11.Http11NioProtocol - [log,173] - Initializing ProtocolHandler ["http-nio-28078"]
2022-08-30 20:40:34.557 [restartedMain] INFO  org.apache.catalina.core.StandardService - [log,173] - Starting service [Tomcat]
2022-08-30 20:40:34.557 [restartedMain] INFO  org.apache.catalina.core.StandardEngine - [log,173] - Starting Servlet engine: [Apache Tomcat/9.0.64]
2022-08-30 20:40:34.652 [restartedMain] INFO  o.a.c.core.ContainerBase.[Tomcat].[localhost].[/] - [log,173] - Initializing Spring embedded WebApplicationContext
2022-08-30 20:40:34.714 [restartedMain] INFO  c.a.d.s.b.a.DruidDataSourceAutoConfigure - [dataSource,56] - Init DruidDataSource
2022-08-30 20:40:34.937 [restartedMain] INFO  com.alibaba.druid.pool.DruidDataSource - [init,995] - {dataSource-1} inited
2022-08-30 20:40:35.458 [restartedMain] INFO  com.newboot.shop.admin.config.ThreadPoolConfig - [taskExecutor,66] - class com.newboot.shop.admin.config.ThreadPoolConfig set ThreadPoolTaskExecutor.
2022-08-30 20:40:35.460 [restartedMain] INFO  com.newboot.shop.admin.config.ThreadPoolConfig - [taskExecutor,86] - class com.newboot.shop.admin.config.ThreadPoolConfig set ThreadPoolTaskExecutor completed.
2022-08-30 20:40:36.107 [restartedMain] INFO  org.apache.coyote.http11.Http11NioProtocol - [log,173] - Starting ProtocolHandler ["http-nio-28078"]
2022-08-30 20:40:36.128 [restartedMain] INFO  com.newboot.shop.admin.ShopAdminApplication - [logStarted,61] - Started ShopAdminApplication in 3.339 seconds (JVM running for 4.125)
2022-08-30 20:41:03.055 [http-nio-28078-exec-1] INFO  o.a.c.core.ContainerBase.[Tomcat].[localhost].[/] - [log,173] - Initializing Spring DispatcherServlet 'dispatcherServlet'
2022-08-30 20:41:24.874 [http-nio-28078-exec-3] INFO  com.newboot.shop.admin.service.impl.SpuServiceImpl - [insert,114] - batisTime: 0.118
2022-08-30 20:41:26.916 [http-nio-28078-exec-3] INFO  com.newboot.shop.admin.service.impl.SpuServiceImpl - [insert,131] - batisTime: 2.04
2022-08-30 20:41:26.916 [http-nio-28078-exec-3] INFO  com.newboot.shop.admin.service.impl.SpuServiceImpl - [insert,132] - totalMybatisTime: 2.406 s
2022-08-30 20:42:19.762 [http-nio-28078-exec-5] INFO  com.newboot.shop.admin.service.impl.SpuServiceImpl - [delete,185] - begin time: 1661863339762
2022-08-30 20:42:19.763 [http-nio-28078-exec-5] INFO  com.newboot.shop.admin.service.impl.SpuServiceImpl - [deleteSku,196] - http-nio-28078-exec-5
2022-08-30 20:42:20.040 [http-nio-28078-exec-5] INFO  com.newboot.shop.admin.service.impl.SpuServiceImpl - [deleteSpuPef,201] - http-nio-28078-exec-5
2022-08-30 20:42:20.183 [http-nio-28078-exec-5] INFO  com.newboot.shop.admin.service.impl.SpuServiceImpl - [deleteImg,206] - http-nio-28078-exec-5
2022-08-30 20:42:20.553 [http-nio-28078-exec-5] INFO  com.newboot.shop.admin.service.impl.SpuServiceImpl - [delete,190] - end time: 1661863340553
2022-08-30 20:48:15.844 [restartedMain] INFO  com.newboot.shop.admin.ShopAdminApplication - [logStarting,55] - Starting ShopAdminApplication using Java 1.8.0_251 on DESKTOP-B6JBAVC with PID 13448 (D:\Git\Gitee\shop-springboot\shop-admin\target\classes started by Afterwards in D:\Git\Gitee\shop-springboot)
2022-08-30 20:48:15.845 [restartedMain] INFO  com.newboot.shop.admin.ShopAdminApplication - [logStartupProfileInfo,640] - The following 1 profile is active: "dev"
2022-08-30 20:48:17.053 [restartedMain] INFO  org.apache.coyote.http11.Http11NioProtocol - [log,173] - Initializing ProtocolHandler ["http-nio-28078"]
2022-08-30 20:48:17.054 [restartedMain] INFO  org.apache.catalina.core.StandardService - [log,173] - Starting service [Tomcat]
2022-08-30 20:48:17.054 [restartedMain] INFO  org.apache.catalina.core.StandardEngine - [log,173] - Starting Servlet engine: [Apache Tomcat/9.0.64]
2022-08-30 20:48:17.150 [restartedMain] INFO  o.a.c.core.ContainerBase.[Tomcat].[localhost].[/] - [log,173] - Initializing Spring embedded WebApplicationContext
2022-08-30 20:48:17.212 [restartedMain] INFO  c.a.d.s.b.a.DruidDataSourceAutoConfigure - [dataSource,56] - Init DruidDataSource
2022-08-30 20:48:17.448 [restartedMain] INFO  com.alibaba.druid.pool.DruidDataSource - [init,995] - {dataSource-1} inited
2022-08-30 20:48:17.972 [restartedMain] INFO  com.newboot.shop.admin.config.ThreadPoolConfig - [taskExecutor,66] - class com.newboot.shop.admin.config.ThreadPoolConfig set ThreadPoolTaskExecutor.
2022-08-30 20:48:17.973 [restartedMain] INFO  com.newboot.shop.admin.config.ThreadPoolConfig - [taskExecutor,86] - class com.newboot.shop.admin.config.ThreadPoolConfig set ThreadPoolTaskExecutor completed.
2022-08-30 20:48:18.620 [restartedMain] INFO  org.apache.coyote.http11.Http11NioProtocol - [log,173] - Starting ProtocolHandler ["http-nio-28078"]
2022-08-30 20:48:18.641 [restartedMain] INFO  com.newboot.shop.admin.ShopAdminApplication - [logStarted,61] - Started ShopAdminApplication in 3.253 seconds (JVM running for 4.072)
2022-08-30 20:48:24.682 [http-nio-28078-exec-1] INFO  o.a.c.core.ContainerBase.[Tomcat].[localhost].[/] - [log,173] - Initializing Spring DispatcherServlet 'dispatcherServlet'
2022-08-30 20:48:47.396 [http-nio-28078-exec-6] INFO  com.newboot.shop.admin.service.impl.SpuServiceImpl - [insert,114] - batisTime: 0.11
2022-08-30 20:48:49.371 [http-nio-28078-exec-6] INFO  com.newboot.shop.admin.service.impl.SpuServiceImpl - [insert,131] - batisTime: 1.973
2022-08-30 20:48:49.371 [http-nio-28078-exec-6] INFO  com.newboot.shop.admin.service.impl.SpuServiceImpl - [insert,132] - totalMybatisTime: 2.296 s
2022-08-30 20:51:29.744 [http-nio-28078-exec-2] INFO  com.newboot.shop.admin.service.impl.SpuServiceImpl - [delete,186] - begin time: 1661863889744
2022-08-30 20:51:29.745 [http-nio-28078-exec-2] INFO  com.newboot.shop.admin.service.impl.SpuServiceImpl - [deleteSku,198] - http-nio-28078-exec-2
2022-08-30 20:51:30.000 [http-nio-28078-exec-2] INFO  com.newboot.shop.admin.service.impl.SpuServiceImpl - [deleteSpuPef,203] - http-nio-28078-exec-2
2022-08-30 20:51:30.265 [http-nio-28078-exec-2] INFO  com.newboot.shop.admin.service.impl.SpuServiceImpl - [deleteImg,208] - http-nio-28078-exec-2
2022-08-30 20:51:30.389 [http-nio-28078-exec-2] INFO  com.newboot.shop.admin.service.impl.SpuServiceImpl - [delete,191] - end time: 1661863890389
2022-08-30 20:51:30.389 [http-nio-28078-exec-2] INFO  com.newboot.shop.admin.service.impl.SpuServiceImpl - [delete,192] - use time: 645
2022-08-30 20:57:20.786 [restartedMain] INFO  com.newboot.shop.admin.ShopAdminApplication - [logStarting,55] - Starting ShopAdminApplication using Java 1.8.0_251 on DESKTOP-B6JBAVC with PID 15672 (D:\Git\Gitee\shop-springboot\shop-admin\target\classes started by Afterwards in D:\Git\Gitee\shop-springboot)
2022-08-30 20:57:20.788 [restartedMain] INFO  com.newboot.shop.admin.ShopAdminApplication - [logStartupProfileInfo,640] - The following 1 profile is active: "dev"
2022-08-30 20:57:21.959 [restartedMain] INFO  org.apache.coyote.http11.Http11NioProtocol - [log,173] - Initializing ProtocolHandler ["http-nio-28078"]
2022-08-30 20:57:21.959 [restartedMain] INFO  org.apache.catalina.core.StandardService - [log,173] - Starting service [Tomcat]
2022-08-30 20:57:21.959 [restartedMain] INFO  org.apache.catalina.core.StandardEngine - [log,173] - Starting Servlet engine: [Apache Tomcat/9.0.64]
2022-08-30 20:57:22.053 [restartedMain] INFO  o.a.c.core.ContainerBase.[Tomcat].[localhost].[/] - [log,173] - Initializing Spring embedded WebApplicationContext
2022-08-30 20:57:22.184 [restartedMain] INFO  c.a.d.s.b.a.DruidDataSourceAutoConfigure - [dataSource,56] - Init DruidDataSource
2022-08-30 20:57:22.402 [restartedMain] INFO  com.alibaba.druid.pool.DruidDataSource - [init,995] - {dataSource-1} inited
2022-08-30 20:57:22.936 [restartedMain] INFO  com.newboot.shop.admin.config.ThreadPoolConfig - [taskExecutor,66] - class com.newboot.shop.admin.config.ThreadPoolConfig set ThreadPoolTaskExecutor.
2022-08-30 20:57:22.937 [restartedMain] INFO  com.newboot.shop.admin.config.ThreadPoolConfig - [taskExecutor,86] - class com.newboot.shop.admin.config.ThreadPoolConfig set ThreadPoolTaskExecutor completed.
2022-08-30 20:57:23.602 [restartedMain] INFO  org.apache.coyote.http11.Http11NioProtocol - [log,173] - Starting ProtocolHandler ["http-nio-28078"]
2022-08-30 20:57:23.624 [restartedMain] INFO  com.newboot.shop.admin.ShopAdminApplication - [logStarted,61] - Started ShopAdminApplication in 3.279 seconds (JVM running for 3.972)
2022-08-30 20:57:43.344 [http-nio-28078-exec-4] INFO  o.a.c.core.ContainerBase.[Tomcat].[localhost].[/] - [log,173] - Initializing Spring DispatcherServlet 'dispatcherServlet'
2022-08-30 20:58:25.740 [http-nio-28078-exec-6] INFO  com.newboot.shop.admin.service.impl.SpuServiceImpl - [insert,114] - batisTime: 0.097
2022-08-30 20:58:27.678 [http-nio-28078-exec-6] INFO  com.newboot.shop.admin.service.impl.SpuServiceImpl - [insert,131] - batisTime: 1.936
2022-08-30 20:58:27.678 [http-nio-28078-exec-6] INFO  com.newboot.shop.admin.service.impl.SpuServiceImpl - [insert,132] - totalMybatisTime: 2.293 s
2022-08-30 21:03:12.850 [restartedMain] INFO  com.newboot.shop.admin.ShopAdminApplication - [logStarting,55] - Starting ShopAdminApplication using Java 1.8.0_251 on DESKTOP-B6JBAVC with PID 10968 (D:\Git\Gitee\shop-springboot\shop-admin\target\classes started by Afterwards in D:\Git\Gitee\shop-springboot)
2022-08-30 21:03:12.852 [restartedMain] INFO  com.newboot.shop.admin.ShopAdminApplication - [logStartupProfileInfo,640] - The following 1 profile is active: "dev"
2022-08-30 21:03:14.014 [restartedMain] INFO  org.apache.coyote.http11.Http11NioProtocol - [log,173] - Initializing ProtocolHandler ["http-nio-28078"]
2022-08-30 21:03:14.015 [restartedMain] INFO  org.apache.catalina.core.StandardService - [log,173] - Starting service [Tomcat]
2022-08-30 21:03:14.015 [restartedMain] INFO  org.apache.catalina.core.StandardEngine - [log,173] - Starting Servlet engine: [Apache Tomcat/9.0.64]
2022-08-30 21:03:14.108 [restartedMain] INFO  o.a.c.core.ContainerBase.[Tomcat].[localhost].[/] - [log,173] - Initializing Spring embedded WebApplicationContext
2022-08-30 21:03:14.169 [restartedMain] INFO  c.a.d.s.b.a.DruidDataSourceAutoConfigure - [dataSource,56] - Init DruidDataSource
2022-08-30 21:03:14.389 [restartedMain] INFO  com.alibaba.druid.pool.DruidDataSource - [init,995] - {dataSource-1} inited
2022-08-30 21:03:14.914 [restartedMain] INFO  com.newboot.shop.admin.config.ThreadPoolConfig - [taskExecutor,66] - class com.newboot.shop.admin.config.ThreadPoolConfig set ThreadPoolTaskExecutor.
2022-08-30 21:03:14.916 [restartedMain] INFO  com.newboot.shop.admin.config.ThreadPoolConfig - [taskExecutor,86] - class com.newboot.shop.admin.config.ThreadPoolConfig set ThreadPoolTaskExecutor completed.
2022-08-30 21:03:15.603 [restartedMain] INFO  org.apache.coyote.http11.Http11NioProtocol - [log,173] - Starting ProtocolHandler ["http-nio-28078"]
2022-08-30 21:03:15.624 [restartedMain] INFO  com.newboot.shop.admin.ShopAdminApplication - [logStarted,61] - Started ShopAdminApplication in 3.217 seconds (JVM running for 4.019)
2022-08-30 21:03:17.983 [http-nio-28078-exec-1] INFO  o.a.c.core.ContainerBase.[Tomcat].[localhost].[/] - [log,173] - Initializing Spring DispatcherServlet 'dispatcherServlet'
2022-08-30 21:04:48.241 [http-nio-28078-exec-10] INFO  com.newboot.shop.admin.service.impl.SpuServiceImpl - [delete,186] - begin time: 1661864688241
2022-08-30 21:04:48.241 [http-nio-28078-exec-10] INFO  com.newboot.shop.admin.service.impl.SpuServiceImpl - [deleteSku,198] - http-nio-28078-exec-10
2022-08-30 21:04:48.518 [http-nio-28078-exec-10] INFO  com.newboot.shop.admin.service.impl.SpuServiceImpl - [deleteSpuPef,203] - http-nio-28078-exec-10
2022-08-30 21:04:48.651 [http-nio-28078-exec-10] INFO  com.newboot.shop.admin.service.impl.SpuServiceImpl - [deleteImg,208] - http-nio-28078-exec-10
2022-08-30 21:04:48.824 [http-nio-28078-exec-10] INFO  com.newboot.shop.admin.service.impl.SpuServiceImpl - [delete,191] - end time: 1661864688824
2022-08-30 21:04:48.824 [http-nio-28078-exec-10] INFO  com.newboot.shop.admin.service.impl.SpuServiceImpl - [delete,192] - use time: 583
2022-08-30 21:13:30.851 [restartedMain] INFO  com.newboot.shop.admin.ShopAdminApplication - [logStarting,55] - Starting ShopAdminApplication using Java 1.8.0_251 on DESKTOP-B6JBAVC with PID 10096 (D:\Git\Gitee\shop-springboot\shop-admin\target\classes started by Afterwards in D:\Git\Gitee\shop-springboot)
2022-08-30 21:13:30.853 [restartedMain] INFO  com.newboot.shop.admin.ShopAdminApplication - [logStartupProfileInfo,640] - The following 1 profile is active: "dev"
2022-08-30 21:13:32.051 [restartedMain] INFO  org.apache.coyote.http11.Http11NioProtocol - [log,173] - Initializing ProtocolHandler ["http-nio-28078"]
2022-08-30 21:13:32.051 [restartedMain] INFO  org.apache.catalina.core.StandardService - [log,173] - Starting service [Tomcat]
2022-08-30 21:13:32.051 [restartedMain] INFO  org.apache.catalina.core.StandardEngine - [log,173] - Starting Servlet engine: [Apache Tomcat/9.0.64]
2022-08-30 21:13:32.148 [restartedMain] INFO  o.a.c.core.ContainerBase.[Tomcat].[localhost].[/] - [log,173] - Initializing Spring embedded WebApplicationContext
2022-08-30 21:13:32.215 [restartedMain] INFO  c.a.d.s.b.a.DruidDataSourceAutoConfigure - [dataSource,56] - Init DruidDataSource
2022-08-30 21:13:32.450 [restartedMain] INFO  com.alibaba.druid.pool.DruidDataSource - [init,995] - {dataSource-1} inited
2022-08-30 21:13:32.985 [restartedMain] INFO  com.newboot.shop.admin.config.ThreadPoolConfig - [taskExecutor,66] - class com.newboot.shop.admin.config.ThreadPoolConfig set ThreadPoolTaskExecutor.
2022-08-30 21:13:32.986 [restartedMain] INFO  com.newboot.shop.admin.config.ThreadPoolConfig - [taskExecutor,86] - class com.newboot.shop.admin.config.ThreadPoolConfig set ThreadPoolTaskExecutor completed.
2022-08-30 21:13:33.633 [restartedMain] INFO  org.apache.coyote.http11.Http11NioProtocol - [log,173] - Starting ProtocolHandler ["http-nio-28078"]
2022-08-30 21:13:33.655 [restartedMain] INFO  com.newboot.shop.admin.ShopAdminApplication - [logStarted,61] - Started ShopAdminApplication in 3.238 seconds (JVM running for 3.943)
2022-08-30 21:13:40.119 [http-nio-28078-exec-1] INFO  o.a.c.core.ContainerBase.[Tomcat].[localhost].[/] - [log,173] - Initializing Spring DispatcherServlet 'dispatcherServlet'
2022-08-30 21:13:59.441 [http-nio-28078-exec-9] INFO  com.newboot.shop.admin.service.impl.SpuServiceImpl - [insert,114] - batisTime: 0.103
2022-08-30 21:14:01.472 [http-nio-28078-exec-9] INFO  com.newboot.shop.admin.service.impl.SpuServiceImpl - [insert,131] - batisTime: 2.029
2022-08-30 21:14:01.472 [http-nio-28078-exec-9] INFO  com.newboot.shop.admin.service.impl.SpuServiceImpl - [insert,132] - totalMybatisTime: 2.429 s
2022-08-30 21:14:41.944 [http-nio-28078-exec-4] INFO  com.newboot.shop.admin.service.impl.SpuServiceImpl - [delete,186] - begin time: 1661865281944
2022-08-30 21:14:41.945 [http-nio-28078-exec-4] INFO  com.newboot.shop.admin.service.impl.SpuServiceImpl - [deleteSku,198] - http-nio-28078-exec-4
2022-08-30 21:14:43.464 [http-nio-28078-exec-4] INFO  com.newboot.shop.admin.service.impl.SpuServiceImpl - [deleteSpuPef,203] - http-nio-28078-exec-4
2022-08-30 21:14:43.582 [http-nio-28078-exec-4] INFO  com.newboot.shop.admin.service.impl.SpuServiceImpl - [deleteImg,208] - http-nio-28078-exec-4
2022-08-30 21:14:43.881 [http-nio-28078-exec-4] INFO  com.newboot.shop.admin.service.impl.SpuServiceImpl - [delete,191] - end time: 1661865283881
2022-08-30 21:14:43.881 [http-nio-28078-exec-4] INFO  com.newboot.shop.admin.service.impl.SpuServiceImpl - [delete,192] - use time: 1937
2022-08-30 21:17:03.234 [restartedMain] INFO  com.newboot.shop.admin.ShopAdminApplication - [logStarting,55] - Starting ShopAdminApplication using Java 1.8.0_251 on DESKTOP-B6JBAVC with PID 15264 (D:\Git\Gitee\shop-springboot\shop-admin\target\classes started by Afterwards in D:\Git\Gitee\shop-springboot)
2022-08-30 21:17:03.235 [restartedMain] INFO  com.newboot.shop.admin.ShopAdminApplication - [logStartupProfileInfo,640] - The following 1 profile is active: "dev"
2022-08-30 21:17:04.414 [restartedMain] INFO  org.apache.coyote.http11.Http11NioProtocol - [log,173] - Initializing ProtocolHandler ["http-nio-28078"]
2022-08-30 21:17:04.415 [restartedMain] INFO  org.apache.catalina.core.StandardService - [log,173] - Starting service [Tomcat]
2022-08-30 21:17:04.415 [restartedMain] INFO  org.apache.catalina.core.StandardEngine - [log,173] - Starting Servlet engine: [Apache Tomcat/9.0.64]
2022-08-30 21:17:04.513 [restartedMain] INFO  o.a.c.core.ContainerBase.[Tomcat].[localhost].[/] - [log,173] - Initializing Spring embedded WebApplicationContext
2022-08-30 21:17:04.575 [restartedMain] INFO  c.a.d.s.b.a.DruidDataSourceAutoConfigure - [dataSource,56] - Init DruidDataSource
2022-08-30 21:17:04.794 [restartedMain] INFO  com.alibaba.druid.pool.DruidDataSource - [init,995] - {dataSource-1} inited
2022-08-30 21:17:05.099 [restartedMain] INFO  com.newboot.shop.admin.config.ThreadPoolConfig - [taskExecutor,66] - class com.newboot.shop.admin.config.ThreadPoolConfig set ThreadPoolTaskExecutor.
2022-08-30 21:17:05.101 [restartedMain] INFO  com.newboot.shop.admin.config.ThreadPoolConfig - [taskExecutor,86] - class com.newboot.shop.admin.config.ThreadPoolConfig set ThreadPoolTaskExecutor completed.
2022-08-30 21:17:05.973 [restartedMain] INFO  org.apache.coyote.http11.Http11NioProtocol - [log,173] - Starting ProtocolHandler ["http-nio-28078"]
2022-08-30 21:17:05.994 [restartedMain] INFO  com.newboot.shop.admin.ShopAdminApplication - [logStarted,61] - Started ShopAdminApplication in 3.21 seconds (JVM running for 4.061)
2022-08-30 21:17:12.115 [http-nio-28078-exec-1] INFO  o.a.c.core.ContainerBase.[Tomcat].[localhost].[/] - [log,173] - Initializing Spring DispatcherServlet 'dispatcherServlet'
2022-08-30 21:17:27.767 [http-nio-28078-exec-10] INFO  com.newboot.shop.admin.service.impl.SpuServiceImpl - [insert,117] - batisTime: 0.126
2022-08-30 21:17:29.525 [http-nio-28078-exec-10] INFO  com.newboot.shop.admin.service.impl.SpuServiceImpl - [insert,134] - batisTime: 1.756
2022-08-30 21:17:29.525 [http-nio-28078-exec-10] INFO  com.newboot.shop.admin.service.impl.SpuServiceImpl - [insert,135] - totalMybatisTime: 2.083 s
2022-08-30 21:18:03.075 [http-nio-28078-exec-10] INFO  com.newboot.shop.admin.service.impl.SpuServiceImpl - [delete,189] - begin time: 1661865483075
2022-08-30 21:18:03.076 [http-nio-28078-exec-10] INFO  com.newboot.shop.admin.service.impl.SpuServiceImpl - [deleteSku,201] - name-perfix: shop-async
2022-08-30 21:18:03.076 [http-nio-28078-exec-10] INFO  com.newboot.shop.admin.service.impl.SpuServiceImpl - [deleteSku,202] - http-nio-28078-exec-10
2022-08-30 21:18:03.352 [http-nio-28078-exec-10] INFO  com.newboot.shop.admin.service.impl.SpuServiceImpl - [deleteSpuPef,207] - name-perfix: shop-async
2022-08-30 21:18:03.352 [http-nio-28078-exec-10] INFO  com.newboot.shop.admin.service.impl.SpuServiceImpl - [deleteSpuPef,208] - http-nio-28078-exec-10
2022-08-30 21:18:03.584 [http-nio-28078-exec-10] INFO  com.newboot.shop.admin.service.impl.SpuServiceImpl - [deleteImg,213] - name-perfix: shop-async
2022-08-30 21:18:03.584 [http-nio-28078-exec-10] INFO  com.newboot.shop.admin.service.impl.SpuServiceImpl - [deleteImg,214] - http-nio-28078-exec-10
2022-08-30 21:18:03.708 [http-nio-28078-exec-10] INFO  com.newboot.shop.admin.service.impl.SpuServiceImpl - [delete,194] - end time: 1661865483708
2022-08-30 21:18:03.708 [http-nio-28078-exec-10] INFO  com.newboot.shop.admin.service.impl.SpuServiceImpl - [delete,195] - use time: 633
2022-08-30 21:19:56.285 [restartedMain] INFO  com.newboot.shop.admin.ShopAdminApplication - [logStarting,55] - Starting ShopAdminApplication using Java 1.8.0_251 on DESKTOP-B6JBAVC with PID 14864 (D:\Git\Gitee\shop-springboot\shop-admin\target\classes started by Afterwards in D:\Git\Gitee\shop-springboot)
2022-08-30 21:19:56.287 [restartedMain] INFO  com.newboot.shop.admin.ShopAdminApplication - [logStartupProfileInfo,640] - The following 1 profile is active: "dev"
2022-08-30 21:19:57.453 [restartedMain] INFO  org.apache.coyote.http11.Http11NioProtocol - [log,173] - Initializing ProtocolHandler ["http-nio-28078"]
2022-08-30 21:19:57.454 [restartedMain] INFO  org.apache.catalina.core.StandardService - [log,173] - Starting service [Tomcat]
2022-08-30 21:19:57.454 [restartedMain] INFO  org.apache.catalina.core.StandardEngine - [log,173] - Starting Servlet engine: [Apache Tomcat/9.0.64]
2022-08-30 21:19:57.549 [restartedMain] INFO  o.a.c.core.ContainerBase.[Tomcat].[localhost].[/] - [log,173] - Initializing Spring embedded WebApplicationContext
2022-08-30 21:19:57.612 [restartedMain] INFO  c.a.d.s.b.a.DruidDataSourceAutoConfigure - [dataSource,56] - Init DruidDataSource
2022-08-30 21:19:57.835 [restartedMain] INFO  com.alibaba.druid.pool.DruidDataSource - [init,995] - {dataSource-1} inited
2022-08-30 21:19:58.136 [restartedMain] INFO  com.newboot.shop.admin.config.ThreadPoolConfig - [taskExecutor,66] - class com.newboot.shop.admin.config.ThreadPoolConfig set ThreadPoolTaskExecutor.
2022-08-30 21:19:58.137 [restartedMain] INFO  com.newboot.shop.admin.config.ThreadPoolConfig - [taskExecutor,86] - class com.newboot.shop.admin.config.ThreadPoolConfig set ThreadPoolTaskExecutor completed.
2022-08-30 21:19:59.018 [restartedMain] INFO  org.apache.coyote.http11.Http11NioProtocol - [log,173] - Starting ProtocolHandler ["http-nio-28078"]
2022-08-30 21:19:59.039 [restartedMain] INFO  com.newboot.shop.admin.ShopAdminApplication - [logStarted,61] - Started ShopAdminApplication in 3.188 seconds (JVM running for 3.964)
2022-08-30 21:20:06.605 [http-nio-28078-exec-1] INFO  o.a.c.core.ContainerBase.[Tomcat].[localhost].[/] - [log,173] - Initializing Spring DispatcherServlet 'dispatcherServlet'
2022-08-30 21:20:22.686 [http-nio-28078-exec-7] INFO  com.newboot.shop.admin.service.impl.SpuServiceImpl - [insert,117] - batisTime: 0.093
2022-08-30 21:20:24.610 [http-nio-28078-exec-7] INFO  com.newboot.shop.admin.service.impl.SpuServiceImpl - [insert,134] - batisTime: 1.921
2022-08-30 21:20:24.611 [http-nio-28078-exec-7] INFO  com.newboot.shop.admin.service.impl.SpuServiceImpl - [insert,135] - totalMybatisTime: 2.305 s
2022-08-30 21:21:07.685 [shop-async1] INFO  com.newboot.shop.admin.service.impl.SpuServiceImpl - [delete,190] - begin time: 1661865667685
2022-08-30 21:21:08.308 [shop-async1] INFO  com.newboot.shop.admin.service.impl.SpuServiceImpl - [delete,198] - end time: 1661865668308
2022-08-30 21:21:08.309 [shop-async1] INFO  com.newboot.shop.admin.service.impl.SpuServiceImpl - [delete,199] - use time: 624
2022-08-30 21:22:14.628 [shop-async2] INFO  com.newboot.shop.admin.service.impl.SpuServiceImpl - [delete,190] - begin time: 1661865734628
2022-08-30 21:22:15.054 [shop-async2] INFO  com.newboot.shop.admin.service.impl.SpuServiceImpl - [delete,198] - end time: 1661865735054
2022-08-30 21:22:15.054 [shop-async2] INFO  com.newboot.shop.admin.service.impl.SpuServiceImpl - [delete,199] - use time: 426
2022-08-30 21:36:26.631 [Thread-13] INFO  com.alibaba.druid.pool.DruidDataSource - [close,2073] - {dataSource-1} closing ...
2022-08-30 21:36:26.639 [Thread-13] INFO  com.alibaba.druid.pool.DruidDataSource - [close,2146] - {dataSource-1} closed
2022-08-30 21:36:26.867 [restartedMain] INFO  com.newboot.shop.admin.ShopAdminApplication - [logStarting,55] - Starting ShopAdminApplication using Java 1.8.0_251 on DESKTOP-B6JBAVC with PID 14864 (D:\Git\Gitee\shop-springboot\shop-admin\target\classes started by Afterwards in D:\Git\Gitee\shop-springboot)
2022-08-30 21:36:26.867 [restartedMain] INFO  com.newboot.shop.admin.ShopAdminApplication - [logStartupProfileInfo,640] - The following 1 profile is active: "dev"
2022-08-30 21:36:27.322 [restartedMain] INFO  org.apache.coyote.http11.Http11NioProtocol - [log,173] - Initializing ProtocolHandler ["http-nio-28078"]
2022-08-30 21:36:27.323 [restartedMain] INFO  org.apache.catalina.core.StandardService - [log,173] - Starting service [Tomcat]
2022-08-30 21:36:27.323 [restartedMain] INFO  org.apache.catalina.core.StandardEngine - [log,173] - Starting Servlet engine: [Apache Tomcat/9.0.64]
2022-08-30 21:36:27.347 [restartedMain] INFO  o.a.c.core.ContainerBase.[Tomcat].[localhost].[/] - [log,173] - Initializing Spring embedded WebApplicationContext
2022-08-30 21:36:27.414 [restartedMain] INFO  c.a.d.s.b.a.DruidDataSourceAutoConfigure - [dataSource,56] - Init DruidDataSource
2022-08-30 21:36:27.448 [restartedMain] INFO  com.alibaba.druid.pool.DruidDataSource - [init,995] - {dataSource-2} inited
2022-08-30 21:36:27.743 [restartedMain] INFO  com.newboot.shop.admin.config.ThreadPoolConfig - [taskExecutor,66] - class com.newboot.shop.admin.config.ThreadPoolConfig set ThreadPoolTaskExecutor.
2022-08-30 21:36:27.744 [restartedMain] INFO  com.newboot.shop.admin.config.ThreadPoolConfig - [taskExecutor,86] - class com.newboot.shop.admin.config.ThreadPoolConfig set ThreadPoolTaskExecutor completed.
2022-08-30 21:36:27.943 [restartedMain] INFO  org.apache.coyote.http11.Http11NioProtocol - [log,173] - Starting ProtocolHandler ["http-nio-28078"]
2022-08-30 21:36:27.950 [restartedMain] INFO  com.newboot.shop.admin.ShopAdminApplication - [logStarted,61] - Started ShopAdminApplication in 1.145 seconds (JVM running for 992.875)
2022-08-30 21:36:29.915 [Thread-19] INFO  com.alibaba.druid.pool.DruidDataSource - [close,2073] - {dataSource-2} closing ...
2022-08-30 21:36:29.917 [Thread-19] INFO  com.alibaba.druid.pool.DruidDataSource - [close,2146] - {dataSource-2} closed
2022-08-30 21:36:30.160 [restartedMain] INFO  com.newboot.shop.admin.ShopAdminApplication - [logStarting,55] - Starting ShopAdminApplication using Java 1.8.0_251 on DESKTOP-B6JBAVC with PID 14864 (D:\Git\Gitee\shop-springboot\shop-admin\target\classes started by Afterwards in D:\Git\Gitee\shop-springboot)
2022-08-30 21:36:30.160 [restartedMain] INFO  com.newboot.shop.admin.ShopAdminApplication - [logStartupProfileInfo,640] - The following 1 profile is active: "dev"
2022-08-30 21:36:30.526 [restartedMain] INFO  org.apache.coyote.http11.Http11NioProtocol - [log,173] - Initializing ProtocolHandler ["http-nio-28078"]
2022-08-30 21:36:30.526 [restartedMain] INFO  org.apache.catalina.core.StandardService - [log,173] - Starting service [Tomcat]
2022-08-30 21:36:30.526 [restartedMain] INFO  org.apache.catalina.core.StandardEngine - [log,173] - Starting Servlet engine: [Apache Tomcat/9.0.64]
2022-08-30 21:36:30.553 [restartedMain] INFO  o.a.c.core.ContainerBase.[Tomcat].[localhost].[/] - [log,173] - Initializing Spring embedded WebApplicationContext
2022-08-30 21:36:30.574 [restartedMain] INFO  c.a.d.s.b.a.DruidDataSourceAutoConfigure - [dataSource,56] - Init DruidDataSource
2022-08-30 21:36:30.601 [restartedMain] INFO  com.alibaba.druid.pool.DruidDataSource - [init,995] - {dataSource-3} inited
2022-08-30 21:36:30.727 [restartedMain] INFO  com.alibaba.druid.pool.DruidDataSource - [close,2073] - {dataSource-3} closing ...
2022-08-30 21:36:30.728 [restartedMain] INFO  com.alibaba.druid.pool.DruidDataSource - [close,2146] - {dataSource-3} closed
2022-08-30 21:36:30.728 [restartedMain] INFO  org.apache.catalina.core.StandardService - [log,173] - Stopping service [Tomcat]
2022-08-30 21:49:07.684 [restartedMain] INFO  com.newboot.shop.admin.ShopAdminApplication - [logStarting,55] - Starting ShopAdminApplication using Java 1.8.0_251 on DESKTOP-B6JBAVC with PID 8548 (D:\Git\Gitee\shop-springboot\shop-admin\target\classes started by Afterwards in D:\Git\Gitee\shop-springboot)
2022-08-30 21:49:07.686 [restartedMain] INFO  com.newboot.shop.admin.ShopAdminApplication - [logStartupProfileInfo,640] - The following 1 profile is active: "dev"
2022-08-30 21:49:08.851 [restartedMain] INFO  org.apache.coyote.http11.Http11NioProtocol - [log,173] - Initializing ProtocolHandler ["http-nio-28078"]
2022-08-30 21:49:08.851 [restartedMain] INFO  org.apache.catalina.core.StandardService - [log,173] - Starting service [Tomcat]
2022-08-30 21:49:08.851 [restartedMain] INFO  org.apache.catalina.core.StandardEngine - [log,173] - Starting Servlet engine: [Apache Tomcat/9.0.64]
2022-08-30 21:49:08.946 [restartedMain] INFO  o.a.c.core.ContainerBase.[Tomcat].[localhost].[/] - [log,173] - Initializing Spring embedded WebApplicationContext
2022-08-30 21:49:09.012 [restartedMain] INFO  c.a.d.s.b.a.DruidDataSourceAutoConfigure - [dataSource,56] - Init DruidDataSource
2022-08-30 21:49:09.260 [restartedMain] INFO  com.alibaba.druid.pool.DruidDataSource - [init,995] - {dataSource-1} inited
2022-08-30 21:49:09.558 [restartedMain] INFO  com.newboot.shop.admin.config.ThreadPoolConfig - [taskExecutor,66] - class com.newboot.shop.admin.config.ThreadPoolConfig set ThreadPoolTaskExecutor.
2022-08-30 21:49:09.559 [restartedMain] INFO  com.newboot.shop.admin.config.ThreadPoolConfig - [taskExecutor,86] - class com.newboot.shop.admin.config.ThreadPoolConfig set ThreadPoolTaskExecutor completed.
2022-08-30 21:49:10.439 [restartedMain] INFO  org.apache.coyote.http11.Http11NioProtocol - [log,173] - Starting ProtocolHandler ["http-nio-28078"]
2022-08-30 21:49:10.461 [restartedMain] INFO  com.newboot.shop.admin.ShopAdminApplication - [logStarted,61] - Started ShopAdminApplication in 3.25 seconds (JVM running for 4.049)
2022-08-30 21:49:15.995 [http-nio-28078-exec-1] INFO  o.a.c.core.ContainerBase.[Tomcat].[localhost].[/] - [log,173] - Initializing Spring DispatcherServlet 'dispatcherServlet'
2022-08-30 21:49:32.396 [http-nio-28078-exec-4] INFO  com.newboot.shop.admin.service.impl.SpuServiceImpl - [insert,119] - batisTime: 0.083
2022-08-30 21:49:34.358 [http-nio-28078-exec-4] INFO  com.newboot.shop.admin.service.impl.SpuServiceImpl - [insert,136] - batisTime: 1.959
2022-08-30 21:49:34.358 [http-nio-28078-exec-4] INFO  com.newboot.shop.admin.service.impl.SpuServiceImpl - [insert,137] - totalMybatisTime: 2.358 s
2022-08-30 21:50:07.929 [shop-async-1] INFO  com.newboot.shop.admin.service.impl.SpuServiceImpl - [delete,192] - begin time: 1661867407929
2022-08-30 21:50:08.499 [shop-async-1] INFO  com.newboot.shop.admin.service.impl.SpuServiceImpl - [delete,197] - end time: 1661867408499
2022-08-30 21:50:08.499 [shop-async-1] INFO  com.newboot.shop.admin.service.impl.SpuServiceImpl - [delete,198] - use time: 570
2022-08-30 22:03:13.637 [restartedMain] INFO  com.newboot.shop.admin.ShopAdminApplication - [logStarting,55] - Starting ShopAdminApplication using Java 1.8.0_251 on DESKTOP-B6JBAVC with PID 16108 (D:\Git\Gitee\shop-springboot\shop-admin\target\classes started by Afterwards in D:\Git\Gitee\shop-springboot)
2022-08-30 22:03:13.639 [restartedMain] INFO  com.newboot.shop.admin.ShopAdminApplication - [logStartupProfileInfo,640] - The following 1 profile is active: "dev"
2022-08-30 22:03:14.802 [restartedMain] INFO  org.apache.coyote.http11.Http11NioProtocol - [log,173] - Initializing ProtocolHandler ["http-nio-28078"]
2022-08-30 22:03:14.803 [restartedMain] INFO  org.apache.catalina.core.StandardService - [log,173] - Starting service [Tomcat]
2022-08-30 22:03:14.803 [restartedMain] INFO  org.apache.catalina.core.StandardEngine - [log,173] - Starting Servlet engine: [Apache Tomcat/9.0.64]
2022-08-30 22:03:14.897 [restartedMain] INFO  o.a.c.core.ContainerBase.[Tomcat].[localhost].[/] - [log,173] - Initializing Spring embedded WebApplicationContext
2022-08-30 22:03:14.958 [restartedMain] INFO  c.a.d.s.b.a.DruidDataSourceAutoConfigure - [dataSource,56] - Init DruidDataSource
2022-08-30 22:03:15.180 [restartedMain] INFO  com.alibaba.druid.pool.DruidDataSource - [init,995] - {dataSource-1} inited
2022-08-30 22:03:15.487 [restartedMain] INFO  com.newboot.shop.admin.config.ThreadPoolConfig - [taskExecutor,66] - class com.newboot.shop.admin.config.ThreadPoolConfig set ThreadPoolTaskExecutor.
2022-08-30 22:03:15.488 [restartedMain] INFO  com.newboot.shop.admin.config.ThreadPoolConfig - [taskExecutor,86] - class com.newboot.shop.admin.config.ThreadPoolConfig set ThreadPoolTaskExecutor completed.
2022-08-30 22:03:16.376 [restartedMain] INFO  org.apache.coyote.http11.Http11NioProtocol - [log,173] - Starting ProtocolHandler ["http-nio-28078"]
2022-08-30 22:03:16.397 [restartedMain] INFO  com.newboot.shop.admin.ShopAdminApplication - [logStarted,61] - Started ShopAdminApplication in 3.183 seconds (JVM running for 3.939)
2022-08-30 22:03:16.484 [http-nio-28078-exec-1] INFO  o.a.c.core.ContainerBase.[Tomcat].[localhost].[/] - [log,173] - Initializing Spring DispatcherServlet 'dispatcherServlet'
2022-08-30 22:03:40.792 [http-nio-28078-exec-8] INFO  com.newboot.shop.admin.service.impl.SpuServiceImpl - [insert,119] - batisTime: 0.076
2022-08-30 22:03:42.556 [http-nio-28078-exec-8] INFO  com.newboot.shop.admin.service.impl.SpuServiceImpl - [insert,136] - batisTime: 1.762
2022-08-30 22:03:42.556 [http-nio-28078-exec-8] INFO  com.newboot.shop.admin.service.impl.SpuServiceImpl - [insert,137] - totalMybatisTime: 2.01 s
2022-08-30 22:04:11.704 [shop-async-3] INFO  com.newboot.shop.admin.service.impl.SpuServiceImpl - [delete,192] - begin time: 1661868251704
2022-08-30 22:04:11.704 [shop-async-2] INFO  com.newboot.shop.admin.service.impl.SpuServiceImpl - [delete,192] - begin time: 1661868251704
2022-08-30 22:04:11.704 [shop-async-4] INFO  com.newboot.shop.admin.service.impl.SpuServiceImpl - [delete,192] - begin time: 1661868251704
2022-08-30 22:04:11.704 [shop-async-1] INFO  com.newboot.shop.admin.service.impl.SpuServiceImpl - [delete,192] - begin time: 1661868251704
2022-08-30 22:04:11.705 [shop-async-6] INFO  com.newboot.shop.admin.service.impl.SpuServiceImpl - [delete,192] - begin time: 1661868251705
2022-08-30 22:04:11.705 [shop-async-7] INFO  com.newboot.shop.admin.service.impl.SpuServiceImpl - [delete,192] - begin time: 1661868251705
2022-08-30 22:04:11.705 [shop-async-5] INFO  com.newboot.shop.admin.service.impl.SpuServiceImpl - [delete,192] - begin time: 1661868251705
2022-08-30 22:04:11.706 [shop-async-11] INFO  com.newboot.shop.admin.service.impl.SpuServiceImpl - [delete,192] - begin time: 1661868251706
2022-08-30 22:04:11.706 [shop-async-14] INFO  com.newboot.shop.admin.service.impl.SpuServiceImpl - [delete,192] - begin time: 1661868251706
2022-08-30 22:04:11.707 [shop-async-12] INFO  com.newboot.shop.admin.service.impl.SpuServiceImpl - [delete,192] - begin time: 1661868251707
2022-08-30 22:04:11.707 [shop-async-10] INFO  com.newboot.shop.admin.service.impl.SpuServiceImpl - [delete,192] - begin time: 1661868251707
2022-08-30 22:04:11.706 [shop-async-13] INFO  com.newboot.shop.admin.service.impl.SpuServiceImpl - [delete,192] - begin time: 1661868251706
2022-08-30 22:04:11.707 [shop-async-9] INFO  com.newboot.shop.admin.service.impl.SpuServiceImpl - [delete,192] - begin time: 1661868251707
2022-08-30 22:04:11.706 [shop-async-8] INFO  com.newboot.shop.admin.service.impl.SpuServiceImpl - [delete,192] - begin time: 1661868251706
2022-08-30 22:04:11.707 [shop-async-15] INFO  com.newboot.shop.admin.service.impl.SpuServiceImpl - [delete,192] - begin time: 1661868251707
2022-08-30 22:04:11.707 [http-nio-28078-exec-8] INFO  com.newboot.shop.admin.service.impl.SpuServiceImpl - [delete,192] - begin time: 1661868251707
2022-08-30 22:04:11.708 [shop-async-18] INFO  com.newboot.shop.admin.service.impl.SpuServiceImpl - [delete,192] - begin time: 1661868251708
2022-08-30 22:04:11.708 [shop-async-17] INFO  com.newboot.shop.admin.service.impl.SpuServiceImpl - [delete,192] - begin time: 1661868251708
2022-08-30 22:04:11.707 [shop-async-16] INFO  com.newboot.shop.admin.service.impl.SpuServiceImpl - [delete,192] - begin time: 1661868251707
2022-08-30 22:04:11.708 [shop-async-19] INFO  com.newboot.shop.admin.service.impl.SpuServiceImpl - [delete,192] - begin time: 1661868251708
2022-08-30 22:04:11.708 [shop-async-20] INFO  com.newboot.shop.admin.service.impl.SpuServiceImpl - [delete,192] - begin time: 1661868251708
2022-08-30 22:04:12.192 [shop-async-13] INFO  com.newboot.shop.admin.service.impl.SpuServiceImpl - [delete,197] - end time: 1661868252192
2022-08-30 22:04:12.192 [shop-async-18] INFO  com.newboot.shop.admin.service.impl.SpuServiceImpl - [delete,197] - end time: 1661868252192
2022-08-30 22:04:12.192 [shop-async-11] INFO  com.newboot.shop.admin.service.impl.SpuServiceImpl - [delete,197] - end time: 1661868252192
2022-08-30 22:04:12.192 [shop-async-13] INFO  com.newboot.shop.admin.service.impl.SpuServiceImpl - [delete,198] - use time: 486
2022-08-30 22:04:12.192 [shop-async-11] INFO  com.newboot.shop.admin.service.impl.SpuServiceImpl - [delete,198] - use time: 486
2022-08-30 22:04:12.192 [shop-async-5] INFO  com.newboot.shop.admin.service.impl.SpuServiceImpl - [delete,197] - end time: 1661868252192
2022-08-30 22:04:12.192 [shop-async-3] INFO  com.newboot.shop.admin.service.impl.SpuServiceImpl - [delete,197] - end time: 1661868252192
2022-08-30 22:04:12.192 [shop-async-12] INFO  com.newboot.shop.admin.service.impl.SpuServiceImpl - [delete,197] - end time: 1661868252192
2022-08-30 22:04:12.192 [shop-async-8] INFO  com.newboot.shop.admin.service.impl.SpuServiceImpl - [delete,197] - end time: 1661868252192
2022-08-30 22:04:12.192 [shop-async-5] INFO  com.newboot.shop.admin.service.impl.SpuServiceImpl - [delete,198] - use time: 487
2022-08-30 22:04:12.192 [shop-async-3] INFO  com.newboot.shop.admin.service.impl.SpuServiceImpl - [delete,198] - use time: 488
2022-08-30 22:04:12.192 [shop-async-18] INFO  com.newboot.shop.admin.service.impl.SpuServiceImpl - [delete,198] - use time: 484
2022-08-30 22:04:12.192 [shop-async-8] INFO  com.newboot.shop.admin.service.impl.SpuServiceImpl - [delete,198] - use time: 486
2022-08-30 22:04:12.192 [shop-async-1] INFO  com.newboot.shop.admin.service.impl.SpuServiceImpl - [delete,197] - end time: 1661868252192
2022-08-30 22:04:12.192 [shop-async-19] INFO  com.newboot.shop.admin.service.impl.SpuServiceImpl - [delete,197] - end time: 1661868252192
2022-08-30 22:04:12.192 [shop-async-15] INFO  com.newboot.shop.admin.service.impl.SpuServiceImpl - [delete,197] - end time: 1661868252192
2022-08-30 22:04:12.192 [shop-async-17] INFO  com.newboot.shop.admin.service.impl.SpuServiceImpl - [delete,197] - end time: 1661868252192
2022-08-30 22:04:12.192 [shop-async-12] INFO  com.newboot.shop.admin.service.impl.SpuServiceImpl - [delete,198] - use time: 485
2022-08-30 22:04:12.192 [shop-async-1] INFO  com.newboot.shop.admin.service.impl.SpuServiceImpl - [delete,198] - use time: 488
2022-08-30 22:04:12.192 [shop-async-19] INFO  com.newboot.shop.admin.service.impl.SpuServiceImpl - [delete,198] - use time: 484
2022-08-30 22:04:12.192 [shop-async-15] INFO  com.newboot.shop.admin.service.impl.SpuServiceImpl - [delete,198] - use time: 485
2022-08-30 22:04:12.192 [shop-async-17] INFO  com.newboot.shop.admin.service.impl.SpuServiceImpl - [delete,198] - use time: 484
2022-08-30 22:04:12.192 [shop-async-2] INFO  com.newboot.shop.admin.service.impl.SpuServiceImpl - [delete,197] - end time: 1661868252192
2022-08-30 22:04:12.192 [shop-async-2] INFO  com.newboot.shop.admin.service.impl.SpuServiceImpl - [delete,198] - use time: 488
2022-08-30 22:04:12.192 [shop-async-9] INFO  com.newboot.shop.admin.service.impl.SpuServiceImpl - [delete,197] - end time: 1661868252192
2022-08-30 22:04:12.192 [shop-async-9] INFO  com.newboot.shop.admin.service.impl.SpuServiceImpl - [delete,198] - use time: 485
2022-08-30 22:04:12.192 [shop-async-16] INFO  com.newboot.shop.admin.service.impl.SpuServiceImpl - [delete,197] - end time: 1661868252192
2022-08-30 22:04:12.192 [shop-async-4] INFO  com.newboot.shop.admin.service.impl.SpuServiceImpl - [delete,197] - end time: 1661868252192
2022-08-30 22:04:12.193 [shop-async-9] INFO  com.newboot.shop.admin.service.impl.SpuServiceImpl - [delete,192] - begin time: 1661868252193
2022-08-30 22:04:12.193 [shop-async-14] INFO  com.newboot.shop.admin.service.impl.SpuServiceImpl - [delete,197] - end time: 1661868252193
2022-08-30 22:04:12.193 [shop-async-2] INFO  com.newboot.shop.admin.service.impl.SpuServiceImpl - [delete,192] - begin time: 1661868252193
2022-08-30 22:04:12.193 [shop-async-4] INFO  com.newboot.shop.admin.service.impl.SpuServiceImpl - [delete,198] - use time: 489
2022-08-30 22:04:12.193 [shop-async-14] INFO  com.newboot.shop.admin.service.impl.SpuServiceImpl - [delete,198] - use time: 487
2022-08-30 22:04:12.193 [shop-async-17] INFO  com.newboot.shop.admin.service.impl.SpuServiceImpl - [delete,192] - begin time: 1661868252193
2022-08-30 22:04:12.193 [shop-async-15] INFO  com.newboot.shop.admin.service.impl.SpuServiceImpl - [delete,192] - begin time: 1661868252193
2022-08-30 22:04:12.192 [http-nio-28078-exec-8] INFO  com.newboot.shop.admin.service.impl.SpuServiceImpl - [delete,197] - end time: 1661868252192
2022-08-30 22:04:12.193 [shop-async-16] INFO  com.newboot.shop.admin.service.impl.SpuServiceImpl - [delete,198] - use time: 486
2022-08-30 22:04:12.193 [shop-async-13] INFO  com.newboot.shop.admin.service.impl.SpuServiceImpl - [delete,192] - begin time: 1661868252193
2022-08-30 22:04:12.193 [shop-async-19] INFO  com.newboot.shop.admin.service.impl.SpuServiceImpl - [delete,192] - begin time: 1661868252193
2022-08-30 22:04:12.193 [http-nio-28078-exec-8] INFO  com.newboot.shop.admin.service.impl.SpuServiceImpl - [delete,198] - use time: 486
2022-08-30 22:04:12.194 [shop-async-7] INFO  com.newboot.shop.admin.service.impl.SpuServiceImpl - [delete,197] - end time: 1661868252194
2022-08-30 22:04:12.194 [shop-async-7] INFO  com.newboot.shop.admin.service.impl.SpuServiceImpl - [delete,198] - use time: 489
2022-08-30 22:04:12.195 [shop-async-10] INFO  com.newboot.shop.admin.service.impl.SpuServiceImpl - [delete,197] - end time: 1661868252195
2022-08-30 22:04:12.195 [shop-async-6] INFO  com.newboot.shop.admin.service.impl.SpuServiceImpl - [delete,197] - end time: 1661868252195
2022-08-30 22:04:12.195 [shop-async-10] INFO  com.newboot.shop.admin.service.impl.SpuServiceImpl - [delete,198] - use time: 488
2022-08-30 22:04:12.195 [shop-async-6] INFO  com.newboot.shop.admin.service.impl.SpuServiceImpl - [delete,198] - use time: 490
2022-08-30 22:04:12.197 [shop-async-20] INFO  com.newboot.shop.admin.service.impl.SpuServiceImpl - [delete,197] - end time: 1661868252197
2022-08-30 22:04:12.197 [shop-async-20] INFO  com.newboot.shop.admin.service.impl.SpuServiceImpl - [delete,198] - use time: 489
2022-08-30 22:04:12.197 [shop-async-9] INFO  com.newboot.shop.admin.service.impl.SpuServiceImpl - [delete,197] - end time: 1661868252197
2022-08-30 22:04:12.197 [shop-async-9] INFO  com.newboot.shop.admin.service.impl.SpuServiceImpl - [delete,198] - use time: 4
2022-08-30 22:04:12.197 [shop-async-17] INFO  com.newboot.shop.admin.service.impl.SpuServiceImpl - [delete,197] - end time: 1661868252197
2022-08-30 22:04:12.197 [shop-async-13] INFO  com.newboot.shop.admin.service.impl.SpuServiceImpl - [delete,197] - end time: 1661868252197
2022-08-30 22:04:12.197 [shop-async-15] INFO  com.newboot.shop.admin.service.impl.SpuServiceImpl - [delete,197] - end time: 1661868252197
2022-08-30 22:04:12.197 [shop-async-17] INFO  com.newboot.shop.admin.service.impl.SpuServiceImpl - [delete,198] - use time: 4
2022-08-30 22:04:12.197 [shop-async-19] INFO  com.newboot.shop.admin.service.impl.SpuServiceImpl - [delete,197] - end time: 1661868252197
2022-08-30 22:04:12.197 [shop-async-15] INFO  com.newboot.shop.admin.service.impl.SpuServiceImpl - [delete,198] - use time: 4
2022-08-30 22:04:12.197 [shop-async-13] INFO  com.newboot.shop.admin.service.impl.SpuServiceImpl - [delete,198] - use time: 4
2022-08-30 22:04:12.198 [shop-async-19] INFO  com.newboot.shop.admin.service.impl.SpuServiceImpl - [delete,198] - use time: 4
2022-08-30 22:04:12.199 [shop-async-2] INFO  com.newboot.shop.admin.service.impl.SpuServiceImpl - [delete,197] - end time: 1661868252199
2022-08-30 22:04:12.199 [shop-async-2] INFO  com.newboot.shop.admin.service.impl.SpuServiceImpl - [delete,198] - use time: 6
2022-08-30 22:06:02.773 [restartedMain] INFO  com.newboot.shop.admin.ShopAdminApplication - [logStarting,55] - Starting ShopAdminApplication using Java 1.8.0_251 on DESKTOP-B6JBAVC with PID 7196 (D:\Git\Gitee\shop-springboot\shop-admin\target\classes started by Afterwards in D:\Git\Gitee\shop-springboot)
2022-08-30 22:06:02.775 [restartedMain] INFO  com.newboot.shop.admin.ShopAdminApplication - [logStartupProfileInfo,640] - The following 1 profile is active: "dev"
2022-08-30 22:06:03.936 [restartedMain] INFO  org.apache.coyote.http11.Http11NioProtocol - [log,173] - Initializing ProtocolHandler ["http-nio-28078"]
2022-08-30 22:06:03.937 [restartedMain] INFO  org.apache.catalina.core.StandardService - [log,173] - Starting service [Tomcat]
2022-08-30 22:06:03.937 [restartedMain] INFO  org.apache.catalina.core.StandardEngine - [log,173] - Starting Servlet engine: [Apache Tomcat/9.0.64]
2022-08-30 22:06:04.032 [restartedMain] INFO  o.a.c.core.ContainerBase.[Tomcat].[localhost].[/] - [log,173] - Initializing Spring embedded WebApplicationContext
2022-08-30 22:06:04.095 [restartedMain] INFO  c.a.d.s.b.a.DruidDataSourceAutoConfigure - [dataSource,56] - Init DruidDataSource
2022-08-30 22:06:04.313 [restartedMain] INFO  com.alibaba.druid.pool.DruidDataSource - [init,995] - {dataSource-1} inited
2022-08-30 22:06:04.616 [restartedMain] INFO  com.newboot.shop.admin.config.ThreadPoolConfig - [taskExecutor,66] - class com.newboot.shop.admin.config.ThreadPoolConfig set ThreadPoolTaskExecutor.
2022-08-30 22:06:04.617 [restartedMain] INFO  com.newboot.shop.admin.config.ThreadPoolConfig - [taskExecutor,86] - class com.newboot.shop.admin.config.ThreadPoolConfig set ThreadPoolTaskExecutor completed.
2022-08-30 22:06:05.494 [restartedMain] INFO  org.apache.coyote.http11.Http11NioProtocol - [log,173] - Starting ProtocolHandler ["http-nio-28078"]
2022-08-30 22:06:05.515 [restartedMain] INFO  com.newboot.shop.admin.ShopAdminApplication - [logStarted,61] - Started ShopAdminApplication in 3.17 seconds (JVM running for 3.925)
2022-08-30 22:06:15.995 [http-nio-28078-exec-1] INFO  o.a.c.core.ContainerBase.[Tomcat].[localhost].[/] - [log,173] - Initializing Spring DispatcherServlet 'dispatcherServlet'
2022-08-30 22:06:36.070 [http-nio-28078-exec-7] INFO  com.newboot.shop.admin.service.impl.SpuServiceImpl - [insert,119] - batisTime: 0.11
2022-08-30 22:06:38.977 [http-nio-28078-exec-7] INFO  com.newboot.shop.admin.service.impl.SpuServiceImpl - [insert,136] - batisTime: 2.905
2022-08-30 22:06:38.977 [http-nio-28078-exec-7] INFO  com.newboot.shop.admin.service.impl.SpuServiceImpl - [insert,137] - totalMybatisTime: 3.216 s
2022-08-30 22:07:12.097 [shop-async-1] INFO  com.newboot.shop.admin.service.impl.SpuServiceImpl - [delete,192] - begin time: 1661868432097
2022-08-30 22:07:12.936 [shop-async-1] INFO  com.newboot.shop.admin.service.impl.SpuServiceImpl - [delete,197] - end time: 1661868432936
2022-08-30 22:07:12.936 [shop-async-1] INFO  com.newboot.shop.admin.service.impl.SpuServiceImpl - [delete,198] - use time: 839
2022-08-30 22:21:44.213 [restartedMain] INFO  com.newboot.shop.admin.ShopAdminApplication - [logStarting,55] - Starting ShopAdminApplication using Java 1.8.0_251 on DESKTOP-B6JBAVC with PID 11704 (D:\Git\Gitee\shop-springboot\shop-admin\target\classes started by Afterwards in D:\Git\Gitee\shop-springboot)
2022-08-30 22:21:44.214 [restartedMain] INFO  com.newboot.shop.admin.ShopAdminApplication - [logStartupProfileInfo,640] - The following 1 profile is active: "dev"
2022-08-30 22:21:45.373 [restartedMain] INFO  org.apache.coyote.http11.Http11NioProtocol - [log,173] - Initializing ProtocolHandler ["http-nio-28078"]
2022-08-30 22:21:45.373 [restartedMain] INFO  org.apache.catalina.core.StandardService - [log,173] - Starting service [Tomcat]
2022-08-30 22:21:45.374 [restartedMain] INFO  org.apache.catalina.core.StandardEngine - [log,173] - Starting Servlet engine: [Apache Tomcat/9.0.64]
2022-08-30 22:21:45.470 [restartedMain] INFO  o.a.c.core.ContainerBase.[Tomcat].[localhost].[/] - [log,173] - Initializing Spring embedded WebApplicationContext
2022-08-30 22:21:45.530 [restartedMain] INFO  c.a.d.s.b.a.DruidDataSourceAutoConfigure - [dataSource,56] - Init DruidDataSource
2022-08-30 22:21:45.750 [restartedMain] INFO  com.alibaba.druid.pool.DruidDataSource - [init,995] - {dataSource-1} inited
2022-08-30 22:21:46.055 [restartedMain] INFO  com.newboot.shop.admin.config.ThreadPoolConfig - [taskExecutor,66] - class com.newboot.shop.admin.config.ThreadPoolConfig set ThreadPoolTaskExecutor.
2022-08-30 22:21:46.056 [restartedMain] INFO  com.newboot.shop.admin.config.ThreadPoolConfig - [taskExecutor,86] - class com.newboot.shop.admin.config.ThreadPoolConfig set ThreadPoolTaskExecutor completed.
2022-08-30 22:21:46.934 [restartedMain] INFO  org.apache.coyote.http11.Http11NioProtocol - [log,173] - Starting ProtocolHandler ["http-nio-28078"]
2022-08-30 22:21:46.955 [restartedMain] INFO  com.newboot.shop.admin.ShopAdminApplication - [logStarted,61] - Started ShopAdminApplication in 3.212 seconds (JVM running for 3.997)
2022-08-30 22:21:51.851 [http-nio-28078-exec-1] INFO  o.a.c.core.ContainerBase.[Tomcat].[localhost].[/] - [log,173] - Initializing Spring DispatcherServlet 'dispatcherServlet'
2022-08-30 22:22:08.147 [http-nio-28078-exec-7] INFO  com.newboot.shop.admin.service.impl.SpuServiceImpl - [insert,120] - batisTime: 0.101
2022-08-30 22:22:09.888 [http-nio-28078-exec-7] INFO  com.newboot.shop.admin.service.impl.SpuServiceImpl - [insert,137] - batisTime: 1.738
2022-08-30 22:22:09.889 [http-nio-28078-exec-7] INFO  com.newboot.shop.admin.service.impl.SpuServiceImpl - [insert,138] - totalMybatisTime: 2.084 s
2022-08-30 22:22:39.063 [http-nio-28078-exec-3] INFO  com.newboot.shop.admin.service.impl.SpuServiceImpl - [delete,192] - begin time: 1661869359063
2022-08-30 22:22:39.065 [http-nio-28078-exec-3] INFO  com.newboot.shop.admin.service.impl.SpuServiceImpl - [delete,202] - end time: 1661869359065
2022-08-30 22:22:39.065 [http-nio-28078-exec-3] INFO  com.newboot.shop.admin.service.impl.SpuServiceImpl - [delete,203] - use time: 2
2022-08-30 22:32:48.758 [restartedMain] INFO  com.newboot.shop.admin.ShopAdminApplication - [logStarting,55] - Starting ShopAdminApplication using Java 1.8.0_251 on DESKTOP-B6JBAVC with PID 14904 (D:\Git\Gitee\shop-springboot\shop-admin\target\classes started by Afterwards in D:\Git\Gitee\shop-springboot)
2022-08-30 22:32:48.760 [restartedMain] INFO  com.newboot.shop.admin.ShopAdminApplication - [logStartupProfileInfo,640] - The following 1 profile is active: "dev"
2022-08-30 22:32:49.925 [restartedMain] INFO  org.apache.coyote.http11.Http11NioProtocol - [log,173] - Initializing ProtocolHandler ["http-nio-28078"]
2022-08-30 22:32:49.925 [restartedMain] INFO  org.apache.catalina.core.StandardService - [log,173] - Starting service [Tomcat]
2022-08-30 22:32:49.927 [restartedMain] INFO  org.apache.catalina.core.StandardEngine - [log,173] - Starting Servlet engine: [Apache Tomcat/9.0.64]
2022-08-30 22:32:50.022 [restartedMain] INFO  o.a.c.core.ContainerBase.[Tomcat].[localhost].[/] - [log,173] - Initializing Spring embedded WebApplicationContext
2022-08-30 22:32:50.082 [restartedMain] INFO  c.a.d.s.b.a.DruidDataSourceAutoConfigure - [dataSource,56] - Init DruidDataSource
2022-08-30 22:32:50.301 [restartedMain] INFO  com.alibaba.druid.pool.DruidDataSource - [init,995] - {dataSource-1} inited
2022-08-30 22:32:50.596 [restartedMain] INFO  com.newboot.shop.admin.config.ThreadPoolConfig - [taskExecutor,66] - class com.newboot.shop.admin.config.ThreadPoolConfig set ThreadPoolTaskExecutor.
2022-08-30 22:32:50.597 [restartedMain] INFO  com.newboot.shop.admin.config.ThreadPoolConfig - [taskExecutor,86] - class com.newboot.shop.admin.config.ThreadPoolConfig set ThreadPoolTaskExecutor completed.
2022-08-30 22:32:51.484 [restartedMain] INFO  org.apache.coyote.http11.Http11NioProtocol - [log,173] - Starting ProtocolHandler ["http-nio-28078"]
2022-08-30 22:32:51.505 [restartedMain] INFO  com.newboot.shop.admin.ShopAdminApplication - [logStarted,61] - Started ShopAdminApplication in 3.182 seconds (JVM running for 3.931)
2022-08-30 22:32:56.967 [http-nio-28078-exec-2] INFO  o.a.c.core.ContainerBase.[Tomcat].[localhost].[/] - [log,173] - Initializing Spring DispatcherServlet 'dispatcherServlet'
2022-08-30 22:33:15.993 [http-nio-28078-exec-10] INFO  com.newboot.shop.admin.service.impl.SpuServiceImpl - [insert,120] - batisTime: 0.098
2022-08-30 22:33:17.821 [http-nio-28078-exec-10] INFO  com.newboot.shop.admin.service.impl.SpuServiceImpl - [insert,137] - batisTime: 1.825
2022-08-30 22:33:17.822 [http-nio-28078-exec-10] INFO  com.newboot.shop.admin.service.impl.SpuServiceImpl - [insert,138] - totalMybatisTime: 2.205 s
2022-08-30 22:36:14.938 [http-nio-28078-exec-6] INFO  com.newboot.shop.admin.service.impl.SpuServiceImpl - [delete,192] - begin time: 1661870174938
2022-08-30 22:36:14.939 [http-nio-28078-exec-6] INFO  com.newboot.shop.admin.service.impl.SpuServiceImpl - [delete,207] - end time: 1661870174939
2022-08-30 22:36:14.939 [http-nio-28078-exec-6] INFO  com.newboot.shop.admin.service.impl.SpuServiceImpl - [delete,208] - use time: 1
2022-08-30 22:38:47.760 [restartedMain] INFO  com.newboot.shop.admin.ShopAdminApplication - [logStarting,55] - Starting ShopAdminApplication using Java 1.8.0_251 on DESKTOP-B6JBAVC with PID 17156 (D:\Git\Gitee\shop-springboot\shop-admin\target\classes started by Afterwards in D:\Git\Gitee\shop-springboot)
2022-08-30 22:38:47.761 [restartedMain] INFO  com.newboot.shop.admin.ShopAdminApplication - [logStartupProfileInfo,640] - The following 1 profile is active: "dev"
2022-08-30 22:38:48.918 [restartedMain] INFO  org.apache.coyote.http11.Http11NioProtocol - [log,173] - Initializing ProtocolHandler ["http-nio-28078"]
2022-08-30 22:38:48.918 [restartedMain] INFO  org.apache.catalina.core.StandardService - [log,173] - Starting service [Tomcat]
2022-08-30 22:38:48.919 [restartedMain] INFO  org.apache.catalina.core.StandardEngine - [log,173] - Starting Servlet engine: [Apache Tomcat/9.0.64]
2022-08-30 22:38:49.014 [restartedMain] INFO  o.a.c.core.ContainerBase.[Tomcat].[localhost].[/] - [log,173] - Initializing Spring embedded WebApplicationContext
2022-08-30 22:38:49.085 [restartedMain] INFO  c.a.d.s.b.a.DruidDataSourceAutoConfigure - [dataSource,56] - Init DruidDataSource
2022-08-30 22:38:49.304 [restartedMain] INFO  com.alibaba.druid.pool.DruidDataSource - [init,995] - {dataSource-1} inited
2022-08-30 22:38:49.600 [restartedMain] INFO  com.newboot.shop.admin.config.ThreadPoolConfig - [taskExecutor,66] - class com.newboot.shop.admin.config.ThreadPoolConfig set ThreadPoolTaskExecutor.
2022-08-30 22:38:49.601 [restartedMain] INFO  com.newboot.shop.admin.config.ThreadPoolConfig - [taskExecutor,86] - class com.newboot.shop.admin.config.ThreadPoolConfig set ThreadPoolTaskExecutor completed.
2022-08-30 22:38:50.463 [restartedMain] INFO  org.apache.coyote.http11.Http11NioProtocol - [log,173] - Starting ProtocolHandler ["http-nio-28078"]
2022-08-30 22:38:50.484 [restartedMain] INFO  com.newboot.shop.admin.ShopAdminApplication - [logStarted,61] - Started ShopAdminApplication in 3.182 seconds (JVM running for 4.019)
2022-08-30 22:38:55.397 [http-nio-28078-exec-1] INFO  o.a.c.core.ContainerBase.[Tomcat].[localhost].[/] - [log,173] - Initializing Spring DispatcherServlet 'dispatcherServlet'
2022-08-30 22:39:16.643 [http-nio-28078-exec-10] INFO  com.newboot.shop.admin.service.impl.SpuServiceImpl - [insert,120] - batisTime: 0.107
2022-08-30 22:39:18.559 [http-nio-28078-exec-10] INFO  com.newboot.shop.admin.service.impl.SpuServiceImpl - [insert,137] - batisTime: 1.914
2022-08-30 22:39:18.560 [http-nio-28078-exec-10] INFO  com.newboot.shop.admin.service.impl.SpuServiceImpl - [insert,138] - totalMybatisTime: 2.41 s
2022-08-30 22:42:33.590 [http-nio-28078-exec-1] INFO  com.newboot.shop.admin.service.impl.SpuServiceImpl - [delete,192] - begin time: 1661870553590
2022-08-30 22:42:33.592 [http-nio-28078-exec-1] INFO  com.newboot.shop.admin.service.impl.SpuServiceImpl - [delete,204] - end time: 1661870553592
2022-08-30 22:42:33.592 [http-nio-28078-exec-1] INFO  com.newboot.shop.admin.service.impl.SpuServiceImpl - [delete,205] - use time: 2
2022-08-30 22:42:50.037 [http-nio-28078-exec-8] INFO  com.newboot.shop.admin.service.impl.SpuServiceImpl - [insert,120] - batisTime: 0.082
2022-08-30 22:42:51.820 [http-nio-28078-exec-8] INFO  com.newboot.shop.admin.service.impl.SpuServiceImpl - [insert,137] - batisTime: 1.781
2022-08-30 22:42:51.820 [http-nio-28078-exec-8] INFO  com.newboot.shop.admin.service.impl.SpuServiceImpl - [insert,138] - totalMybatisTime: 2.11 s
2022-08-30 22:43:11.875 [http-nio-28078-exec-8] INFO  com.newboot.shop.admin.service.impl.SpuServiceImpl - [delete,192] - begin time: 1661870591875
2022-08-30 22:43:11.875 [http-nio-28078-exec-8] INFO  com.newboot.shop.admin.service.impl.SpuServiceImpl - [delete,204] - end time: 1661870591875
2022-08-30 22:43:11.875 [http-nio-28078-exec-8] INFO  com.newboot.shop.admin.service.impl.SpuServiceImpl - [delete,205] - use time: 0
2022-08-30 22:43:31.482 [http-nio-28078-exec-4] INFO  com.newboot.shop.admin.service.impl.SpuServiceImpl - [insert,120] - batisTime: 0.118
2022-08-30 22:43:33.237 [http-nio-28078-exec-4] INFO  com.newboot.shop.admin.service.impl.SpuServiceImpl - [insert,137] - batisTime: 1.753
2022-08-30 22:43:33.237 [http-nio-28078-exec-4] INFO  com.newboot.shop.admin.service.impl.SpuServiceImpl - [insert,138] - totalMybatisTime: 2.062 s
2022-08-30 22:43:51.076 [http-nio-28078-exec-4] INFO  com.newboot.shop.admin.service.impl.SpuServiceImpl - [delete,192] - begin time: 1661870631076
2022-08-30 22:43:51.076 [http-nio-28078-exec-4] INFO  com.newboot.shop.admin.service.impl.SpuServiceImpl - [delete,204] - end time: 1661870631076
2022-08-30 22:43:51.076 [http-nio-28078-exec-4] INFO  com.newboot.shop.admin.service.impl.SpuServiceImpl - [delete,205] - use time: 0
2022-08-30 22:45:40.156 [restartedMain] INFO  com.newboot.shop.admin.ShopAdminApplication - [logStarting,55] - Starting ShopAdminApplication using Java 1.8.0_251 on DESKTOP-B6JBAVC with PID 11348 (D:\Git\Gitee\shop-springboot\shop-admin\target\classes started by Afterwards in D:\Git\Gitee\shop-springboot)
2022-08-30 22:45:40.158 [restartedMain] INFO  com.newboot.shop.admin.ShopAdminApplication - [logStartupProfileInfo,640] - The following 1 profile is active: "dev"
2022-08-30 22:45:41.359 [restartedMain] INFO  org.apache.coyote.http11.Http11NioProtocol - [log,173] - Initializing ProtocolHandler ["http-nio-28078"]
2022-08-30 22:45:41.359 [restartedMain] INFO  org.apache.catalina.core.StandardService - [log,173] - Starting service [Tomcat]
2022-08-30 22:45:41.359 [restartedMain] INFO  org.apache.catalina.core.StandardEngine - [log,173] - Starting Servlet engine: [Apache Tomcat/9.0.64]
2022-08-30 22:45:41.453 [restartedMain] INFO  o.a.c.core.ContainerBase.[Tomcat].[localhost].[/] - [log,173] - Initializing Spring embedded WebApplicationContext
2022-08-30 22:45:41.514 [restartedMain] INFO  c.a.d.s.b.a.DruidDataSourceAutoConfigure - [dataSource,56] - Init DruidDataSource
2022-08-30 22:45:41.735 [restartedMain] INFO  com.alibaba.druid.pool.DruidDataSource - [init,995] - {dataSource-1} inited
2022-08-30 22:45:42.027 [restartedMain] INFO  com.newboot.shop.admin.config.ThreadPoolConfig - [taskExecutor,66] - class com.newboot.shop.admin.config.ThreadPoolConfig set ThreadPoolTaskExecutor.
2022-08-30 22:45:42.028 [restartedMain] INFO  com.newboot.shop.admin.config.ThreadPoolConfig - [taskExecutor,86] - class com.newboot.shop.admin.config.ThreadPoolConfig set ThreadPoolTaskExecutor completed.
2022-08-30 22:45:42.924 [restartedMain] INFO  org.apache.coyote.http11.Http11NioProtocol - [log,173] - Starting ProtocolHandler ["http-nio-28078"]
2022-08-30 22:45:42.945 [restartedMain] INFO  com.newboot.shop.admin.ShopAdminApplication - [logStarted,61] - Started ShopAdminApplication in 3.261 seconds (JVM running for 4.09)
2022-08-30 22:45:51.531 [http-nio-28078-exec-1] INFO  o.a.c.core.ContainerBase.[Tomcat].[localhost].[/] - [log,173] - Initializing Spring DispatcherServlet 'dispatcherServlet'
2022-08-30 22:46:15.693 [http-nio-28078-exec-8] INFO  com.newboot.shop.admin.service.impl.SpuServiceImpl - [insert,121] - batisTime: 0.0
2022-08-30 22:46:15.697 [http-nio-28078-exec-8] INFO  com.newboot.shop.admin.service.impl.SpuServiceImpl - [insert,139] - batisTime: 0.001
2022-08-30 22:46:15.697 [http-nio-28078-exec-8] INFO  com.newboot.shop.admin.service.impl.SpuServiceImpl - [insert,140] - totalMybatisTime: 0.239 s
2022-08-30 22:46:50.500 [http-nio-28078-exec-8] INFO  com.newboot.shop.admin.service.impl.SpuServiceImpl - [delete,194] - begin time: 1661870810500
2022-08-30 22:46:50.501 [http-nio-28078-exec-8] INFO  com.newboot.shop.admin.service.impl.SpuServiceImpl - [delete,206] - end time: 1661870810501
2022-08-30 22:46:50.501 [http-nio-28078-exec-8] INFO  com.newboot.shop.admin.service.impl.SpuServiceImpl - [delete,207] - use time: 1
2022-08-30 22:47:10.650 [http-nio-28078-exec-8] INFO  com.newboot.shop.admin.service.impl.SpuServiceImpl - [insert,121] - batisTime: 0.0
2022-08-30 22:47:10.653 [http-nio-28078-exec-8] INFO  com.newboot.shop.admin.service.impl.SpuServiceImpl - [insert,139] - batisTime: 0.0
2022-08-30 22:47:10.653 [http-nio-28078-exec-8] INFO  com.newboot.shop.admin.service.impl.SpuServiceImpl - [insert,140] - totalMybatisTime: 0.302 s
2022-08-30 23:06:49.710 [restartedMain] INFO  com.newboot.shop.admin.ShopAdminApplication - [logStarting,55] - Starting ShopAdminApplication using Java 1.8.0_251 on DESKTOP-B6JBAVC with PID 18324 (D:\Git\Gitee\shop-springboot\shop-admin\target\classes started by Afterwards in D:\Git\Gitee\shop-springboot)
2022-08-30 23:06:49.711 [restartedMain] INFO  com.newboot.shop.admin.ShopAdminApplication - [logStartupProfileInfo,640] - The following 1 profile is active: "dev"
2022-08-30 23:06:50.869 [restartedMain] INFO  org.apache.coyote.http11.Http11NioProtocol - [log,173] - Initializing ProtocolHandler ["http-nio-28078"]
2022-08-30 23:06:50.870 [restartedMain] INFO  org.apache.catalina.core.StandardService - [log,173] - Starting service [Tomcat]
2022-08-30 23:06:50.870 [restartedMain] INFO  org.apache.catalina.core.StandardEngine - [log,173] - Starting Servlet engine: [Apache Tomcat/9.0.64]
2022-08-30 23:06:50.964 [restartedMain] INFO  o.a.c.core.ContainerBase.[Tomcat].[localhost].[/] - [log,173] - Initializing Spring embedded WebApplicationContext
2022-08-30 23:06:51.023 [restartedMain] INFO  c.a.d.s.b.a.DruidDataSourceAutoConfigure - [dataSource,56] - Init DruidDataSource
2022-08-30 23:06:51.244 [restartedMain] INFO  com.alibaba.druid.pool.DruidDataSource - [init,995] - {dataSource-1} inited
2022-08-30 23:06:51.530 [restartedMain] INFO  com.newboot.shop.admin.config.ThreadPoolConfig - [taskExecutor,66] - class com.newboot.shop.admin.config.ThreadPoolConfig set ThreadPoolTaskExecutor.
2022-08-30 23:06:51.531 [restartedMain] INFO  com.newboot.shop.admin.config.ThreadPoolConfig - [taskExecutor,86] - class com.newboot.shop.admin.config.ThreadPoolConfig set ThreadPoolTaskExecutor completed.
2022-08-30 23:06:52.412 [restartedMain] INFO  org.apache.coyote.http11.Http11NioProtocol - [log,173] - Starting ProtocolHandler ["http-nio-28078"]
2022-08-30 23:06:52.433 [restartedMain] INFO  com.newboot.shop.admin.ShopAdminApplication - [logStarted,61] - Started ShopAdminApplication in 3.156 seconds (JVM running for 3.876)
2022-08-30 23:07:13.908 [http-nio-28078-exec-1] INFO  o.a.c.core.ContainerBase.[Tomcat].[localhost].[/] - [log,173] - Initializing Spring DispatcherServlet 'dispatcherServlet'
2022-08-30 23:07:30.812 [http-nio-28078-exec-9] INFO  com.newboot.shop.admin.service.impl.SpuServiceImpl - [insert,121] - batisTime: 0.001
2022-08-30 23:07:30.814 [http-nio-28078-exec-9] INFO  com.newboot.shop.admin.service.impl.SpuServiceImpl - [insert,139] - batisTime: 0.0
2022-08-30 23:07:30.814 [http-nio-28078-exec-9] INFO  com.newboot.shop.admin.service.impl.SpuServiceImpl - [insert,140] - totalMybatisTime: 0.222 s
2022-08-30 23:13:10.026 [http-nio-28078-exec-5] INFO  com.newboot.shop.admin.service.impl.SpuServiceImpl - [delete,194] - begin time: 1661872390026
2022-08-30 23:13:10.026 [http-nio-28078-exec-5] INFO  com.newboot.shop.admin.service.impl.SpuServiceImpl - [delete,206] - end time: 1661872390026
2022-08-30 23:13:10.026 [http-nio-28078-exec-5] INFO  com.newboot.shop.admin.service.impl.SpuServiceImpl - [delete,207] - use time: 0
