2022-08-21 11:27:33.377 [restartedMain] INFO  com.newboot.shop.admin.ShopAdminApplication - [logStarting,55] - Starting ShopAdminApplication using Java 1.8.0_251 on DESKTOP-B6JBAVC with PID 13824 (D:\Git\Gitee\shop-springboot\shop-admin\target\classes started by Afterwards in D:\Git\Gitee\shop-springboot)
2022-08-21 11:27:33.381 [restartedMain] INFO  com.newboot.shop.admin.ShopAdminApplication - [logStartupProfileInfo,640] - The following 1 profile is active: "dev"
2022-08-21 11:27:37.567 [restartedMain] INFO  org.apache.coyote.http11.Http11NioProtocol - [log,173] - Initializing ProtocolHandler ["http-nio-28078"]
2022-08-21 11:27:37.568 [restartedMain] INFO  org.apache.catalina.core.StandardService - [log,173] - Starting service [Tomcat]
2022-08-21 11:27:37.568 [restartedMain] INFO  org.apache.catalina.core.StandardEngine - [log,173] - Starting Servlet engine: [Apache Tomcat/9.0.64]
2022-08-21 11:27:37.745 [restartedMain] INFO  o.a.c.core.ContainerBase.[Tomcat].[localhost].[/] - [log,173] - Initializing Spring embedded WebApplicationContext
2022-08-21 11:27:37.862 [restartedMain] INFO  c.a.d.s.b.a.DruidDataSourceAutoConfigure - [dataSource,56] - Init DruidDataSource
2022-08-21 11:27:38.306 [restartedMain] INFO  com.alibaba.druid.pool.DruidDataSource - [init,995] - {dataSource-1} inited
2022-08-21 11:27:41.088 [restartedMain] INFO  org.apache.coyote.http11.Http11NioProtocol - [log,173] - Starting ProtocolHandler ["http-nio-28078"]
2022-08-21 11:27:41.139 [restartedMain] INFO  com.newboot.shop.admin.ShopAdminApplication - [logStarted,61] - Started ShopAdminApplication in 8.779 seconds (JVM running for 10.042)
2022-08-21 11:31:07.086 [restartedMain] INFO  com.newboot.shop.admin.ShopAdminApplication - [logStarting,55] - Starting ShopAdminApplication using Java 1.8.0_251 on DESKTOP-B6JBAVC with PID 8612 (D:\Git\Gitee\shop-springboot\shop-admin\target\classes started by Afterwards in D:\Git\Gitee\shop-springboot)
2022-08-21 11:31:07.087 [restartedMain] INFO  com.newboot.shop.admin.ShopAdminApplication - [logStartupProfileInfo,640] - The following 1 profile is active: "dev"
2022-08-21 11:31:08.246 [restartedMain] INFO  org.apache.coyote.http11.Http11NioProtocol - [log,173] - Initializing ProtocolHandler ["http-nio-28078"]
2022-08-21 11:31:08.247 [restartedMain] INFO  org.apache.catalina.core.StandardService - [log,173] - Starting service [Tomcat]
2022-08-21 11:31:08.247 [restartedMain] INFO  org.apache.catalina.core.StandardEngine - [log,173] - Starting Servlet engine: [Apache Tomcat/9.0.64]
2022-08-21 11:31:08.342 [restartedMain] INFO  o.a.c.core.ContainerBase.[Tomcat].[localhost].[/] - [log,173] - Initializing Spring embedded WebApplicationContext
2022-08-21 11:31:08.401 [restartedMain] INFO  c.a.d.s.b.a.DruidDataSourceAutoConfigure - [dataSource,56] - Init DruidDataSource
2022-08-21 11:31:08.624 [restartedMain] INFO  com.alibaba.druid.pool.DruidDataSource - [init,995] - {dataSource-1} inited
2022-08-21 11:31:09.803 [restartedMain] INFO  org.apache.coyote.http11.Http11NioProtocol - [log,173] - Starting ProtocolHandler ["http-nio-28078"]
2022-08-21 11:31:09.824 [restartedMain] INFO  com.newboot.shop.admin.ShopAdminApplication - [logStarted,61] - Started ShopAdminApplication in 3.179 seconds (JVM running for 3.974)
2022-08-21 11:31:34.769 [http-nio-28078-exec-1] INFO  o.a.c.core.ContainerBase.[Tomcat].[localhost].[/] - [log,173] - Initializing Spring DispatcherServlet 'dispatcherServlet'
2022-08-21 11:43:03.841 [Thread-13] INFO  com.alibaba.druid.pool.DruidDataSource - [close,2073] - {dataSource-1} closing ...
2022-08-21 11:43:03.846 [Thread-13] INFO  com.alibaba.druid.pool.DruidDataSource - [close,2146] - {dataSource-1} closed
2022-08-21 11:43:04.048 [restartedMain] INFO  com.newboot.shop.admin.ShopAdminApplication - [logStarting,55] - Starting ShopAdminApplication using Java 1.8.0_251 on DESKTOP-B6JBAVC with PID 8612 (D:\Git\Gitee\shop-springboot\shop-admin\target\classes started by Afterwards in D:\Git\Gitee\shop-springboot)
2022-08-21 11:43:04.049 [restartedMain] INFO  com.newboot.shop.admin.ShopAdminApplication - [logStartupProfileInfo,640] - The following 1 profile is active: "dev"
2022-08-21 11:43:04.337 [restartedMain] INFO  org.apache.coyote.http11.Http11NioProtocol - [log,173] - Initializing ProtocolHandler ["http-nio-28078"]
2022-08-21 11:43:04.337 [restartedMain] INFO  org.apache.catalina.core.StandardService - [log,173] - Starting service [Tomcat]
2022-08-21 11:43:04.337 [restartedMain] INFO  org.apache.catalina.core.StandardEngine - [log,173] - Starting Servlet engine: [Apache Tomcat/9.0.64]
2022-08-21 11:43:04.368 [restartedMain] INFO  o.a.c.core.ContainerBase.[Tomcat].[localhost].[/] - [log,173] - Initializing Spring embedded WebApplicationContext
2022-08-21 11:43:04.481 [restartedMain] INFO  c.a.d.s.b.a.DruidDataSourceAutoConfigure - [dataSource,56] - Init DruidDataSource
2022-08-21 11:43:04.530 [restartedMain] INFO  com.alibaba.druid.pool.DruidDataSource - [init,995] - {dataSource-2} inited
2022-08-21 11:43:04.557 [restartedMain] INFO  com.alibaba.druid.pool.DruidDataSource - [close,2073] - {dataSource-2} closing ...
2022-08-21 11:43:04.558 [restartedMain] INFO  com.alibaba.druid.pool.DruidDataSource - [close,2146] - {dataSource-2} closed
2022-08-21 11:43:04.559 [restartedMain] INFO  org.apache.catalina.core.StandardService - [log,173] - Stopping service [Tomcat]
2022-08-21 11:43:08.739 [restartedMain] INFO  com.newboot.shop.admin.ShopAdminApplication - [logStarting,55] - Starting ShopAdminApplication using Java 1.8.0_251 on DESKTOP-B6JBAVC with PID 8612 (D:\Git\Gitee\shop-springboot\shop-admin\target\classes started by Afterwards in D:\Git\Gitee\shop-springboot)
2022-08-21 11:43:08.739 [restartedMain] INFO  com.newboot.shop.admin.ShopAdminApplication - [logStartupProfileInfo,640] - The following 1 profile is active: "dev"
2022-08-21 11:43:09.336 [restartedMain] INFO  org.apache.coyote.http11.Http11NioProtocol - [log,173] - Initializing ProtocolHandler ["http-nio-28078"]
2022-08-21 11:43:09.336 [restartedMain] INFO  org.apache.catalina.core.StandardService - [log,173] - Starting service [Tomcat]
2022-08-21 11:43:09.337 [restartedMain] INFO  org.apache.catalina.core.StandardEngine - [log,173] - Starting Servlet engine: [Apache Tomcat/9.0.64]
2022-08-21 11:43:09.364 [restartedMain] INFO  o.a.c.c.ContainerBase.[Tomcat-1].[localhost].[/] - [log,173] - Initializing Spring embedded WebApplicationContext
2022-08-21 11:43:09.397 [restartedMain] INFO  c.a.d.s.b.a.DruidDataSourceAutoConfigure - [dataSource,56] - Init DruidDataSource
2022-08-21 11:43:09.447 [restartedMain] INFO  com.alibaba.druid.pool.DruidDataSource - [init,995] - {dataSource-3} inited
2022-08-21 11:43:09.968 [restartedMain] INFO  org.apache.coyote.http11.Http11NioProtocol - [log,173] - Starting ProtocolHandler ["http-nio-28078"]
2022-08-21 11:43:09.975 [restartedMain] INFO  com.newboot.shop.admin.ShopAdminApplication - [logStarted,61] - Started ShopAdminApplication in 1.291 seconds (JVM running for 724.124)
2022-08-21 11:43:39.831 [restartedMain] INFO  com.newboot.shop.admin.ShopAdminApplication - [logStarting,55] - Starting ShopAdminApplication using Java 1.8.0_251 on DESKTOP-B6JBAVC with PID 3376 (D:\Git\Gitee\shop-springboot\shop-admin\target\classes started by Afterwards in D:\Git\Gitee\shop-springboot)
2022-08-21 11:43:39.833 [restartedMain] INFO  com.newboot.shop.admin.ShopAdminApplication - [logStartupProfileInfo,640] - The following 1 profile is active: "dev"
2022-08-21 11:43:40.984 [restartedMain] INFO  org.apache.coyote.http11.Http11NioProtocol - [log,173] - Initializing ProtocolHandler ["http-nio-28078"]
2022-08-21 11:43:40.984 [restartedMain] INFO  org.apache.catalina.core.StandardService - [log,173] - Starting service [Tomcat]
2022-08-21 11:43:40.985 [restartedMain] INFO  org.apache.catalina.core.StandardEngine - [log,173] - Starting Servlet engine: [Apache Tomcat/9.0.64]
2022-08-21 11:43:41.079 [restartedMain] INFO  o.a.c.core.ContainerBase.[Tomcat].[localhost].[/] - [log,173] - Initializing Spring embedded WebApplicationContext
2022-08-21 11:43:41.135 [restartedMain] INFO  c.a.d.s.b.a.DruidDataSourceAutoConfigure - [dataSource,56] - Init DruidDataSource
2022-08-21 11:43:41.353 [restartedMain] INFO  com.alibaba.druid.pool.DruidDataSource - [init,995] - {dataSource-1} inited
2022-08-21 11:43:42.514 [restartedMain] INFO  org.apache.coyote.http11.Http11NioProtocol - [log,173] - Starting ProtocolHandler ["http-nio-28078"]
2022-08-21 11:43:42.534 [restartedMain] INFO  com.newboot.shop.admin.ShopAdminApplication - [logStarted,61] - Started ShopAdminApplication in 3.149 seconds (JVM running for 3.952)
2022-08-21 11:43:47.342 [http-nio-28078-exec-1] INFO  o.a.c.core.ContainerBase.[Tomcat].[localhost].[/] - [log,173] - Initializing Spring DispatcherServlet 'dispatcherServlet'
2022-08-21 12:00:58.580 [restartedMain] INFO  com.newboot.shop.admin.ShopAdminApplication - [logStarting,55] - Starting ShopAdminApplication using Java 1.8.0_251 on DESKTOP-B6JBAVC with PID 7524 (D:\Git\Gitee\shop-springboot\shop-admin\target\classes started by Afterwards in D:\Git\Gitee\shop-springboot)
2022-08-21 12:00:58.581 [restartedMain] INFO  com.newboot.shop.admin.ShopAdminApplication - [logStartupProfileInfo,640] - The following 1 profile is active: "dev"
2022-08-21 12:00:59.761 [restartedMain] INFO  org.apache.coyote.http11.Http11NioProtocol - [log,173] - Initializing ProtocolHandler ["http-nio-28078"]
2022-08-21 12:00:59.761 [restartedMain] INFO  org.apache.catalina.core.StandardService - [log,173] - Starting service [Tomcat]
2022-08-21 12:00:59.762 [restartedMain] INFO  org.apache.catalina.core.StandardEngine - [log,173] - Starting Servlet engine: [Apache Tomcat/9.0.64]
2022-08-21 12:00:59.856 [restartedMain] INFO  o.a.c.core.ContainerBase.[Tomcat].[localhost].[/] - [log,173] - Initializing Spring embedded WebApplicationContext
2022-08-21 12:00:59.912 [restartedMain] INFO  c.a.d.s.b.a.DruidDataSourceAutoConfigure - [dataSource,56] - Init DruidDataSource
2022-08-21 12:01:00.140 [restartedMain] INFO  com.alibaba.druid.pool.DruidDataSource - [init,995] - {dataSource-1} inited
2022-08-21 12:01:01.321 [restartedMain] INFO  org.apache.coyote.http11.Http11NioProtocol - [log,173] - Starting ProtocolHandler ["http-nio-28078"]
2022-08-21 12:01:01.342 [restartedMain] INFO  com.newboot.shop.admin.ShopAdminApplication - [logStarted,61] - Started ShopAdminApplication in 3.179 seconds (JVM running for 3.964)
2022-08-21 12:01:04.444 [http-nio-28078-exec-1] INFO  o.a.c.core.ContainerBase.[Tomcat].[localhost].[/] - [log,173] - Initializing Spring DispatcherServlet 'dispatcherServlet'
2022-08-21 12:04:55.674 [restartedMain] INFO  com.newboot.shop.admin.ShopAdminApplication - [logStarting,55] - Starting ShopAdminApplication using Java 1.8.0_251 on DESKTOP-B6JBAVC with PID 7508 (D:\Git\Gitee\shop-springboot\shop-admin\target\classes started by Afterwards in D:\Git\Gitee\shop-springboot)
2022-08-21 12:04:55.676 [restartedMain] INFO  com.newboot.shop.admin.ShopAdminApplication - [logStartupProfileInfo,640] - The following 1 profile is active: "dev"
2022-08-21 12:04:56.881 [restartedMain] INFO  org.apache.coyote.http11.Http11NioProtocol - [log,173] - Initializing ProtocolHandler ["http-nio-28078"]
2022-08-21 12:04:56.881 [restartedMain] INFO  org.apache.catalina.core.StandardService - [log,173] - Starting service [Tomcat]
2022-08-21 12:04:56.881 [restartedMain] INFO  org.apache.catalina.core.StandardEngine - [log,173] - Starting Servlet engine: [Apache Tomcat/9.0.64]
2022-08-21 12:04:56.976 [restartedMain] INFO  o.a.c.core.ContainerBase.[Tomcat].[localhost].[/] - [log,173] - Initializing Spring embedded WebApplicationContext
2022-08-21 12:04:57.033 [restartedMain] INFO  c.a.d.s.b.a.DruidDataSourceAutoConfigure - [dataSource,56] - Init DruidDataSource
2022-08-21 12:04:57.262 [restartedMain] INFO  com.alibaba.druid.pool.DruidDataSource - [init,995] - {dataSource-1} inited
2022-08-21 12:04:58.449 [restartedMain] INFO  org.apache.coyote.http11.Http11NioProtocol - [log,173] - Starting ProtocolHandler ["http-nio-28078"]
2022-08-21 12:04:58.477 [restartedMain] INFO  com.newboot.shop.admin.ShopAdminApplication - [logStarted,61] - Started ShopAdminApplication in 3.251 seconds (JVM running for 4.046)
2022-08-21 12:05:07.096 [http-nio-28078-exec-2] INFO  o.a.c.core.ContainerBase.[Tomcat].[localhost].[/] - [log,173] - Initializing Spring DispatcherServlet 'dispatcherServlet'
2022-08-21 12:07:24.420 [restartedMain] INFO  com.newboot.shop.admin.ShopAdminApplication - [logStarting,55] - Starting ShopAdminApplication using Java 1.8.0_251 on DESKTOP-B6JBAVC with PID 1892 (D:\Git\Gitee\shop-springboot\shop-admin\target\classes started by Afterwards in D:\Git\Gitee\shop-springboot)
2022-08-21 12:07:24.421 [restartedMain] INFO  com.newboot.shop.admin.ShopAdminApplication - [logStartupProfileInfo,640] - The following 1 profile is active: "dev"
2022-08-21 12:07:25.567 [restartedMain] INFO  org.apache.coyote.http11.Http11NioProtocol - [log,173] - Initializing ProtocolHandler ["http-nio-28078"]
2022-08-21 12:07:25.567 [restartedMain] INFO  org.apache.catalina.core.StandardService - [log,173] - Starting service [Tomcat]
2022-08-21 12:07:25.567 [restartedMain] INFO  org.apache.catalina.core.StandardEngine - [log,173] - Starting Servlet engine: [Apache Tomcat/9.0.64]
2022-08-21 12:07:25.661 [restartedMain] INFO  o.a.c.core.ContainerBase.[Tomcat].[localhost].[/] - [log,173] - Initializing Spring embedded WebApplicationContext
2022-08-21 12:07:25.715 [restartedMain] INFO  c.a.d.s.b.a.DruidDataSourceAutoConfigure - [dataSource,56] - Init DruidDataSource
2022-08-21 12:07:25.937 [restartedMain] INFO  com.alibaba.druid.pool.DruidDataSource - [init,995] - {dataSource-1} inited
2022-08-21 12:07:27.125 [restartedMain] INFO  org.apache.coyote.http11.Http11NioProtocol - [log,173] - Starting ProtocolHandler ["http-nio-28078"]
2022-08-21 12:07:27.153 [restartedMain] INFO  com.newboot.shop.admin.ShopAdminApplication - [logStarted,61] - Started ShopAdminApplication in 3.147 seconds (JVM running for 3.935)
2022-08-21 12:07:30.059 [http-nio-28078-exec-1] INFO  o.a.c.core.ContainerBase.[Tomcat].[localhost].[/] - [log,173] - Initializing Spring DispatcherServlet 'dispatcherServlet'
2022-08-21 12:11:51.876 [restartedMain] INFO  com.newboot.shop.admin.ShopAdminApplication - [logStarting,55] - Starting ShopAdminApplication using Java 1.8.0_251 on DESKTOP-B6JBAVC with PID 7952 (D:\Git\Gitee\shop-springboot\shop-admin\target\classes started by Afterwards in D:\Git\Gitee\shop-springboot)
2022-08-21 12:11:51.877 [restartedMain] INFO  com.newboot.shop.admin.ShopAdminApplication - [logStartupProfileInfo,640] - The following 1 profile is active: "dev"
2022-08-21 12:11:53.032 [restartedMain] INFO  org.apache.coyote.http11.Http11NioProtocol - [log,173] - Initializing ProtocolHandler ["http-nio-28078"]
2022-08-21 12:11:53.033 [restartedMain] INFO  org.apache.catalina.core.StandardService - [log,173] - Starting service [Tomcat]
2022-08-21 12:11:53.033 [restartedMain] INFO  org.apache.catalina.core.StandardEngine - [log,173] - Starting Servlet engine: [Apache Tomcat/9.0.64]
2022-08-21 12:11:53.127 [restartedMain] INFO  o.a.c.core.ContainerBase.[Tomcat].[localhost].[/] - [log,173] - Initializing Spring embedded WebApplicationContext
2022-08-21 12:11:53.185 [restartedMain] INFO  c.a.d.s.b.a.DruidDataSourceAutoConfigure - [dataSource,56] - Init DruidDataSource
2022-08-21 12:11:53.406 [restartedMain] INFO  com.alibaba.druid.pool.DruidDataSource - [init,995] - {dataSource-1} inited
2022-08-21 12:11:54.554 [restartedMain] INFO  org.apache.coyote.http11.Http11NioProtocol - [log,173] - Starting ProtocolHandler ["http-nio-28078"]
2022-08-21 12:11:54.575 [restartedMain] INFO  com.newboot.shop.admin.ShopAdminApplication - [logStarted,61] - Started ShopAdminApplication in 3.171 seconds (JVM running for 3.966)
2022-08-21 12:11:57.121 [http-nio-28078-exec-1] INFO  o.a.c.core.ContainerBase.[Tomcat].[localhost].[/] - [log,173] - Initializing Spring DispatcherServlet 'dispatcherServlet'
2022-08-21 12:12:58.977 [restartedMain] INFO  com.newboot.shop.admin.ShopAdminApplication - [logStarting,55] - Starting ShopAdminApplication using Java 1.8.0_251 on DESKTOP-B6JBAVC with PID 6332 (D:\Git\Gitee\shop-springboot\shop-admin\target\classes started by Afterwards in D:\Git\Gitee\shop-springboot)
2022-08-21 12:12:58.979 [restartedMain] INFO  com.newboot.shop.admin.ShopAdminApplication - [logStartupProfileInfo,640] - The following 1 profile is active: "dev"
2022-08-21 12:13:00.124 [restartedMain] INFO  org.apache.coyote.http11.Http11NioProtocol - [log,173] - Initializing ProtocolHandler ["http-nio-28078"]
2022-08-21 12:13:00.125 [restartedMain] INFO  org.apache.catalina.core.StandardService - [log,173] - Starting service [Tomcat]
2022-08-21 12:13:00.125 [restartedMain] INFO  org.apache.catalina.core.StandardEngine - [log,173] - Starting Servlet engine: [Apache Tomcat/9.0.64]
2022-08-21 12:13:00.219 [restartedMain] INFO  o.a.c.core.ContainerBase.[Tomcat].[localhost].[/] - [log,173] - Initializing Spring embedded WebApplicationContext
2022-08-21 12:13:00.276 [restartedMain] INFO  c.a.d.s.b.a.DruidDataSourceAutoConfigure - [dataSource,56] - Init DruidDataSource
2022-08-21 12:13:00.495 [restartedMain] INFO  com.alibaba.druid.pool.DruidDataSource - [init,995] - {dataSource-1} inited
2022-08-21 12:13:01.642 [restartedMain] INFO  org.apache.coyote.http11.Http11NioProtocol - [log,173] - Starting ProtocolHandler ["http-nio-28078"]
2022-08-21 12:13:01.663 [restartedMain] INFO  com.newboot.shop.admin.ShopAdminApplication - [logStarted,61] - Started ShopAdminApplication in 3.113 seconds (JVM running for 3.908)
2022-08-21 12:13:04.131 [http-nio-28078-exec-1] INFO  o.a.c.core.ContainerBase.[Tomcat].[localhost].[/] - [log,173] - Initializing Spring DispatcherServlet 'dispatcherServlet'
2022-08-21 12:20:33.762 [restartedMain] INFO  com.newboot.shop.admin.ShopAdminApplication - [logStarting,55] - Starting ShopAdminApplication using Java 1.8.0_251 on DESKTOP-B6JBAVC with PID 13836 (D:\Git\Gitee\shop-springboot\shop-admin\target\classes started by Afterwards in D:\Git\Gitee\shop-springboot)
2022-08-21 12:20:33.763 [restartedMain] INFO  com.newboot.shop.admin.ShopAdminApplication - [logStartupProfileInfo,640] - The following 1 profile is active: "dev"
2022-08-21 12:20:34.896 [restartedMain] INFO  org.apache.coyote.http11.Http11NioProtocol - [log,173] - Initializing ProtocolHandler ["http-nio-28078"]
2022-08-21 12:20:34.897 [restartedMain] INFO  org.apache.catalina.core.StandardService - [log,173] - Starting service [Tomcat]
2022-08-21 12:20:34.897 [restartedMain] INFO  org.apache.catalina.core.StandardEngine - [log,173] - Starting Servlet engine: [Apache Tomcat/9.0.64]
2022-08-21 12:20:34.992 [restartedMain] INFO  o.a.c.core.ContainerBase.[Tomcat].[localhost].[/] - [log,173] - Initializing Spring embedded WebApplicationContext
2022-08-21 12:20:35.048 [restartedMain] INFO  c.a.d.s.b.a.DruidDataSourceAutoConfigure - [dataSource,56] - Init DruidDataSource
2022-08-21 12:20:35.270 [restartedMain] INFO  com.alibaba.druid.pool.DruidDataSource - [init,995] - {dataSource-1} inited
2022-08-21 12:20:36.455 [restartedMain] INFO  org.apache.coyote.http11.Http11NioProtocol - [log,173] - Starting ProtocolHandler ["http-nio-28078"]
2022-08-21 12:20:36.476 [restartedMain] INFO  com.newboot.shop.admin.ShopAdminApplication - [logStarted,61] - Started ShopAdminApplication in 3.191 seconds (JVM running for 3.934)
2022-08-21 12:20:41.937 [http-nio-28078-exec-1] INFO  o.a.c.core.ContainerBase.[Tomcat].[localhost].[/] - [log,173] - Initializing Spring DispatcherServlet 'dispatcherServlet'
2022-08-21 12:21:47.186 [restartedMain] INFO  com.newboot.shop.admin.ShopAdminApplication - [logStarting,55] - Starting ShopAdminApplication using Java 1.8.0_251 on DESKTOP-B6JBAVC with PID 13948 (D:\Git\Gitee\shop-springboot\shop-admin\target\classes started by Afterwards in D:\Git\Gitee\shop-springboot)
2022-08-21 12:21:47.188 [restartedMain] INFO  com.newboot.shop.admin.ShopAdminApplication - [logStartupProfileInfo,640] - The following 1 profile is active: "dev"
2022-08-21 12:21:48.351 [restartedMain] INFO  org.apache.coyote.http11.Http11NioProtocol - [log,173] - Initializing ProtocolHandler ["http-nio-28078"]
2022-08-21 12:21:48.351 [restartedMain] INFO  org.apache.catalina.core.StandardService - [log,173] - Starting service [Tomcat]
2022-08-21 12:21:48.351 [restartedMain] INFO  org.apache.catalina.core.StandardEngine - [log,173] - Starting Servlet engine: [Apache Tomcat/9.0.64]
2022-08-21 12:21:48.447 [restartedMain] INFO  o.a.c.core.ContainerBase.[Tomcat].[localhost].[/] - [log,173] - Initializing Spring embedded WebApplicationContext
2022-08-21 12:21:48.512 [restartedMain] INFO  c.a.d.s.b.a.DruidDataSourceAutoConfigure - [dataSource,56] - Init DruidDataSource
2022-08-21 12:21:48.732 [restartedMain] INFO  com.alibaba.druid.pool.DruidDataSource - [init,995] - {dataSource-1} inited
2022-08-21 12:21:49.895 [restartedMain] INFO  org.apache.coyote.http11.Http11NioProtocol - [log,173] - Starting ProtocolHandler ["http-nio-28078"]
2022-08-21 12:21:49.916 [restartedMain] INFO  com.newboot.shop.admin.ShopAdminApplication - [logStarted,61] - Started ShopAdminApplication in 3.214 seconds (JVM running for 4.091)
2022-08-21 12:21:52.503 [http-nio-28078-exec-1] INFO  o.a.c.core.ContainerBase.[Tomcat].[localhost].[/] - [log,173] - Initializing Spring DispatcherServlet 'dispatcherServlet'
2022-08-21 12:22:50.241 [restartedMain] INFO  com.newboot.shop.admin.ShopAdminApplication - [logStarting,55] - Starting ShopAdminApplication using Java 1.8.0_251 on DESKTOP-B6JBAVC with PID 1948 (D:\Git\Gitee\shop-springboot\shop-admin\target\classes started by Afterwards in D:\Git\Gitee\shop-springboot)
2022-08-21 12:22:50.242 [restartedMain] INFO  com.newboot.shop.admin.ShopAdminApplication - [logStartupProfileInfo,640] - The following 1 profile is active: "dev"
2022-08-21 12:22:57.305 [restartedMain] INFO  com.newboot.shop.admin.ShopAdminApplication - [logStarting,55] - Starting ShopAdminApplication using Java 1.8.0_251 on DESKTOP-B6JBAVC with PID 13440 (D:\Git\Gitee\shop-springboot\shop-admin\target\classes started by Afterwards in D:\Git\Gitee\shop-springboot)
2022-08-21 12:22:57.307 [restartedMain] INFO  com.newboot.shop.admin.ShopAdminApplication - [logStartupProfileInfo,640] - The following 1 profile is active: "dev"
2022-08-21 12:22:58.448 [restartedMain] INFO  org.apache.coyote.http11.Http11NioProtocol - [log,173] - Initializing ProtocolHandler ["http-nio-28078"]
2022-08-21 12:22:58.448 [restartedMain] INFO  org.apache.catalina.core.StandardService - [log,173] - Starting service [Tomcat]
2022-08-21 12:22:58.448 [restartedMain] INFO  org.apache.catalina.core.StandardEngine - [log,173] - Starting Servlet engine: [Apache Tomcat/9.0.64]
2022-08-21 12:22:58.542 [restartedMain] INFO  o.a.c.core.ContainerBase.[Tomcat].[localhost].[/] - [log,173] - Initializing Spring embedded WebApplicationContext
2022-08-21 12:22:58.598 [restartedMain] INFO  c.a.d.s.b.a.DruidDataSourceAutoConfigure - [dataSource,56] - Init DruidDataSource
2022-08-21 12:22:58.818 [restartedMain] INFO  com.alibaba.druid.pool.DruidDataSource - [init,995] - {dataSource-1} inited
2022-08-21 12:22:59.977 [restartedMain] INFO  org.apache.coyote.http11.Http11NioProtocol - [log,173] - Starting ProtocolHandler ["http-nio-28078"]
2022-08-21 12:22:59.998 [restartedMain] INFO  com.newboot.shop.admin.ShopAdminApplication - [logStarted,61] - Started ShopAdminApplication in 3.11 seconds (JVM running for 3.86)
2022-08-21 12:23:02.298 [http-nio-28078-exec-1] INFO  o.a.c.core.ContainerBase.[Tomcat].[localhost].[/] - [log,173] - Initializing Spring DispatcherServlet 'dispatcherServlet'
2022-08-21 12:23:56.655 [restartedMain] INFO  com.newboot.shop.admin.ShopAdminApplication - [logStarting,55] - Starting ShopAdminApplication using Java 1.8.0_251 on DESKTOP-B6JBAVC with PID 5288 (D:\Git\Gitee\shop-springboot\shop-admin\target\classes started by Afterwards in D:\Git\Gitee\shop-springboot)
2022-08-21 12:23:56.656 [restartedMain] INFO  com.newboot.shop.admin.ShopAdminApplication - [logStartupProfileInfo,640] - The following 1 profile is active: "dev"
2022-08-21 12:23:57.856 [restartedMain] INFO  org.apache.coyote.http11.Http11NioProtocol - [log,173] - Initializing ProtocolHandler ["http-nio-28078"]
2022-08-21 12:23:57.856 [restartedMain] INFO  org.apache.catalina.core.StandardService - [log,173] - Starting service [Tomcat]
2022-08-21 12:23:57.856 [restartedMain] INFO  org.apache.catalina.core.StandardEngine - [log,173] - Starting Servlet engine: [Apache Tomcat/9.0.64]
2022-08-21 12:23:57.950 [restartedMain] INFO  o.a.c.core.ContainerBase.[Tomcat].[localhost].[/] - [log,173] - Initializing Spring embedded WebApplicationContext
2022-08-21 12:23:58.008 [restartedMain] INFO  c.a.d.s.b.a.DruidDataSourceAutoConfigure - [dataSource,56] - Init DruidDataSource
2022-08-21 12:23:58.234 [restartedMain] INFO  com.alibaba.druid.pool.DruidDataSource - [init,995] - {dataSource-1} inited
2022-08-21 12:23:59.450 [restartedMain] INFO  org.apache.coyote.http11.Http11NioProtocol - [log,173] - Starting ProtocolHandler ["http-nio-28078"]
2022-08-21 12:23:59.471 [restartedMain] INFO  com.newboot.shop.admin.ShopAdminApplication - [logStarted,61] - Started ShopAdminApplication in 3.288 seconds (JVM running for 4.066)
2022-08-21 12:24:04.214 [http-nio-28078-exec-1] INFO  o.a.c.core.ContainerBase.[Tomcat].[localhost].[/] - [log,173] - Initializing Spring DispatcherServlet 'dispatcherServlet'
2022-08-21 12:25:22.686 [restartedMain] INFO  com.newboot.shop.admin.ShopAdminApplication - [logStarting,55] - Starting ShopAdminApplication using Java 1.8.0_251 on DESKTOP-B6JBAVC with PID 7592 (D:\Git\Gitee\shop-springboot\shop-admin\target\classes started by Afterwards in D:\Git\Gitee\shop-springboot)
2022-08-21 12:25:22.688 [restartedMain] INFO  com.newboot.shop.admin.ShopAdminApplication - [logStartupProfileInfo,640] - The following 1 profile is active: "dev"
2022-08-21 12:25:23.840 [restartedMain] INFO  org.apache.coyote.http11.Http11NioProtocol - [log,173] - Initializing ProtocolHandler ["http-nio-28078"]
2022-08-21 12:25:23.840 [restartedMain] INFO  org.apache.catalina.core.StandardService - [log,173] - Starting service [Tomcat]
2022-08-21 12:25:23.840 [restartedMain] INFO  org.apache.catalina.core.StandardEngine - [log,173] - Starting Servlet engine: [Apache Tomcat/9.0.64]
2022-08-21 12:25:23.937 [restartedMain] INFO  o.a.c.core.ContainerBase.[Tomcat].[localhost].[/] - [log,173] - Initializing Spring embedded WebApplicationContext
2022-08-21 12:25:23.992 [restartedMain] INFO  c.a.d.s.b.a.DruidDataSourceAutoConfigure - [dataSource,56] - Init DruidDataSource
2022-08-21 12:25:24.213 [restartedMain] INFO  com.alibaba.druid.pool.DruidDataSource - [init,995] - {dataSource-1} inited
2022-08-21 12:25:25.391 [restartedMain] INFO  org.apache.coyote.http11.Http11NioProtocol - [log,173] - Starting ProtocolHandler ["http-nio-28078"]
2022-08-21 12:25:25.412 [restartedMain] INFO  com.newboot.shop.admin.ShopAdminApplication - [logStarted,61] - Started ShopAdminApplication in 3.2 seconds (JVM running for 3.964)
2022-08-21 12:25:28.331 [http-nio-28078-exec-1] INFO  o.a.c.core.ContainerBase.[Tomcat].[localhost].[/] - [log,173] - Initializing Spring DispatcherServlet 'dispatcherServlet'
2022-08-21 12:26:38.055 [restartedMain] INFO  com.newboot.shop.admin.ShopAdminApplication - [logStarting,55] - Starting ShopAdminApplication using Java 1.8.0_251 on DESKTOP-B6JBAVC with PID 2028 (D:\Git\Gitee\shop-springboot\shop-admin\target\classes started by Afterwards in D:\Git\Gitee\shop-springboot)
2022-08-21 12:26:38.057 [restartedMain] INFO  com.newboot.shop.admin.ShopAdminApplication - [logStartupProfileInfo,640] - The following 1 profile is active: "dev"
2022-08-21 12:26:39.196 [restartedMain] INFO  org.apache.coyote.http11.Http11NioProtocol - [log,173] - Initializing ProtocolHandler ["http-nio-28078"]
2022-08-21 12:26:39.196 [restartedMain] INFO  org.apache.catalina.core.StandardService - [log,173] - Starting service [Tomcat]
2022-08-21 12:26:39.196 [restartedMain] INFO  org.apache.catalina.core.StandardEngine - [log,173] - Starting Servlet engine: [Apache Tomcat/9.0.64]
2022-08-21 12:26:39.291 [restartedMain] INFO  o.a.c.core.ContainerBase.[Tomcat].[localhost].[/] - [log,173] - Initializing Spring embedded WebApplicationContext
2022-08-21 12:26:39.349 [restartedMain] INFO  c.a.d.s.b.a.DruidDataSourceAutoConfigure - [dataSource,56] - Init DruidDataSource
2022-08-21 12:26:39.591 [restartedMain] INFO  com.alibaba.druid.pool.DruidDataSource - [init,995] - {dataSource-1} inited
2022-08-21 12:26:40.782 [restartedMain] INFO  org.apache.coyote.http11.Http11NioProtocol - [log,173] - Starting ProtocolHandler ["http-nio-28078"]
2022-08-21 12:26:40.802 [restartedMain] INFO  com.newboot.shop.admin.ShopAdminApplication - [logStarted,61] - Started ShopAdminApplication in 3.19 seconds (JVM running for 3.966)
2022-08-21 12:26:43.564 [http-nio-28078-exec-1] INFO  o.a.c.core.ContainerBase.[Tomcat].[localhost].[/] - [log,173] - Initializing Spring DispatcherServlet 'dispatcherServlet'
2022-08-21 12:27:34.952 [restartedMain] INFO  com.newboot.shop.admin.ShopAdminApplication - [logStarting,55] - Starting ShopAdminApplication using Java 1.8.0_251 on DESKTOP-B6JBAVC with PID 2388 (D:\Git\Gitee\shop-springboot\shop-admin\target\classes started by Afterwards in D:\Git\Gitee\shop-springboot)
2022-08-21 12:27:34.953 [restartedMain] INFO  com.newboot.shop.admin.ShopAdminApplication - [logStartupProfileInfo,640] - The following 1 profile is active: "dev"
2022-08-21 12:27:36.109 [restartedMain] INFO  org.apache.coyote.http11.Http11NioProtocol - [log,173] - Initializing ProtocolHandler ["http-nio-28078"]
2022-08-21 12:27:36.109 [restartedMain] INFO  org.apache.catalina.core.StandardService - [log,173] - Starting service [Tomcat]
2022-08-21 12:27:36.109 [restartedMain] INFO  org.apache.catalina.core.StandardEngine - [log,173] - Starting Servlet engine: [Apache Tomcat/9.0.64]
2022-08-21 12:27:36.206 [restartedMain] INFO  o.a.c.core.ContainerBase.[Tomcat].[localhost].[/] - [log,173] - Initializing Spring embedded WebApplicationContext
2022-08-21 12:27:36.264 [restartedMain] INFO  c.a.d.s.b.a.DruidDataSourceAutoConfigure - [dataSource,56] - Init DruidDataSource
2022-08-21 12:27:36.487 [restartedMain] INFO  com.alibaba.druid.pool.DruidDataSource - [init,995] - {dataSource-1} inited
2022-08-21 12:27:37.682 [restartedMain] INFO  org.apache.coyote.http11.Http11NioProtocol - [log,173] - Starting ProtocolHandler ["http-nio-28078"]
2022-08-21 12:27:37.704 [restartedMain] INFO  com.newboot.shop.admin.ShopAdminApplication - [logStarted,61] - Started ShopAdminApplication in 3.22 seconds (JVM running for 4.02)
2022-08-21 12:27:39.690 [http-nio-28078-exec-1] INFO  o.a.c.core.ContainerBase.[Tomcat].[localhost].[/] - [log,173] - Initializing Spring DispatcherServlet 'dispatcherServlet'
2022-08-21 12:28:16.344 [restartedMain] INFO  com.newboot.shop.admin.ShopAdminApplication - [logStarting,55] - Starting ShopAdminApplication using Java 1.8.0_251 on DESKTOP-B6JBAVC with PID 12376 (D:\Git\Gitee\shop-springboot\shop-admin\target\classes started by Afterwards in D:\Git\Gitee\shop-springboot)
2022-08-21 12:28:16.345 [restartedMain] INFO  com.newboot.shop.admin.ShopAdminApplication - [logStartupProfileInfo,640] - The following 1 profile is active: "dev"
2022-08-21 12:28:17.508 [restartedMain] INFO  org.apache.coyote.http11.Http11NioProtocol - [log,173] - Initializing ProtocolHandler ["http-nio-28078"]
2022-08-21 12:28:17.509 [restartedMain] INFO  org.apache.catalina.core.StandardService - [log,173] - Starting service [Tomcat]
2022-08-21 12:28:17.509 [restartedMain] INFO  org.apache.catalina.core.StandardEngine - [log,173] - Starting Servlet engine: [Apache Tomcat/9.0.64]
2022-08-21 12:28:17.603 [restartedMain] INFO  o.a.c.core.ContainerBase.[Tomcat].[localhost].[/] - [log,173] - Initializing Spring embedded WebApplicationContext
2022-08-21 12:28:17.664 [restartedMain] INFO  c.a.d.s.b.a.DruidDataSourceAutoConfigure - [dataSource,56] - Init DruidDataSource
2022-08-21 12:28:17.886 [restartedMain] INFO  com.alibaba.druid.pool.DruidDataSource - [init,995] - {dataSource-1} inited
2022-08-21 12:28:19.055 [restartedMain] INFO  org.apache.coyote.http11.Http11NioProtocol - [log,173] - Starting ProtocolHandler ["http-nio-28078"]
2022-08-21 12:28:19.091 [restartedMain] INFO  com.newboot.shop.admin.ShopAdminApplication - [logStarted,61] - Started ShopAdminApplication in 3.218 seconds (JVM running for 3.954)
2022-08-21 12:28:23.690 [http-nio-28078-exec-4] INFO  o.a.c.core.ContainerBase.[Tomcat].[localhost].[/] - [log,173] - Initializing Spring DispatcherServlet 'dispatcherServlet'
2022-08-21 12:29:06.719 [restartedMain] INFO  com.newboot.shop.admin.ShopAdminApplication - [logStarting,55] - Starting ShopAdminApplication using Java 1.8.0_251 on DESKTOP-B6JBAVC with PID 13160 (D:\Git\Gitee\shop-springboot\shop-admin\target\classes started by Afterwards in D:\Git\Gitee\shop-springboot)
2022-08-21 12:29:06.720 [restartedMain] INFO  com.newboot.shop.admin.ShopAdminApplication - [logStartupProfileInfo,640] - The following 1 profile is active: "dev"
2022-08-21 12:29:07.904 [restartedMain] INFO  org.apache.coyote.http11.Http11NioProtocol - [log,173] - Initializing ProtocolHandler ["http-nio-28078"]
2022-08-21 12:29:07.905 [restartedMain] INFO  org.apache.catalina.core.StandardService - [log,173] - Starting service [Tomcat]
2022-08-21 12:29:07.905 [restartedMain] INFO  org.apache.catalina.core.StandardEngine - [log,173] - Starting Servlet engine: [Apache Tomcat/9.0.64]
2022-08-21 12:29:08.006 [restartedMain] INFO  o.a.c.core.ContainerBase.[Tomcat].[localhost].[/] - [log,173] - Initializing Spring embedded WebApplicationContext
2022-08-21 12:29:08.063 [restartedMain] INFO  c.a.d.s.b.a.DruidDataSourceAutoConfigure - [dataSource,56] - Init DruidDataSource
2022-08-21 12:29:08.284 [restartedMain] INFO  com.alibaba.druid.pool.DruidDataSource - [init,995] - {dataSource-1} inited
2022-08-21 12:29:09.467 [restartedMain] INFO  org.apache.coyote.http11.Http11NioProtocol - [log,173] - Starting ProtocolHandler ["http-nio-28078"]
2022-08-21 12:29:09.488 [restartedMain] INFO  com.newboot.shop.admin.ShopAdminApplication - [logStarted,61] - Started ShopAdminApplication in 3.251 seconds (JVM running for 3.976)
2022-08-21 12:29:11.110 [http-nio-28078-exec-3] INFO  o.a.c.core.ContainerBase.[Tomcat].[localhost].[/] - [log,173] - Initializing Spring DispatcherServlet 'dispatcherServlet'
2022-08-21 12:30:53.791 [restartedMain] INFO  com.newboot.shop.admin.ShopAdminApplication - [logStarting,55] - Starting ShopAdminApplication using Java 1.8.0_251 on DESKTOP-B6JBAVC with PID 3684 (D:\Git\Gitee\shop-springboot\shop-admin\target\classes started by Afterwards in D:\Git\Gitee\shop-springboot)
2022-08-21 12:30:53.793 [restartedMain] INFO  com.newboot.shop.admin.ShopAdminApplication - [logStartupProfileInfo,640] - The following 1 profile is active: "dev"
2022-08-21 12:30:54.977 [restartedMain] INFO  org.apache.coyote.http11.Http11NioProtocol - [log,173] - Initializing ProtocolHandler ["http-nio-28078"]
2022-08-21 12:30:54.978 [restartedMain] INFO  org.apache.catalina.core.StandardService - [log,173] - Starting service [Tomcat]
2022-08-21 12:30:54.978 [restartedMain] INFO  org.apache.catalina.core.StandardEngine - [log,173] - Starting Servlet engine: [Apache Tomcat/9.0.64]
2022-08-21 12:30:55.076 [restartedMain] INFO  o.a.c.core.ContainerBase.[Tomcat].[localhost].[/] - [log,173] - Initializing Spring embedded WebApplicationContext
2022-08-21 12:30:55.133 [restartedMain] INFO  c.a.d.s.b.a.DruidDataSourceAutoConfigure - [dataSource,56] - Init DruidDataSource
2022-08-21 12:30:55.356 [restartedMain] INFO  com.alibaba.druid.pool.DruidDataSource - [init,995] - {dataSource-1} inited
2022-08-21 12:30:56.562 [restartedMain] INFO  org.apache.coyote.http11.Http11NioProtocol - [log,173] - Starting ProtocolHandler ["http-nio-28078"]
2022-08-21 12:30:56.584 [restartedMain] INFO  com.newboot.shop.admin.ShopAdminApplication - [logStarted,61] - Started ShopAdminApplication in 3.285 seconds (JVM running for 4.025)
2022-08-21 12:30:59.310 [http-nio-28078-exec-2] INFO  o.a.c.core.ContainerBase.[Tomcat].[localhost].[/] - [log,173] - Initializing Spring DispatcherServlet 'dispatcherServlet'
2022-08-21 12:32:00.749 [restartedMain] INFO  com.newboot.shop.admin.ShopAdminApplication - [logStarting,55] - Starting ShopAdminApplication using Java 1.8.0_251 on DESKTOP-B6JBAVC with PID 12864 (D:\Git\Gitee\shop-springboot\shop-admin\target\classes started by Afterwards in D:\Git\Gitee\shop-springboot)
2022-08-21 12:32:00.750 [restartedMain] INFO  com.newboot.shop.admin.ShopAdminApplication - [logStartupProfileInfo,640] - The following 1 profile is active: "dev"
2022-08-21 12:32:01.924 [restartedMain] INFO  org.apache.coyote.http11.Http11NioProtocol - [log,173] - Initializing ProtocolHandler ["http-nio-28078"]
2022-08-21 12:32:01.924 [restartedMain] INFO  org.apache.catalina.core.StandardService - [log,173] - Starting service [Tomcat]
2022-08-21 12:32:01.924 [restartedMain] INFO  org.apache.catalina.core.StandardEngine - [log,173] - Starting Servlet engine: [Apache Tomcat/9.0.64]
2022-08-21 12:32:02.022 [restartedMain] INFO  o.a.c.core.ContainerBase.[Tomcat].[localhost].[/] - [log,173] - Initializing Spring embedded WebApplicationContext
2022-08-21 12:32:02.079 [restartedMain] INFO  c.a.d.s.b.a.DruidDataSourceAutoConfigure - [dataSource,56] - Init DruidDataSource
2022-08-21 12:32:02.310 [restartedMain] INFO  com.alibaba.druid.pool.DruidDataSource - [init,995] - {dataSource-1} inited
2022-08-21 12:32:03.475 [restartedMain] INFO  org.apache.coyote.http11.Http11NioProtocol - [log,173] - Starting ProtocolHandler ["http-nio-28078"]
2022-08-21 12:32:03.497 [restartedMain] INFO  com.newboot.shop.admin.ShopAdminApplication - [logStarted,61] - Started ShopAdminApplication in 3.179 seconds (JVM running for 3.996)
2022-08-21 12:32:06.272 [http-nio-28078-exec-1] INFO  o.a.c.core.ContainerBase.[Tomcat].[localhost].[/] - [log,173] - Initializing Spring DispatcherServlet 'dispatcherServlet'
2022-08-21 12:33:07.585 [restartedMain] INFO  com.newboot.shop.admin.ShopAdminApplication - [logStarting,55] - Starting ShopAdminApplication using Java 1.8.0_251 on DESKTOP-B6JBAVC with PID 11212 (D:\Git\Gitee\shop-springboot\shop-admin\target\classes started by Afterwards in D:\Git\Gitee\shop-springboot)
2022-08-21 12:33:07.586 [restartedMain] INFO  com.newboot.shop.admin.ShopAdminApplication - [logStartupProfileInfo,640] - The following 1 profile is active: "dev"
2022-08-21 12:33:08.733 [restartedMain] INFO  org.apache.coyote.http11.Http11NioProtocol - [log,173] - Initializing ProtocolHandler ["http-nio-28078"]
2022-08-21 12:33:08.734 [restartedMain] INFO  org.apache.catalina.core.StandardService - [log,173] - Starting service [Tomcat]
2022-08-21 12:33:08.734 [restartedMain] INFO  org.apache.catalina.core.StandardEngine - [log,173] - Starting Servlet engine: [Apache Tomcat/9.0.64]
2022-08-21 12:33:08.829 [restartedMain] INFO  o.a.c.core.ContainerBase.[Tomcat].[localhost].[/] - [log,173] - Initializing Spring embedded WebApplicationContext
2022-08-21 12:33:08.884 [restartedMain] INFO  c.a.d.s.b.a.DruidDataSourceAutoConfigure - [dataSource,56] - Init DruidDataSource
2022-08-21 12:33:09.106 [restartedMain] INFO  com.alibaba.druid.pool.DruidDataSource - [init,995] - {dataSource-1} inited
2022-08-21 12:33:10.271 [restartedMain] INFO  org.apache.coyote.http11.Http11NioProtocol - [log,173] - Starting ProtocolHandler ["http-nio-28078"]
2022-08-21 12:33:10.292 [restartedMain] INFO  com.newboot.shop.admin.ShopAdminApplication - [logStarted,61] - Started ShopAdminApplication in 3.125 seconds (JVM running for 3.898)
2022-08-21 12:33:14.748 [http-nio-28078-exec-1] INFO  o.a.c.core.ContainerBase.[Tomcat].[localhost].[/] - [log,173] - Initializing Spring DispatcherServlet 'dispatcherServlet'
2022-08-21 12:34:08.989 [restartedMain] INFO  com.newboot.shop.admin.ShopAdminApplication - [logStarting,55] - Starting ShopAdminApplication using Java 1.8.0_251 on DESKTOP-B6JBAVC with PID 7964 (D:\Git\Gitee\shop-springboot\shop-admin\target\classes started by Afterwards in D:\Git\Gitee\shop-springboot)
2022-08-21 12:34:08.991 [restartedMain] INFO  com.newboot.shop.admin.ShopAdminApplication - [logStartupProfileInfo,640] - The following 1 profile is active: "dev"
2022-08-21 12:34:10.186 [restartedMain] INFO  org.apache.coyote.http11.Http11NioProtocol - [log,173] - Initializing ProtocolHandler ["http-nio-28078"]
2022-08-21 12:34:10.186 [restartedMain] INFO  org.apache.catalina.core.StandardService - [log,173] - Starting service [Tomcat]
2022-08-21 12:34:10.187 [restartedMain] INFO  org.apache.catalina.core.StandardEngine - [log,173] - Starting Servlet engine: [Apache Tomcat/9.0.64]
2022-08-21 12:34:10.288 [restartedMain] INFO  o.a.c.core.ContainerBase.[Tomcat].[localhost].[/] - [log,173] - Initializing Spring embedded WebApplicationContext
2022-08-21 12:34:10.345 [restartedMain] INFO  c.a.d.s.b.a.DruidDataSourceAutoConfigure - [dataSource,56] - Init DruidDataSource
2022-08-21 12:34:10.566 [restartedMain] INFO  com.alibaba.druid.pool.DruidDataSource - [init,995] - {dataSource-1} inited
2022-08-21 12:34:11.767 [restartedMain] INFO  org.apache.coyote.http11.Http11NioProtocol - [log,173] - Starting ProtocolHandler ["http-nio-28078"]
2022-08-21 12:34:11.794 [restartedMain] INFO  com.newboot.shop.admin.ShopAdminApplication - [logStarted,61] - Started ShopAdminApplication in 3.335 seconds (JVM running for 4.092)
2022-08-21 12:34:14.352 [http-nio-28078-exec-1] INFO  o.a.c.core.ContainerBase.[Tomcat].[localhost].[/] - [log,173] - Initializing Spring DispatcherServlet 'dispatcherServlet'
2022-08-21 12:38:10.958 [restartedMain] INFO  com.newboot.shop.admin.ShopAdminApplication - [logStarting,55] - Starting ShopAdminApplication using Java 1.8.0_251 on DESKTOP-B6JBAVC with PID 13636 (D:\Git\Gitee\shop-springboot\shop-admin\target\classes started by Afterwards in D:\Git\Gitee\shop-springboot)
2022-08-21 12:38:10.960 [restartedMain] INFO  com.newboot.shop.admin.ShopAdminApplication - [logStartupProfileInfo,640] - The following 1 profile is active: "dev"
2022-08-21 12:38:12.132 [restartedMain] INFO  org.apache.coyote.http11.Http11NioProtocol - [log,173] - Initializing ProtocolHandler ["http-nio-28078"]
2022-08-21 12:38:12.133 [restartedMain] INFO  org.apache.catalina.core.StandardService - [log,173] - Starting service [Tomcat]
2022-08-21 12:38:12.133 [restartedMain] INFO  org.apache.catalina.core.StandardEngine - [log,173] - Starting Servlet engine: [Apache Tomcat/9.0.64]
2022-08-21 12:38:12.226 [restartedMain] INFO  o.a.c.core.ContainerBase.[Tomcat].[localhost].[/] - [log,173] - Initializing Spring embedded WebApplicationContext
2022-08-21 12:38:12.282 [restartedMain] INFO  c.a.d.s.b.a.DruidDataSourceAutoConfigure - [dataSource,56] - Init DruidDataSource
2022-08-21 12:38:12.503 [restartedMain] INFO  com.alibaba.druid.pool.DruidDataSource - [init,995] - {dataSource-1} inited
2022-08-21 12:38:13.670 [restartedMain] INFO  org.apache.coyote.http11.Http11NioProtocol - [log,173] - Starting ProtocolHandler ["http-nio-28078"]
2022-08-21 12:38:13.694 [restartedMain] INFO  com.newboot.shop.admin.ShopAdminApplication - [logStarted,61] - Started ShopAdminApplication in 3.223 seconds (JVM running for 3.987)
2022-08-21 12:38:16.910 [http-nio-28078-exec-1] INFO  o.a.c.core.ContainerBase.[Tomcat].[localhost].[/] - [log,173] - Initializing Spring DispatcherServlet 'dispatcherServlet'
2022-08-21 12:39:33.484 [restartedMain] INFO  com.newboot.shop.admin.ShopAdminApplication - [logStarting,55] - Starting ShopAdminApplication using Java 1.8.0_251 on DESKTOP-B6JBAVC with PID 13820 (D:\Git\Gitee\shop-springboot\shop-admin\target\classes started by Afterwards in D:\Git\Gitee\shop-springboot)
2022-08-21 12:39:33.486 [restartedMain] INFO  com.newboot.shop.admin.ShopAdminApplication - [logStartupProfileInfo,640] - The following 1 profile is active: "dev"
2022-08-21 12:39:34.672 [restartedMain] INFO  org.apache.coyote.http11.Http11NioProtocol - [log,173] - Initializing ProtocolHandler ["http-nio-28078"]
2022-08-21 12:39:34.673 [restartedMain] INFO  org.apache.catalina.core.StandardService - [log,173] - Starting service [Tomcat]
2022-08-21 12:39:34.673 [restartedMain] INFO  org.apache.catalina.core.StandardEngine - [log,173] - Starting Servlet engine: [Apache Tomcat/9.0.64]
2022-08-21 12:39:34.767 [restartedMain] INFO  o.a.c.core.ContainerBase.[Tomcat].[localhost].[/] - [log,173] - Initializing Spring embedded WebApplicationContext
2022-08-21 12:39:34.823 [restartedMain] INFO  c.a.d.s.b.a.DruidDataSourceAutoConfigure - [dataSource,56] - Init DruidDataSource
2022-08-21 12:39:35.045 [restartedMain] INFO  com.alibaba.druid.pool.DruidDataSource - [init,995] - {dataSource-1} inited
2022-08-21 12:39:36.210 [restartedMain] INFO  org.apache.coyote.http11.Http11NioProtocol - [log,173] - Starting ProtocolHandler ["http-nio-28078"]
2022-08-21 12:39:36.231 [restartedMain] INFO  com.newboot.shop.admin.ShopAdminApplication - [logStarted,61] - Started ShopAdminApplication in 3.185 seconds (JVM running for 3.964)
2022-08-21 12:39:39.363 [http-nio-28078-exec-1] INFO  o.a.c.core.ContainerBase.[Tomcat].[localhost].[/] - [log,173] - Initializing Spring DispatcherServlet 'dispatcherServlet'
2022-08-21 12:40:59.418 [restartedMain] INFO  com.newboot.shop.admin.ShopAdminApplication - [logStarting,55] - Starting ShopAdminApplication using Java 1.8.0_251 on DESKTOP-B6JBAVC with PID 9640 (D:\Git\Gitee\shop-springboot\shop-admin\target\classes started by Afterwards in D:\Git\Gitee\shop-springboot)
2022-08-21 12:40:59.419 [restartedMain] INFO  com.newboot.shop.admin.ShopAdminApplication - [logStartupProfileInfo,640] - The following 1 profile is active: "dev"
2022-08-21 12:41:00.647 [restartedMain] INFO  org.apache.coyote.http11.Http11NioProtocol - [log,173] - Initializing ProtocolHandler ["http-nio-28078"]
2022-08-21 12:41:00.647 [restartedMain] INFO  org.apache.catalina.core.StandardService - [log,173] - Starting service [Tomcat]
2022-08-21 12:41:00.647 [restartedMain] INFO  org.apache.catalina.core.StandardEngine - [log,173] - Starting Servlet engine: [Apache Tomcat/9.0.64]
2022-08-21 12:41:00.743 [restartedMain] INFO  o.a.c.core.ContainerBase.[Tomcat].[localhost].[/] - [log,173] - Initializing Spring embedded WebApplicationContext
2022-08-21 12:41:00.800 [restartedMain] INFO  c.a.d.s.b.a.DruidDataSourceAutoConfigure - [dataSource,56] - Init DruidDataSource
2022-08-21 12:41:01.038 [restartedMain] INFO  com.alibaba.druid.pool.DruidDataSource - [init,995] - {dataSource-1} inited
2022-08-21 12:41:02.251 [restartedMain] INFO  org.apache.coyote.http11.Http11NioProtocol - [log,173] - Starting ProtocolHandler ["http-nio-28078"]
2022-08-21 12:41:02.273 [restartedMain] INFO  com.newboot.shop.admin.ShopAdminApplication - [logStarted,61] - Started ShopAdminApplication in 3.274 seconds (JVM running for 4.02)
2022-08-21 12:41:04.636 [http-nio-28078-exec-1] INFO  o.a.c.core.ContainerBase.[Tomcat].[localhost].[/] - [log,173] - Initializing Spring DispatcherServlet 'dispatcherServlet'
2022-08-21 12:42:00.874 [restartedMain] INFO  com.newboot.shop.admin.ShopAdminApplication - [logStarting,55] - Starting ShopAdminApplication using Java 1.8.0_251 on DESKTOP-B6JBAVC with PID 13656 (D:\Git\Gitee\shop-springboot\shop-admin\target\classes started by Afterwards in D:\Git\Gitee\shop-springboot)
2022-08-21 12:42:00.875 [restartedMain] INFO  com.newboot.shop.admin.ShopAdminApplication - [logStartupProfileInfo,640] - The following 1 profile is active: "dev"
2022-08-21 12:42:02.056 [restartedMain] INFO  org.apache.coyote.http11.Http11NioProtocol - [log,173] - Initializing ProtocolHandler ["http-nio-28078"]
2022-08-21 12:42:02.056 [restartedMain] INFO  org.apache.catalina.core.StandardService - [log,173] - Starting service [Tomcat]
2022-08-21 12:42:02.056 [restartedMain] INFO  org.apache.catalina.core.StandardEngine - [log,173] - Starting Servlet engine: [Apache Tomcat/9.0.64]
2022-08-21 12:42:02.150 [restartedMain] INFO  o.a.c.core.ContainerBase.[Tomcat].[localhost].[/] - [log,173] - Initializing Spring embedded WebApplicationContext
2022-08-21 12:42:02.209 [restartedMain] INFO  c.a.d.s.b.a.DruidDataSourceAutoConfigure - [dataSource,56] - Init DruidDataSource
2022-08-21 12:42:02.439 [restartedMain] INFO  com.alibaba.druid.pool.DruidDataSource - [init,995] - {dataSource-1} inited
2022-08-21 12:42:03.611 [restartedMain] INFO  org.apache.coyote.http11.Http11NioProtocol - [log,173] - Starting ProtocolHandler ["http-nio-28078"]
2022-08-21 12:42:03.632 [restartedMain] INFO  com.newboot.shop.admin.ShopAdminApplication - [logStarted,61] - Started ShopAdminApplication in 3.201 seconds (JVM running for 3.929)
2022-08-21 12:42:06.756 [http-nio-28078-exec-1] INFO  o.a.c.core.ContainerBase.[Tomcat].[localhost].[/] - [log,173] - Initializing Spring DispatcherServlet 'dispatcherServlet'
2022-08-21 12:42:41.966 [restartedMain] INFO  com.newboot.shop.admin.ShopAdminApplication - [logStarting,55] - Starting ShopAdminApplication using Java 1.8.0_251 on DESKTOP-B6JBAVC with PID 3816 (D:\Git\Gitee\shop-springboot\shop-admin\target\classes started by Afterwards in D:\Git\Gitee\shop-springboot)
2022-08-21 12:42:41.968 [restartedMain] INFO  com.newboot.shop.admin.ShopAdminApplication - [logStartupProfileInfo,640] - The following 1 profile is active: "dev"
2022-08-21 12:42:43.124 [restartedMain] INFO  org.apache.coyote.http11.Http11NioProtocol - [log,173] - Initializing ProtocolHandler ["http-nio-28078"]
2022-08-21 12:42:43.124 [restartedMain] INFO  org.apache.catalina.core.StandardService - [log,173] - Starting service [Tomcat]
2022-08-21 12:42:43.124 [restartedMain] INFO  org.apache.catalina.core.StandardEngine - [log,173] - Starting Servlet engine: [Apache Tomcat/9.0.64]
2022-08-21 12:42:43.221 [restartedMain] INFO  o.a.c.core.ContainerBase.[Tomcat].[localhost].[/] - [log,173] - Initializing Spring embedded WebApplicationContext
2022-08-21 12:42:43.278 [restartedMain] INFO  c.a.d.s.b.a.DruidDataSourceAutoConfigure - [dataSource,56] - Init DruidDataSource
2022-08-21 12:42:43.514 [restartedMain] INFO  com.alibaba.druid.pool.DruidDataSource - [init,995] - {dataSource-1} inited
2022-08-21 12:42:44.692 [restartedMain] INFO  org.apache.coyote.http11.Http11NioProtocol - [log,173] - Starting ProtocolHandler ["http-nio-28078"]
2022-08-21 12:42:44.713 [restartedMain] INFO  com.newboot.shop.admin.ShopAdminApplication - [logStarted,61] - Started ShopAdminApplication in 3.189 seconds (JVM running for 3.95)
2022-08-21 12:42:47.250 [http-nio-28078-exec-1] INFO  o.a.c.core.ContainerBase.[Tomcat].[localhost].[/] - [log,173] - Initializing Spring DispatcherServlet 'dispatcherServlet'
2022-08-21 12:44:27.851 [restartedMain] INFO  com.newboot.shop.admin.ShopAdminApplication - [logStarting,55] - Starting ShopAdminApplication using Java 1.8.0_251 on DESKTOP-B6JBAVC with PID 14304 (D:\Git\Gitee\shop-springboot\shop-admin\target\classes started by Afterwards in D:\Git\Gitee\shop-springboot)
2022-08-21 12:44:27.852 [restartedMain] INFO  com.newboot.shop.admin.ShopAdminApplication - [logStartupProfileInfo,640] - The following 1 profile is active: "dev"
2022-08-21 12:44:29.004 [restartedMain] INFO  org.apache.coyote.http11.Http11NioProtocol - [log,173] - Initializing ProtocolHandler ["http-nio-28078"]
2022-08-21 12:44:29.004 [restartedMain] INFO  org.apache.catalina.core.StandardService - [log,173] - Starting service [Tomcat]
2022-08-21 12:44:29.004 [restartedMain] INFO  org.apache.catalina.core.StandardEngine - [log,173] - Starting Servlet engine: [Apache Tomcat/9.0.64]
2022-08-21 12:44:29.100 [restartedMain] INFO  o.a.c.core.ContainerBase.[Tomcat].[localhost].[/] - [log,173] - Initializing Spring embedded WebApplicationContext
2022-08-21 12:44:29.156 [restartedMain] INFO  c.a.d.s.b.a.DruidDataSourceAutoConfigure - [dataSource,56] - Init DruidDataSource
2022-08-21 12:44:29.375 [restartedMain] INFO  com.alibaba.druid.pool.DruidDataSource - [init,995] - {dataSource-1} inited
2022-08-21 12:44:30.547 [restartedMain] INFO  org.apache.coyote.http11.Http11NioProtocol - [log,173] - Starting ProtocolHandler ["http-nio-28078"]
2022-08-21 12:44:30.571 [restartedMain] INFO  com.newboot.shop.admin.ShopAdminApplication - [logStarted,61] - Started ShopAdminApplication in 3.141 seconds (JVM running for 3.927)
2022-08-21 12:44:32.198 [http-nio-28078-exec-1] INFO  o.a.c.core.ContainerBase.[Tomcat].[localhost].[/] - [log,173] - Initializing Spring DispatcherServlet 'dispatcherServlet'
2022-08-21 12:46:12.754 [restartedMain] INFO  com.newboot.shop.admin.ShopAdminApplication - [logStarting,55] - Starting ShopAdminApplication using Java 1.8.0_251 on DESKTOP-B6JBAVC with PID 2696 (D:\Git\Gitee\shop-springboot\shop-admin\target\classes started by Afterwards in D:\Git\Gitee\shop-springboot)
2022-08-21 12:46:12.756 [restartedMain] INFO  com.newboot.shop.admin.ShopAdminApplication - [logStartupProfileInfo,640] - The following 1 profile is active: "dev"
2022-08-21 12:46:13.913 [restartedMain] INFO  org.apache.coyote.http11.Http11NioProtocol - [log,173] - Initializing ProtocolHandler ["http-nio-28078"]
2022-08-21 12:46:13.914 [restartedMain] INFO  org.apache.catalina.core.StandardService - [log,173] - Starting service [Tomcat]
2022-08-21 12:46:13.914 [restartedMain] INFO  org.apache.catalina.core.StandardEngine - [log,173] - Starting Servlet engine: [Apache Tomcat/9.0.64]
2022-08-21 12:46:14.008 [restartedMain] INFO  o.a.c.core.ContainerBase.[Tomcat].[localhost].[/] - [log,173] - Initializing Spring embedded WebApplicationContext
2022-08-21 12:46:14.064 [restartedMain] INFO  c.a.d.s.b.a.DruidDataSourceAutoConfigure - [dataSource,56] - Init DruidDataSource
2022-08-21 12:46:14.294 [restartedMain] INFO  com.alibaba.druid.pool.DruidDataSource - [init,995] - {dataSource-1} inited
2022-08-21 12:46:15.491 [restartedMain] INFO  org.apache.coyote.http11.Http11NioProtocol - [log,173] - Starting ProtocolHandler ["http-nio-28078"]
2022-08-21 12:46:15.513 [restartedMain] INFO  com.newboot.shop.admin.ShopAdminApplication - [logStarted,61] - Started ShopAdminApplication in 3.21 seconds (JVM running for 3.928)
2022-08-21 12:46:20.402 [http-nio-28078-exec-2] INFO  o.a.c.core.ContainerBase.[Tomcat].[localhost].[/] - [log,173] - Initializing Spring DispatcherServlet 'dispatcherServlet'
2022-08-21 12:48:33.921 [restartedMain] INFO  com.newboot.shop.admin.ShopAdminApplication - [logStarting,55] - Starting ShopAdminApplication using Java 1.8.0_251 on DESKTOP-B6JBAVC with PID 2584 (D:\Git\Gitee\shop-springboot\shop-admin\target\classes started by Afterwards in D:\Git\Gitee\shop-springboot)
2022-08-21 12:48:33.923 [restartedMain] INFO  com.newboot.shop.admin.ShopAdminApplication - [logStartupProfileInfo,640] - The following 1 profile is active: "dev"
2022-08-21 12:48:35.081 [restartedMain] INFO  org.apache.coyote.http11.Http11NioProtocol - [log,173] - Initializing ProtocolHandler ["http-nio-28078"]
2022-08-21 12:48:35.081 [restartedMain] INFO  org.apache.catalina.core.StandardService - [log,173] - Starting service [Tomcat]
2022-08-21 12:48:35.081 [restartedMain] INFO  org.apache.catalina.core.StandardEngine - [log,173] - Starting Servlet engine: [Apache Tomcat/9.0.64]
2022-08-21 12:48:35.187 [restartedMain] INFO  o.a.c.core.ContainerBase.[Tomcat].[localhost].[/] - [log,173] - Initializing Spring embedded WebApplicationContext
2022-08-21 12:48:35.243 [restartedMain] INFO  c.a.d.s.b.a.DruidDataSourceAutoConfigure - [dataSource,56] - Init DruidDataSource
2022-08-21 12:48:35.462 [restartedMain] INFO  com.alibaba.druid.pool.DruidDataSource - [init,995] - {dataSource-1} inited
2022-08-21 12:48:36.622 [restartedMain] INFO  org.apache.coyote.http11.Http11NioProtocol - [log,173] - Starting ProtocolHandler ["http-nio-28078"]
2022-08-21 12:48:36.644 [restartedMain] INFO  com.newboot.shop.admin.ShopAdminApplication - [logStarted,61] - Started ShopAdminApplication in 3.177 seconds (JVM running for 3.909)
2022-08-21 12:48:38.331 [http-nio-28078-exec-1] INFO  o.a.c.core.ContainerBase.[Tomcat].[localhost].[/] - [log,173] - Initializing Spring DispatcherServlet 'dispatcherServlet'
2022-08-21 12:57:07.451 [restartedMain] INFO  com.newboot.shop.admin.ShopAdminApplication - [logStarting,55] - Starting ShopAdminApplication using Java 1.8.0_251 on DESKTOP-B6JBAVC with PID 3252 (D:\Git\Gitee\shop-springboot\shop-admin\target\classes started by Afterwards in D:\Git\Gitee\shop-springboot)
2022-08-21 12:57:07.452 [restartedMain] INFO  com.newboot.shop.admin.ShopAdminApplication - [logStartupProfileInfo,640] - The following 1 profile is active: "dev"
2022-08-21 12:57:08.583 [restartedMain] INFO  org.apache.coyote.http11.Http11NioProtocol - [log,173] - Initializing ProtocolHandler ["http-nio-28078"]
2022-08-21 12:57:08.584 [restartedMain] INFO  org.apache.catalina.core.StandardService - [log,173] - Starting service [Tomcat]
2022-08-21 12:57:08.584 [restartedMain] INFO  org.apache.catalina.core.StandardEngine - [log,173] - Starting Servlet engine: [Apache Tomcat/9.0.64]
2022-08-21 12:57:08.679 [restartedMain] INFO  o.a.c.core.ContainerBase.[Tomcat].[localhost].[/] - [log,173] - Initializing Spring embedded WebApplicationContext
2022-08-21 12:57:08.735 [restartedMain] INFO  c.a.d.s.b.a.DruidDataSourceAutoConfigure - [dataSource,56] - Init DruidDataSource
2022-08-21 12:57:08.955 [restartedMain] INFO  com.alibaba.druid.pool.DruidDataSource - [init,995] - {dataSource-1} inited
2022-08-21 12:57:10.095 [restartedMain] INFO  org.apache.coyote.http11.Http11NioProtocol - [log,173] - Starting ProtocolHandler ["http-nio-28078"]
2022-08-21 12:57:10.116 [restartedMain] INFO  com.newboot.shop.admin.ShopAdminApplication - [logStarted,61] - Started ShopAdminApplication in 3.099 seconds (JVM running for 3.968)
2022-08-21 12:57:14.812 [http-nio-28078-exec-1] INFO  o.a.c.core.ContainerBase.[Tomcat].[localhost].[/] - [log,173] - Initializing Spring DispatcherServlet 'dispatcherServlet'
