2022-08-31 13:25:59.085 [restartedMain] INFO  com.newboot.shop.admin.ShopAdminApplication - [logStarting,55] - Starting ShopAdminApplication using Java 1.8.0_251 on DESKTOP-B6JBAVC with PID 5924 (D:\Git\Gitee\shop-springboot\shop-admin\target\classes started by Afterwards in D:\Git\Gitee\shop-springboot)
2022-08-31 13:25:59.088 [restartedMain] INFO  com.newboot.shop.admin.ShopAdminApplication - [logStartupProfileInfo,640] - The following 1 profile is active: "dev"
2022-08-31 13:26:03.541 [restartedMain] INFO  org.apache.coyote.http11.Http11NioProtocol - [log,173] - Initializing ProtocolHandler ["http-nio-28078"]
2022-08-31 13:26:03.542 [restartedMain] INFO  org.apache.catalina.core.StandardService - [log,173] - Starting service [Tomcat]
2022-08-31 13:26:03.542 [restartedMain] INFO  org.apache.catalina.core.StandardEngine - [log,173] - Starting Servlet engine: [Apache Tomcat/9.0.64]
2022-08-31 13:26:03.665 [restartedMain] INFO  o.a.c.core.ContainerBase.[Tomcat].[localhost].[/] - [log,173] - Initializing Spring embedded WebApplicationContext
2022-08-31 13:26:03.756 [restartedMain] INFO  c.a.d.s.b.a.DruidDataSourceAutoConfigure - [dataSource,56] - Init DruidDataSource
2022-08-31 13:26:04.213 [restartedMain] INFO  com.alibaba.druid.pool.DruidDataSource - [init,995] - {dataSource-1} inited
2022-08-31 13:26:04.217 [Druid-ConnectionPool-Create-766408608] INFO  com.alibaba.druid.pool.DruidAbstractDataSource - [setFailContinuous,1814] - {dataSource-1} failContinuous is true
2022-08-31 13:26:04.218 [restartedMain] INFO  org.apache.catalina.core.StandardService - [log,173] - Stopping service [Tomcat]
2022-08-31 13:27:16.843 [restartedMain] INFO  com.newboot.shop.admin.ShopAdminApplication - [logStarting,55] - Starting ShopAdminApplication using Java 1.8.0_251 on DESKTOP-B6JBAVC with PID 12696 (D:\Git\Gitee\shop-springboot\shop-admin\target\classes started by Afterwards in D:\Git\Gitee\shop-springboot)
2022-08-31 13:27:16.845 [restartedMain] INFO  com.newboot.shop.admin.ShopAdminApplication - [logStartupProfileInfo,640] - The following 1 profile is active: "dev"
2022-08-31 13:27:18.024 [restartedMain] INFO  org.apache.coyote.http11.Http11NioProtocol - [log,173] - Initializing ProtocolHandler ["http-nio-28078"]
2022-08-31 13:27:18.024 [restartedMain] INFO  org.apache.catalina.core.StandardService - [log,173] - Starting service [Tomcat]
2022-08-31 13:27:18.024 [restartedMain] INFO  org.apache.catalina.core.StandardEngine - [log,173] - Starting Servlet engine: [Apache Tomcat/9.0.64]
2022-08-31 13:27:18.120 [restartedMain] INFO  o.a.c.core.ContainerBase.[Tomcat].[localhost].[/] - [log,173] - Initializing Spring embedded WebApplicationContext
2022-08-31 13:27:18.181 [restartedMain] INFO  c.a.d.s.b.a.DruidDataSourceAutoConfigure - [dataSource,56] - Init DruidDataSource
2022-08-31 13:27:18.480 [restartedMain] INFO  com.alibaba.druid.pool.DruidDataSource - [init,995] - {dataSource-1} inited
2022-08-31 13:27:19.014 [restartedMain] INFO  com.newboot.shop.admin.config.ThreadPoolConfig - [taskExecutor,66] - class com.newboot.shop.admin.config.ThreadPoolConfig set ThreadPoolTaskExecutor.
2022-08-31 13:27:19.015 [restartedMain] INFO  com.newboot.shop.admin.config.ThreadPoolConfig - [taskExecutor,86] - class com.newboot.shop.admin.config.ThreadPoolConfig set ThreadPoolTaskExecutor completed.
2022-08-31 13:27:21.232 [restartedMain] INFO  org.apache.coyote.http11.Http11NioProtocol - [log,173] - Starting ProtocolHandler ["http-nio-28078"]
2022-08-31 13:27:21.273 [restartedMain] INFO  com.newboot.shop.admin.ShopAdminApplication - [logStarted,61] - Started ShopAdminApplication in 4.888 seconds (JVM running for 5.579)
2022-08-31 13:52:48.577 [restartedMain] INFO  com.newboot.shop.admin.ShopAdminApplication - [logStarting,55] - Starting ShopAdminApplication using Java 1.8.0_251 on DESKTOP-B6JBAVC with PID 8120 (D:\Git\Gitee\shop-springboot\shop-admin\target\classes started by Afterwards in D:\Git\Gitee\shop-springboot)
2022-08-31 13:52:48.579 [restartedMain] INFO  com.newboot.shop.admin.ShopAdminApplication - [logStartupProfileInfo,640] - The following 1 profile is active: "dev"
2022-08-31 13:52:49.797 [restartedMain] INFO  org.apache.coyote.http11.Http11NioProtocol - [log,173] - Initializing ProtocolHandler ["http-nio-28078"]
2022-08-31 13:52:49.797 [restartedMain] INFO  org.apache.catalina.core.StandardService - [log,173] - Starting service [Tomcat]
2022-08-31 13:52:49.798 [restartedMain] INFO  org.apache.catalina.core.StandardEngine - [log,173] - Starting Servlet engine: [Apache Tomcat/9.0.64]
2022-08-31 13:52:49.894 [restartedMain] INFO  o.a.c.core.ContainerBase.[Tomcat].[localhost].[/] - [log,173] - Initializing Spring embedded WebApplicationContext
2022-08-31 13:52:49.954 [restartedMain] INFO  c.a.d.s.b.a.DruidDataSourceAutoConfigure - [dataSource,56] - Init DruidDataSource
2022-08-31 13:52:50.190 [restartedMain] INFO  com.alibaba.druid.pool.DruidDataSource - [init,995] - {dataSource-1} inited
2022-08-31 13:52:50.483 [restartedMain] INFO  com.newboot.shop.admin.config.ThreadPoolConfig - [taskExecutor,66] - class com.newboot.shop.admin.config.ThreadPoolConfig set ThreadPoolTaskExecutor.
2022-08-31 13:52:50.484 [restartedMain] INFO  com.newboot.shop.admin.config.ThreadPoolConfig - [taskExecutor,86] - class com.newboot.shop.admin.config.ThreadPoolConfig set ThreadPoolTaskExecutor completed.
2022-08-31 13:52:51.389 [restartedMain] INFO  org.apache.coyote.http11.Http11NioProtocol - [log,173] - Starting ProtocolHandler ["http-nio-28078"]
2022-08-31 13:52:51.410 [restartedMain] INFO  com.newboot.shop.admin.ShopAdminApplication - [logStarted,61] - Started ShopAdminApplication in 3.29 seconds (JVM running for 4.328)
2022-08-31 13:53:14.689 [http-nio-28078-exec-1] INFO  o.a.c.core.ContainerBase.[Tomcat].[localhost].[/] - [log,173] - Initializing Spring DispatcherServlet 'dispatcherServlet'
2022-08-31 13:55:27.745 [restartedMain] INFO  com.newboot.shop.admin.ShopAdminApplication - [logStarting,55] - Starting ShopAdminApplication using Java 1.8.0_251 on DESKTOP-B6JBAVC with PID 3680 (D:\Git\Gitee\shop-springboot\shop-admin\target\classes started by Afterwards in D:\Git\Gitee\shop-springboot)
2022-08-31 13:55:27.747 [restartedMain] INFO  com.newboot.shop.admin.ShopAdminApplication - [logStartupProfileInfo,640] - The following 1 profile is active: "dev"
2022-08-31 13:55:28.945 [restartedMain] INFO  org.apache.coyote.http11.Http11NioProtocol - [log,173] - Initializing ProtocolHandler ["http-nio-28078"]
2022-08-31 13:55:28.946 [restartedMain] INFO  org.apache.catalina.core.StandardService - [log,173] - Starting service [Tomcat]
2022-08-31 13:55:28.946 [restartedMain] INFO  org.apache.catalina.core.StandardEngine - [log,173] - Starting Servlet engine: [Apache Tomcat/9.0.64]
2022-08-31 13:55:29.044 [restartedMain] INFO  o.a.c.core.ContainerBase.[Tomcat].[localhost].[/] - [log,173] - Initializing Spring embedded WebApplicationContext
2022-08-31 13:55:29.105 [restartedMain] INFO  c.a.d.s.b.a.DruidDataSourceAutoConfigure - [dataSource,56] - Init DruidDataSource
2022-08-31 13:55:29.331 [restartedMain] INFO  com.alibaba.druid.pool.DruidDataSource - [init,995] - {dataSource-1} inited
2022-08-31 13:55:29.662 [restartedMain] INFO  com.newboot.shop.admin.config.ThreadPoolConfig - [taskExecutor,66] - class com.newboot.shop.admin.config.ThreadPoolConfig set ThreadPoolTaskExecutor.
2022-08-31 13:55:29.663 [restartedMain] INFO  com.newboot.shop.admin.config.ThreadPoolConfig - [taskExecutor,86] - class com.newboot.shop.admin.config.ThreadPoolConfig set ThreadPoolTaskExecutor completed.
2022-08-31 13:55:30.609 [restartedMain] INFO  org.apache.coyote.http11.Http11NioProtocol - [log,173] - Starting ProtocolHandler ["http-nio-28078"]
2022-08-31 13:55:30.631 [restartedMain] INFO  com.newboot.shop.admin.ShopAdminApplication - [logStarted,61] - Started ShopAdminApplication in 3.347 seconds (JVM running for 4.166)
2022-08-31 13:55:33.147 [http-nio-28078-exec-1] INFO  o.a.c.core.ContainerBase.[Tomcat].[localhost].[/] - [log,173] - Initializing Spring DispatcherServlet 'dispatcherServlet'
2022-08-31 14:19:56.512 [restartedMain] INFO  com.newboot.shop.admin.ShopAdminApplication - [logStarting,55] - Starting ShopAdminApplication using Java 1.8.0_251 on DESKTOP-B6JBAVC with PID 14256 (D:\Git\Gitee\shop-springboot\shop-admin\target\classes started by Afterwards in D:\Git\Gitee\shop-springboot)
2022-08-31 14:19:56.514 [restartedMain] INFO  com.newboot.shop.admin.ShopAdminApplication - [logStartupProfileInfo,640] - The following 1 profile is active: "dev"
2022-08-31 14:19:57.684 [restartedMain] INFO  org.apache.coyote.http11.Http11NioProtocol - [log,173] - Initializing ProtocolHandler ["http-nio-28078"]
2022-08-31 14:19:57.684 [restartedMain] INFO  org.apache.catalina.core.StandardService - [log,173] - Starting service [Tomcat]
2022-08-31 14:19:57.685 [restartedMain] INFO  org.apache.catalina.core.StandardEngine - [log,173] - Starting Servlet engine: [Apache Tomcat/9.0.64]
2022-08-31 14:19:57.779 [restartedMain] INFO  o.a.c.core.ContainerBase.[Tomcat].[localhost].[/] - [log,173] - Initializing Spring embedded WebApplicationContext
2022-08-31 14:19:57.839 [restartedMain] INFO  c.a.d.s.b.a.DruidDataSourceAutoConfigure - [dataSource,56] - Init DruidDataSource
2022-08-31 14:19:58.059 [restartedMain] INFO  com.alibaba.druid.pool.DruidDataSource - [init,995] - {dataSource-1} inited
2022-08-31 14:19:58.359 [restartedMain] INFO  com.newboot.shop.admin.config.ThreadPoolConfig - [taskExecutor,66] - class com.newboot.shop.admin.config.ThreadPoolConfig set ThreadPoolTaskExecutor.
2022-08-31 14:19:58.360 [restartedMain] INFO  com.newboot.shop.admin.config.ThreadPoolConfig - [taskExecutor,86] - class com.newboot.shop.admin.config.ThreadPoolConfig set ThreadPoolTaskExecutor completed.
2022-08-31 14:19:59.226 [restartedMain] INFO  org.apache.coyote.http11.Http11NioProtocol - [log,173] - Starting ProtocolHandler ["http-nio-28078"]
2022-08-31 14:19:59.247 [restartedMain] INFO  com.newboot.shop.admin.ShopAdminApplication - [logStarted,61] - Started ShopAdminApplication in 3.175 seconds (JVM running for 3.904)
2022-08-31 14:20:02.118 [http-nio-28078-exec-1] INFO  o.a.c.core.ContainerBase.[Tomcat].[localhost].[/] - [log,173] - Initializing Spring DispatcherServlet 'dispatcherServlet'
2022-08-31 16:01:55.264 [restartedMain] INFO  com.newboot.shop.admin.ShopAdminApplication - [logStarting,55] - Starting ShopAdminApplication using Java 1.8.0_251 on DESKTOP-B6JBAVC with PID 15508 (D:\Git\Gitee\shop-springboot\shop-admin\target\classes started by Afterwards in D:\Git\Gitee\shop-springboot)
2022-08-31 16:01:55.265 [restartedMain] INFO  com.newboot.shop.admin.ShopAdminApplication - [logStartupProfileInfo,640] - The following 1 profile is active: "dev"
2022-08-31 16:01:56.451 [restartedMain] INFO  org.apache.coyote.http11.Http11NioProtocol - [log,173] - Initializing ProtocolHandler ["http-nio-28078"]
2022-08-31 16:01:56.452 [restartedMain] INFO  org.apache.catalina.core.StandardService - [log,173] - Starting service [Tomcat]
2022-08-31 16:01:56.452 [restartedMain] INFO  org.apache.catalina.core.StandardEngine - [log,173] - Starting Servlet engine: [Apache Tomcat/9.0.64]
2022-08-31 16:01:56.548 [restartedMain] INFO  o.a.c.core.ContainerBase.[Tomcat].[localhost].[/] - [log,173] - Initializing Spring embedded WebApplicationContext
2022-08-31 16:01:56.608 [restartedMain] INFO  c.a.d.s.b.a.DruidDataSourceAutoConfigure - [dataSource,56] - Init DruidDataSource
2022-08-31 16:01:56.834 [restartedMain] INFO  com.alibaba.druid.pool.DruidDataSource - [init,995] - {dataSource-1} inited
2022-08-31 16:01:57.137 [restartedMain] INFO  com.newboot.shop.admin.config.ThreadPoolConfig - [taskExecutor,66] - class com.newboot.shop.admin.config.ThreadPoolConfig set ThreadPoolTaskExecutor.
2022-08-31 16:01:57.138 [restartedMain] INFO  com.newboot.shop.admin.config.ThreadPoolConfig - [taskExecutor,86] - class com.newboot.shop.admin.config.ThreadPoolConfig set ThreadPoolTaskExecutor completed.
2022-08-31 16:01:58.001 [restartedMain] INFO  org.apache.coyote.http11.Http11NioProtocol - [log,173] - Starting ProtocolHandler ["http-nio-28078"]
2022-08-31 16:01:58.022 [restartedMain] INFO  com.newboot.shop.admin.ShopAdminApplication - [logStarted,61] - Started ShopAdminApplication in 3.245 seconds (JVM running for 4.059)
2022-08-31 16:02:00.953 [http-nio-28078-exec-1] INFO  o.a.c.core.ContainerBase.[Tomcat].[localhost].[/] - [log,173] - Initializing Spring DispatcherServlet 'dispatcherServlet'
2022-08-31 16:03:28.065 [restartedMain] INFO  com.newboot.shop.admin.ShopAdminApplication - [logStarting,55] - Starting ShopAdminApplication using Java 1.8.0_251 on DESKTOP-B6JBAVC with PID 5552 (D:\Git\Gitee\shop-springboot\shop-admin\target\classes started by Afterwards in D:\Git\Gitee\shop-springboot)
2022-08-31 16:03:28.066 [restartedMain] INFO  com.newboot.shop.admin.ShopAdminApplication - [logStartupProfileInfo,640] - The following 1 profile is active: "dev"
2022-08-31 16:03:35.367 [restartedMain] INFO  com.newboot.shop.admin.ShopAdminApplication - [logStarting,55] - Starting ShopAdminApplication using Java 1.8.0_251 on DESKTOP-B6JBAVC with PID 15668 (D:\Git\Gitee\shop-springboot\shop-admin\target\classes started by Afterwards in D:\Git\Gitee\shop-springboot)
2022-08-31 16:03:35.368 [restartedMain] INFO  com.newboot.shop.admin.ShopAdminApplication - [logStartupProfileInfo,640] - The following 1 profile is active: "dev"
2022-08-31 16:03:36.520 [restartedMain] INFO  org.apache.coyote.http11.Http11NioProtocol - [log,173] - Initializing ProtocolHandler ["http-nio-28078"]
2022-08-31 16:03:36.521 [restartedMain] INFO  org.apache.catalina.core.StandardService - [log,173] - Starting service [Tomcat]
2022-08-31 16:03:36.521 [restartedMain] INFO  org.apache.catalina.core.StandardEngine - [log,173] - Starting Servlet engine: [Apache Tomcat/9.0.64]
2022-08-31 16:03:36.617 [restartedMain] INFO  o.a.c.core.ContainerBase.[Tomcat].[localhost].[/] - [log,173] - Initializing Spring embedded WebApplicationContext
2022-08-31 16:03:36.679 [restartedMain] INFO  c.a.d.s.b.a.DruidDataSourceAutoConfigure - [dataSource,56] - Init DruidDataSource
2022-08-31 16:03:36.901 [restartedMain] INFO  com.alibaba.druid.pool.DruidDataSource - [init,995] - {dataSource-1} inited
2022-08-31 16:03:37.196 [restartedMain] INFO  com.newboot.shop.admin.config.ThreadPoolConfig - [taskExecutor,66] - class com.newboot.shop.admin.config.ThreadPoolConfig set ThreadPoolTaskExecutor.
2022-08-31 16:03:37.198 [restartedMain] INFO  com.newboot.shop.admin.config.ThreadPoolConfig - [taskExecutor,86] - class com.newboot.shop.admin.config.ThreadPoolConfig set ThreadPoolTaskExecutor completed.
2022-08-31 16:03:38.069 [restartedMain] INFO  org.apache.coyote.http11.Http11NioProtocol - [log,173] - Starting ProtocolHandler ["http-nio-28078"]
2022-08-31 16:03:38.089 [restartedMain] INFO  com.newboot.shop.admin.ShopAdminApplication - [logStarted,61] - Started ShopAdminApplication in 3.166 seconds (JVM running for 3.93)
2022-08-31 16:03:44.350 [http-nio-28078-exec-1] INFO  o.a.c.core.ContainerBase.[Tomcat].[localhost].[/] - [log,173] - Initializing Spring DispatcherServlet 'dispatcherServlet'
2022-08-31 16:04:10.213 [http-nio-28078-exec-5] INFO  com.newboot.shop.admin.service.impl.SpuServiceImpl - [insert,121] - batisTime: 0.001
2022-08-31 16:04:10.216 [http-nio-28078-exec-5] INFO  com.newboot.shop.admin.service.impl.SpuServiceImpl - [insert,139] - batisTime: 0.0
2022-08-31 16:04:10.217 [http-nio-28078-exec-5] INFO  com.newboot.shop.admin.service.impl.SpuServiceImpl - [insert,140] - totalMybatisTime: 0.356 s
