2022-08-15 12:31:12.029 [restartedMain] INFO  com.newboot.shop.ShopApplication - [logStarting,55] - Starting ShopApplication using Java 1.8.0_251 on DESKTOP-B6JBAVC with PID 5816 (D:\Git\Gitee\shop-springboot\shop-new\target\classes started by Afterwards in D:\Git\Gitee\shop-springboot)
2022-08-15 12:31:12.032 [restartedMain] INFO  com.newboot.shop.ShopApplication - [logStartupProfileInfo,640] - The following 1 profile is active: "dev"
2022-08-15 12:31:14.150 [restartedMain] INFO  org.apache.coyote.http11.Http11NioProtocol - [log,173] - Initializing ProtocolHandler ["http-nio-28079"]
2022-08-15 12:31:14.150 [restartedMain] INFO  org.apache.catalina.core.StandardService - [log,173] - Starting service [Tomcat]
2022-08-15 12:31:14.151 [restartedMain] INFO  org.apache.catalina.core.StandardEngine - [log,173] - Starting Servlet engine: [Apache Tomcat/9.0.64]
2022-08-15 12:31:14.245 [restartedMain] INFO  o.a.c.core.ContainerBase.[Tomcat].[localhost].[/] - [log,173] - Initializing Spring embedded WebApplicationContext
2022-08-15 12:31:14.304 [restartedMain] INFO  c.a.d.s.b.a.DruidDataSourceAutoConfigure - [dataSource,56] - Init DruidDataSource
2022-08-15 12:31:14.526 [restartedMain] INFO  com.alibaba.druid.pool.DruidDataSource - [init,995] - {dataSource-1} inited
2022-08-15 12:31:16.143 [restartedMain] INFO  org.apache.coyote.http11.Http11NioProtocol - [log,173] - Starting ProtocolHandler ["http-nio-28079"]
2022-08-15 12:31:16.165 [restartedMain] INFO  com.newboot.shop.ShopApplication - [logStarted,61] - Started ShopApplication in 4.541 seconds (JVM running for 5.273)
2022-08-15 12:31:27.139 [http-nio-28079-exec-1] INFO  o.a.c.core.ContainerBase.[Tomcat].[localhost].[/] - [log,173] - Initializing Spring DispatcherServlet 'dispatcherServlet'
2022-08-15 12:31:27.671 [http-nio-28079-exec-5] INFO  com.newboot.shop.controller.UserController - [status,54] - -----------------get status----------------
2022-08-15 12:59:18.574 [restartedMain] INFO  com.newboot.shop.ShopApplication - [logStarting,55] - Starting ShopApplication using Java 1.8.0_251 on DESKTOP-B6JBAVC with PID 13980 (D:\Git\Gitee\shop-springboot\shop-new\target\classes started by Afterwards in D:\Git\Gitee\shop-springboot)
2022-08-15 12:59:18.575 [restartedMain] INFO  com.newboot.shop.ShopApplication - [logStartupProfileInfo,640] - The following 1 profile is active: "dev"
2022-08-15 12:59:19.787 [restartedMain] INFO  org.apache.coyote.http11.Http11NioProtocol - [log,173] - Initializing ProtocolHandler ["http-nio-28079"]
2022-08-15 12:59:19.788 [restartedMain] INFO  org.apache.catalina.core.StandardService - [log,173] - Starting service [Tomcat]
2022-08-15 12:59:19.788 [restartedMain] INFO  org.apache.catalina.core.StandardEngine - [log,173] - Starting Servlet engine: [Apache Tomcat/9.0.64]
2022-08-15 12:59:19.881 [restartedMain] INFO  o.a.c.core.ContainerBase.[Tomcat].[localhost].[/] - [log,173] - Initializing Spring embedded WebApplicationContext
2022-08-15 12:59:19.941 [restartedMain] INFO  c.a.d.s.b.a.DruidDataSourceAutoConfigure - [dataSource,56] - Init DruidDataSource
2022-08-15 12:59:20.166 [restartedMain] INFO  com.alibaba.druid.pool.DruidDataSource - [init,995] - {dataSource-1} inited
2022-08-15 12:59:21.383 [restartedMain] INFO  org.apache.coyote.http11.Http11NioProtocol - [log,173] - Starting ProtocolHandler ["http-nio-28079"]
2022-08-15 12:59:21.405 [restartedMain] INFO  com.newboot.shop.ShopApplication - [logStarted,61] - Started ShopApplication in 3.303 seconds (JVM running for 4.138)
2022-08-15 12:59:21.529 [http-nio-28079-exec-1] INFO  o.a.c.core.ContainerBase.[Tomcat].[localhost].[/] - [log,173] - Initializing Spring DispatcherServlet 'dispatcherServlet'
2022-08-15 12:59:26.727 [http-nio-28079-exec-4] INFO  com.newboot.shop.controller.UserController - [status,54] - -----------------get status----------------
