2022-08-26 17:00:03.213 [http-nio-28079-exec-3] ERROR com.newboot.shop.util.EmailUtil - [sendEmailNormal,25] - 注册验证码 send Email from iliuwei0810@163.com to 1464028022@qq.com, Exception is org.springframework.mail.MailSendException: Mail server connection failed; nested exception is com.sun.mail.util.MailConnectException: Couldn't connect to host, port: localhost, 25; timeout -1;
  nested exception is:
	java.net.ConnectException: Connection refused: connect. Failed messages: com.sun.mail.util.MailConnectException: Couldn't connect to host, port: localhost, 25; timeout -1;
  nested exception is:
	java.net.ConnectException: Connection refused: connect; message exceptions (1) are:
Failed message 1: com.sun.mail.util.MailConnectException: Couldn't connect to host, port: localhost, 25; timeout -1;
  nested exception is:
	java.net.ConnectException: Connection refused: connect
2022-08-26 17:14:26.372 [restartedMain] ERROR o.s.b.diagnostics.LoggingFailureAnalysisReporter - [report,40] - 

***************************
APPLICATION FAILED TO START
***************************

Description:

The dependencies of some of the beans in the application context form a cycle:

┌──->──┐
|  beanConfig (field org.springframework.mail.javamail.JavaMailSender com.newboot.shop.config.BeanConfig.javaMailSender)
└──<-──┘


Action:

Relying upon circular references is discouraged and they are prohibited by default. Update your application to remove the dependency cycle between beans. As a last resort, it may be possible to break the cycle automatically by setting spring.main.allow-circular-references to true.

2022-08-26 20:25:24.674 [restartedMain] ERROR org.springframework.boot.SpringApplication - [reportFailure,824] - Application run failed
org.springframework.beans.factory.BeanCreationException: Error creating bean with name 'cacheConfig': Injection of autowired dependencies failed; nested exception is java.lang.IllegalArgumentException: Could not resolve placeholder 'spring.redis.expire' in value "${spring.redis.expire}"
	at org.springframework.beans.factory.annotation.AutowiredAnnotationBeanPostProcessor.postProcessProperties(AutowiredAnnotationBeanPostProcessor.java:405)
	at org.springframework.beans.factory.support.AbstractAutowireCapableBeanFactory.populateBean(AbstractAutowireCapableBeanFactory.java:1431)
	at org.springframework.beans.factory.support.AbstractAutowireCapableBeanFactory.doCreateBean(AbstractAutowireCapableBeanFactory.java:619)
	at org.springframework.beans.factory.support.AbstractAutowireCapableBeanFactory.createBean(AbstractAutowireCapableBeanFactory.java:542)
	at org.springframework.beans.factory.support.AbstractBeanFactory.lambda$doGetBean$0(AbstractBeanFactory.java:335)
	at org.springframework.beans.factory.support.DefaultSingletonBeanRegistry.getSingleton(DefaultSingletonBeanRegistry.java:234)
	at org.springframework.beans.factory.support.AbstractBeanFactory.doGetBean(AbstractBeanFactory.java:333)
	at org.springframework.beans.factory.support.AbstractBeanFactory.getBean(AbstractBeanFactory.java:208)
	at org.springframework.beans.factory.support.DefaultListableBeanFactory.preInstantiateSingletons(DefaultListableBeanFactory.java:955)
	at org.springframework.context.support.AbstractApplicationContext.finishBeanFactoryInitialization(AbstractApplicationContext.java:918)
	at org.springframework.context.support.AbstractApplicationContext.refresh(AbstractApplicationContext.java:583)
	at org.springframework.boot.web.servlet.context.ServletWebServerApplicationContext.refresh(ServletWebServerApplicationContext.java:147)
	at org.springframework.boot.SpringApplication.refresh(SpringApplication.java:734)
	at org.springframework.boot.SpringApplication.refreshContext(SpringApplication.java:408)
	at org.springframework.boot.SpringApplication.run(SpringApplication.java:308)
	at org.springframework.boot.SpringApplication.run(SpringApplication.java:1306)
	at org.springframework.boot.SpringApplication.run(SpringApplication.java:1295)
	at com.newboot.shop.ShopApplication.main(ShopApplication.java:12)
	at sun.reflect.NativeMethodAccessorImpl.invoke0(Native Method)
	at sun.reflect.NativeMethodAccessorImpl.invoke(NativeMethodAccessorImpl.java:62)
	at sun.reflect.DelegatingMethodAccessorImpl.invoke(DelegatingMethodAccessorImpl.java:43)
	at java.lang.reflect.Method.invoke(Method.java:498)
	at org.springframework.boot.devtools.restart.RestartLauncher.run(RestartLauncher.java:49)
Caused by: java.lang.IllegalArgumentException: Could not resolve placeholder 'spring.redis.expire' in value "${spring.redis.expire}"
	at org.springframework.util.PropertyPlaceholderHelper.parseStringValue(PropertyPlaceholderHelper.java:180)
	at org.springframework.util.PropertyPlaceholderHelper.replacePlaceholders(PropertyPlaceholderHelper.java:126)
	at org.springframework.core.env.AbstractPropertyResolver.doResolvePlaceholders(AbstractPropertyResolver.java:239)
	at org.springframework.core.env.AbstractPropertyResolver.resolveRequiredPlaceholders(AbstractPropertyResolver.java:210)
	at org.springframework.context.support.PropertySourcesPlaceholderConfigurer.lambda$processProperties$0(PropertySourcesPlaceholderConfigurer.java:191)
	at org.springframework.beans.factory.support.AbstractBeanFactory.resolveEmbeddedValue(AbstractBeanFactory.java:936)
	at org.springframework.beans.factory.support.DefaultListableBeanFactory.doResolveDependency(DefaultListableBeanFactory.java:1332)
	at org.springframework.beans.factory.support.DefaultListableBeanFactory.resolveDependency(DefaultListableBeanFactory.java:1311)
	at org.springframework.beans.factory.annotation.AutowiredAnnotationBeanPostProcessor$AutowiredFieldElement.resolveFieldValue(AutowiredAnnotationBeanPostProcessor.java:656)
	at org.springframework.beans.factory.annotation.AutowiredAnnotationBeanPostProcessor$AutowiredFieldElement.inject(AutowiredAnnotationBeanPostProcessor.java:639)
	at org.springframework.beans.factory.annotation.InjectionMetadata.inject(InjectionMetadata.java:119)
	at org.springframework.beans.factory.annotation.AutowiredAnnotationBeanPostProcessor.postProcessProperties(AutowiredAnnotationBeanPostProcessor.java:399)
	... 22 common frames omitted
2022-08-26 20:34:53.497 [restartedMain] ERROR o.s.b.diagnostics.LoggingFailureAnalysisReporter - [report,40] - 

***************************
APPLICATION FAILED TO START
***************************

Description:

Field redisService in com.newboot.shop.service.impl.UserServiceImpl required a bean of type 'com.newboot.shop.service.RedisService' that could not be found.

The injection point has the following annotations:
	- @org.springframework.beans.factory.annotation.Autowired(required=true)


Action:

Consider defining a bean of type 'com.newboot.shop.service.RedisService' in your configuration.

2022-08-26 20:41:57.945 [restartedMain] ERROR o.s.b.diagnostics.LoggingFailureAnalysisReporter - [report,40] - 

***************************
APPLICATION FAILED TO START
***************************

Description:

Field redisTemplate in com.newboot.shop.redis.RedisCache required a bean of type 'org.springframework.data.redis.core.RedisTemplate' that could not be found.

The injection point has the following annotations:
	- @org.springframework.beans.factory.annotation.Autowired(required=true)


Action:

Consider defining a bean of type 'org.springframework.data.redis.core.RedisTemplate' in your configuration.

2022-08-26 20:42:54.603 [restartedMain] ERROR o.s.b.diagnostics.LoggingFailureAnalysisReporter - [report,40] - 

***************************
APPLICATION FAILED TO START
***************************

Description:

Field redisTemplate in com.newboot.shop.redis.RedisCache required a bean of type 'org.springframework.data.redis.core.RedisTemplate' that could not be found.

The injection point has the following annotations:
	- @org.springframework.beans.factory.annotation.Autowired(required=true)


Action:

Consider defining a bean of type 'org.springframework.data.redis.core.RedisTemplate' in your configuration.

2022-08-26 21:47:52.503 [http-nio-28079-exec-6] ERROR com.newboot.shop.util.EmailUtil - [sendEmailNormal,23] - 注册验证码 send Email from iliuwei0810@163.com to null, Exception is java.lang.NullPointerException
2022-08-26 21:49:20.555 [http-nio-28079-exec-2] ERROR com.newboot.shop.util.EmailUtil - [sendEmailNormal,23] - 注册验证码 send Email from iliuwei0810@163.com to null, Exception is java.lang.NullPointerException
2022-08-26 21:55:13.767 [http-nio-28079-exec-5] ERROR com.newboot.shop.util.EmailUtil - [sendEmailNormal,23] - 注册验证码 send Email from iliuwei0810@163.com to null, Exception is java.lang.NullPointerException
