2022-07-16 16:39:13.046 [main] INFO  com.newboot.shop.ShopApplication - [logStarting,55] - Starting ShopApplication using Java 1.8.0_251 on DESKTOP-B6JBAVC with PID 1408 (D:\Git\Gitee\shop-springboot\target\classes started by Afterwards in D:\Git\Gitee\shop-springboot)
2022-07-16 16:39:13.050 [main] INFO  com.newboot.shop.ShopApplication - [logStartupProfileInfo,640] - The following 1 profile is active: "dev"
2022-07-16 16:39:17.688 [main] INFO  org.apache.coyote.http11.Http11NioProtocol - [log,173] - Initializing ProtocolHandler ["http-nio-8080"]
2022-07-16 16:39:17.689 [main] INFO  org.apache.catalina.core.StandardService - [log,173] - Starting service [Tomcat]
2022-07-16 16:39:17.689 [main] INFO  org.apache.catalina.core.StandardEngine - [log,173] - Starting Servlet engine: [Apache Tomcat/9.0.64]
2022-07-16 16:39:18.085 [main] INFO  o.a.c.core.ContainerBase.[Tomcat].[localhost].[/] - [log,173] - Initializing Spring embedded WebApplicationContext
2022-07-16 16:39:18.415 [main] INFO  c.a.d.s.b.a.DruidDataSourceAutoConfigure - [dataSource,56] - Init DruidDataSource
2022-07-16 16:39:18.909 [main] INFO  com.alibaba.druid.pool.DruidDataSource - [init,995] - {dataSource-1} inited
2022-07-16 16:39:18.914 [Druid-ConnectionPool-Create-1891974590] INFO  com.alibaba.druid.pool.DruidAbstractDataSource - [setFailContinuous,1814] - {dataSource-1} failContinuous is true
2022-07-16 16:39:18.914 [main] INFO  org.apache.catalina.core.StandardService - [log,173] - Stopping service [Tomcat]
2022-07-16 16:44:11.517 [main] INFO  com.newboot.shop.ShopApplication - [logStarting,55] - Starting ShopApplication using Java 1.8.0_251 on DESKTOP-B6JBAVC with PID 8316 (D:\Git\Gitee\shop-springboot\target\classes started by Afterwards in D:\Git\Gitee\shop-springboot)
2022-07-16 16:44:11.519 [main] INFO  com.newboot.shop.ShopApplication - [logStartupProfileInfo,640] - The following 1 profile is active: "dev"
2022-07-16 16:44:12.440 [main] INFO  org.apache.coyote.http11.Http11NioProtocol - [log,173] - Initializing ProtocolHandler ["http-nio-8080"]
2022-07-16 16:44:12.440 [main] INFO  org.apache.catalina.core.StandardService - [log,173] - Starting service [Tomcat]
2022-07-16 16:44:12.441 [main] INFO  org.apache.catalina.core.StandardEngine - [log,173] - Starting Servlet engine: [Apache Tomcat/9.0.64]
2022-07-16 16:44:12.576 [main] INFO  o.a.c.core.ContainerBase.[Tomcat].[localhost].[/] - [log,173] - Initializing Spring embedded WebApplicationContext
2022-07-16 16:44:12.635 [main] INFO  c.a.d.s.b.a.DruidDataSourceAutoConfigure - [dataSource,56] - Init DruidDataSource
2022-07-16 16:44:12.895 [main] INFO  com.alibaba.druid.pool.DruidDataSource - [init,995] - {dataSource-1} inited
2022-07-16 16:44:14.901 [main] INFO  org.apache.coyote.http11.Http11NioProtocol - [log,173] - Starting ProtocolHandler ["http-nio-8080"]
2022-07-16 16:44:14.945 [main] INFO  com.newboot.shop.ShopApplication - [logStarted,61] - Started ShopApplication in 3.932 seconds (JVM running for 4.686)
2022-07-16 16:44:40.091 [http-nio-8080-exec-1] INFO  o.a.c.core.ContainerBase.[Tomcat].[localhost].[/] - [log,173] - Initializing Spring DispatcherServlet 'dispatcherServlet'
2022-07-16 16:44:46.947 [http-nio-8080-exec-10] INFO  com.newboot.shop.controller.UserController - [userLogin,29] - {user=1, password=2, type=ajax_login}
2022-07-16 16:44:50.868 [http-nio-8080-exec-4] INFO  com.newboot.shop.controller.UserController - [userLogin,29] - {user=1, password=2, type=ajax_login}
2022-07-16 16:50:11.141 [main] INFO  com.newboot.shop.ShopApplication - [logStarting,55] - Starting ShopApplication using Java 1.8.0_251 on DESKTOP-B6JBAVC with PID 9340 (D:\Git\Gitee\shop-springboot\target\classes started by Afterwards in D:\Git\Gitee\shop-springboot)
2022-07-16 16:50:11.144 [main] INFO  com.newboot.shop.ShopApplication - [logStartupProfileInfo,640] - The following 1 profile is active: "dev"
2022-07-16 16:50:12.264 [main] INFO  org.apache.coyote.http11.Http11NioProtocol - [log,173] - Initializing ProtocolHandler ["http-nio-8080"]
2022-07-16 16:50:12.265 [main] INFO  org.apache.catalina.core.StandardService - [log,173] - Starting service [Tomcat]
2022-07-16 16:50:12.265 [main] INFO  org.apache.catalina.core.StandardEngine - [log,173] - Starting Servlet engine: [Apache Tomcat/9.0.64]
2022-07-16 16:50:12.410 [main] INFO  o.a.c.core.ContainerBase.[Tomcat].[localhost].[/] - [log,173] - Initializing Spring embedded WebApplicationContext
2022-07-16 16:50:12.499 [main] INFO  c.a.d.s.b.a.DruidDataSourceAutoConfigure - [dataSource,56] - Init DruidDataSource
2022-07-16 16:50:12.789 [main] INFO  com.alibaba.druid.pool.DruidDataSource - [init,995] - {dataSource-1} inited
2022-07-16 16:50:13.679 [main] INFO  org.apache.coyote.http11.Http11NioProtocol - [log,173] - Starting ProtocolHandler ["http-nio-8080"]
2022-07-16 16:50:13.701 [main] INFO  com.newboot.shop.ShopApplication - [logStarted,61] - Started ShopApplication in 2.989 seconds (JVM running for 4.245)
2022-07-16 16:50:25.359 [http-nio-8080-exec-1] INFO  o.a.c.core.ContainerBase.[Tomcat].[localhost].[/] - [log,173] - Initializing Spring DispatcherServlet 'dispatcherServlet'
2022-07-16 16:50:25.383 [http-nio-8080-exec-1] INFO  com.newboot.shop.controller.UserController - [userLogin,29] - {user=1, password=2, type=ajax_login}
2022-07-16 16:53:33.752 [SpringApplicationShutdownHook] INFO  com.alibaba.druid.pool.DruidDataSource - [close,2073] - {dataSource-1} closing ...
2022-07-16 16:53:33.757 [SpringApplicationShutdownHook] INFO  com.alibaba.druid.pool.DruidDataSource - [close,2146] - {dataSource-1} closed
2022-07-16 16:54:03.564 [main] INFO  com.newboot.shop.ShopApplication - [logStarting,55] - Starting ShopApplication using Java 1.8.0_251 on DESKTOP-B6JBAVC with PID 13196 (D:\Git\Gitee\shop-springboot\target\classes started by Afterwards in D:\Git\Gitee\shop-springboot)
2022-07-16 16:54:03.567 [main] INFO  com.newboot.shop.ShopApplication - [logStartupProfileInfo,640] - The following 1 profile is active: "dev"
2022-07-16 16:54:04.663 [main] INFO  org.apache.coyote.http11.Http11NioProtocol - [log,173] - Initializing ProtocolHandler ["http-nio-8080"]
2022-07-16 16:54:04.663 [main] INFO  org.apache.catalina.core.StandardService - [log,173] - Starting service [Tomcat]
2022-07-16 16:54:04.663 [main] INFO  org.apache.catalina.core.StandardEngine - [log,173] - Starting Servlet engine: [Apache Tomcat/9.0.64]
2022-07-16 16:54:04.806 [main] INFO  o.a.c.core.ContainerBase.[Tomcat].[localhost].[/] - [log,173] - Initializing Spring embedded WebApplicationContext
2022-07-16 16:54:04.880 [main] INFO  c.a.d.s.b.a.DruidDataSourceAutoConfigure - [dataSource,56] - Init DruidDataSource
2022-07-16 16:54:05.130 [main] INFO  com.alibaba.druid.pool.DruidDataSource - [init,995] - {dataSource-1} inited
2022-07-16 16:54:05.970 [main] INFO  org.apache.coyote.http11.Http11NioProtocol - [log,173] - Starting ProtocolHandler ["http-nio-8080"]
2022-07-16 16:54:05.996 [main] INFO  com.newboot.shop.ShopApplication - [logStarted,61] - Started ShopApplication in 2.902 seconds (JVM running for 3.847)
2022-07-16 16:54:11.120 [http-nio-8080-exec-1] INFO  o.a.c.core.ContainerBase.[Tomcat].[localhost].[/] - [log,173] - Initializing Spring DispatcherServlet 'dispatcherServlet'
2022-07-16 16:54:11.142 [http-nio-8080-exec-1] INFO  com.newboot.shop.controller.UserController - [userLogin,29] - {user=1, password=2, type=ajax_login}
2022-07-16 16:54:22.830 [http-nio-8080-exec-1] INFO  com.newboot.shop.service.impl.UserServiceImpl - [login,29] - 1
2022-07-16 16:56:30.932 [SpringApplicationShutdownHook] INFO  com.alibaba.druid.pool.DruidDataSource - [close,2073] - {dataSource-1} closing ...
2022-07-16 16:56:30.937 [SpringApplicationShutdownHook] INFO  com.alibaba.druid.pool.DruidDataSource - [close,2146] - {dataSource-1} closed
2022-07-16 16:56:37.004 [main] INFO  com.newboot.shop.ShopApplication - [logStarting,55] - Starting ShopApplication using Java 1.8.0_251 on DESKTOP-B6JBAVC with PID 2520 (D:\Git\Gitee\shop-springboot\target\classes started by Afterwards in D:\Git\Gitee\shop-springboot)
2022-07-16 16:56:37.007 [main] INFO  com.newboot.shop.ShopApplication - [logStartupProfileInfo,640] - The following 1 profile is active: "dev"
2022-07-16 16:56:38.087 [main] INFO  org.apache.coyote.http11.Http11NioProtocol - [log,173] - Initializing ProtocolHandler ["http-nio-8080"]
2022-07-16 16:56:38.087 [main] INFO  org.apache.catalina.core.StandardService - [log,173] - Starting service [Tomcat]
2022-07-16 16:56:38.087 [main] INFO  org.apache.catalina.core.StandardEngine - [log,173] - Starting Servlet engine: [Apache Tomcat/9.0.64]
2022-07-16 16:56:38.234 [main] INFO  o.a.c.core.ContainerBase.[Tomcat].[localhost].[/] - [log,173] - Initializing Spring embedded WebApplicationContext
2022-07-16 16:56:38.306 [main] INFO  c.a.d.s.b.a.DruidDataSourceAutoConfigure - [dataSource,56] - Init DruidDataSource
2022-07-16 16:56:38.575 [main] INFO  com.alibaba.druid.pool.DruidDataSource - [init,995] - {dataSource-1} inited
2022-07-16 16:56:39.458 [main] INFO  org.apache.coyote.http11.Http11NioProtocol - [log,173] - Starting ProtocolHandler ["http-nio-8080"]
2022-07-16 16:56:39.486 [main] INFO  com.newboot.shop.ShopApplication - [logStarted,61] - Started ShopApplication in 2.979 seconds (JVM running for 3.968)
2022-07-16 16:56:44.741 [http-nio-8080-exec-2] INFO  o.a.c.core.ContainerBase.[Tomcat].[localhost].[/] - [log,173] - Initializing Spring DispatcherServlet 'dispatcherServlet'
2022-07-16 16:56:44.765 [http-nio-8080-exec-2] INFO  com.newboot.shop.controller.UserController - [userLogin,29] - {user=1, password=2, type=ajax_login}
2022-07-16 16:56:56.267 [http-nio-8080-exec-2] INFO  com.newboot.shop.service.impl.UserServiceImpl - [login,29] - 1
2022-07-16 17:04:21.101 [SpringApplicationShutdownHook] INFO  com.alibaba.druid.pool.DruidDataSource - [close,2073] - {dataSource-1} closing ...
2022-07-16 17:04:21.106 [SpringApplicationShutdownHook] INFO  com.alibaba.druid.pool.DruidDataSource - [close,2146] - {dataSource-1} closed
2022-07-16 17:04:39.261 [main] INFO  com.newboot.shop.ShopApplication - [logStarting,55] - Starting ShopApplication using Java 1.8.0_251 on DESKTOP-B6JBAVC with PID 9728 (D:\Git\Gitee\shop-springboot\target\classes started by Afterwards in D:\Git\Gitee\shop-springboot)
2022-07-16 17:04:39.264 [main] INFO  com.newboot.shop.ShopApplication - [logStartupProfileInfo,640] - The following 1 profile is active: "dev"
2022-07-16 17:04:40.178 [main] INFO  org.apache.coyote.http11.Http11NioProtocol - [log,173] - Initializing ProtocolHandler ["http-nio-8080"]
2022-07-16 17:04:40.179 [main] INFO  org.apache.catalina.core.StandardService - [log,173] - Starting service [Tomcat]
2022-07-16 17:04:40.179 [main] INFO  org.apache.catalina.core.StandardEngine - [log,173] - Starting Servlet engine: [Apache Tomcat/9.0.64]
2022-07-16 17:04:40.319 [main] INFO  o.a.c.core.ContainerBase.[Tomcat].[localhost].[/] - [log,173] - Initializing Spring embedded WebApplicationContext
2022-07-16 17:04:40.391 [main] INFO  c.a.d.s.b.a.DruidDataSourceAutoConfigure - [dataSource,56] - Init DruidDataSource
2022-07-16 17:04:40.623 [main] INFO  com.alibaba.druid.pool.DruidDataSource - [init,995] - {dataSource-1} inited
2022-07-16 17:04:41.375 [main] INFO  org.apache.coyote.http11.Http11NioProtocol - [log,173] - Starting ProtocolHandler ["http-nio-8080"]
2022-07-16 17:04:41.398 [main] INFO  com.newboot.shop.ShopApplication - [logStarted,61] - Started ShopApplication in 2.537 seconds (JVM running for 3.295)
2022-07-16 17:04:48.476 [http-nio-8080-exec-2] INFO  o.a.c.core.ContainerBase.[Tomcat].[localhost].[/] - [log,173] - Initializing Spring DispatcherServlet 'dispatcherServlet'
2022-07-16 17:04:53.844 [http-nio-8080-exec-9] INFO  com.newboot.shop.controller.UserController - [userLogin,29] - {user=1, password=2, type=ajax_login}
2022-07-16 17:04:53.851 [http-nio-8080-exec-9] INFO  com.newboot.shop.service.impl.UserServiceImpl - [login,29] - 1
2022-07-16 17:13:14.803 [main] INFO  com.newboot.shop.ShopApplication - [logStarting,55] - Starting ShopApplication using Java 1.8.0_251 on DESKTOP-B6JBAVC with PID 13544 (D:\Git\Gitee\shop-springboot\target\classes started by Afterwards in D:\Git\Gitee\shop-springboot)
2022-07-16 17:13:14.806 [main] INFO  com.newboot.shop.ShopApplication - [logStartupProfileInfo,640] - The following 1 profile is active: "dev"
2022-07-16 17:13:15.704 [main] INFO  org.apache.coyote.http11.Http11NioProtocol - [log,173] - Initializing ProtocolHandler ["http-nio-8080"]
2022-07-16 17:13:15.704 [main] INFO  org.apache.catalina.core.StandardService - [log,173] - Starting service [Tomcat]
2022-07-16 17:13:15.704 [main] INFO  org.apache.catalina.core.StandardEngine - [log,173] - Starting Servlet engine: [Apache Tomcat/9.0.64]
2022-07-16 17:13:15.836 [main] INFO  o.a.c.core.ContainerBase.[Tomcat].[localhost].[/] - [log,173] - Initializing Spring embedded WebApplicationContext
2022-07-16 17:13:15.895 [main] INFO  c.a.d.s.b.a.DruidDataSourceAutoConfigure - [dataSource,56] - Init DruidDataSource
2022-07-16 17:13:16.108 [main] INFO  com.alibaba.druid.pool.DruidDataSource - [init,995] - {dataSource-1} inited
2022-07-16 17:13:17.081 [main] INFO  org.apache.coyote.http11.Http11NioProtocol - [log,173] - Starting ProtocolHandler ["http-nio-8080"]
2022-07-16 17:13:17.101 [main] INFO  com.newboot.shop.ShopApplication - [logStarted,61] - Started ShopApplication in 2.724 seconds (JVM running for 3.373)
2022-07-16 17:13:23.608 [http-nio-8080-exec-2] INFO  o.a.c.core.ContainerBase.[Tomcat].[localhost].[/] - [log,173] - Initializing Spring DispatcherServlet 'dispatcherServlet'
2022-07-16 17:13:42.031 [main] INFO  com.newboot.shop.ShopApplication - [logStarting,55] - Starting ShopApplication using Java 1.8.0_251 on DESKTOP-B6JBAVC with PID 5912 (D:\Git\Gitee\shop-springboot\target\classes started by Afterwards in D:\Git\Gitee\shop-springboot)
2022-07-16 17:13:42.033 [main] INFO  com.newboot.shop.ShopApplication - [logStartupProfileInfo,640] - The following 1 profile is active: "dev"
2022-07-16 17:13:42.951 [main] INFO  org.apache.coyote.http11.Http11NioProtocol - [log,173] - Initializing ProtocolHandler ["http-nio-8080"]
2022-07-16 17:13:42.952 [main] INFO  org.apache.catalina.core.StandardService - [log,173] - Starting service [Tomcat]
2022-07-16 17:13:42.952 [main] INFO  org.apache.catalina.core.StandardEngine - [log,173] - Starting Servlet engine: [Apache Tomcat/9.0.64]
2022-07-16 17:13:43.085 [main] INFO  o.a.c.core.ContainerBase.[Tomcat].[localhost].[/] - [log,173] - Initializing Spring embedded WebApplicationContext
2022-07-16 17:13:43.145 [main] INFO  c.a.d.s.b.a.DruidDataSourceAutoConfigure - [dataSource,56] - Init DruidDataSource
2022-07-16 17:13:43.363 [main] INFO  com.alibaba.druid.pool.DruidDataSource - [init,995] - {dataSource-1} inited
2022-07-16 17:13:44.199 [main] INFO  org.apache.coyote.http11.Http11NioProtocol - [log,173] - Starting ProtocolHandler ["http-nio-8080"]
2022-07-16 17:13:44.219 [main] INFO  com.newboot.shop.ShopApplication - [logStarted,61] - Started ShopApplication in 2.635 seconds (JVM running for 3.296)
2022-07-16 17:13:47.852 [http-nio-8080-exec-3] INFO  o.a.c.core.ContainerBase.[Tomcat].[localhost].[/] - [log,173] - Initializing Spring DispatcherServlet 'dispatcherServlet'
2022-07-16 17:13:53.337 [http-nio-8080-exec-8] INFO  com.newboot.shop.controller.UserController - [userLogin,29] - {user=1, password=2, type=ajax_login}
2022-07-16 17:13:53.343 [http-nio-8080-exec-8] INFO  com.newboot.shop.service.impl.UserServiceImpl - [login,29] - 1
2022-07-16 17:15:42.868 [main] INFO  com.newboot.shop.ShopApplication - [logStarting,55] - Starting ShopApplication using Java 1.8.0_251 on DESKTOP-B6JBAVC with PID 9552 (D:\Git\Gitee\shop-springboot\target\classes started by Afterwards in D:\Git\Gitee\shop-springboot)
2022-07-16 17:15:42.871 [main] INFO  com.newboot.shop.ShopApplication - [logStartupProfileInfo,640] - The following 1 profile is active: "dev"
2022-07-16 17:15:43.761 [main] INFO  org.apache.coyote.http11.Http11NioProtocol - [log,173] - Initializing ProtocolHandler ["http-nio-8080"]
2022-07-16 17:15:43.761 [main] INFO  org.apache.catalina.core.StandardService - [log,173] - Starting service [Tomcat]
2022-07-16 17:15:43.763 [main] INFO  org.apache.catalina.core.StandardEngine - [log,173] - Starting Servlet engine: [Apache Tomcat/9.0.64]
2022-07-16 17:15:43.894 [main] INFO  o.a.c.core.ContainerBase.[Tomcat].[localhost].[/] - [log,173] - Initializing Spring embedded WebApplicationContext
2022-07-16 17:15:43.940 [main] INFO  org.apache.catalina.core.StandardService - [log,173] - Stopping service [Tomcat]
2022-07-16 17:19:44.379 [main] INFO  com.newboot.shop.ShopApplication - [logStarting,55] - Starting ShopApplication using Java 1.8.0_251 on DESKTOP-B6JBAVC with PID 9340 (D:\Git\Gitee\shop-springboot\target\classes started by Afterwards in D:\Git\Gitee\shop-springboot)
2022-07-16 17:19:44.381 [main] INFO  com.newboot.shop.ShopApplication - [logStartupProfileInfo,640] - The following 1 profile is active: "dev"
2022-07-16 17:19:45.316 [main] INFO  org.apache.coyote.http11.Http11NioProtocol - [log,173] - Initializing ProtocolHandler ["http-nio-8080"]
2022-07-16 17:19:45.317 [main] INFO  org.apache.catalina.core.StandardService - [log,173] - Starting service [Tomcat]
2022-07-16 17:19:45.317 [main] INFO  org.apache.catalina.core.StandardEngine - [log,173] - Starting Servlet engine: [Apache Tomcat/9.0.64]
2022-07-16 17:19:45.455 [main] INFO  o.a.c.core.ContainerBase.[Tomcat].[localhost].[/] - [log,173] - Initializing Spring embedded WebApplicationContext
2022-07-16 17:19:45.520 [main] INFO  c.a.d.s.b.a.DruidDataSourceAutoConfigure - [dataSource,56] - Init DruidDataSource
2022-07-16 17:19:45.754 [main] INFO  com.alibaba.druid.pool.DruidDataSource - [init,995] - {dataSource-1} inited
2022-07-16 17:19:46.524 [main] INFO  org.apache.coyote.http11.Http11NioProtocol - [log,173] - Starting ProtocolHandler ["http-nio-8080"]
2022-07-16 17:19:46.546 [main] INFO  com.newboot.shop.ShopApplication - [logStarted,61] - Started ShopApplication in 2.6 seconds (JVM running for 3.268)
2022-07-16 17:19:48.201 [http-nio-8080-exec-1] INFO  o.a.c.core.ContainerBase.[Tomcat].[localhost].[/] - [log,173] - Initializing Spring DispatcherServlet 'dispatcherServlet'
2022-07-16 17:19:48.221 [http-nio-8080-exec-1] INFO  com.newboot.shop.controller.UserController - [userLogin,29] - {user=1, password=2, type=ajax_login}
2022-07-16 17:19:48.226 [http-nio-8080-exec-1] INFO  com.newboot.shop.service.impl.UserServiceImpl - [login,29] - 1
2022-07-16 17:22:09.612 [main] INFO  com.newboot.shop.ShopApplication - [logStarting,55] - Starting ShopApplication using Java 1.8.0_251 on DESKTOP-B6JBAVC with PID 8208 (D:\Git\Gitee\shop-springboot\target\classes started by Afterwards in D:\Git\Gitee\shop-springboot)
2022-07-16 17:22:09.614 [main] INFO  com.newboot.shop.ShopApplication - [logStartupProfileInfo,640] - The following 1 profile is active: "dev"
2022-07-16 17:22:10.539 [main] INFO  org.apache.coyote.http11.Http11NioProtocol - [log,173] - Initializing ProtocolHandler ["http-nio-8080"]
2022-07-16 17:22:10.539 [main] INFO  org.apache.catalina.core.StandardService - [log,173] - Starting service [Tomcat]
2022-07-16 17:22:10.539 [main] INFO  org.apache.catalina.core.StandardEngine - [log,173] - Starting Servlet engine: [Apache Tomcat/9.0.64]
2022-07-16 17:22:10.671 [main] INFO  o.a.c.core.ContainerBase.[Tomcat].[localhost].[/] - [log,173] - Initializing Spring embedded WebApplicationContext
2022-07-16 17:22:10.730 [main] INFO  c.a.d.s.b.a.DruidDataSourceAutoConfigure - [dataSource,56] - Init DruidDataSource
2022-07-16 17:22:10.945 [main] INFO  com.alibaba.druid.pool.DruidDataSource - [init,995] - {dataSource-1} inited
2022-07-16 17:22:11.810 [main] INFO  org.apache.coyote.http11.Http11NioProtocol - [log,173] - Starting ProtocolHandler ["http-nio-8080"]
2022-07-16 17:22:11.832 [main] INFO  com.newboot.shop.ShopApplication - [logStarted,61] - Started ShopApplication in 2.655 seconds (JVM running for 3.278)
2022-07-16 17:22:14.173 [http-nio-8080-exec-1] INFO  o.a.c.core.ContainerBase.[Tomcat].[localhost].[/] - [log,173] - Initializing Spring DispatcherServlet 'dispatcherServlet'
2022-07-16 17:22:14.193 [http-nio-8080-exec-1] INFO  com.newboot.shop.controller.UserController - [userLogin,29] - {user=1, password=2, type=ajax_login}
2022-07-16 17:22:14.197 [http-nio-8080-exec-1] INFO  com.newboot.shop.service.impl.UserServiceImpl - [login,29] - 1
2022-07-16 17:22:15.310 [http-nio-8080-exec-2] INFO  com.newboot.shop.controller.UserController - [userLogin,29] - {user=1, password=2, type=ajax_login}
2022-07-16 17:22:15.310 [http-nio-8080-exec-2] INFO  com.newboot.shop.service.impl.UserServiceImpl - [login,29] - 1
2022-07-16 17:22:16.110 [http-nio-8080-exec-3] INFO  com.newboot.shop.controller.UserController - [userLogin,29] - {user=1, password=2, type=ajax_login}
2022-07-16 17:22:16.110 [http-nio-8080-exec-3] INFO  com.newboot.shop.service.impl.UserServiceImpl - [login,29] - 1
2022-07-16 17:22:16.730 [http-nio-8080-exec-4] INFO  com.newboot.shop.controller.UserController - [userLogin,29] - {user=1, password=2, type=ajax_login}
2022-07-16 17:22:16.731 [http-nio-8080-exec-4] INFO  com.newboot.shop.service.impl.UserServiceImpl - [login,29] - 1
2022-07-16 17:22:22.306 [http-nio-8080-exec-7] INFO  com.newboot.shop.controller.UserController - [userLogin,29] - {user=1, password=2, type=ajax_login}
2022-07-16 17:22:22.306 [http-nio-8080-exec-7] INFO  com.newboot.shop.service.impl.UserServiceImpl - [login,29] - 1
2022-07-16 18:00:58.921 [main] INFO  com.newboot.shop.ShopApplication - [logStarting,55] - Starting ShopApplication using Java 1.8.0_251 on DESKTOP-B6JBAVC with PID 2860 (D:\Git\Gitee\shop-springboot\target\classes started by Afterwards in D:\Git\Gitee\shop-springboot)
2022-07-16 18:00:58.924 [main] INFO  com.newboot.shop.ShopApplication - [logStartupProfileInfo,640] - The following 1 profile is active: "dev"
2022-07-16 18:00:59.872 [main] INFO  org.apache.coyote.http11.Http11NioProtocol - [log,173] - Initializing ProtocolHandler ["http-nio-8080"]
2022-07-16 18:00:59.873 [main] INFO  org.apache.catalina.core.StandardService - [log,173] - Starting service [Tomcat]
2022-07-16 18:00:59.873 [main] INFO  org.apache.catalina.core.StandardEngine - [log,173] - Starting Servlet engine: [Apache Tomcat/9.0.64]
2022-07-16 18:01:00.013 [main] INFO  o.a.c.core.ContainerBase.[Tomcat].[localhost].[/] - [log,173] - Initializing Spring embedded WebApplicationContext
2022-07-16 18:01:00.071 [main] INFO  c.a.d.s.b.a.DruidDataSourceAutoConfigure - [dataSource,56] - Init DruidDataSource
2022-07-16 18:01:00.286 [main] INFO  com.alibaba.druid.pool.DruidDataSource - [init,995] - {dataSource-1} inited
2022-07-16 18:01:01.140 [main] INFO  org.apache.coyote.http11.Http11NioProtocol - [log,173] - Starting ProtocolHandler ["http-nio-8080"]
2022-07-16 18:01:01.161 [main] INFO  com.newboot.shop.ShopApplication - [logStarted,61] - Started ShopApplication in 2.727 seconds (JVM running for 3.493)
2022-07-16 18:01:09.385 [http-nio-8080-exec-1] INFO  o.a.c.core.ContainerBase.[Tomcat].[localhost].[/] - [log,173] - Initializing Spring DispatcherServlet 'dispatcherServlet'
2022-07-16 18:06:46.053 [main] INFO  com.newboot.shop.ShopApplication - [logStarting,55] - Starting ShopApplication using Java 1.8.0_251 on DESKTOP-B6JBAVC with PID 9072 (D:\Git\Gitee\shop-springboot\target\classes started by Afterwards in D:\Git\Gitee\shop-springboot)
2022-07-16 18:06:46.056 [main] INFO  com.newboot.shop.ShopApplication - [logStartupProfileInfo,640] - The following 1 profile is active: "dev"
2022-07-16 18:06:47.009 [main] INFO  org.apache.coyote.http11.Http11NioProtocol - [log,173] - Initializing ProtocolHandler ["http-nio-8080"]
2022-07-16 18:06:47.009 [main] INFO  org.apache.catalina.core.StandardService - [log,173] - Starting service [Tomcat]
2022-07-16 18:06:47.010 [main] INFO  org.apache.catalina.core.StandardEngine - [log,173] - Starting Servlet engine: [Apache Tomcat/9.0.64]
2022-07-16 18:06:47.148 [main] INFO  o.a.c.core.ContainerBase.[Tomcat].[localhost].[/] - [log,173] - Initializing Spring embedded WebApplicationContext
2022-07-16 18:06:47.259 [main] INFO  c.a.d.s.b.a.DruidDataSourceAutoConfigure - [dataSource,56] - Init DruidDataSource
2022-07-16 18:06:47.483 [main] INFO  com.alibaba.druid.pool.DruidDataSource - [init,995] - {dataSource-1} inited
2022-07-16 18:06:48.373 [main] INFO  org.apache.coyote.http11.Http11NioProtocol - [log,173] - Starting ProtocolHandler ["http-nio-8080"]
2022-07-16 18:06:48.394 [main] INFO  com.newboot.shop.ShopApplication - [logStarted,61] - Started ShopApplication in 2.801 seconds (JVM running for 3.477)
2022-07-16 18:07:35.353 [http-nio-8080-exec-7] INFO  o.a.c.core.ContainerBase.[Tomcat].[localhost].[/] - [log,173] - Initializing Spring DispatcherServlet 'dispatcherServlet'
2022-07-16 18:07:35.371 [http-nio-8080-exec-7] INFO  com.newboot.shop.controller.UserController - [userLogin,29] - {user=1, password=2, type=ajax_login}
2022-07-16 18:07:35.378 [http-nio-8080-exec-7] INFO  com.newboot.shop.service.impl.UserServiceImpl - [login,29] - 1
2022-07-16 18:08:12.215 [http-nio-8080-exec-5] INFO  com.newboot.shop.controller.UserController - [userLogin,29] - {user=1, password=2, type=ajax_login}
2022-07-16 18:08:12.216 [http-nio-8080-exec-5] INFO  com.newboot.shop.service.impl.UserServiceImpl - [login,29] - 1
2022-07-16 18:08:12.363 [http-nio-8080-exec-1] INFO  com.newboot.shop.controller.UserController - [userLogin,29] - {user=1, password=2, type=ajax_login}
2022-07-16 18:08:12.363 [http-nio-8080-exec-1] INFO  com.newboot.shop.service.impl.UserServiceImpl - [login,29] - 1
2022-07-16 18:08:12.503 [http-nio-8080-exec-4] INFO  com.newboot.shop.controller.UserController - [userLogin,29] - {user=1, password=2, type=ajax_login}
2022-07-16 18:08:12.503 [http-nio-8080-exec-4] INFO  com.newboot.shop.service.impl.UserServiceImpl - [login,29] - 1
2022-07-16 18:08:12.647 [http-nio-8080-exec-6] INFO  com.newboot.shop.controller.UserController - [userLogin,29] - {user=1, password=2, type=ajax_login}
2022-07-16 18:08:12.647 [http-nio-8080-exec-6] INFO  com.newboot.shop.service.impl.UserServiceImpl - [login,29] - 1
2022-07-16 18:08:12.788 [http-nio-8080-exec-2] INFO  com.newboot.shop.controller.UserController - [userLogin,29] - {user=1, password=2, type=ajax_login}
2022-07-16 18:08:12.788 [http-nio-8080-exec-2] INFO  com.newboot.shop.service.impl.UserServiceImpl - [login,29] - 1
2022-07-16 18:08:12.912 [http-nio-8080-exec-10] INFO  com.newboot.shop.controller.UserController - [userLogin,29] - {user=1, password=2, type=ajax_login}
2022-07-16 18:08:12.913 [http-nio-8080-exec-10] INFO  com.newboot.shop.service.impl.UserServiceImpl - [login,29] - 1
2022-07-16 18:08:13.048 [http-nio-8080-exec-7] INFO  com.newboot.shop.controller.UserController - [userLogin,29] - {user=1, password=2, type=ajax_login}
2022-07-16 18:08:13.049 [http-nio-8080-exec-7] INFO  com.newboot.shop.service.impl.UserServiceImpl - [login,29] - 1
2022-07-16 18:08:13.198 [http-nio-8080-exec-8] INFO  com.newboot.shop.controller.UserController - [userLogin,29] - {user=1, password=2, type=ajax_login}
2022-07-16 18:08:13.199 [http-nio-8080-exec-8] INFO  com.newboot.shop.service.impl.UserServiceImpl - [login,29] - 1
2022-07-16 18:08:13.339 [http-nio-8080-exec-9] INFO  com.newboot.shop.controller.UserController - [userLogin,29] - {user=1, password=2, type=ajax_login}
2022-07-16 18:08:13.339 [http-nio-8080-exec-9] INFO  com.newboot.shop.service.impl.UserServiceImpl - [login,29] - 1
2022-07-16 18:08:13.496 [http-nio-8080-exec-3] INFO  com.newboot.shop.controller.UserController - [userLogin,29] - {user=1, password=2, type=ajax_login}
2022-07-16 18:08:13.496 [http-nio-8080-exec-3] INFO  com.newboot.shop.service.impl.UserServiceImpl - [login,29] - 1
2022-07-16 18:08:13.647 [http-nio-8080-exec-5] INFO  com.newboot.shop.controller.UserController - [userLogin,29] - {user=1, password=2, type=ajax_login}
2022-07-16 18:08:13.647 [http-nio-8080-exec-5] INFO  com.newboot.shop.service.impl.UserServiceImpl - [login,29] - 1
2022-07-16 18:08:13.790 [http-nio-8080-exec-1] INFO  com.newboot.shop.controller.UserController - [userLogin,29] - {user=1, password=2, type=ajax_login}
2022-07-16 18:08:13.790 [http-nio-8080-exec-1] INFO  com.newboot.shop.service.impl.UserServiceImpl - [login,29] - 1
2022-07-16 18:08:13.942 [http-nio-8080-exec-4] INFO  com.newboot.shop.controller.UserController - [userLogin,29] - {user=1, password=2, type=ajax_login}
2022-07-16 18:08:13.942 [http-nio-8080-exec-4] INFO  com.newboot.shop.service.impl.UserServiceImpl - [login,29] - 1
2022-07-16 18:08:14.085 [http-nio-8080-exec-6] INFO  com.newboot.shop.controller.UserController - [userLogin,29] - {user=1, password=2, type=ajax_login}
2022-07-16 18:08:14.086 [http-nio-8080-exec-6] INFO  com.newboot.shop.service.impl.UserServiceImpl - [login,29] - 1
2022-07-16 18:08:14.239 [http-nio-8080-exec-2] INFO  com.newboot.shop.controller.UserController - [userLogin,29] - {user=1, password=2, type=ajax_login}
2022-07-16 18:08:14.240 [http-nio-8080-exec-2] INFO  com.newboot.shop.service.impl.UserServiceImpl - [login,29] - 1
2022-07-16 18:08:14.393 [http-nio-8080-exec-7] INFO  com.newboot.shop.controller.UserController - [userLogin,29] - {user=1, password=2, type=ajax_login}
2022-07-16 18:08:14.393 [http-nio-8080-exec-7] INFO  com.newboot.shop.service.impl.UserServiceImpl - [login,29] - 1
2022-07-16 18:08:14.543 [http-nio-8080-exec-8] INFO  com.newboot.shop.controller.UserController - [userLogin,29] - {user=1, password=2, type=ajax_login}
2022-07-16 18:08:14.543 [http-nio-8080-exec-8] INFO  com.newboot.shop.service.impl.UserServiceImpl - [login,29] - 1
2022-07-16 18:08:14.683 [http-nio-8080-exec-9] INFO  com.newboot.shop.controller.UserController - [userLogin,29] - {user=1, password=2, type=ajax_login}
2022-07-16 18:08:14.684 [http-nio-8080-exec-9] INFO  com.newboot.shop.service.impl.UserServiceImpl - [login,29] - 1
2022-07-16 18:08:14.815 [http-nio-8080-exec-3] INFO  com.newboot.shop.controller.UserController - [userLogin,29] - {user=1, password=2, type=ajax_login}
2022-07-16 18:08:14.816 [http-nio-8080-exec-3] INFO  com.newboot.shop.service.impl.UserServiceImpl - [login,29] - 1
2022-07-16 18:08:14.970 [http-nio-8080-exec-5] INFO  com.newboot.shop.controller.UserController - [userLogin,29] - {user=1, password=2, type=ajax_login}
2022-07-16 18:08:14.971 [http-nio-8080-exec-5] INFO  com.newboot.shop.service.impl.UserServiceImpl - [login,29] - 1
2022-07-16 18:08:15.119 [http-nio-8080-exec-1] INFO  com.newboot.shop.controller.UserController - [userLogin,29] - {user=1, password=2, type=ajax_login}
2022-07-16 18:08:15.119 [http-nio-8080-exec-1] INFO  com.newboot.shop.service.impl.UserServiceImpl - [login,29] - 1
2022-07-16 18:08:15.273 [http-nio-8080-exec-4] INFO  com.newboot.shop.controller.UserController - [userLogin,29] - {user=1, password=2, type=ajax_login}
2022-07-16 18:08:15.273 [http-nio-8080-exec-4] INFO  com.newboot.shop.service.impl.UserServiceImpl - [login,29] - 1
2022-07-16 18:08:15.410 [http-nio-8080-exec-6] INFO  com.newboot.shop.controller.UserController - [userLogin,29] - {user=1, password=2, type=ajax_login}
2022-07-16 18:08:15.410 [http-nio-8080-exec-6] INFO  com.newboot.shop.service.impl.UserServiceImpl - [login,29] - 1
2022-07-16 18:08:18.226 [http-nio-8080-exec-2] INFO  com.newboot.shop.controller.UserController - [userLogin,29] - {user=1, password=2, type=ajax_login}
2022-07-16 18:08:18.227 [http-nio-8080-exec-2] INFO  com.newboot.shop.service.impl.UserServiceImpl - [login,29] - 1
2022-07-16 18:08:18.376 [http-nio-8080-exec-10] INFO  com.newboot.shop.controller.UserController - [userLogin,29] - {user=1, password=2, type=ajax_login}
2022-07-16 18:08:18.377 [http-nio-8080-exec-10] INFO  com.newboot.shop.service.impl.UserServiceImpl - [login,29] - 1
2022-07-16 18:08:18.532 [http-nio-8080-exec-7] INFO  com.newboot.shop.controller.UserController - [userLogin,29] - {user=1, password=2, type=ajax_login}
2022-07-16 18:08:18.533 [http-nio-8080-exec-7] INFO  com.newboot.shop.service.impl.UserServiceImpl - [login,29] - 1
2022-07-16 18:08:18.691 [http-nio-8080-exec-8] INFO  com.newboot.shop.controller.UserController - [userLogin,29] - {user=1, password=2, type=ajax_login}
2022-07-16 18:08:18.691 [http-nio-8080-exec-8] INFO  com.newboot.shop.service.impl.UserServiceImpl - [login,29] - 1
2022-07-16 18:08:18.847 [http-nio-8080-exec-9] INFO  com.newboot.shop.controller.UserController - [userLogin,29] - {user=1, password=2, type=ajax_login}
2022-07-16 18:08:18.847 [http-nio-8080-exec-9] INFO  com.newboot.shop.service.impl.UserServiceImpl - [login,29] - 1
2022-07-16 18:08:18.997 [http-nio-8080-exec-3] INFO  com.newboot.shop.controller.UserController - [userLogin,29] - {user=1, password=2, type=ajax_login}
2022-07-16 18:08:18.998 [http-nio-8080-exec-3] INFO  com.newboot.shop.service.impl.UserServiceImpl - [login,29] - 1
2022-07-16 18:08:19.168 [http-nio-8080-exec-5] INFO  com.newboot.shop.controller.UserController - [userLogin,29] - {user=1, password=2, type=ajax_login}
2022-07-16 18:08:19.168 [http-nio-8080-exec-5] INFO  com.newboot.shop.service.impl.UserServiceImpl - [login,29] - 1
2022-07-16 18:08:19.304 [http-nio-8080-exec-1] INFO  com.newboot.shop.controller.UserController - [userLogin,29] - {user=1, password=2, type=ajax_login}
2022-07-16 18:08:19.304 [http-nio-8080-exec-1] INFO  com.newboot.shop.service.impl.UserServiceImpl - [login,29] - 1
2022-07-16 18:08:19.422 [http-nio-8080-exec-4] INFO  com.newboot.shop.controller.UserController - [userLogin,29] - {user=1, password=2, type=ajax_login}
2022-07-16 18:08:19.422 [http-nio-8080-exec-4] INFO  com.newboot.shop.service.impl.UserServiceImpl - [login,29] - 1
2022-07-16 18:08:34.092 [http-nio-8080-exec-10] INFO  org.apache.coyote.http11.Http11Processor - [log,175] - Error parsing HTTP request header
 Note: further occurrences of HTTP request parsing errors will be logged at DEBUG level.
java.lang.IllegalArgumentException: Invalid character found in the request target [/druid/sql.json?orderBy=ExecuteAndResultHoldTimeHistogram[1]&orderType=desc&page=1&perPageCount=1000000& ]. The valid characters are defined in RFC 7230 and RFC 3986
	at org.apache.coyote.http11.Http11InputBuffer.parseRequestLine(Http11InputBuffer.java:494)
	at org.apache.coyote.http11.Http11Processor.service(Http11Processor.java:271)
	at org.apache.coyote.AbstractProcessorLight.process(AbstractProcessorLight.java:65)
	at org.apache.coyote.AbstractProtocol$ConnectionHandler.process(AbstractProtocol.java:890)
	at org.apache.tomcat.util.net.NioEndpoint$SocketProcessor.doRun(NioEndpoint.java:1787)
	at org.apache.tomcat.util.net.SocketProcessorBase.run(SocketProcessorBase.java:49)
	at org.apache.tomcat.util.threads.ThreadPoolExecutor.runWorker(ThreadPoolExecutor.java:1191)
	at org.apache.tomcat.util.threads.ThreadPoolExecutor$Worker.run(ThreadPoolExecutor.java:659)
	at org.apache.tomcat.util.threads.TaskThread$WrappingRunnable.run(TaskThread.java:61)
	at java.lang.Thread.run(Thread.java:748)
2022-07-16 18:17:43.449 [main] INFO  com.newboot.shop.ShopApplication - [logStarting,55] - Starting ShopApplication using Java 1.8.0_251 on DESKTOP-B6JBAVC with PID 7172 (D:\Git\Gitee\shop-springboot\target\classes started by Afterwards in D:\Git\Gitee\shop-springboot)
2022-07-16 18:17:43.452 [main] INFO  com.newboot.shop.ShopApplication - [logStartupProfileInfo,640] - The following 1 profile is active: "dev"
2022-07-16 18:17:44.482 [main] INFO  org.apache.coyote.http11.Http11NioProtocol - [log,173] - Initializing ProtocolHandler ["http-nio-8080"]
2022-07-16 18:17:44.483 [main] INFO  org.apache.catalina.core.StandardService - [log,173] - Starting service [Tomcat]
2022-07-16 18:17:44.483 [main] INFO  org.apache.catalina.core.StandardEngine - [log,173] - Starting Servlet engine: [Apache Tomcat/9.0.64]
2022-07-16 18:17:44.627 [main] INFO  o.a.c.core.ContainerBase.[Tomcat].[localhost].[/] - [log,173] - Initializing Spring embedded WebApplicationContext
2022-07-16 18:17:44.686 [main] INFO  c.a.d.s.b.a.DruidDataSourceAutoConfigure - [dataSource,56] - Init DruidDataSource
2022-07-16 18:17:44.912 [main] INFO  com.alibaba.druid.pool.DruidDataSource - [init,995] - {dataSource-1} inited
2022-07-16 18:17:45.825 [main] INFO  org.apache.coyote.http11.Http11NioProtocol - [log,173] - Starting ProtocolHandler ["http-nio-8080"]
2022-07-16 18:17:45.846 [main] INFO  com.newboot.shop.ShopApplication - [logStarted,61] - Started ShopApplication in 2.898 seconds (JVM running for 3.581)
2022-07-16 18:17:46.064 [http-nio-8080-exec-1] INFO  o.a.c.core.ContainerBase.[Tomcat].[localhost].[/] - [log,173] - Initializing Spring DispatcherServlet 'dispatcherServlet'
2022-07-16 18:18:17.423 [main] INFO  com.newboot.shop.ShopApplication - [logStarting,55] - Starting ShopApplication using Java 1.8.0_251 on DESKTOP-B6JBAVC with PID 3776 (D:\Git\Gitee\shop-springboot\target\classes started by Afterwards in D:\Git\Gitee\shop-springboot)
2022-07-16 18:18:17.425 [main] INFO  com.newboot.shop.ShopApplication - [logStartupProfileInfo,640] - The following 1 profile is active: "dev"
2022-07-16 18:18:18.493 [main] INFO  org.apache.coyote.http11.Http11NioProtocol - [log,173] - Initializing ProtocolHandler ["http-nio-8080"]
2022-07-16 18:18:18.494 [main] INFO  org.apache.catalina.core.StandardService - [log,173] - Starting service [Tomcat]
2022-07-16 18:18:18.494 [main] INFO  org.apache.catalina.core.StandardEngine - [log,173] - Starting Servlet engine: [Apache Tomcat/9.0.64]
2022-07-16 18:18:18.637 [main] INFO  o.a.c.core.ContainerBase.[Tomcat].[localhost].[/] - [log,173] - Initializing Spring embedded WebApplicationContext
2022-07-16 18:18:18.706 [main] INFO  c.a.d.s.b.a.DruidDataSourceAutoConfigure - [dataSource,56] - Init DruidDataSource
2022-07-16 18:18:18.955 [main] INFO  com.alibaba.druid.pool.DruidDataSource - [init,995] - {dataSource-1} inited
2022-07-16 18:18:19.951 [main] INFO  org.apache.coyote.http11.Http11NioProtocol - [log,173] - Starting ProtocolHandler ["http-nio-8080"]
2022-07-16 18:18:19.974 [main] INFO  com.newboot.shop.ShopApplication - [logStarted,61] - Started ShopApplication in 3.073 seconds (JVM running for 3.968)
2022-07-16 18:18:22.793 [http-nio-8080-exec-1] INFO  o.a.c.core.ContainerBase.[Tomcat].[localhost].[/] - [log,173] - Initializing Spring DispatcherServlet 'dispatcherServlet'
2022-07-16 18:18:40.305 [SpringApplicationShutdownHook] INFO  com.alibaba.druid.pool.DruidDataSource - [close,2073] - {dataSource-1} closing ...
2022-07-16 18:18:40.310 [SpringApplicationShutdownHook] INFO  com.alibaba.druid.pool.DruidDataSource - [close,2146] - {dataSource-1} closed
2022-07-16 18:19:34.048 [main] INFO  com.newboot.shop.ShopApplication - [logStarting,55] - Starting ShopApplication using Java 1.8.0_251 on DESKTOP-B6JBAVC with PID 11828 (D:\Git\Gitee\shop-springboot\target\classes started by Afterwards in D:\Git\Gitee\shop-springboot)
2022-07-16 18:19:34.052 [main] INFO  com.newboot.shop.ShopApplication - [logStartupProfileInfo,640] - The following 1 profile is active: "dev"
2022-07-16 18:19:35.075 [main] INFO  org.apache.coyote.http11.Http11NioProtocol - [log,173] - Initializing ProtocolHandler ["http-nio-8080"]
2022-07-16 18:19:35.076 [main] INFO  org.apache.catalina.core.StandardService - [log,173] - Starting service [Tomcat]
2022-07-16 18:19:35.076 [main] INFO  org.apache.catalina.core.StandardEngine - [log,173] - Starting Servlet engine: [Apache Tomcat/9.0.64]
2022-07-16 18:19:35.218 [main] INFO  o.a.c.core.ContainerBase.[Tomcat].[localhost].[/] - [log,173] - Initializing Spring embedded WebApplicationContext
2022-07-16 18:19:35.282 [main] INFO  c.a.d.s.b.a.DruidDataSourceAutoConfigure - [dataSource,56] - Init DruidDataSource
2022-07-16 18:19:35.508 [main] INFO  com.alibaba.druid.pool.DruidDataSource - [init,995] - {dataSource-1} inited
2022-07-16 18:19:36.465 [main] INFO  org.apache.coyote.http11.Http11NioProtocol - [log,173] - Starting ProtocolHandler ["http-nio-8080"]
2022-07-16 18:19:36.487 [main] INFO  com.newboot.shop.ShopApplication - [logStarted,61] - Started ShopApplication in 2.913 seconds (JVM running for 3.537)
2022-07-16 18:19:39.932 [http-nio-8080-exec-2] INFO  o.a.c.core.ContainerBase.[Tomcat].[localhost].[/] - [log,173] - Initializing Spring DispatcherServlet 'dispatcherServlet'
2022-07-16 18:20:36.150 [main] INFO  com.newboot.shop.ShopApplication - [logStarting,55] - Starting ShopApplication using Java 1.8.0_251 on DESKTOP-B6JBAVC with PID 7996 (D:\Git\Gitee\shop-springboot\target\classes started by Afterwards in D:\Git\Gitee\shop-springboot)
2022-07-16 18:20:36.152 [main] INFO  com.newboot.shop.ShopApplication - [logStartupProfileInfo,640] - The following 1 profile is active: "dev"
2022-07-16 18:20:37.163 [main] INFO  org.apache.coyote.http11.Http11NioProtocol - [log,173] - Initializing ProtocolHandler ["http-nio-8080"]
2022-07-16 18:20:37.164 [main] INFO  org.apache.catalina.core.StandardService - [log,173] - Starting service [Tomcat]
2022-07-16 18:20:37.164 [main] INFO  org.apache.catalina.core.StandardEngine - [log,173] - Starting Servlet engine: [Apache Tomcat/9.0.64]
2022-07-16 18:20:37.301 [main] INFO  o.a.c.core.ContainerBase.[Tomcat].[localhost].[/] - [log,173] - Initializing Spring embedded WebApplicationContext
2022-07-16 18:20:37.363 [main] INFO  c.a.d.s.b.a.DruidDataSourceAutoConfigure - [dataSource,56] - Init DruidDataSource
2022-07-16 18:20:37.580 [main] INFO  com.alibaba.druid.pool.DruidDataSource - [init,995] - {dataSource-1} inited
2022-07-16 18:20:38.444 [main] INFO  org.apache.coyote.http11.Http11NioProtocol - [log,173] - Starting ProtocolHandler ["http-nio-8080"]
2022-07-16 18:20:38.465 [main] INFO  com.newboot.shop.ShopApplication - [logStarted,61] - Started ShopApplication in 2.812 seconds (JVM running for 3.47)
2022-07-16 18:20:41.362 [http-nio-8080-exec-1] INFO  o.a.c.core.ContainerBase.[Tomcat].[localhost].[/] - [log,173] - Initializing Spring DispatcherServlet 'dispatcherServlet'
2022-07-16 18:20:56.441 [http-nio-8080-exec-7] INFO  com.newboot.shop.controller.UserController - [userLogin,29] - {user=1, password=2, type=ajax_login}
2022-07-16 18:20:56.446 [http-nio-8080-exec-7] INFO  com.newboot.shop.service.impl.UserServiceImpl - [login,29] - 1
