2022-07-15 17:21:53.562 [main] INFO  com.newboot.shop.ShopApplication - [logStarting,55] - Starting ShopApplication using Java 1.8.0_251 on DESKTOP-B6JBAVC with PID 14548 (D:\Git\Gitee\shop-springboot\target\classes started by Afterwards in D:\Git\Gitee\shop-springboot)
2022-07-15 17:21:53.565 [main] INFO  com.newboot.shop.ShopApplication - [logStartupProfileInfo,640] - The following 1 profile is active: "dev"
2022-07-15 17:21:56.903 [main] INFO  org.apache.coyote.http11.Http11NioProtocol - [log,173] - Initializing ProtocolHandler ["http-nio-28079"]
2022-07-15 17:21:56.904 [main] INFO  org.apache.catalina.core.StandardService - [log,173] - Starting service [Tomcat]
2022-07-15 17:21:56.904 [main] INFO  org.apache.catalina.core.StandardEngine - [log,173] - Starting Servlet engine: [Apache Tomcat/9.0.64]
2022-07-15 17:21:57.074 [main] INFO  o.a.c.core.ContainerBase.[Tomcat].[localhost].[/] - [log,173] - Initializing Spring embedded WebApplicationContext
2022-07-15 17:21:58.708 [main] INFO  c.a.d.s.b.a.DruidDataSourceAutoConfigure - [dataSource,56] - Init DruidDataSource
2022-07-15 17:21:58.997 [main] INFO  com.alibaba.druid.pool.DruidDataSource - [init,995] - {dataSource-1} inited
2022-07-15 17:21:59.655 [main] INFO  org.apache.coyote.http11.Http11NioProtocol - [log,173] - Starting ProtocolHandler ["http-nio-28079"]
2022-07-15 17:21:59.708 [main] INFO  com.newboot.shop.ShopApplication - [logStarted,61] - Started ShopApplication in 7.156 seconds (JVM running for 8.154)
2022-07-15 17:22:58.796 [http-nio-28079-exec-1] INFO  o.a.c.core.ContainerBase.[Tomcat].[localhost].[/] - [log,173] - Initializing Spring DispatcherServlet 'dispatcherServlet'
2022-07-15 17:25:28.626 [main] INFO  com.newboot.shop.ShopApplication - [logStarting,55] - Starting ShopApplication using Java 1.8.0_251 on DESKTOP-B6JBAVC with PID 14540 (D:\Git\Gitee\shop-springboot\target\classes started by Afterwards in D:\Git\Gitee\shop-springboot)
2022-07-15 17:25:28.629 [main] INFO  com.newboot.shop.ShopApplication - [logStartupProfileInfo,640] - The following 1 profile is active: "dev"
2022-07-15 17:25:29.538 [main] INFO  org.apache.coyote.http11.Http11NioProtocol - [log,173] - Initializing ProtocolHandler ["http-nio-28079"]
2022-07-15 17:25:29.539 [main] INFO  org.apache.catalina.core.StandardService - [log,173] - Starting service [Tomcat]
2022-07-15 17:25:29.539 [main] INFO  org.apache.catalina.core.StandardEngine - [log,173] - Starting Servlet engine: [Apache Tomcat/9.0.64]
2022-07-15 17:25:29.672 [main] INFO  o.a.c.core.ContainerBase.[Tomcat].[localhost].[/] - [log,173] - Initializing Spring embedded WebApplicationContext
2022-07-15 17:25:30.226 [main] INFO  c.a.d.s.b.a.DruidDataSourceAutoConfigure - [dataSource,56] - Init DruidDataSource
2022-07-15 17:25:30.406 [main] INFO  com.alibaba.druid.pool.DruidDataSource - [init,995] - {dataSource-1} inited
2022-07-15 17:25:30.680 [main] INFO  org.apache.coyote.http11.Http11NioProtocol - [log,173] - Starting ProtocolHandler ["http-nio-28079"]
2022-07-15 17:25:30.700 [main] INFO  com.newboot.shop.ShopApplication - [logStarted,61] - Started ShopApplication in 2.515 seconds (JVM running for 3.247)
2022-07-15 17:25:34.076 [http-nio-28079-exec-1] INFO  o.a.c.core.ContainerBase.[Tomcat].[localhost].[/] - [log,173] - Initializing Spring DispatcherServlet 'dispatcherServlet'
2022-07-15 17:32:34.702 [main] INFO  com.newboot.shop.ShopApplication - [logStarting,55] - Starting ShopApplication using Java 1.8.0_251 on DESKTOP-B6JBAVC with PID 6484 (D:\Git\Gitee\shop-springboot\target\classes started by Afterwards in D:\Git\Gitee\shop-springboot)
2022-07-15 17:32:34.705 [main] INFO  com.newboot.shop.ShopApplication - [logStartupProfileInfo,640] - The following 1 profile is active: "dev"
2022-07-15 17:32:35.608 [main] INFO  org.apache.coyote.http11.Http11NioProtocol - [log,173] - Initializing ProtocolHandler ["http-nio-28079"]
2022-07-15 17:32:35.609 [main] INFO  org.apache.catalina.core.StandardService - [log,173] - Starting service [Tomcat]
2022-07-15 17:32:35.609 [main] INFO  org.apache.catalina.core.StandardEngine - [log,173] - Starting Servlet engine: [Apache Tomcat/9.0.64]
2022-07-15 17:32:35.741 [main] INFO  o.a.c.core.ContainerBase.[Tomcat].[localhost].[/] - [log,173] - Initializing Spring embedded WebApplicationContext
2022-07-15 17:32:36.248 [main] INFO  c.a.d.s.b.a.DruidDataSourceAutoConfigure - [dataSource,56] - Init DruidDataSource
2022-07-15 17:32:36.425 [main] INFO  com.alibaba.druid.pool.DruidDataSource - [init,995] - {dataSource-1} inited
2022-07-15 17:32:36.691 [main] INFO  org.apache.coyote.http11.Http11NioProtocol - [log,173] - Starting ProtocolHandler ["http-nio-28079"]
2022-07-15 17:32:36.711 [main] INFO  com.newboot.shop.ShopApplication - [logStarted,61] - Started ShopApplication in 2.426 seconds (JVM running for 3.138)
2022-07-15 17:32:40.053 [http-nio-28079-exec-1] INFO  o.a.c.core.ContainerBase.[Tomcat].[localhost].[/] - [log,173] - Initializing Spring DispatcherServlet 'dispatcherServlet'
2022-07-15 17:34:04.223 [main] INFO  com.newboot.shop.ShopApplication - [logStarting,55] - Starting ShopApplication using Java 1.8.0_251 on DESKTOP-B6JBAVC with PID 15296 (D:\Git\Gitee\shop-springboot\target\classes started by Afterwards in D:\Git\Gitee\shop-springboot)
2022-07-15 17:34:04.227 [main] INFO  com.newboot.shop.ShopApplication - [logStartupProfileInfo,640] - The following 1 profile is active: "dev"
2022-07-15 17:34:05.137 [main] INFO  org.apache.coyote.http11.Http11NioProtocol - [log,173] - Initializing ProtocolHandler ["http-nio-28079"]
2022-07-15 17:34:05.138 [main] INFO  org.apache.catalina.core.StandardService - [log,173] - Starting service [Tomcat]
2022-07-15 17:34:05.138 [main] INFO  org.apache.catalina.core.StandardEngine - [log,173] - Starting Servlet engine: [Apache Tomcat/9.0.64]
2022-07-15 17:34:05.270 [main] INFO  o.a.c.core.ContainerBase.[Tomcat].[localhost].[/] - [log,173] - Initializing Spring embedded WebApplicationContext
2022-07-15 17:34:05.781 [main] INFO  c.a.d.s.b.a.DruidDataSourceAutoConfigure - [dataSource,56] - Init DruidDataSource
2022-07-15 17:34:05.955 [main] INFO  com.alibaba.druid.pool.DruidDataSource - [init,995] - {dataSource-1} inited
2022-07-15 17:34:06.215 [main] INFO  org.apache.coyote.http11.Http11NioProtocol - [log,173] - Starting ProtocolHandler ["http-nio-28079"]
2022-07-15 17:34:06.234 [main] INFO  com.newboot.shop.ShopApplication - [logStarted,61] - Started ShopApplication in 2.475 seconds (JVM running for 3.155)
2022-07-15 17:34:10.776 [http-nio-28079-exec-1] INFO  o.a.c.core.ContainerBase.[Tomcat].[localhost].[/] - [log,173] - Initializing Spring DispatcherServlet 'dispatcherServlet'
2022-07-15 17:40:40.173 [main] INFO  com.newboot.shop.ShopApplication - [logStarting,55] - Starting ShopApplication using Java 1.8.0_251 on DESKTOP-B6JBAVC with PID 13104 (D:\Git\Gitee\shop-springboot\target\classes started by Afterwards in D:\Git\Gitee\shop-springboot)
2022-07-15 17:40:40.176 [main] INFO  com.newboot.shop.ShopApplication - [logStartupProfileInfo,640] - The following 1 profile is active: "dev"
2022-07-15 17:40:41.127 [main] INFO  org.apache.coyote.http11.Http11NioProtocol - [log,173] - Initializing ProtocolHandler ["http-nio-28079"]
2022-07-15 17:40:41.127 [main] INFO  org.apache.catalina.core.StandardService - [log,173] - Starting service [Tomcat]
2022-07-15 17:40:41.127 [main] INFO  org.apache.catalina.core.StandardEngine - [log,173] - Starting Servlet engine: [Apache Tomcat/9.0.64]
2022-07-15 17:40:41.265 [main] INFO  o.a.c.core.ContainerBase.[Tomcat].[localhost].[/] - [log,173] - Initializing Spring embedded WebApplicationContext
2022-07-15 17:40:41.868 [main] INFO  c.a.d.s.b.a.DruidDataSourceAutoConfigure - [dataSource,56] - Init DruidDataSource
2022-07-15 17:40:42.061 [main] INFO  com.alibaba.druid.pool.DruidDataSource - [init,995] - {dataSource-1} inited
2022-07-15 17:40:42.359 [main] INFO  org.apache.coyote.http11.Http11NioProtocol - [log,173] - Starting ProtocolHandler ["http-nio-28079"]
2022-07-15 17:40:42.381 [main] INFO  com.newboot.shop.ShopApplication - [logStarted,61] - Started ShopApplication in 2.707 seconds (JVM running for 3.471)
2022-07-15 17:40:47.449 [http-nio-28079-exec-1] INFO  o.a.c.core.ContainerBase.[Tomcat].[localhost].[/] - [log,173] - Initializing Spring DispatcherServlet 'dispatcherServlet'
2022-07-15 17:42:33.421 [main] INFO  com.newboot.shop.ShopApplication - [logStarting,55] - Starting ShopApplication using Java 1.8.0_251 on DESKTOP-B6JBAVC with PID 12804 (D:\Git\Gitee\shop-springboot\target\classes started by Afterwards in D:\Git\Gitee\shop-springboot)
2022-07-15 17:42:33.424 [main] INFO  com.newboot.shop.ShopApplication - [logStartupProfileInfo,640] - The following 1 profile is active: "dev"
2022-07-15 17:42:34.566 [main] INFO  org.apache.coyote.http11.Http11NioProtocol - [log,173] - Initializing ProtocolHandler ["http-nio-28079"]
2022-07-15 17:42:34.566 [main] INFO  org.apache.catalina.core.StandardService - [log,173] - Starting service [Tomcat]
2022-07-15 17:42:34.567 [main] INFO  org.apache.catalina.core.StandardEngine - [log,173] - Starting Servlet engine: [Apache Tomcat/9.0.64]
2022-07-15 17:42:34.700 [main] INFO  o.a.c.core.ContainerBase.[Tomcat].[localhost].[/] - [log,173] - Initializing Spring embedded WebApplicationContext
2022-07-15 17:42:35.210 [main] INFO  c.a.d.s.b.a.DruidDataSourceAutoConfigure - [dataSource,56] - Init DruidDataSource
2022-07-15 17:42:35.385 [main] INFO  com.alibaba.druid.pool.DruidDataSource - [init,995] - {dataSource-1} inited
2022-07-15 17:42:35.647 [main] INFO  org.apache.coyote.http11.Http11NioProtocol - [log,173] - Starting ProtocolHandler ["http-nio-28079"]
2022-07-15 17:42:35.667 [main] INFO  com.newboot.shop.ShopApplication - [logStarted,61] - Started ShopApplication in 2.957 seconds (JVM running for 3.935)
2022-07-15 17:42:44.016 [http-nio-28079-exec-2] INFO  o.a.c.core.ContainerBase.[Tomcat].[localhost].[/] - [log,173] - Initializing Spring DispatcherServlet 'dispatcherServlet'
2022-07-15 17:44:08.870 [main] INFO  com.newboot.shop.ShopApplication - [logStarting,55] - Starting ShopApplication using Java 1.8.0_251 on DESKTOP-B6JBAVC with PID 1620 (D:\Git\Gitee\shop-springboot\target\classes started by Afterwards in D:\Git\Gitee\shop-springboot)
2022-07-15 17:44:08.873 [main] INFO  com.newboot.shop.ShopApplication - [logStartupProfileInfo,640] - The following 1 profile is active: "dev"
2022-07-15 17:44:09.776 [main] INFO  org.apache.coyote.http11.Http11NioProtocol - [log,173] - Initializing ProtocolHandler ["http-nio-28079"]
2022-07-15 17:44:09.776 [main] INFO  org.apache.catalina.core.StandardService - [log,173] - Starting service [Tomcat]
2022-07-15 17:44:09.776 [main] INFO  org.apache.catalina.core.StandardEngine - [log,173] - Starting Servlet engine: [Apache Tomcat/9.0.64]
2022-07-15 17:44:09.909 [main] INFO  o.a.c.core.ContainerBase.[Tomcat].[localhost].[/] - [log,173] - Initializing Spring embedded WebApplicationContext
2022-07-15 17:44:10.435 [main] INFO  c.a.d.s.b.a.DruidDataSourceAutoConfigure - [dataSource,56] - Init DruidDataSource
2022-07-15 17:44:10.614 [main] INFO  com.alibaba.druid.pool.DruidDataSource - [init,995] - {dataSource-1} inited
2022-07-15 17:44:10.887 [main] INFO  org.apache.coyote.http11.Http11NioProtocol - [log,173] - Starting ProtocolHandler ["http-nio-28079"]
2022-07-15 17:44:10.907 [main] INFO  com.newboot.shop.ShopApplication - [logStarted,61] - Started ShopApplication in 2.467 seconds (JVM running for 3.111)
2022-07-15 17:44:16.552 [http-nio-28079-exec-1] INFO  o.a.c.core.ContainerBase.[Tomcat].[localhost].[/] - [log,173] - Initializing Spring DispatcherServlet 'dispatcherServlet'
2022-07-15 17:52:28.117 [main] INFO  com.newboot.shop.ShopApplication - [logStarting,55] - Starting ShopApplication using Java 1.8.0_251 on DESKTOP-B6JBAVC with PID 13668 (D:\Git\Gitee\shop-springboot\target\classes started by Afterwards in D:\Git\Gitee\shop-springboot)
2022-07-15 17:52:28.120 [main] INFO  com.newboot.shop.ShopApplication - [logStartupProfileInfo,640] - The following 1 profile is active: "dev"
2022-07-15 17:52:29.130 [main] INFO  org.apache.coyote.http11.Http11NioProtocol - [log,173] - Initializing ProtocolHandler ["http-nio-28079"]
2022-07-15 17:52:29.130 [main] INFO  org.apache.catalina.core.StandardService - [log,173] - Starting service [Tomcat]
2022-07-15 17:52:29.131 [main] INFO  org.apache.catalina.core.StandardEngine - [log,173] - Starting Servlet engine: [Apache Tomcat/9.0.64]
2022-07-15 17:52:29.276 [main] INFO  o.a.c.core.ContainerBase.[Tomcat].[localhost].[/] - [log,173] - Initializing Spring embedded WebApplicationContext
2022-07-15 17:52:29.806 [main] INFO  c.a.d.s.b.a.DruidDataSourceAutoConfigure - [dataSource,56] - Init DruidDataSource
2022-07-15 17:52:29.998 [main] INFO  com.alibaba.druid.pool.DruidDataSource - [init,995] - {dataSource-1} inited
2022-07-15 17:52:30.271 [main] INFO  org.apache.coyote.http11.Http11NioProtocol - [log,173] - Starting ProtocolHandler ["http-nio-28079"]
2022-07-15 17:52:30.291 [main] INFO  com.newboot.shop.ShopApplication - [logStarted,61] - Started ShopApplication in 2.679 seconds (JVM running for 3.453)
2022-07-15 17:52:36.622 [http-nio-28079-exec-1] INFO  o.a.c.core.ContainerBase.[Tomcat].[localhost].[/] - [log,173] - Initializing Spring DispatcherServlet 'dispatcherServlet'
2022-07-15 17:54:32.079 [main] INFO  com.newboot.shop.ShopApplication - [logStarting,55] - Starting ShopApplication using Java 1.8.0_251 on DESKTOP-B6JBAVC with PID 10584 (D:\Git\Gitee\shop-springboot\target\classes started by Afterwards in D:\Git\Gitee\shop-springboot)
2022-07-15 17:54:32.082 [main] INFO  com.newboot.shop.ShopApplication - [logStartupProfileInfo,640] - The following 1 profile is active: "dev"
2022-07-15 17:54:32.987 [main] INFO  org.apache.coyote.http11.Http11NioProtocol - [log,173] - Initializing ProtocolHandler ["http-nio-28079"]
2022-07-15 17:54:32.987 [main] INFO  org.apache.catalina.core.StandardService - [log,173] - Starting service [Tomcat]
2022-07-15 17:54:32.988 [main] INFO  org.apache.catalina.core.StandardEngine - [log,173] - Starting Servlet engine: [Apache Tomcat/9.0.64]
2022-07-15 17:54:33.122 [main] INFO  o.a.c.core.ContainerBase.[Tomcat].[localhost].[/] - [log,173] - Initializing Spring embedded WebApplicationContext
2022-07-15 17:54:33.636 [main] INFO  c.a.d.s.b.a.DruidDataSourceAutoConfigure - [dataSource,56] - Init DruidDataSource
2022-07-15 17:54:33.814 [main] INFO  com.alibaba.druid.pool.DruidDataSource - [init,995] - {dataSource-1} inited
2022-07-15 17:54:34.081 [main] INFO  org.apache.coyote.http11.Http11NioProtocol - [log,173] - Starting ProtocolHandler ["http-nio-28079"]
2022-07-15 17:54:34.101 [main] INFO  com.newboot.shop.ShopApplication - [logStarted,61] - Started ShopApplication in 2.463 seconds (JVM running for 3.163)
2022-07-15 17:54:36.888 [http-nio-28079-exec-1] INFO  o.a.c.core.ContainerBase.[Tomcat].[localhost].[/] - [log,173] - Initializing Spring DispatcherServlet 'dispatcherServlet'
2022-07-15 19:46:26.046 [main] INFO  com.newboot.shop.ShopApplication - [logStarting,55] - Starting ShopApplication using Java 1.8.0_251 on DESKTOP-B6JBAVC with PID 7740 (D:\Git\Gitee\shop-springboot\target\classes started by Afterwards in D:\Git\Gitee\shop-springboot)
2022-07-15 19:46:26.048 [main] INFO  com.newboot.shop.ShopApplication - [logStartupProfileInfo,640] - The following 1 profile is active: "dev"
2022-07-15 19:46:26.970 [main] INFO  org.apache.coyote.http11.Http11NioProtocol - [log,173] - Initializing ProtocolHandler ["http-nio-28079"]
2022-07-15 19:46:26.970 [main] INFO  org.apache.catalina.core.StandardService - [log,173] - Starting service [Tomcat]
2022-07-15 19:46:26.970 [main] INFO  org.apache.catalina.core.StandardEngine - [log,173] - Starting Servlet engine: [Apache Tomcat/9.0.64]
2022-07-15 19:46:27.104 [main] INFO  o.a.c.core.ContainerBase.[Tomcat].[localhost].[/] - [log,173] - Initializing Spring embedded WebApplicationContext
2022-07-15 19:46:27.553 [main] INFO  org.apache.catalina.core.StandardService - [log,173] - Stopping service [Tomcat]
2022-07-15 19:49:29.566 [main] INFO  com.newboot.shop.ShopApplication - [logStarting,55] - Starting ShopApplication using Java 1.8.0_251 on DESKTOP-B6JBAVC with PID 8856 (D:\Git\Gitee\shop-springboot\target\classes started by Afterwards in D:\Git\Gitee\shop-springboot)
2022-07-15 19:49:29.568 [main] INFO  com.newboot.shop.ShopApplication - [logStartupProfileInfo,640] - The following 1 profile is active: "dev"
2022-07-15 19:49:30.492 [main] INFO  org.apache.coyote.http11.Http11NioProtocol - [log,173] - Initializing ProtocolHandler ["http-nio-28079"]
2022-07-15 19:49:30.492 [main] INFO  org.apache.catalina.core.StandardService - [log,173] - Starting service [Tomcat]
2022-07-15 19:49:30.492 [main] INFO  org.apache.catalina.core.StandardEngine - [log,173] - Starting Servlet engine: [Apache Tomcat/9.0.64]
2022-07-15 19:49:30.628 [main] INFO  o.a.c.core.ContainerBase.[Tomcat].[localhost].[/] - [log,173] - Initializing Spring embedded WebApplicationContext
2022-07-15 19:49:31.182 [main] INFO  c.a.d.s.b.a.DruidDataSourceAutoConfigure - [dataSource,56] - Init DruidDataSource
2022-07-15 19:49:31.358 [main] INFO  com.alibaba.druid.pool.DruidDataSource - [init,995] - {dataSource-1} inited
2022-07-15 19:49:31.629 [main] INFO  org.apache.coyote.http11.Http11NioProtocol - [log,173] - Starting ProtocolHandler ["http-nio-28079"]
2022-07-15 19:49:31.649 [main] INFO  com.newboot.shop.ShopApplication - [logStarted,61] - Started ShopApplication in 2.529 seconds (JVM running for 3.244)
2022-07-15 19:50:12.058 [http-nio-28079-exec-1] INFO  o.a.c.core.ContainerBase.[Tomcat].[localhost].[/] - [log,173] - Initializing Spring DispatcherServlet 'dispatcherServlet'
2022-07-15 20:17:06.655 [main] INFO  com.newboot.shop.ShopApplication - [logStarting,55] - Starting ShopApplication using Java 1.8.0_251 on DESKTOP-B6JBAVC with PID 5656 (D:\Git\Gitee\shop-springboot\target\classes started by Afterwards in D:\Git\Gitee\shop-springboot)
2022-07-15 20:17:06.658 [main] INFO  com.newboot.shop.ShopApplication - [logStartupProfileInfo,640] - The following 1 profile is active: "dev"
2022-07-15 20:17:07.561 [main] INFO  org.apache.coyote.http11.Http11NioProtocol - [log,173] - Initializing ProtocolHandler ["http-nio-28079"]
2022-07-15 20:17:07.561 [main] INFO  org.apache.catalina.core.StandardService - [log,173] - Starting service [Tomcat]
2022-07-15 20:17:07.561 [main] INFO  org.apache.catalina.core.StandardEngine - [log,173] - Starting Servlet engine: [Apache Tomcat/9.0.64]
2022-07-15 20:17:07.698 [main] INFO  o.a.c.core.ContainerBase.[Tomcat].[localhost].[/] - [log,173] - Initializing Spring embedded WebApplicationContext
2022-07-15 20:17:08.204 [main] INFO  c.a.d.s.b.a.DruidDataSourceAutoConfigure - [dataSource,56] - Init DruidDataSource
2022-07-15 20:17:08.381 [main] INFO  com.alibaba.druid.pool.DruidDataSource - [init,995] - {dataSource-1} inited
2022-07-15 20:17:08.641 [main] INFO  org.apache.coyote.http11.Http11NioProtocol - [log,173] - Starting ProtocolHandler ["http-nio-28079"]
2022-07-15 20:17:08.660 [main] INFO  com.newboot.shop.ShopApplication - [logStarted,61] - Started ShopApplication in 2.412 seconds (JVM running for 3.062)
2022-07-15 20:17:16.346 [http-nio-28079-exec-4] INFO  o.a.c.core.ContainerBase.[Tomcat].[localhost].[/] - [log,173] - Initializing Spring DispatcherServlet 'dispatcherServlet'
2022-07-15 20:18:09.265 [main] INFO  com.newboot.shop.ShopApplication - [logStarting,55] - Starting ShopApplication using Java 1.8.0_251 on DESKTOP-B6JBAVC with PID 10428 (D:\Git\Gitee\shop-springboot\target\classes started by Afterwards in D:\Git\Gitee\shop-springboot)
2022-07-15 20:18:09.268 [main] INFO  com.newboot.shop.ShopApplication - [logStartupProfileInfo,640] - The following 1 profile is active: "dev"
2022-07-15 20:18:10.171 [main] INFO  org.apache.coyote.http11.Http11NioProtocol - [log,173] - Initializing ProtocolHandler ["http-nio-8080"]
2022-07-15 20:18:10.172 [main] INFO  org.apache.catalina.core.StandardService - [log,173] - Starting service [Tomcat]
2022-07-15 20:18:10.172 [main] INFO  org.apache.catalina.core.StandardEngine - [log,173] - Starting Servlet engine: [Apache Tomcat/9.0.64]
2022-07-15 20:18:10.303 [main] INFO  o.a.c.core.ContainerBase.[Tomcat].[localhost].[/] - [log,173] - Initializing Spring embedded WebApplicationContext
2022-07-15 20:18:10.828 [main] INFO  c.a.d.s.b.a.DruidDataSourceAutoConfigure - [dataSource,56] - Init DruidDataSource
2022-07-15 20:18:11.002 [main] INFO  com.alibaba.druid.pool.DruidDataSource - [init,995] - {dataSource-1} inited
2022-07-15 20:18:11.261 [main] INFO  org.apache.coyote.http11.Http11NioProtocol - [log,173] - Starting ProtocolHandler ["http-nio-8080"]
2022-07-15 20:18:11.280 [main] INFO  com.newboot.shop.ShopApplication - [logStarted,61] - Started ShopApplication in 2.439 seconds (JVM running for 3.123)
2022-07-15 20:18:17.759 [http-nio-8080-exec-1] INFO  o.a.c.core.ContainerBase.[Tomcat].[localhost].[/] - [log,173] - Initializing Spring DispatcherServlet 'dispatcherServlet'
2022-07-15 20:26:29.854 [main] INFO  com.newboot.shop.ShopApplication - [logStarting,55] - Starting ShopApplication using Java 1.8.0_251 on DESKTOP-B6JBAVC with PID 6476 (D:\Git\Gitee\shop-springboot\target\classes started by Afterwards in D:\Git\Gitee\shop-springboot)
2022-07-15 20:26:29.857 [main] INFO  com.newboot.shop.ShopApplication - [logStartupProfileInfo,640] - The following 1 profile is active: "dev"
2022-07-15 20:26:30.800 [main] INFO  org.apache.coyote.http11.Http11NioProtocol - [log,173] - Initializing ProtocolHandler ["http-nio-8080"]
2022-07-15 20:26:30.800 [main] INFO  org.apache.catalina.core.StandardService - [log,173] - Starting service [Tomcat]
2022-07-15 20:26:30.800 [main] INFO  org.apache.catalina.core.StandardEngine - [log,173] - Starting Servlet engine: [Apache Tomcat/9.0.64]
2022-07-15 20:26:30.933 [main] INFO  o.a.c.core.ContainerBase.[Tomcat].[localhost].[/] - [log,173] - Initializing Spring embedded WebApplicationContext
2022-07-15 20:26:31.460 [main] INFO  c.a.d.s.b.a.DruidDataSourceAutoConfigure - [dataSource,56] - Init DruidDataSource
2022-07-15 20:26:31.644 [main] INFO  com.alibaba.druid.pool.DruidDataSource - [init,995] - {dataSource-1} inited
2022-07-15 20:26:31.903 [main] INFO  org.apache.coyote.http11.Http11NioProtocol - [log,173] - Starting ProtocolHandler ["http-nio-8080"]
2022-07-15 20:26:31.923 [main] INFO  com.newboot.shop.ShopApplication - [logStarted,61] - Started ShopApplication in 2.554 seconds (JVM running for 3.315)
2022-07-15 20:26:34.797 [http-nio-8080-exec-1] INFO  o.a.c.core.ContainerBase.[Tomcat].[localhost].[/] - [log,173] - Initializing Spring DispatcherServlet 'dispatcherServlet'
2022-07-15 20:27:41.884 [main] INFO  com.newboot.shop.ShopApplication - [logStarting,55] - Starting ShopApplication using Java 1.8.0_251 on DESKTOP-B6JBAVC with PID 9524 (D:\Git\Gitee\shop-springboot\target\classes started by Afterwards in D:\Git\Gitee\shop-springboot)
2022-07-15 20:27:41.887 [main] INFO  com.newboot.shop.ShopApplication - [logStartupProfileInfo,640] - The following 1 profile is active: "dev"
2022-07-15 20:27:42.784 [main] INFO  org.apache.coyote.http11.Http11NioProtocol - [log,173] - Initializing ProtocolHandler ["http-nio-8080"]
2022-07-15 20:27:42.785 [main] INFO  org.apache.catalina.core.StandardService - [log,173] - Starting service [Tomcat]
2022-07-15 20:27:42.785 [main] INFO  org.apache.catalina.core.StandardEngine - [log,173] - Starting Servlet engine: [Apache Tomcat/9.0.64]
2022-07-15 20:27:42.917 [main] INFO  o.a.c.core.ContainerBase.[Tomcat].[localhost].[/] - [log,173] - Initializing Spring embedded WebApplicationContext
2022-07-15 20:27:43.427 [main] INFO  c.a.d.s.b.a.DruidDataSourceAutoConfigure - [dataSource,56] - Init DruidDataSource
2022-07-15 20:27:43.602 [main] INFO  com.alibaba.druid.pool.DruidDataSource - [init,995] - {dataSource-1} inited
2022-07-15 20:27:43.862 [main] INFO  org.apache.coyote.http11.Http11NioProtocol - [log,173] - Starting ProtocolHandler ["http-nio-8080"]
2022-07-15 20:27:43.882 [main] INFO  com.newboot.shop.ShopApplication - [logStarted,61] - Started ShopApplication in 2.42 seconds (JVM running for 3.142)
2022-07-15 20:27:47.589 [http-nio-8080-exec-2] INFO  o.a.c.core.ContainerBase.[Tomcat].[localhost].[/] - [log,173] - Initializing Spring DispatcherServlet 'dispatcherServlet'
2022-07-15 20:28:26.560 [main] INFO  com.newboot.shop.ShopApplication - [logStarting,55] - Starting ShopApplication using Java 1.8.0_251 on DESKTOP-B6JBAVC with PID 6808 (D:\Git\Gitee\shop-springboot\target\classes started by Afterwards in D:\Git\Gitee\shop-springboot)
2022-07-15 20:28:26.562 [main] INFO  com.newboot.shop.ShopApplication - [logStartupProfileInfo,640] - The following 1 profile is active: "dev"
2022-07-15 20:28:27.465 [main] INFO  org.apache.coyote.http11.Http11NioProtocol - [log,173] - Initializing ProtocolHandler ["http-nio-8080"]
2022-07-15 20:28:27.466 [main] INFO  org.apache.catalina.core.StandardService - [log,173] - Starting service [Tomcat]
2022-07-15 20:28:27.466 [main] INFO  org.apache.catalina.core.StandardEngine - [log,173] - Starting Servlet engine: [Apache Tomcat/9.0.64]
2022-07-15 20:28:27.600 [main] INFO  o.a.c.core.ContainerBase.[Tomcat].[localhost].[/] - [log,173] - Initializing Spring embedded WebApplicationContext
2022-07-15 20:28:28.110 [main] INFO  c.a.d.s.b.a.DruidDataSourceAutoConfigure - [dataSource,56] - Init DruidDataSource
2022-07-15 20:28:28.294 [main] INFO  com.alibaba.druid.pool.DruidDataSource - [init,995] - {dataSource-1} inited
2022-07-15 20:28:28.574 [main] INFO  org.apache.coyote.http11.Http11NioProtocol - [log,173] - Starting ProtocolHandler ["http-nio-8080"]
2022-07-15 20:28:28.595 [main] INFO  com.newboot.shop.ShopApplication - [logStarted,61] - Started ShopApplication in 2.562 seconds (JVM running for 3.42)
2022-07-15 20:28:31.692 [http-nio-8080-exec-2] INFO  o.a.c.core.ContainerBase.[Tomcat].[localhost].[/] - [log,173] - Initializing Spring DispatcherServlet 'dispatcherServlet'
2022-07-15 20:33:30.360 [main] INFO  com.newboot.shop.ShopApplication - [logStarting,55] - Starting ShopApplication using Java 1.8.0_251 on DESKTOP-B6JBAVC with PID 5360 (D:\Git\Gitee\shop-springboot\target\classes started by Afterwards in D:\Git\Gitee\shop-springboot)
2022-07-15 20:33:30.362 [main] INFO  com.newboot.shop.ShopApplication - [logStartupProfileInfo,640] - The following 1 profile is active: "dev"
2022-07-15 20:33:31.381 [main] INFO  org.apache.coyote.http11.Http11NioProtocol - [log,173] - Initializing ProtocolHandler ["http-nio-8080"]
2022-07-15 20:33:31.381 [main] INFO  org.apache.catalina.core.StandardService - [log,173] - Starting service [Tomcat]
2022-07-15 20:33:31.381 [main] INFO  org.apache.catalina.core.StandardEngine - [log,173] - Starting Servlet engine: [Apache Tomcat/9.0.64]
2022-07-15 20:33:31.517 [main] INFO  o.a.c.core.ContainerBase.[Tomcat].[localhost].[/] - [log,173] - Initializing Spring embedded WebApplicationContext
2022-07-15 20:33:32.046 [main] INFO  c.a.d.s.b.a.DruidDataSourceAutoConfigure - [dataSource,56] - Init DruidDataSource
2022-07-15 20:33:32.225 [main] INFO  com.alibaba.druid.pool.DruidDataSource - [init,995] - {dataSource-1} inited
2022-07-15 20:33:32.496 [main] INFO  org.apache.coyote.http11.Http11NioProtocol - [log,173] - Starting ProtocolHandler ["http-nio-8080"]
2022-07-15 20:33:32.516 [main] INFO  com.newboot.shop.ShopApplication - [logStarted,61] - Started ShopApplication in 2.6 seconds (JVM running for 3.356)
2022-07-15 20:33:37.653 [http-nio-8080-exec-2] INFO  o.a.c.core.ContainerBase.[Tomcat].[localhost].[/] - [log,173] - Initializing Spring DispatcherServlet 'dispatcherServlet'
2022-07-15 20:34:57.531 [main] INFO  com.newboot.shop.ShopApplication - [logStarting,55] - Starting ShopApplication using Java 1.8.0_251 on DESKTOP-B6JBAVC with PID 8004 (D:\Git\Gitee\shop-springboot\target\classes started by Afterwards in D:\Git\Gitee\shop-springboot)
2022-07-15 20:34:57.533 [main] INFO  com.newboot.shop.ShopApplication - [logStartupProfileInfo,640] - The following 1 profile is active: "dev"
2022-07-15 20:34:58.424 [main] INFO  org.apache.coyote.http11.Http11NioProtocol - [log,173] - Initializing ProtocolHandler ["http-nio-8080"]
2022-07-15 20:34:58.425 [main] INFO  org.apache.catalina.core.StandardService - [log,173] - Starting service [Tomcat]
2022-07-15 20:34:58.425 [main] INFO  org.apache.catalina.core.StandardEngine - [log,173] - Starting Servlet engine: [Apache Tomcat/9.0.64]
2022-07-15 20:34:58.558 [main] INFO  o.a.c.core.ContainerBase.[Tomcat].[localhost].[/] - [log,173] - Initializing Spring embedded WebApplicationContext
2022-07-15 20:34:59.064 [main] INFO  c.a.d.s.b.a.DruidDataSourceAutoConfigure - [dataSource,56] - Init DruidDataSource
2022-07-15 20:34:59.241 [main] INFO  com.alibaba.druid.pool.DruidDataSource - [init,995] - {dataSource-1} inited
2022-07-15 20:34:59.502 [main] INFO  org.apache.coyote.http11.Http11NioProtocol - [log,173] - Starting ProtocolHandler ["http-nio-8080"]
2022-07-15 20:34:59.522 [main] INFO  com.newboot.shop.ShopApplication - [logStarted,61] - Started ShopApplication in 2.404 seconds (JVM running for 3.129)
2022-07-15 20:35:03.372 [http-nio-8080-exec-1] INFO  o.a.c.core.ContainerBase.[Tomcat].[localhost].[/] - [log,173] - Initializing Spring DispatcherServlet 'dispatcherServlet'
2022-07-15 20:43:24.833 [main] INFO  com.newboot.shop.ShopApplication - [logStarting,55] - Starting ShopApplication using Java 1.8.0_251 on DESKTOP-B6JBAVC with PID 14776 (D:\Git\Gitee\shop-springboot\target\classes started by Afterwards in D:\Git\Gitee\shop-springboot)
2022-07-15 20:43:24.836 [main] INFO  com.newboot.shop.ShopApplication - [logStartupProfileInfo,640] - The following 1 profile is active: "dev"
2022-07-15 20:43:25.783 [main] INFO  org.apache.coyote.http11.Http11NioProtocol - [log,173] - Initializing ProtocolHandler ["http-nio-8080"]
2022-07-15 20:43:25.784 [main] INFO  org.apache.catalina.core.StandardService - [log,173] - Starting service [Tomcat]
2022-07-15 20:43:25.784 [main] INFO  org.apache.catalina.core.StandardEngine - [log,173] - Starting Servlet engine: [Apache Tomcat/9.0.64]
2022-07-15 20:43:25.914 [main] INFO  o.a.c.core.ContainerBase.[Tomcat].[localhost].[/] - [log,173] - Initializing Spring embedded WebApplicationContext
2022-07-15 20:43:26.424 [main] INFO  c.a.d.s.b.a.DruidDataSourceAutoConfigure - [dataSource,56] - Init DruidDataSource
2022-07-15 20:43:26.601 [main] INFO  com.alibaba.druid.pool.DruidDataSource - [init,995] - {dataSource-1} inited
2022-07-15 20:43:26.861 [main] INFO  org.apache.coyote.http11.Http11NioProtocol - [log,173] - Starting ProtocolHandler ["http-nio-8080"]
2022-07-15 20:43:26.881 [main] INFO  com.newboot.shop.ShopApplication - [logStarted,61] - Started ShopApplication in 2.526 seconds (JVM running for 3.215)
2022-07-15 20:43:33.520 [http-nio-8080-exec-1] INFO  o.a.c.core.ContainerBase.[Tomcat].[localhost].[/] - [log,173] - Initializing Spring DispatcherServlet 'dispatcherServlet'
2022-07-15 20:47:20.661 [main] INFO  com.newboot.shop.ShopApplication - [logStarting,55] - Starting ShopApplication using Java 1.8.0_251 on DESKTOP-B6JBAVC with PID 8508 (D:\Git\Gitee\shop-springboot\target\classes started by Afterwards in D:\Git\Gitee\shop-springboot)
2022-07-15 20:47:20.664 [main] INFO  com.newboot.shop.ShopApplication - [logStartupProfileInfo,640] - The following 1 profile is active: "dev"
2022-07-15 20:47:21.605 [main] INFO  org.apache.coyote.http11.Http11NioProtocol - [log,173] - Initializing ProtocolHandler ["http-nio-8080"]
2022-07-15 20:47:21.606 [main] INFO  org.apache.catalina.core.StandardService - [log,173] - Starting service [Tomcat]
2022-07-15 20:47:21.606 [main] INFO  org.apache.catalina.core.StandardEngine - [log,173] - Starting Servlet engine: [Apache Tomcat/9.0.64]
2022-07-15 20:47:21.741 [main] INFO  o.a.c.core.ContainerBase.[Tomcat].[localhost].[/] - [log,173] - Initializing Spring embedded WebApplicationContext
2022-07-15 20:47:22.251 [main] INFO  c.a.d.s.b.a.DruidDataSourceAutoConfigure - [dataSource,56] - Init DruidDataSource
2022-07-15 20:47:22.426 [main] INFO  com.alibaba.druid.pool.DruidDataSource - [init,995] - {dataSource-1} inited
2022-07-15 20:47:22.687 [main] INFO  org.apache.coyote.http11.Http11NioProtocol - [log,173] - Starting ProtocolHandler ["http-nio-8080"]
2022-07-15 20:47:22.706 [main] INFO  com.newboot.shop.ShopApplication - [logStarted,61] - Started ShopApplication in 2.494 seconds (JVM running for 3.248)
2022-07-15 20:47:25.910 [http-nio-8080-exec-1] INFO  o.a.c.core.ContainerBase.[Tomcat].[localhost].[/] - [log,173] - Initializing Spring DispatcherServlet 'dispatcherServlet'
2022-07-15 21:02:03.897 [main] INFO  com.newboot.shop.ShopApplication - [logStarting,55] - Starting ShopApplication using Java 1.8.0_251 on DESKTOP-B6JBAVC with PID 9628 (D:\Git\Gitee\shop-springboot\target\classes started by Afterwards in D:\Git\Gitee\shop-springboot)
2022-07-15 21:02:03.899 [main] INFO  com.newboot.shop.ShopApplication - [logStartupProfileInfo,640] - The following 1 profile is active: "dev"
2022-07-15 21:02:04.805 [main] INFO  org.apache.coyote.http11.Http11NioProtocol - [log,173] - Initializing ProtocolHandler ["http-nio-8080"]
2022-07-15 21:02:04.805 [main] INFO  org.apache.catalina.core.StandardService - [log,173] - Starting service [Tomcat]
2022-07-15 21:02:04.805 [main] INFO  org.apache.catalina.core.StandardEngine - [log,173] - Starting Servlet engine: [Apache Tomcat/9.0.64]
2022-07-15 21:02:04.937 [main] INFO  o.a.c.core.ContainerBase.[Tomcat].[localhost].[/] - [log,173] - Initializing Spring embedded WebApplicationContext
2022-07-15 21:02:05.447 [main] INFO  c.a.d.s.b.a.DruidDataSourceAutoConfigure - [dataSource,56] - Init DruidDataSource
2022-07-15 21:02:05.620 [main] INFO  com.alibaba.druid.pool.DruidDataSource - [init,995] - {dataSource-1} inited
2022-07-15 21:02:05.879 [main] INFO  org.apache.coyote.http11.Http11NioProtocol - [log,173] - Starting ProtocolHandler ["http-nio-8080"]
2022-07-15 21:02:05.898 [main] INFO  com.newboot.shop.ShopApplication - [logStarted,61] - Started ShopApplication in 2.394 seconds (JVM running for 3.139)
2022-07-15 21:02:18.394 [http-nio-8080-exec-2] INFO  o.a.c.core.ContainerBase.[Tomcat].[localhost].[/] - [log,173] - Initializing Spring DispatcherServlet 'dispatcherServlet'
2022-07-15 21:05:09.463 [main] INFO  com.newboot.shop.ShopApplication - [logStarting,55] - Starting ShopApplication using Java 1.8.0_251 on DESKTOP-B6JBAVC with PID 13992 (D:\Git\Gitee\shop-springboot\target\classes started by Afterwards in D:\Git\Gitee\shop-springboot)
2022-07-15 21:05:09.465 [main] INFO  com.newboot.shop.ShopApplication - [logStartupProfileInfo,640] - The following 1 profile is active: "dev"
2022-07-15 21:05:10.423 [main] INFO  org.apache.coyote.http11.Http11NioProtocol - [log,173] - Initializing ProtocolHandler ["http-nio-8080"]
2022-07-15 21:05:10.423 [main] INFO  org.apache.catalina.core.StandardService - [log,173] - Starting service [Tomcat]
2022-07-15 21:05:10.424 [main] INFO  org.apache.catalina.core.StandardEngine - [log,173] - Starting Servlet engine: [Apache Tomcat/9.0.64]
2022-07-15 21:05:10.560 [main] INFO  o.a.c.core.ContainerBase.[Tomcat].[localhost].[/] - [log,173] - Initializing Spring embedded WebApplicationContext
2022-07-15 21:05:11.077 [main] INFO  c.a.d.s.b.a.DruidDataSourceAutoConfigure - [dataSource,56] - Init DruidDataSource
2022-07-15 21:05:11.327 [main] INFO  com.alibaba.druid.pool.DruidDataSource - [init,995] - {dataSource-1} inited
2022-07-15 21:05:11.599 [main] INFO  org.apache.coyote.http11.Http11NioProtocol - [log,173] - Starting ProtocolHandler ["http-nio-8080"]
2022-07-15 21:05:11.621 [main] INFO  com.newboot.shop.ShopApplication - [logStarted,61] - Started ShopApplication in 2.662 seconds (JVM running for 3.427)
2022-07-15 21:05:14.283 [http-nio-8080-exec-1] INFO  o.a.c.core.ContainerBase.[Tomcat].[localhost].[/] - [log,173] - Initializing Spring DispatcherServlet 'dispatcherServlet'
2022-07-15 21:09:27.387 [main] INFO  com.newboot.shop.ShopApplication - [logStarting,55] - Starting ShopApplication using Java 1.8.0_251 on DESKTOP-B6JBAVC with PID 11108 (D:\Git\Gitee\shop-springboot\target\classes started by Afterwards in D:\Git\Gitee\shop-springboot)
2022-07-15 21:09:27.389 [main] INFO  com.newboot.shop.ShopApplication - [logStartupProfileInfo,640] - The following 1 profile is active: "dev"
2022-07-15 21:09:28.296 [main] INFO  org.apache.coyote.http11.Http11NioProtocol - [log,173] - Initializing ProtocolHandler ["http-nio-8080"]
2022-07-15 21:09:28.297 [main] INFO  org.apache.catalina.core.StandardService - [log,173] - Starting service [Tomcat]
2022-07-15 21:09:28.297 [main] INFO  org.apache.catalina.core.StandardEngine - [log,173] - Starting Servlet engine: [Apache Tomcat/9.0.64]
2022-07-15 21:09:28.429 [main] INFO  o.a.c.core.ContainerBase.[Tomcat].[localhost].[/] - [log,173] - Initializing Spring embedded WebApplicationContext
2022-07-15 21:09:28.941 [main] INFO  c.a.d.s.b.a.DruidDataSourceAutoConfigure - [dataSource,56] - Init DruidDataSource
2022-07-15 21:09:29.117 [main] INFO  com.alibaba.druid.pool.DruidDataSource - [init,995] - {dataSource-1} inited
2022-07-15 21:09:29.378 [main] INFO  org.apache.coyote.http11.Http11NioProtocol - [log,173] - Starting ProtocolHandler ["http-nio-8080"]
2022-07-15 21:09:29.397 [main] INFO  com.newboot.shop.ShopApplication - [logStarted,61] - Started ShopApplication in 2.452 seconds (JVM running for 3.12)
2022-07-15 21:09:34.170 [http-nio-8080-exec-1] INFO  o.a.c.core.ContainerBase.[Tomcat].[localhost].[/] - [log,173] - Initializing Spring DispatcherServlet 'dispatcherServlet'
2022-07-15 21:24:45.511 [main] INFO  com.newboot.shop.ShopApplication - [logStarting,55] - Starting ShopApplication using Java 1.8.0_251 on DESKTOP-B6JBAVC with PID 1348 (D:\Git\Gitee\shop-springboot\target\classes started by Afterwards in D:\Git\Gitee\shop-springboot)
2022-07-15 21:24:45.513 [main] INFO  com.newboot.shop.ShopApplication - [logStartupProfileInfo,640] - The following 1 profile is active: "dev"
2022-07-15 21:24:46.404 [main] INFO  org.apache.coyote.http11.Http11NioProtocol - [log,173] - Initializing ProtocolHandler ["http-nio-8080"]
2022-07-15 21:24:46.405 [main] INFO  org.apache.catalina.core.StandardService - [log,173] - Starting service [Tomcat]
2022-07-15 21:24:46.405 [main] INFO  org.apache.catalina.core.StandardEngine - [log,173] - Starting Servlet engine: [Apache Tomcat/9.0.64]
2022-07-15 21:24:46.546 [main] INFO  o.a.c.core.ContainerBase.[Tomcat].[localhost].[/] - [log,173] - Initializing Spring embedded WebApplicationContext
2022-07-15 21:24:47.057 [main] INFO  c.a.d.s.b.a.DruidDataSourceAutoConfigure - [dataSource,56] - Init DruidDataSource
2022-07-15 21:24:47.232 [main] INFO  com.alibaba.druid.pool.DruidDataSource - [init,995] - {dataSource-1} inited
2022-07-15 21:24:47.501 [main] INFO  org.apache.coyote.http11.Http11NioProtocol - [log,173] - Starting ProtocolHandler ["http-nio-8080"]
2022-07-15 21:24:47.522 [main] INFO  com.newboot.shop.ShopApplication - [logStarted,61] - Started ShopApplication in 2.438 seconds (JVM running for 3.185)
2022-07-15 21:24:52.207 [http-nio-8080-exec-1] INFO  o.a.c.core.ContainerBase.[Tomcat].[localhost].[/] - [log,173] - Initializing Spring DispatcherServlet 'dispatcherServlet'
2022-07-15 21:28:32.843 [main] INFO  com.newboot.shop.ShopApplication - [logStarting,55] - Starting ShopApplication using Java 1.8.0_251 on DESKTOP-B6JBAVC with PID 4320 (D:\Git\Gitee\shop-springboot\target\classes started by Afterwards in D:\Git\Gitee\shop-springboot)
2022-07-15 21:28:32.845 [main] INFO  com.newboot.shop.ShopApplication - [logStartupProfileInfo,640] - The following 1 profile is active: "dev"
2022-07-15 21:28:33.736 [main] INFO  org.apache.coyote.http11.Http11NioProtocol - [log,173] - Initializing ProtocolHandler ["http-nio-8080"]
2022-07-15 21:28:33.736 [main] INFO  org.apache.catalina.core.StandardService - [log,173] - Starting service [Tomcat]
2022-07-15 21:28:33.736 [main] INFO  org.apache.catalina.core.StandardEngine - [log,173] - Starting Servlet engine: [Apache Tomcat/9.0.64]
2022-07-15 21:28:33.869 [main] INFO  o.a.c.core.ContainerBase.[Tomcat].[localhost].[/] - [log,173] - Initializing Spring embedded WebApplicationContext
2022-07-15 21:28:34.375 [main] INFO  c.a.d.s.b.a.DruidDataSourceAutoConfigure - [dataSource,56] - Init DruidDataSource
2022-07-15 21:28:34.549 [main] INFO  com.alibaba.druid.pool.DruidDataSource - [init,995] - {dataSource-1} inited
2022-07-15 21:28:34.810 [main] INFO  org.apache.coyote.http11.Http11NioProtocol - [log,173] - Starting ProtocolHandler ["http-nio-8080"]
2022-07-15 21:28:34.830 [main] INFO  com.newboot.shop.ShopApplication - [logStarted,61] - Started ShopApplication in 2.398 seconds (JVM running for 3.086)
2022-07-15 21:28:45.769 [http-nio-8080-exec-1] INFO  o.a.c.core.ContainerBase.[Tomcat].[localhost].[/] - [log,173] - Initializing Spring DispatcherServlet 'dispatcherServlet'
2022-07-15 21:35:09.253 [main] INFO  com.newboot.shop.ShopApplication - [logStarting,55] - Starting ShopApplication using Java 1.8.0_251 on DESKTOP-B6JBAVC with PID 1868 (D:\Git\Gitee\shop-springboot\target\classes started by Afterwards in D:\Git\Gitee\shop-springboot)
2022-07-15 21:35:09.255 [main] INFO  com.newboot.shop.ShopApplication - [logStartupProfileInfo,640] - The following 1 profile is active: "dev"
2022-07-15 21:35:10.167 [main] INFO  org.apache.coyote.http11.Http11NioProtocol - [log,173] - Initializing ProtocolHandler ["http-nio-8080"]
2022-07-15 21:35:10.167 [main] INFO  org.apache.catalina.core.StandardService - [log,173] - Starting service [Tomcat]
2022-07-15 21:35:10.167 [main] INFO  org.apache.catalina.core.StandardEngine - [log,173] - Starting Servlet engine: [Apache Tomcat/9.0.64]
2022-07-15 21:35:10.300 [main] INFO  o.a.c.core.ContainerBase.[Tomcat].[localhost].[/] - [log,173] - Initializing Spring embedded WebApplicationContext
2022-07-15 21:35:10.810 [main] INFO  c.a.d.s.b.a.DruidDataSourceAutoConfigure - [dataSource,56] - Init DruidDataSource
2022-07-15 21:35:11.004 [main] INFO  com.alibaba.druid.pool.DruidDataSource - [init,995] - {dataSource-1} inited
2022-07-15 21:35:11.263 [main] INFO  org.apache.coyote.http11.Http11NioProtocol - [log,173] - Starting ProtocolHandler ["http-nio-8080"]
2022-07-15 21:35:11.282 [main] INFO  com.newboot.shop.ShopApplication - [logStarted,61] - Started ShopApplication in 2.446 seconds (JVM running for 3.129)
2022-07-15 21:35:17.498 [http-nio-8080-exec-1] INFO  o.a.c.core.ContainerBase.[Tomcat].[localhost].[/] - [log,173] - Initializing Spring DispatcherServlet 'dispatcherServlet'
2022-07-15 21:39:46.660 [main] INFO  com.newboot.shop.ShopApplication - [logStarting,55] - Starting ShopApplication using Java 1.8.0_251 on DESKTOP-B6JBAVC with PID 10608 (D:\Git\Gitee\shop-springboot\target\classes started by Afterwards in D:\Git\Gitee\shop-springboot)
2022-07-15 21:39:46.662 [main] INFO  com.newboot.shop.ShopApplication - [logStartupProfileInfo,640] - The following 1 profile is active: "dev"
2022-07-15 21:39:47.704 [main] INFO  org.apache.coyote.http11.Http11NioProtocol - [log,173] - Initializing ProtocolHandler ["http-nio-8080"]
2022-07-15 21:39:47.705 [main] INFO  org.apache.catalina.core.StandardService - [log,173] - Starting service [Tomcat]
2022-07-15 21:39:47.705 [main] INFO  org.apache.catalina.core.StandardEngine - [log,173] - Starting Servlet engine: [Apache Tomcat/9.0.64]
2022-07-15 21:39:47.862 [main] INFO  o.a.c.core.ContainerBase.[Tomcat].[localhost].[/] - [log,173] - Initializing Spring embedded WebApplicationContext
2022-07-15 21:39:48.472 [main] INFO  c.a.d.s.b.a.DruidDataSourceAutoConfigure - [dataSource,56] - Init DruidDataSource
2022-07-15 21:39:48.668 [main] INFO  com.alibaba.druid.pool.DruidDataSource - [init,995] - {dataSource-1} inited
2022-07-15 21:39:48.942 [main] INFO  org.apache.coyote.http11.Http11NioProtocol - [log,173] - Starting ProtocolHandler ["http-nio-8080"]
2022-07-15 21:39:48.963 [main] INFO  com.newboot.shop.ShopApplication - [logStarted,61] - Started ShopApplication in 2.807 seconds (JVM running for 3.581)
2022-07-15 21:39:56.261 [http-nio-8080-exec-1] INFO  o.a.c.core.ContainerBase.[Tomcat].[localhost].[/] - [log,173] - Initializing Spring DispatcherServlet 'dispatcherServlet'
2022-07-15 21:43:50.334 [main] INFO  com.newboot.shop.ShopApplication - [logStarting,55] - Starting ShopApplication using Java 1.8.0_251 on DESKTOP-B6JBAVC with PID 14180 (D:\Git\Gitee\shop-springboot\target\classes started by Afterwards in D:\Git\Gitee\shop-springboot)
2022-07-15 21:43:50.337 [main] INFO  com.newboot.shop.ShopApplication - [logStartupProfileInfo,640] - The following 1 profile is active: "dev"
2022-07-15 21:43:51.337 [main] INFO  org.apache.coyote.http11.Http11NioProtocol - [log,173] - Initializing ProtocolHandler ["http-nio-8080"]
2022-07-15 21:43:51.337 [main] INFO  org.apache.catalina.core.StandardService - [log,173] - Starting service [Tomcat]
2022-07-15 21:43:51.337 [main] INFO  org.apache.catalina.core.StandardEngine - [log,173] - Starting Servlet engine: [Apache Tomcat/9.0.64]
2022-07-15 21:43:51.472 [main] INFO  o.a.c.core.ContainerBase.[Tomcat].[localhost].[/] - [log,173] - Initializing Spring embedded WebApplicationContext
2022-07-15 21:43:51.993 [main] INFO  c.a.d.s.b.a.DruidDataSourceAutoConfigure - [dataSource,56] - Init DruidDataSource
2022-07-15 21:43:52.172 [main] INFO  com.alibaba.druid.pool.DruidDataSource - [init,995] - {dataSource-1} inited
2022-07-15 21:43:52.451 [main] INFO  org.apache.coyote.http11.Http11NioProtocol - [log,173] - Starting ProtocolHandler ["http-nio-8080"]
2022-07-15 21:43:52.471 [main] INFO  com.newboot.shop.ShopApplication - [logStarted,61] - Started ShopApplication in 2.671 seconds (JVM running for 3.41)
2022-07-15 21:43:54.546 [http-nio-8080-exec-1] INFO  o.a.c.core.ContainerBase.[Tomcat].[localhost].[/] - [log,173] - Initializing Spring DispatcherServlet 'dispatcherServlet'
2022-07-15 21:47:55.598 [main] INFO  com.newboot.shop.ShopApplication - [logStarting,55] - Starting ShopApplication using Java 1.8.0_251 on DESKTOP-B6JBAVC with PID 1808 (D:\Git\Gitee\shop-springboot\target\classes started by Afterwards in D:\Git\Gitee\shop-springboot)
2022-07-15 21:47:55.601 [main] INFO  com.newboot.shop.ShopApplication - [logStartupProfileInfo,640] - The following 1 profile is active: "dev"
2022-07-15 21:47:56.725 [main] INFO  org.apache.coyote.http11.Http11NioProtocol - [log,173] - Initializing ProtocolHandler ["http-nio-8080"]
2022-07-15 21:47:56.725 [main] INFO  org.apache.catalina.core.StandardService - [log,173] - Starting service [Tomcat]
2022-07-15 21:47:56.726 [main] INFO  org.apache.catalina.core.StandardEngine - [log,173] - Starting Servlet engine: [Apache Tomcat/9.0.64]
2022-07-15 21:47:56.873 [main] INFO  o.a.c.core.ContainerBase.[Tomcat].[localhost].[/] - [log,173] - Initializing Spring embedded WebApplicationContext
2022-07-15 21:47:57.433 [main] INFO  c.a.d.s.b.a.DruidDataSourceAutoConfigure - [dataSource,56] - Init DruidDataSource
2022-07-15 21:47:57.607 [main] INFO  com.alibaba.druid.pool.DruidDataSource - [init,995] - {dataSource-1} inited
2022-07-15 21:47:57.871 [main] INFO  org.apache.coyote.http11.Http11NioProtocol - [log,173] - Starting ProtocolHandler ["http-nio-8080"]
2022-07-15 21:47:57.891 [main] INFO  com.newboot.shop.ShopApplication - [logStarted,61] - Started ShopApplication in 3.054 seconds (JVM running for 3.917)
2022-07-15 21:48:02.453 [http-nio-8080-exec-1] INFO  o.a.c.core.ContainerBase.[Tomcat].[localhost].[/] - [log,173] - Initializing Spring DispatcherServlet 'dispatcherServlet'
2022-07-15 21:53:50.935 [main] INFO  com.newboot.shop.ShopApplication - [logStarting,55] - Starting ShopApplication using Java 1.8.0_251 on DESKTOP-B6JBAVC with PID 12296 (D:\Git\Gitee\shop-springboot\target\classes started by Afterwards in D:\Git\Gitee\shop-springboot)
2022-07-15 21:53:50.938 [main] INFO  com.newboot.shop.ShopApplication - [logStartupProfileInfo,640] - The following 1 profile is active: "dev"
2022-07-15 21:53:51.848 [main] INFO  org.apache.coyote.http11.Http11NioProtocol - [log,173] - Initializing ProtocolHandler ["http-nio-8080"]
2022-07-15 21:53:51.848 [main] INFO  org.apache.catalina.core.StandardService - [log,173] - Starting service [Tomcat]
2022-07-15 21:53:51.848 [main] INFO  org.apache.catalina.core.StandardEngine - [log,173] - Starting Servlet engine: [Apache Tomcat/9.0.64]
2022-07-15 21:53:51.981 [main] INFO  o.a.c.core.ContainerBase.[Tomcat].[localhost].[/] - [log,173] - Initializing Spring embedded WebApplicationContext
2022-07-15 21:53:52.489 [main] INFO  c.a.d.s.b.a.DruidDataSourceAutoConfigure - [dataSource,56] - Init DruidDataSource
2022-07-15 21:53:52.666 [main] INFO  com.alibaba.druid.pool.DruidDataSource - [init,995] - {dataSource-1} inited
2022-07-15 21:53:52.927 [main] INFO  org.apache.coyote.http11.Http11NioProtocol - [log,173] - Starting ProtocolHandler ["http-nio-8080"]
2022-07-15 21:53:52.947 [main] INFO  com.newboot.shop.ShopApplication - [logStarted,61] - Started ShopApplication in 2.45 seconds (JVM running for 3.124)
2022-07-15 21:54:01.525 [http-nio-8080-exec-1] INFO  o.a.c.core.ContainerBase.[Tomcat].[localhost].[/] - [log,173] - Initializing Spring DispatcherServlet 'dispatcherServlet'
2022-07-15 22:02:23.775 [main] INFO  com.newboot.shop.ShopApplication - [logStarting,55] - Starting ShopApplication using Java 1.8.0_251 on DESKTOP-B6JBAVC with PID 9524 (D:\Git\Gitee\shop-springboot\target\classes started by Afterwards in D:\Git\Gitee\shop-springboot)
2022-07-15 22:02:23.777 [main] INFO  com.newboot.shop.ShopApplication - [logStartupProfileInfo,640] - The following 1 profile is active: "dev"
2022-07-15 22:02:24.781 [main] INFO  org.apache.coyote.http11.Http11NioProtocol - [log,173] - Initializing ProtocolHandler ["http-nio-8080"]
2022-07-15 22:02:24.783 [main] INFO  org.apache.catalina.core.StandardService - [log,173] - Starting service [Tomcat]
2022-07-15 22:02:24.783 [main] INFO  org.apache.catalina.core.StandardEngine - [log,173] - Starting Servlet engine: [Apache Tomcat/9.0.64]
2022-07-15 22:02:24.926 [main] INFO  o.a.c.core.ContainerBase.[Tomcat].[localhost].[/] - [log,173] - Initializing Spring embedded WebApplicationContext
2022-07-15 22:02:25.480 [main] INFO  c.a.d.s.b.a.DruidDataSourceAutoConfigure - [dataSource,56] - Init DruidDataSource
2022-07-15 22:02:25.661 [main] INFO  com.alibaba.druid.pool.DruidDataSource - [init,995] - {dataSource-1} inited
2022-07-15 22:02:25.952 [main] INFO  org.apache.coyote.http11.Http11NioProtocol - [log,173] - Starting ProtocolHandler ["http-nio-8080"]
2022-07-15 22:02:25.984 [main] INFO  com.newboot.shop.ShopApplication - [logStarted,61] - Started ShopApplication in 2.826 seconds (JVM running for 3.594)
2022-07-15 22:02:26.018 [http-nio-8080-exec-2] INFO  o.a.c.core.ContainerBase.[Tomcat].[localhost].[/] - [log,173] - Initializing Spring DispatcherServlet 'dispatcherServlet'
2022-07-15 22:04:58.997 [main] INFO  com.newboot.shop.ShopApplication - [logStarting,55] - Starting ShopApplication using Java 1.8.0_251 on DESKTOP-B6JBAVC with PID 10648 (D:\Git\Gitee\shop-springboot\target\classes started by Afterwards in D:\Git\Gitee\shop-springboot)
2022-07-15 22:04:58.999 [main] INFO  com.newboot.shop.ShopApplication - [logStartupProfileInfo,640] - The following 1 profile is active: "dev"
2022-07-15 22:04:59.959 [main] INFO  org.apache.coyote.http11.Http11NioProtocol - [log,173] - Initializing ProtocolHandler ["http-nio-8080"]
2022-07-15 22:04:59.959 [main] INFO  org.apache.catalina.core.StandardService - [log,173] - Starting service [Tomcat]
2022-07-15 22:04:59.959 [main] INFO  org.apache.catalina.core.StandardEngine - [log,173] - Starting Servlet engine: [Apache Tomcat/9.0.64]
2022-07-15 22:05:00.093 [main] INFO  o.a.c.core.ContainerBase.[Tomcat].[localhost].[/] - [log,173] - Initializing Spring embedded WebApplicationContext
2022-07-15 22:05:00.617 [main] INFO  c.a.d.s.b.a.DruidDataSourceAutoConfigure - [dataSource,56] - Init DruidDataSource
2022-07-15 22:05:00.791 [main] INFO  com.alibaba.druid.pool.DruidDataSource - [init,995] - {dataSource-1} inited
2022-07-15 22:05:01.068 [main] INFO  org.apache.coyote.http11.Http11NioProtocol - [log,173] - Starting ProtocolHandler ["http-nio-8080"]
2022-07-15 22:05:01.089 [main] INFO  com.newboot.shop.ShopApplication - [logStarted,61] - Started ShopApplication in 2.586 seconds (JVM running for 3.378)
2022-07-15 22:05:07.666 [http-nio-8080-exec-1] INFO  o.a.c.core.ContainerBase.[Tomcat].[localhost].[/] - [log,173] - Initializing Spring DispatcherServlet 'dispatcherServlet'
2022-07-15 22:05:12.372 [http-nio-8080-exec-8] INFO  com.newboot.shop.controller.UserController - [userLogin,26] - {"password":"2","type":"ajax_login","user":"1"}
2022-07-15 22:06:10.190 [http-nio-8080-exec-6] INFO  com.newboot.shop.controller.UserController - [userLogin,26] - {"password":"2","type":"ajax_login","user":"1"}
2022-07-15 22:21:23.642 [main] INFO  com.newboot.shop.ShopApplication - [logStarting,55] - Starting ShopApplication using Java 1.8.0_251 on DESKTOP-B6JBAVC with PID 15572 (D:\Git\Gitee\shop-springboot\target\classes started by Afterwards in D:\Git\Gitee\shop-springboot)
2022-07-15 22:21:23.644 [main] INFO  com.newboot.shop.ShopApplication - [logStartupProfileInfo,640] - The following 1 profile is active: "dev"
2022-07-15 22:21:24.651 [main] INFO  org.apache.coyote.http11.Http11NioProtocol - [log,173] - Initializing ProtocolHandler ["http-nio-8080"]
2022-07-15 22:21:24.652 [main] INFO  org.apache.catalina.core.StandardService - [log,173] - Starting service [Tomcat]
2022-07-15 22:21:24.652 [main] INFO  org.apache.catalina.core.StandardEngine - [log,173] - Starting Servlet engine: [Apache Tomcat/9.0.64]
2022-07-15 22:21:24.787 [main] INFO  o.a.c.core.ContainerBase.[Tomcat].[localhost].[/] - [log,173] - Initializing Spring embedded WebApplicationContext
2022-07-15 22:21:25.328 [main] INFO  c.a.d.s.b.a.DruidDataSourceAutoConfigure - [dataSource,56] - Init DruidDataSource
2022-07-15 22:21:25.519 [main] INFO  com.alibaba.druid.pool.DruidDataSource - [init,995] - {dataSource-1} inited
2022-07-15 22:21:25.789 [main] INFO  org.apache.coyote.http11.Http11NioProtocol - [log,173] - Starting ProtocolHandler ["http-nio-8080"]
2022-07-15 22:21:25.810 [main] INFO  com.newboot.shop.ShopApplication - [logStarted,61] - Started ShopApplication in 2.656 seconds (JVM running for 3.39)
2022-07-15 22:21:27.171 [http-nio-8080-exec-2] INFO  o.a.c.core.ContainerBase.[Tomcat].[localhost].[/] - [log,173] - Initializing Spring DispatcherServlet 'dispatcherServlet'
2022-07-15 22:30:26.543 [main] INFO  com.newboot.shop.ShopApplication - [logStarting,55] - Starting ShopApplication using Java 1.8.0_251 on DESKTOP-B6JBAVC with PID 8456 (D:\Git\Gitee\shop-springboot\target\classes started by Afterwards in D:\Git\Gitee\shop-springboot)
2022-07-15 22:30:26.546 [main] INFO  com.newboot.shop.ShopApplication - [logStartupProfileInfo,640] - The following 1 profile is active: "dev"
2022-07-15 22:30:27.494 [main] INFO  org.apache.coyote.http11.Http11NioProtocol - [log,173] - Initializing ProtocolHandler ["http-nio-8080"]
2022-07-15 22:30:27.494 [main] INFO  org.apache.catalina.core.StandardService - [log,173] - Starting service [Tomcat]
2022-07-15 22:30:27.494 [main] INFO  org.apache.catalina.core.StandardEngine - [log,173] - Starting Servlet engine: [Apache Tomcat/9.0.64]
2022-07-15 22:30:27.637 [main] INFO  o.a.c.core.ContainerBase.[Tomcat].[localhost].[/] - [log,173] - Initializing Spring embedded WebApplicationContext
2022-07-15 22:30:28.176 [main] INFO  c.a.d.s.b.a.DruidDataSourceAutoConfigure - [dataSource,56] - Init DruidDataSource
2022-07-15 22:30:28.366 [main] INFO  com.alibaba.druid.pool.DruidDataSource - [init,995] - {dataSource-1} inited
2022-07-15 22:30:28.643 [main] INFO  org.apache.coyote.http11.Http11NioProtocol - [log,173] - Starting ProtocolHandler ["http-nio-8080"]
2022-07-15 22:30:28.664 [main] INFO  com.newboot.shop.ShopApplication - [logStarted,61] - Started ShopApplication in 2.584 seconds (JVM running for 3.302)
2022-07-15 22:30:28.708 [http-nio-8080-exec-1] INFO  o.a.c.core.ContainerBase.[Tomcat].[localhost].[/] - [log,173] - Initializing Spring DispatcherServlet 'dispatcherServlet'
2022-07-15 22:30:33.719 [http-nio-8080-exec-8] INFO  com.newboot.shop.controller.UserController - [userLogin,29] - {user=1, password=2, type=ajax_login}
2022-07-15 22:42:20.777 [main] INFO  com.newboot.shop.ShopApplication - [logStarting,55] - Starting ShopApplication using Java 1.8.0_251 on DESKTOP-B6JBAVC with PID 12296 (D:\Git\Gitee\shop-springboot\target\classes started by Afterwards in D:\Git\Gitee\shop-springboot)
2022-07-15 22:42:20.779 [main] INFO  com.newboot.shop.ShopApplication - [logStartupProfileInfo,640] - The following 1 profile is active: "dev"
2022-07-15 22:42:21.701 [main] INFO  org.apache.coyote.http11.Http11NioProtocol - [log,173] - Initializing ProtocolHandler ["http-nio-8080"]
2022-07-15 22:42:21.702 [main] INFO  org.apache.catalina.core.StandardService - [log,173] - Starting service [Tomcat]
2022-07-15 22:42:21.702 [main] INFO  org.apache.catalina.core.StandardEngine - [log,173] - Starting Servlet engine: [Apache Tomcat/9.0.64]
2022-07-15 22:42:21.835 [main] INFO  o.a.c.core.ContainerBase.[Tomcat].[localhost].[/] - [log,173] - Initializing Spring embedded WebApplicationContext
2022-07-15 22:42:22.360 [main] INFO  c.a.d.s.b.a.DruidDataSourceAutoConfigure - [dataSource,56] - Init DruidDataSource
2022-07-15 22:42:22.535 [main] INFO  com.alibaba.druid.pool.DruidDataSource - [init,995] - {dataSource-1} inited
2022-07-15 22:42:22.797 [main] INFO  org.apache.coyote.http11.Http11NioProtocol - [log,173] - Starting ProtocolHandler ["http-nio-8080"]
2022-07-15 22:42:22.816 [main] INFO  com.newboot.shop.ShopApplication - [logStarted,61] - Started ShopApplication in 2.459 seconds (JVM running for 3.184)
2022-07-15 22:42:26.197 [http-nio-8080-exec-1] INFO  o.a.c.core.ContainerBase.[Tomcat].[localhost].[/] - [log,173] - Initializing Spring DispatcherServlet 'dispatcherServlet'
2022-07-15 22:42:34.851 [http-nio-8080-exec-10] INFO  com.newboot.shop.controller.UserController - [userLogin,29] - {user=1, password=2, type=ajax_login}
2022-07-15 22:48:28.418 [main] INFO  com.newboot.shop.ShopApplication - [logStarting,55] - Starting ShopApplication using Java 1.8.0_251 on DESKTOP-B6JBAVC with PID 13596 (D:\Git\Gitee\shop-springboot\target\classes started by Afterwards in D:\Git\Gitee\shop-springboot)
2022-07-15 22:48:28.420 [main] INFO  com.newboot.shop.ShopApplication - [logStartupProfileInfo,640] - The following 1 profile is active: "dev"
2022-07-15 22:48:29.406 [main] INFO  org.apache.coyote.http11.Http11NioProtocol - [log,173] - Initializing ProtocolHandler ["http-nio-8080"]
2022-07-15 22:48:29.407 [main] INFO  org.apache.catalina.core.StandardService - [log,173] - Starting service [Tomcat]
2022-07-15 22:48:29.407 [main] INFO  org.apache.catalina.core.StandardEngine - [log,173] - Starting Servlet engine: [Apache Tomcat/9.0.64]
2022-07-15 22:48:29.542 [main] INFO  o.a.c.core.ContainerBase.[Tomcat].[localhost].[/] - [log,173] - Initializing Spring embedded WebApplicationContext
2022-07-15 22:48:29.591 [main] INFO  org.apache.catalina.core.StandardService - [log,173] - Stopping service [Tomcat]
2022-07-15 22:59:38.643 [main] INFO  com.newboot.shop.ShopApplication - [logStarting,55] - Starting ShopApplication using Java 1.8.0_251 on DESKTOP-B6JBAVC with PID 10896 (D:\Git\Gitee\shop-springboot\target\classes started by Afterwards in D:\Git\Gitee\shop-springboot)
2022-07-15 22:59:38.645 [main] INFO  com.newboot.shop.ShopApplication - [logStartupProfileInfo,640] - The following 1 profile is active: "dev"
2022-07-15 22:59:39.592 [main] INFO  org.apache.coyote.http11.Http11NioProtocol - [log,173] - Initializing ProtocolHandler ["http-nio-8080"]
2022-07-15 22:59:39.592 [main] INFO  org.apache.catalina.core.StandardService - [log,173] - Starting service [Tomcat]
2022-07-15 22:59:39.593 [main] INFO  org.apache.catalina.core.StandardEngine - [log,173] - Starting Servlet engine: [Apache Tomcat/9.0.64]
2022-07-15 22:59:39.733 [main] INFO  o.a.c.core.ContainerBase.[Tomcat].[localhost].[/] - [log,173] - Initializing Spring embedded WebApplicationContext
2022-07-15 22:59:39.792 [main] INFO  c.a.d.s.b.a.DruidDataSourceAutoConfigure - [dataSource,56] - Init DruidDataSource
2022-07-15 22:59:40.006 [main] INFO  com.alibaba.druid.pool.DruidDataSource - [init,995] - {dataSource-1} inited
2022-07-15 22:59:40.776 [main] INFO  org.apache.coyote.http11.Http11NioProtocol - [log,173] - Starting ProtocolHandler ["http-nio-8080"]
2022-07-15 22:59:40.795 [main] INFO  com.newboot.shop.ShopApplication - [logStarted,61] - Started ShopApplication in 2.577 seconds (JVM running for 3.272)
2022-07-15 23:00:03.957 [http-nio-8080-exec-1] INFO  o.a.c.core.ContainerBase.[Tomcat].[localhost].[/] - [log,173] - Initializing Spring DispatcherServlet 'dispatcherServlet'
2022-07-15 23:00:09.628 [http-nio-8080-exec-8] INFO  com.newboot.shop.controller.UserController - [userLogin,29] - {user=1, password=2, type=ajax_login}
