2022-07-18 21:49:01.543 [main] INFO  com.newboot.shop.ShopApplication - [logStarting,55] - Starting ShopApplication using Java 1.8.0_251 on DESKTOP-B6JBAVC with PID 14460 (D:\Git\Gitee\shop-springboot\target\classes started by Afterwards in D:\Git\Gitee\shop-springboot)
2022-07-18 21:49:01.548 [main] INFO  com.newboot.shop.ShopApplication - [logStartupProfileInfo,640] - The following 1 profile is active: "dev"
2022-07-18 21:49:06.033 [main] INFO  org.apache.coyote.http11.Http11NioProtocol - [log,173] - Initializing ProtocolHandler ["http-nio-28079"]
2022-07-18 21:49:06.034 [main] INFO  org.apache.catalina.core.StandardService - [log,173] - Starting service [Tomcat]
2022-07-18 21:49:06.034 [main] INFO  org.apache.catalina.core.StandardEngine - [log,173] - Starting Servlet engine: [Apache Tomcat/9.0.64]
2022-07-18 21:49:06.193 [main] INFO  o.a.c.core.ContainerBase.[Tomcat].[localhost].[/] - [log,173] - Initializing Spring embedded WebApplicationContext
2022-07-18 21:49:06.376 [main] INFO  c.a.d.s.b.a.DruidDataSourceAutoConfigure - [dataSource,56] - Init DruidDataSource
2022-07-18 21:49:06.804 [main] INFO  com.alibaba.druid.pool.DruidDataSource - [init,995] - {dataSource-1} inited
2022-07-18 21:49:11.637 [main] INFO  org.apache.coyote.http11.Http11NioProtocol - [log,173] - Starting ProtocolHandler ["http-nio-28079"]
2022-07-18 21:49:11.679 [main] INFO  com.newboot.shop.ShopApplication - [logStarted,61] - Started ShopApplication in 11.244 seconds (JVM running for 12.48)
2022-07-18 21:49:47.841 [http-nio-28079-exec-1] INFO  o.a.c.core.ContainerBase.[Tomcat].[localhost].[/] - [log,173] - Initializing Spring DispatcherServlet 'dispatcherServlet'
2022-07-18 22:08:59.790 [main] INFO  com.newboot.shop.ShopApplication - [logStarting,55] - Starting ShopApplication using Java 1.8.0_251 on DESKTOP-B6JBAVC with PID 4748 (D:\Git\Gitee\shop-springboot\target\classes started by Afterwards in D:\Git\Gitee\shop-springboot)
2022-07-18 22:08:59.794 [main] INFO  com.newboot.shop.ShopApplication - [logStartupProfileInfo,640] - The following 1 profile is active: "dev"
2022-07-18 22:09:00.738 [main] INFO  org.apache.coyote.http11.Http11NioProtocol - [log,173] - Initializing ProtocolHandler ["http-nio-28079"]
2022-07-18 22:09:00.739 [main] INFO  org.apache.catalina.core.StandardService - [log,173] - Starting service [Tomcat]
2022-07-18 22:09:00.739 [main] INFO  org.apache.catalina.core.StandardEngine - [log,173] - Starting Servlet engine: [Apache Tomcat/9.0.64]
2022-07-18 22:09:00.869 [main] INFO  o.a.c.core.ContainerBase.[Tomcat].[localhost].[/] - [log,173] - Initializing Spring embedded WebApplicationContext
2022-07-18 22:09:00.938 [main] INFO  c.a.d.s.b.a.DruidDataSourceAutoConfigure - [dataSource,56] - Init DruidDataSource
2022-07-18 22:09:01.152 [main] INFO  com.alibaba.druid.pool.DruidDataSource - [init,995] - {dataSource-1} inited
2022-07-18 22:09:01.972 [main] INFO  org.apache.coyote.http11.Http11NioProtocol - [log,173] - Starting ProtocolHandler ["http-nio-28079"]
2022-07-18 22:09:01.992 [main] INFO  com.newboot.shop.ShopApplication - [logStarted,61] - Started ShopApplication in 2.644 seconds (JVM running for 3.338)
2022-07-18 22:09:06.599 [http-nio-28079-exec-1] INFO  o.a.c.core.ContainerBase.[Tomcat].[localhost].[/] - [log,173] - Initializing Spring DispatcherServlet 'dispatcherServlet'
2022-07-18 22:18:57.470 [main] INFO  com.newboot.shop.ShopApplication - [logStarting,55] - Starting ShopApplication using Java 1.8.0_251 on DESKTOP-B6JBAVC with PID 1512 (D:\Git\Gitee\shop-springboot\target\classes started by Afterwards in D:\Git\Gitee\shop-springboot)
2022-07-18 22:18:57.478 [main] INFO  com.newboot.shop.ShopApplication - [logStartupProfileInfo,640] - The following 1 profile is active: "dev"
2022-07-18 22:18:58.799 [main] INFO  org.apache.coyote.http11.Http11NioProtocol - [log,173] - Initializing ProtocolHandler ["http-nio-28079"]
2022-07-18 22:18:58.799 [main] INFO  org.apache.catalina.core.StandardService - [log,173] - Starting service [Tomcat]
2022-07-18 22:18:58.800 [main] INFO  org.apache.catalina.core.StandardEngine - [log,173] - Starting Servlet engine: [Apache Tomcat/9.0.64]
2022-07-18 22:18:58.990 [main] INFO  o.a.c.core.ContainerBase.[Tomcat].[localhost].[/] - [log,173] - Initializing Spring embedded WebApplicationContext
2022-07-18 22:18:59.103 [main] INFO  c.a.d.s.b.a.DruidDataSourceAutoConfigure - [dataSource,56] - Init DruidDataSource
2022-07-18 22:18:59.423 [main] INFO  com.alibaba.druid.pool.DruidDataSource - [init,995] - {dataSource-1} inited
2022-07-18 22:19:00.466 [main] INFO  org.apache.coyote.http11.Http11NioProtocol - [log,173] - Starting ProtocolHandler ["http-nio-28079"]
2022-07-18 22:19:00.492 [main] INFO  com.newboot.shop.ShopApplication - [logStarted,61] - Started ShopApplication in 3.531 seconds (JVM running for 4.804)
2022-07-18 22:19:02.159 [http-nio-28079-exec-2] INFO  o.a.c.core.ContainerBase.[Tomcat].[localhost].[/] - [log,173] - Initializing Spring DispatcherServlet 'dispatcherServlet'
2022-07-18 22:23:09.688 [SpringApplicationShutdownHook] INFO  com.alibaba.druid.pool.DruidDataSource - [close,2073] - {dataSource-1} closing ...
2022-07-18 22:23:09.694 [SpringApplicationShutdownHook] INFO  com.alibaba.druid.pool.DruidDataSource - [close,2146] - {dataSource-1} closed
2022-07-18 22:25:01.853 [main] INFO  com.newboot.shop.ShopApplication - [logStarting,55] - Starting ShopApplication using Java 1.8.0_251 on DESKTOP-B6JBAVC with PID 13280 (D:\Git\Gitee\shop-springboot\target\classes started by Afterwards in D:\Git\Gitee\shop-springboot)
2022-07-18 22:25:01.856 [main] INFO  com.newboot.shop.ShopApplication - [logStartupProfileInfo,640] - The following 1 profile is active: "dev"
2022-07-18 22:25:02.795 [main] INFO  org.apache.coyote.http11.Http11NioProtocol - [log,173] - Initializing ProtocolHandler ["http-nio-28079"]
2022-07-18 22:25:02.796 [main] INFO  org.apache.catalina.core.StandardService - [log,173] - Starting service [Tomcat]
2022-07-18 22:25:02.796 [main] INFO  org.apache.catalina.core.StandardEngine - [log,173] - Starting Servlet engine: [Apache Tomcat/9.0.64]
2022-07-18 22:25:02.932 [main] INFO  o.a.c.core.ContainerBase.[Tomcat].[localhost].[/] - [log,173] - Initializing Spring embedded WebApplicationContext
2022-07-18 22:25:02.988 [main] INFO  c.a.d.s.b.a.DruidDataSourceAutoConfigure - [dataSource,56] - Init DruidDataSource
2022-07-18 22:25:03.204 [main] INFO  com.alibaba.druid.pool.DruidDataSource - [init,995] - {dataSource-1} inited
2022-07-18 22:25:04.057 [main] INFO  org.apache.coyote.http11.Http11NioProtocol - [log,173] - Starting ProtocolHandler ["http-nio-28079"]
2022-07-18 22:25:04.078 [main] INFO  com.newboot.shop.ShopApplication - [logStarted,61] - Started ShopApplication in 2.646 seconds (JVM running for 3.453)
2022-07-18 22:25:09.595 [http-nio-28079-exec-2] INFO  o.a.c.core.ContainerBase.[Tomcat].[localhost].[/] - [log,173] - Initializing Spring DispatcherServlet 'dispatcherServlet'
2022-07-18 22:33:11.865 [main] INFO  com.newboot.shop.ShopApplication - [logStarting,55] - Starting ShopApplication using Java 1.8.0_251 on DESKTOP-B6JBAVC with PID 13652 (D:\Git\Gitee\shop-springboot\target\classes started by Afterwards in D:\Git\Gitee\shop-springboot)
2022-07-18 22:33:11.868 [main] INFO  com.newboot.shop.ShopApplication - [logStartupProfileInfo,640] - The following 1 profile is active: "dev"
2022-07-18 22:33:13.045 [main] INFO  org.apache.coyote.http11.Http11NioProtocol - [log,173] - Initializing ProtocolHandler ["http-nio-28079"]
2022-07-18 22:33:13.045 [main] INFO  org.apache.catalina.core.StandardService - [log,173] - Starting service [Tomcat]
2022-07-18 22:33:13.045 [main] INFO  org.apache.catalina.core.StandardEngine - [log,173] - Starting Servlet engine: [Apache Tomcat/9.0.64]
2022-07-18 22:33:13.185 [main] INFO  o.a.c.core.ContainerBase.[Tomcat].[localhost].[/] - [log,173] - Initializing Spring embedded WebApplicationContext
2022-07-18 22:33:13.260 [main] INFO  c.a.d.s.b.a.DruidDataSourceAutoConfigure - [dataSource,56] - Init DruidDataSource
2022-07-18 22:33:13.496 [main] INFO  com.alibaba.druid.pool.DruidDataSource - [init,995] - {dataSource-1} inited
2022-07-18 22:33:14.400 [main] INFO  org.apache.coyote.http11.Http11NioProtocol - [log,173] - Starting ProtocolHandler ["http-nio-28079"]
2022-07-18 22:33:14.421 [main] INFO  com.newboot.shop.ShopApplication - [logStarted,61] - Started ShopApplication in 2.983 seconds (JVM running for 3.788)
2022-07-18 22:33:18.836 [http-nio-28079-exec-1] INFO  o.a.c.core.ContainerBase.[Tomcat].[localhost].[/] - [log,173] - Initializing Spring DispatcherServlet 'dispatcherServlet'
2022-07-18 22:41:11.254 [main] INFO  com.newboot.shop.ShopApplication - [logStarting,55] - Starting ShopApplication using Java 1.8.0_251 on DESKTOP-B6JBAVC with PID 14892 (D:\Git\Gitee\shop-springboot\target\classes started by Afterwards in D:\Git\Gitee\shop-springboot)
2022-07-18 22:41:11.256 [main] INFO  com.newboot.shop.ShopApplication - [logStartupProfileInfo,640] - The following 1 profile is active: "dev"
2022-07-18 22:41:12.217 [main] INFO  org.apache.coyote.http11.Http11NioProtocol - [log,173] - Initializing ProtocolHandler ["http-nio-28079"]
2022-07-18 22:41:12.217 [main] INFO  org.apache.catalina.core.StandardService - [log,173] - Starting service [Tomcat]
2022-07-18 22:41:12.217 [main] INFO  org.apache.catalina.core.StandardEngine - [log,173] - Starting Servlet engine: [Apache Tomcat/9.0.64]
2022-07-18 22:41:12.350 [main] INFO  o.a.c.core.ContainerBase.[Tomcat].[localhost].[/] - [log,173] - Initializing Spring embedded WebApplicationContext
2022-07-18 22:41:12.408 [main] INFO  c.a.d.s.b.a.DruidDataSourceAutoConfigure - [dataSource,56] - Init DruidDataSource
2022-07-18 22:41:12.632 [main] INFO  com.alibaba.druid.pool.DruidDataSource - [init,995] - {dataSource-1} inited
2022-07-18 22:41:13.468 [main] INFO  org.apache.coyote.http11.Http11NioProtocol - [log,173] - Starting ProtocolHandler ["http-nio-28079"]
2022-07-18 22:41:13.488 [main] INFO  com.newboot.shop.ShopApplication - [logStarted,61] - Started ShopApplication in 2.699 seconds (JVM running for 3.436)
2022-07-18 22:41:16.622 [http-nio-28079-exec-1] INFO  o.a.c.core.ContainerBase.[Tomcat].[localhost].[/] - [log,173] - Initializing Spring DispatcherServlet 'dispatcherServlet'
2022-07-18 22:43:53.400 [main] INFO  com.newboot.shop.ShopApplication - [logStarting,55] - Starting ShopApplication using Java 1.8.0_251 on DESKTOP-B6JBAVC with PID 4024 (D:\Git\Gitee\shop-springboot\target\classes started by Afterwards in D:\Git\Gitee\shop-springboot)
2022-07-18 22:43:53.403 [main] INFO  com.newboot.shop.ShopApplication - [logStartupProfileInfo,640] - The following 1 profile is active: "dev"
2022-07-18 22:43:54.410 [main] INFO  org.apache.coyote.http11.Http11NioProtocol - [log,173] - Initializing ProtocolHandler ["http-nio-28079"]
2022-07-18 22:43:54.410 [main] INFO  org.apache.catalina.core.StandardService - [log,173] - Starting service [Tomcat]
2022-07-18 22:43:54.410 [main] INFO  org.apache.catalina.core.StandardEngine - [log,173] - Starting Servlet engine: [Apache Tomcat/9.0.64]
2022-07-18 22:43:54.544 [main] INFO  o.a.c.core.ContainerBase.[Tomcat].[localhost].[/] - [log,173] - Initializing Spring embedded WebApplicationContext
2022-07-18 22:43:54.601 [main] INFO  c.a.d.s.b.a.DruidDataSourceAutoConfigure - [dataSource,56] - Init DruidDataSource
2022-07-18 22:43:54.823 [main] INFO  com.alibaba.druid.pool.DruidDataSource - [init,995] - {dataSource-1} inited
2022-07-18 22:43:55.766 [main] INFO  org.apache.coyote.http11.Http11NioProtocol - [log,173] - Starting ProtocolHandler ["http-nio-28079"]
2022-07-18 22:43:55.789 [main] INFO  com.newboot.shop.ShopApplication - [logStarted,61] - Started ShopApplication in 2.853 seconds (JVM running for 3.553)
2022-07-18 22:44:11.214 [http-nio-28079-exec-1] INFO  o.a.c.core.ContainerBase.[Tomcat].[localhost].[/] - [log,173] - Initializing Spring DispatcherServlet 'dispatcherServlet'
2022-07-18 22:45:07.772 [main] INFO  com.newboot.shop.ShopApplication - [logStarting,55] - Starting ShopApplication using Java 1.8.0_251 on DESKTOP-B6JBAVC with PID 8168 (D:\Git\Gitee\shop-springboot\target\classes started by Afterwards in D:\Git\Gitee\shop-springboot)
2022-07-18 22:45:07.774 [main] INFO  com.newboot.shop.ShopApplication - [logStartupProfileInfo,640] - The following 1 profile is active: "dev"
2022-07-18 22:45:08.743 [main] INFO  org.apache.coyote.http11.Http11NioProtocol - [log,173] - Initializing ProtocolHandler ["http-nio-28079"]
2022-07-18 22:45:08.743 [main] INFO  org.apache.catalina.core.StandardService - [log,173] - Starting service [Tomcat]
2022-07-18 22:45:08.744 [main] INFO  org.apache.catalina.core.StandardEngine - [log,173] - Starting Servlet engine: [Apache Tomcat/9.0.64]
2022-07-18 22:45:08.876 [main] INFO  o.a.c.core.ContainerBase.[Tomcat].[localhost].[/] - [log,173] - Initializing Spring embedded WebApplicationContext
2022-07-18 22:45:08.936 [main] INFO  c.a.d.s.b.a.DruidDataSourceAutoConfigure - [dataSource,56] - Init DruidDataSource
2022-07-18 22:45:09.167 [main] INFO  com.alibaba.druid.pool.DruidDataSource - [init,995] - {dataSource-1} inited
2022-07-18 22:45:10.071 [main] INFO  org.apache.coyote.http11.Http11NioProtocol - [log,173] - Starting ProtocolHandler ["http-nio-28079"]
2022-07-18 22:45:10.092 [main] INFO  com.newboot.shop.ShopApplication - [logStarted,61] - Started ShopApplication in 2.819 seconds (JVM running for 3.59)
2022-07-18 22:45:13.037 [http-nio-28079-exec-1] INFO  o.a.c.core.ContainerBase.[Tomcat].[localhost].[/] - [log,173] - Initializing Spring DispatcherServlet 'dispatcherServlet'
2022-07-18 22:49:46.446 [main] INFO  com.newboot.shop.ShopApplication - [logStarting,55] - Starting ShopApplication using Java 1.8.0_251 on DESKTOP-B6JBAVC with PID 12572 (D:\Git\Gitee\shop-springboot\target\classes started by Afterwards in D:\Git\Gitee\shop-springboot)
2022-07-18 22:49:46.449 [main] INFO  com.newboot.shop.ShopApplication - [logStartupProfileInfo,640] - The following 1 profile is active: "dev"
2022-07-18 22:49:47.423 [main] INFO  org.apache.coyote.http11.Http11NioProtocol - [log,173] - Initializing ProtocolHandler ["http-nio-28079"]
2022-07-18 22:49:47.423 [main] INFO  org.apache.catalina.core.StandardService - [log,173] - Starting service [Tomcat]
2022-07-18 22:49:47.424 [main] INFO  org.apache.catalina.core.StandardEngine - [log,173] - Starting Servlet engine: [Apache Tomcat/9.0.64]
2022-07-18 22:49:47.562 [main] INFO  o.a.c.core.ContainerBase.[Tomcat].[localhost].[/] - [log,173] - Initializing Spring embedded WebApplicationContext
2022-07-18 22:49:47.639 [main] INFO  c.a.d.s.b.a.DruidDataSourceAutoConfigure - [dataSource,56] - Init DruidDataSource
2022-07-18 22:49:47.873 [main] INFO  com.alibaba.druid.pool.DruidDataSource - [init,995] - {dataSource-1} inited
2022-07-18 22:49:48.740 [main] INFO  org.apache.coyote.http11.Http11NioProtocol - [log,173] - Starting ProtocolHandler ["http-nio-28079"]
2022-07-18 22:49:48.763 [main] INFO  com.newboot.shop.ShopApplication - [logStarted,61] - Started ShopApplication in 2.728 seconds (JVM running for 3.452)
2022-07-18 22:49:51.372 [http-nio-28079-exec-1] INFO  o.a.c.core.ContainerBase.[Tomcat].[localhost].[/] - [log,173] - Initializing Spring DispatcherServlet 'dispatcherServlet'
2022-07-18 22:50:57.012 [main] INFO  com.newboot.shop.ShopApplication - [logStarting,55] - Starting ShopApplication using Java 1.8.0_251 on DESKTOP-B6JBAVC with PID 15264 (D:\Git\Gitee\shop-springboot\target\classes started by Afterwards in D:\Git\Gitee\shop-springboot)
2022-07-18 22:50:57.017 [main] INFO  com.newboot.shop.ShopApplication - [logStartupProfileInfo,640] - The following 1 profile is active: "dev"
2022-07-18 22:50:58.126 [main] INFO  org.apache.coyote.http11.Http11NioProtocol - [log,173] - Initializing ProtocolHandler ["http-nio-28079"]
2022-07-18 22:50:58.126 [main] INFO  org.apache.catalina.core.StandardService - [log,173] - Starting service [Tomcat]
2022-07-18 22:50:58.126 [main] INFO  org.apache.catalina.core.StandardEngine - [log,173] - Starting Servlet engine: [Apache Tomcat/9.0.64]
2022-07-18 22:50:58.263 [main] INFO  o.a.c.core.ContainerBase.[Tomcat].[localhost].[/] - [log,173] - Initializing Spring embedded WebApplicationContext
2022-07-18 22:50:58.332 [main] INFO  c.a.d.s.b.a.DruidDataSourceAutoConfigure - [dataSource,56] - Init DruidDataSource
2022-07-18 22:50:58.612 [main] INFO  com.alibaba.druid.pool.DruidDataSource - [init,995] - {dataSource-1} inited
2022-07-18 22:50:59.457 [main] INFO  org.apache.coyote.http11.Http11NioProtocol - [log,173] - Starting ProtocolHandler ["http-nio-28079"]
2022-07-18 22:50:59.477 [main] INFO  com.newboot.shop.ShopApplication - [logStarted,61] - Started ShopApplication in 2.989 seconds (JVM running for 3.763)
2022-07-18 22:51:08.900 [http-nio-28079-exec-1] INFO  o.a.c.core.ContainerBase.[Tomcat].[localhost].[/] - [log,173] - Initializing Spring DispatcherServlet 'dispatcherServlet'
2022-07-18 22:53:39.384 [main] INFO  com.newboot.shop.ShopApplication - [logStarting,55] - Starting ShopApplication using Java 1.8.0_251 on DESKTOP-B6JBAVC with PID 13308 (D:\Git\Gitee\shop-springboot\target\classes started by Afterwards in D:\Git\Gitee\shop-springboot)
2022-07-18 22:53:39.387 [main] INFO  com.newboot.shop.ShopApplication - [logStartupProfileInfo,640] - The following 1 profile is active: "dev"
2022-07-18 22:53:40.349 [main] INFO  org.apache.coyote.http11.Http11NioProtocol - [log,173] - Initializing ProtocolHandler ["http-nio-28079"]
2022-07-18 22:53:40.349 [main] INFO  org.apache.catalina.core.StandardService - [log,173] - Starting service [Tomcat]
2022-07-18 22:53:40.350 [main] INFO  org.apache.catalina.core.StandardEngine - [log,173] - Starting Servlet engine: [Apache Tomcat/9.0.64]
2022-07-18 22:53:40.483 [main] INFO  o.a.c.core.ContainerBase.[Tomcat].[localhost].[/] - [log,173] - Initializing Spring embedded WebApplicationContext
2022-07-18 22:53:40.540 [main] INFO  c.a.d.s.b.a.DruidDataSourceAutoConfigure - [dataSource,56] - Init DruidDataSource
2022-07-18 22:53:40.756 [main] INFO  com.alibaba.druid.pool.DruidDataSource - [init,995] - {dataSource-1} inited
2022-07-18 22:53:41.592 [main] INFO  org.apache.coyote.http11.Http11NioProtocol - [log,173] - Starting ProtocolHandler ["http-nio-28079"]
2022-07-18 22:53:41.612 [main] INFO  com.newboot.shop.ShopApplication - [logStarted,61] - Started ShopApplication in 2.648 seconds (JVM running for 3.343)
